2024-06-10 11:18:28,804 [INFO] Activator:176 - 


2024-06-10 11:18:28,811 [INFO] Activator:177 - !SESSION log4j initialized
2024-06-10 11:18:37,026 [INFO] LogOutputStream:77 - [STDOUT_REDIRECT] 
2024-06-10 11:18:41,605 [INFO] ApplicationProperties:184 - Using Application install path: C:\ST\STM32CubeIDE_1.10.1\STM32CubeIDE\plugins\com.st.stm32cube.common.mx_6.11.0.202403141607
2024-06-10 11:18:41,637 [INFO] DbMcusXml:78 - Set database path to: C:\ST\STM32CubeIDE_1.10.1\STM32CubeIDE\plugins\com.st.stm32cube.common.mx_6.11.0.202403141607\\db\/mcu/
2024-06-10 11:18:41,638 [INFO] ApiDb:274 - Set plugin database path to: C:\ST\STM32CubeIDE_1.10.1\STM32CubeIDE\plugins\com.st.stm32cube.common.mx_6.11.0.202403141607\\db\/plugins/boardmanager/
2024-06-10 11:18:41,639 [WARN] ApiDb:259 - Overriding images path with different value:  => C:\ST\STM32CubeIDE_1.10.1\STM32CubeIDE\plugins\com.st.stm32cube.common.mx_6.11.0.202403141607\\db\/plugins/mcufinder/images/
2024-06-10 11:18:41,653 [INFO] ApiDb:250 - Set database path to: C:\Users\CEPL\.stmcufinder\plugins\mcufinder//mcu/
2024-06-10 11:18:41,655 [INFO] DbMcusAds:125 - Set database path to: C:\Users\CEPL\.stmcufinder\plugins\mcufinder//mcu/
2024-06-10 11:18:41,660 [INFO] CrossReferenceDbSqlite:203 - Set database path to: C:\Users\CEPL\.stmcufinder\plugins\mcufinder//mcu/cs/
2024-06-10 11:18:41,790 [INFO] RulesReader:64 - Compatibility file has been processed (297 Rules)
2024-06-10 11:18:41,882 [INFO] DbMcusXml:78 - Set database path to: C:\ST\STM32CubeIDE_1.10.1\STM32CubeIDE\plugins\com.st.stm32cube.common.mx_6.11.0.202403141607\\db\/mcu/
2024-06-10 11:18:41,882 [INFO] ApiDb:274 - Set plugin database path to: C:\ST\STM32CubeIDE_1.10.1\STM32CubeIDE\plugins\com.st.stm32cube.common.mx_6.11.0.202403141607\\db\/plugins/boardmanager/
2024-06-10 11:18:41,882 [INFO] ApiDb:261 - Set plugin images path to: C:\ST\STM32CubeIDE_1.10.1\STM32CubeIDE\plugins\com.st.stm32cube.common.mx_6.11.0.202403141607\\db\/plugins/mcufinder/images/
2024-06-10 11:18:41,882 [WARN] DbFile:41 - Overriding database path with different value: C:\Users\CEPL\.stmcufinder\plugins\mcufinder/ => C:\Users\CEPL\.stmcufinder\plugins\mcufinder
2024-06-10 11:18:41,882 [INFO] ApiDb:250 - Set database path to: C:\Users\CEPL\.stmcufinder\plugins\mcufinder//mcu/
2024-06-10 11:18:41,882 [WARN] DbFile:41 - Overriding database path with different value: C:\Users\CEPL\.stmcufinder\plugins\mcufinder/ => C:\Users\CEPL\.stmcufinder\plugins\mcufinder
2024-06-10 11:18:41,882 [INFO] DbMcusAds:125 - Set database path to: C:\Users\CEPL\.stmcufinder\plugins\mcufinder//mcu/
2024-06-10 11:18:41,883 [WARN] DbFile:41 - Overriding database path with different value: C:\Users\CEPL\.stmcufinder\plugins\mcufinder/ => C:\Users\CEPL\.stmcufinder\plugins\mcufinder
2024-06-10 11:18:41,883 [WARN] DbFile:41 - Overriding database path with different value: C:\Users\CEPL\.stmcufinder\plugins\mcufinder/ => C:\Users\CEPL\.stmcufinder\plugins\mcufinder
2024-06-10 11:18:41,883 [INFO] CrossReferenceDbSqlite:203 - Set database path to: C:\Users\CEPL\.stmcufinder\plugins\mcufinder//mcu/cs/
2024-06-10 11:18:41,977 [INFO] MainPanel:264 - HeapMemory: 268435456
2024-06-10 11:18:42,090 [INFO] DbMcusXml:78 - Set database path to: C:\ST\STM32CubeIDE_1.10.1\STM32CubeIDE\plugins\com.st.stm32cube.common.mx_6.11.0.202403141607\\db\/mcu/
2024-06-10 11:18:42,090 [INFO] ApiDb:274 - Set plugin database path to: C:\ST\STM32CubeIDE_1.10.1\STM32CubeIDE\plugins\com.st.stm32cube.common.mx_6.11.0.202403141607\\db\/plugins/boardmanager/
2024-06-10 11:18:42,090 [INFO] ApiDb:261 - Set plugin images path to: C:\ST\STM32CubeIDE_1.10.1\STM32CubeIDE\plugins\com.st.stm32cube.common.mx_6.11.0.202403141607\\db\/plugins/mcufinder/images/
2024-06-10 11:18:42,091 [WARN] DbFile:41 - Overriding database path with different value: C:\Users\CEPL\.stmcufinder\plugins\mcufinder/ => C:\Users\CEPL\.stmcufinder\plugins\mcufinder
2024-06-10 11:18:42,091 [INFO] ApiDb:250 - Set database path to: C:\Users\CEPL\.stmcufinder\plugins\mcufinder//mcu/
2024-06-10 11:18:42,091 [WARN] DbFile:41 - Overriding database path with different value: C:\Users\CEPL\.stmcufinder\plugins\mcufinder/ => C:\Users\CEPL\.stmcufinder\plugins\mcufinder
2024-06-10 11:18:42,091 [INFO] DbMcusAds:125 - Set database path to: C:\Users\CEPL\.stmcufinder\plugins\mcufinder//mcu/
2024-06-10 11:18:42,091 [WARN] DbFile:41 - Overriding database path with different value: C:\Users\CEPL\.stmcufinder\plugins\mcufinder/ => C:\Users\CEPL\.stmcufinder\plugins\mcufinder
2024-06-10 11:18:42,091 [WARN] DbFile:41 - Overriding database path with different value: C:\Users\CEPL\.stmcufinder\plugins\mcufinder/ => C:\Users\CEPL\.stmcufinder\plugins\mcufinder
2024-06-10 11:18:42,091 [INFO] CrossReferenceDbSqlite:203 - Set database path to: C:\Users\CEPL\.stmcufinder\plugins\mcufinder//mcu/cs/
2024-06-10 11:18:42,118 [INFO] ApplicationProperties:184 - Using Application install path: C:\ST\STM32CubeIDE_1.10.1\STM32CubeIDE\plugins\com.st.stm32cube.common.mx_6.11.0.202403141607
2024-06-10 11:18:42,121 [INFO] PluginManage:196 - Search for loadable plugins [exclusion list=, ]
2024-06-10 11:18:42,124 [INFO] PluginManage:310 - Check plugin analytics
2024-06-10 11:18:42,364 [INFO] AnalyticsPlugin:253 - Accepted Software Licenses: 
2024-06-10 11:18:42,364 [INFO] AnalyticsPlugin:255 - Accepted CMSIS Pack Licenses: 
2024-06-10 11:18:42,365 [INFO] AnalyticsPlugin:257 - Accepted Firmware Licenses: FW.F4.1.27.0
2024-06-10 11:18:42,368 [INFO] PluginManage:359 - Loaded plugin analytics (category:tool,tabindex:-1)
2024-06-10 11:18:42,368 [INFO] PluginManage:310 - Check plugin cadmodel
2024-06-10 11:18:42,387 [INFO] CADModel:105 - Init CAD model plugin
2024-06-10 11:18:42,387 [INFO] PluginManage:359 - Loaded plugin cadmodel (category:power,tabindex:5)
2024-06-10 11:18:42,387 [INFO] PluginManage:310 - Check plugin clock
2024-06-10 11:18:42,412 [INFO] PluginManage:359 - Loaded plugin clock (category:base,tabindex:2)
2024-06-10 11:18:42,413 [INFO] PluginManage:310 - Check plugin ddr
2024-06-10 11:18:42,416 [INFO] PluginManage:359 - Loaded plugin ddr (category:tool,tabindex:6)
2024-06-10 11:18:42,416 [INFO] PluginManage:310 - Check plugin filemanager
2024-06-10 11:18:42,593 [INFO] PluginManage:359 - Loaded plugin filemanager (category:base,tabindex:10)
2024-06-10 11:18:42,593 [INFO] PluginManage:310 - Check plugin ipmanager
2024-06-10 11:18:42,601 [INFO] PluginManage:359 - Loaded plugin ipmanager (category:base,tabindex:5)
2024-06-10 11:18:42,601 [INFO] PluginManage:310 - Check plugin lpbam
2024-06-10 11:18:42,619 [INFO] PluginManage:359 - Loaded plugin lpbam (category:base,tabindex:0)
2024-06-10 11:18:42,620 [INFO] PluginManage:310 - Check plugin memorymap
2024-06-10 11:18:42,643 [INFO] PluginManage:359 - Loaded plugin memorymap (category:base,tabindex:4)
2024-06-10 11:18:42,643 [INFO] PluginManage:310 - Check plugin pinoutandconfiguration
2024-06-10 11:18:42,662 [INFO] PluginManage:359 - Loaded plugin pinoutandconfiguration (category:base,tabindex:1)
2024-06-10 11:18:42,662 [INFO] PluginManage:310 - Check plugin pinoutconfig
2024-06-10 11:18:42,779 [WARN] SupportedApi:132 - Cannot load RTOS API schema: s4s-elt-must-match.1: The content of 'definitions' must match (annotation?, (simpleType | complexType)?, (unique | key | keyref)*)). A problem was found starting at: attribute.
2024-06-10 11:18:42,932 [INFO] PluginManage:359 - Loaded plugin pinoutconfig (category:base,tabindex:0)
2024-06-10 11:18:42,933 [INFO] PluginManage:310 - Check plugin power
2024-06-10 11:18:42,953 [INFO] PluginManage:359 - Loaded plugin power (category:power,tabindex:4)
2024-06-10 11:18:42,953 [INFO] PluginManage:310 - Check plugin projectmanager
2024-06-10 11:18:42,971 [INFO] PluginManage:359 - Loaded plugin projectmanager (category:projectmanager,tabindex:3)
2024-06-10 11:18:42,971 [INFO] PluginManage:310 - Check plugin thirdparty
2024-06-10 11:18:43,326 [INFO] PluginManage:359 - Loaded plugin thirdparty (category:base,tabindex:-1)
2024-06-10 11:18:43,326 [WARN] IntegrityCheckThread:84 - waiting for thirdparty lock release [integrity check]
2024-06-10 11:18:43,326 [INFO] PluginManage:310 - Check plugin tools
2024-06-10 11:18:43,326 [INFO] IntegrityCheckThread:86 - entering critical section [integrity check]
2024-06-10 11:18:43,327 [INFO] ThirdPartyUpdaterWithRetryManager:70 - Updater plugin not ready yet. [1/15]
2024-06-10 11:18:43,393 [INFO] PluginManage:359 - Loaded plugin tools (category:base,tabindex:7)
2024-06-10 11:18:43,393 [INFO] PluginManage:310 - Check plugin tutovideos
2024-06-10 11:18:43,585 [INFO] PluginManage:359 - Loaded plugin tutovideos (category:base,tabindex:-1)
2024-06-10 11:18:43,585 [INFO] PluginManage:310 - Check plugin updater
2024-06-10 11:18:43,596 [INFO] PluginManage:359 - Loaded plugin updater (category:base,tabindex:12)
2024-06-10 11:18:43,597 [INFO] PluginManage:310 - Check plugin userauth
2024-06-10 11:18:43,602 [INFO] UserAuth:114 - Init User Auth plugin
2024-06-10 11:18:43,603 [INFO] PluginManage:359 - Loaded plugin userauth (category:base,tabindex:14)
2024-06-10 11:18:43,603 [INFO] PluginManage:283 - PluginManage : Loaded plugins [17]
2024-06-10 11:18:43,831 [INFO] PinOutPanel:1561 - setPackage(No Configuration,No Configuration)
2024-06-10 11:18:43,906 [INFO] CADModel:165 - CPN selected for project level
2024-06-10 11:18:43,906 [INFO] CADModel:114 - Register for checkConnection events
2024-06-10 11:18:43,932 [INFO] IPUIPlugin:80 - create IPUIPlugin
2024-06-10 11:18:43,933 [INFO] PluginManager:220 - loadIPPluginJar : add adc
2024-06-10 11:18:43,974 [INFO] IPUIPlugin:80 - create IPUIPlugin
2024-06-10 11:18:43,974 [INFO] PluginManager:220 - loadIPPluginJar : add aes
2024-06-10 11:18:44,022 [INFO] IPUIPlugin:80 - create IPUIPlugin
2024-06-10 11:18:44,022 [INFO] PluginManager:220 - loadIPPluginJar : add can
2024-06-10 11:18:44,048 [INFO] IPUIPlugin:80 - create IPUIPlugin
2024-06-10 11:18:44,049 [INFO] PluginManager:220 - loadIPPluginJar : add comp
2024-06-10 11:18:44,085 [INFO] IPUIPlugin:80 - create IPUIPlugin
2024-06-10 11:18:44,085 [INFO] PluginManager:220 - loadIPPluginJar : add cryp
2024-06-10 11:18:44,118 [INFO] IPUIPlugin:80 - create IPUIPlugin
2024-06-10 11:18:44,118 [INFO] PluginManager:220 - loadIPPluginJar : add dfsdm
2024-06-10 11:18:44,133 [INFO] IPUIPlugin:80 - create IPUIPlugin
2024-06-10 11:18:44,133 [INFO] PluginManager:220 - loadIPPluginJar : add dma
2024-06-10 11:18:44,181 [INFO] IPUIPlugin:80 - create IPUIPlugin
2024-06-10 11:18:44,181 [INFO] PluginManager:220 - loadIPPluginJar : add dma3
2024-06-10 11:18:44,233 [INFO] IPUIPlugin:80 - create IPUIPlugin
2024-06-10 11:18:44,233 [INFO] PluginManager:220 - loadIPPluginJar : add extmemmanager
2024-06-10 11:18:44,257 [INFO] IPUIPlugin:80 - create IPUIPlugin
2024-06-10 11:18:44,257 [INFO] PluginManager:220 - loadIPPluginJar : add fatfs
2024-06-10 11:18:44,311 [INFO] IPUIPlugin:80 - create IPUIPlugin
2024-06-10 11:18:44,311 [INFO] PluginManager:220 - loadIPPluginJar : add fmc
2024-06-10 11:18:44,329 [INFO] IPUIPlugin:80 - create IPUIPlugin
2024-06-10 11:18:44,329 [INFO] PluginManager:220 - loadIPPluginJar : add freertos
2024-06-10 11:18:44,354 [INFO] IPUIPlugin:80 - create IPUIPlugin
2024-06-10 11:18:44,355 [INFO] PluginManager:220 - loadIPPluginJar : add genericplugin
2024-06-10 11:18:44,494 [INFO] IPUIPlugin:80 - create IPUIPlugin
2024-06-10 11:18:44,494 [INFO] PluginManager:220 - loadIPPluginJar : add gfxmmu
2024-06-10 11:18:44,688 [INFO] IPUIPlugin:80 - create IPUIPlugin
2024-06-10 11:18:44,688 [INFO] PluginManager:220 - loadIPPluginJar : add gic
2024-06-10 11:18:44,700 [INFO] IPUIPlugin:80 - create IPUIPlugin
2024-06-10 11:18:44,701 [INFO] PluginManager:220 - loadIPPluginJar : add gpio
2024-06-10 11:18:44,801 [INFO] IPUIPlugin:80 - create IPUIPlugin
2024-06-10 11:18:44,801 [INFO] PluginManager:220 - loadIPPluginJar : add gtzc
2024-06-10 11:18:44,837 [INFO] IPUIPlugin:80 - create IPUIPlugin
2024-06-10 11:18:44,837 [INFO] PluginManager:220 - loadIPPluginJar : add hash
2024-06-10 11:18:44,897 [INFO] IPUIPlugin:80 - create IPUIPlugin
2024-06-10 11:18:44,897 [INFO] PluginManager:220 - loadIPPluginJar : add i2c
2024-06-10 11:18:44,942 [INFO] IPUIPlugin:80 - create IPUIPlugin
2024-06-10 11:18:44,942 [INFO] PluginManager:220 - loadIPPluginJar : add i2s
2024-06-10 11:18:44,990 [INFO] IPUIPlugin:80 - create IPUIPlugin
2024-06-10 11:18:44,990 [INFO] PluginManager:220 - loadIPPluginJar : add i3c
2024-06-10 11:18:45,123 [INFO] IPUIPlugin:80 - create IPUIPlugin
2024-06-10 11:18:45,123 [INFO] PluginManager:220 - loadIPPluginJar : add ipddr
2024-06-10 11:18:45,295 [INFO] IPUIPlugin:80 - create IPUIPlugin
2024-06-10 11:18:45,296 [INFO] PluginManager:220 - loadIPPluginJar : add linkedlist
2024-06-10 11:18:45,347 [INFO] IPUIPlugin:80 - create IPUIPlugin
2024-06-10 11:18:45,348 [INFO] PluginManager:220 - loadIPPluginJar : add lorawan
2024-06-10 11:18:45,392 [INFO] IPUIPlugin:80 - create IPUIPlugin
2024-06-10 11:18:45,393 [INFO] PluginManager:220 - loadIPPluginJar : add ltdc
2024-06-10 11:18:45,408 [INFO] IPUIPlugin:80 - create IPUIPlugin
2024-06-10 11:18:45,408 [INFO] PluginManager:220 - loadIPPluginJar : add mdma
2024-06-10 11:18:45,421 [INFO] IPUIPlugin:80 - create IPUIPlugin
2024-06-10 11:18:45,421 [INFO] PluginManager:220 - loadIPPluginJar : add nvic
2024-06-10 11:18:45,464 [INFO] IPUIPlugin:80 - create IPUIPlugin
2024-06-10 11:18:45,464 [INFO] PluginManager:220 - loadIPPluginJar : add opamp
2024-06-10 11:18:45,538 [INFO] IPUIPlugin:80 - create IPUIPlugin
2024-06-10 11:18:45,538 [INFO] PluginManager:220 - loadIPPluginJar : add openamp
2024-06-10 11:18:45,589 [INFO] IPUIPlugin:80 - create IPUIPlugin
2024-06-10 11:18:45,589 [INFO] PluginManager:220 - loadIPPluginJar : add pdm2pcm
2024-06-10 11:18:45,603 [INFO] IPUIPlugin:80 - create IPUIPlugin
2024-06-10 11:18:45,605 [INFO] PluginManager:220 - loadIPPluginJar : add plateformsettings
2024-06-10 11:18:45,628 [INFO] IPUIPlugin:80 - create IPUIPlugin
2024-06-10 11:18:45,629 [INFO] PluginManager:220 - loadIPPluginJar : add quadspi
2024-06-10 11:18:45,642 [INFO] IPUIPlugin:80 - create IPUIPlugin
2024-06-10 11:18:45,642 [INFO] PluginManager:220 - loadIPPluginJar : add resmgrutility
2024-06-10 11:18:45,694 [INFO] IPUIPlugin:80 - create IPUIPlugin
2024-06-10 11:18:45,694 [INFO] PluginManager:220 - loadIPPluginJar : add sai
2024-06-10 11:18:45,734 [INFO] IPUIPlugin:80 - create IPUIPlugin
2024-06-10 11:18:45,734 [INFO] PluginManager:220 - loadIPPluginJar : add spi
2024-06-10 11:18:45,820 [INFO] IPUIPlugin:80 - create IPUIPlugin
2024-06-10 11:18:45,820 [INFO] PluginManager:220 - loadIPPluginJar : add stm32_wpan
2024-06-10 11:18:45,847 [INFO] IPUIPlugin:80 - create IPUIPlugin
2024-06-10 11:18:45,847 [INFO] PluginManager:220 - loadIPPluginJar : add tim
2024-06-10 11:18:45,942 [INFO] IPUIPlugin:80 - create IPUIPlugin
2024-06-10 11:18:45,952 [INFO] PluginManager:220 - loadIPPluginJar : add touchsensing
2024-06-10 11:18:45,981 [INFO] IPUIPlugin:80 - create IPUIPlugin
2024-06-10 11:18:45,981 [INFO] PluginManager:220 - loadIPPluginJar : add tracer_emb
2024-06-10 11:18:46,007 [INFO] IPUIPlugin:80 - create IPUIPlugin
2024-06-10 11:18:46,007 [INFO] PluginManager:220 - loadIPPluginJar : add ts
2024-06-10 11:18:46,034 [INFO] IPUIPlugin:80 - create IPUIPlugin
2024-06-10 11:18:46,034 [INFO] PluginManager:220 - loadIPPluginJar : add tsc
2024-06-10 11:18:46,060 [INFO] IPUIPlugin:80 - create IPUIPlugin
2024-06-10 11:18:46,060 [INFO] PluginManager:220 - loadIPPluginJar : add ucpd
2024-06-10 11:18:46,110 [INFO] IPUIPlugin:80 - create IPUIPlugin
2024-06-10 11:18:46,110 [INFO] PluginManager:220 - loadIPPluginJar : add usart
2024-06-10 11:18:46,158 [INFO] IPUIPlugin:80 - create IPUIPlugin
2024-06-10 11:18:46,159 [INFO] PluginManager:220 - loadIPPluginJar : add usbx
2024-06-10 11:18:46,294 [INFO] CADModel:165 - CPN selected for project level
2024-06-10 11:18:46,294 [INFO] CADModel:114 - Register for checkConnection events
2024-06-10 11:18:46,294 [FATAL] Updater:308 - Updater called before beeing initialized
2024-06-10 11:18:46,295 [ERROR] CADModel:125 - Updater not yet initialized, retry later 
2024-06-10 11:18:46,328 [INFO] ThirdPartyUpdaterWithRetryManager:70 - Updater plugin not ready yet. [2/15]
2024-06-10 11:18:46,450 [INFO] CADModel:165 - CPN selected for project level
2024-06-10 11:18:46,450 [INFO] CADModel:114 - Register for checkConnection events
2024-06-10 11:18:46,450 [FATAL] Updater:308 - Updater called before beeing initialized
2024-06-10 11:18:46,450 [ERROR] CADModel:125 - Updater not yet initialized, retry later 
2024-06-10 11:18:46,453 [FATAL] Updater:308 - Updater called before beeing initialized
2024-06-10 11:18:46,581 [FATAL] Updater:308 - Updater called before beeing initialized
2024-06-10 11:18:46,596 [INFO] DbMcusAds:53 - JSON generation date=Thu May 16 14:52:00 IST 2024 (1715851320852)
2024-06-10 11:18:46,596 [FATAL] Updater:308 - Updater called before beeing initialized
2024-06-10 11:18:46,695 [WARN] DetailPanel:346 - Failed to get advertising image, set to default
2024-06-10 11:18:46,786 [FATAL] Updater:308 - Updater called before beeing initialized
2024-06-10 11:18:46,788 [FATAL] Updater:308 - Updater called before beeing initialized
2024-06-10 11:18:46,789 [FATAL] Updater:308 - Updater called before beeing initialized
2024-06-10 11:18:46,789 [WARN] DetailPanel:346 - Failed to get advertising image, set to default
2024-06-10 11:18:46,789 [FATAL] Updater:308 - Updater called before beeing initialized
2024-06-10 11:18:46,865 [ERROR] Updater:1120 - MainUpdater not yet initialized. External WinMGr cannot be set.
2024-06-10 11:18:46,880 [INFO] Updater:1056 - Updater Version found : 6.11.0
2024-06-10 11:18:46,901 [INFO] ApplicationProperties:184 - Using Application install path: C:\ST\STM32CubeIDE_1.10.1\STM32CubeIDE\plugins\com.st.stm32cube.common.mx_6.11.0.202403141607
2024-06-10 11:18:48,480 [ERROR] LogOutputStream:75 - [STDERR_REDIRECT] Jun 10, 2024 11:18:48 AM java.util.prefs.WindowsPreferences <init>
2024-06-10 11:18:48,482 [ERROR] LogOutputStream:75 - [STDERR_REDIRECT] WARNING: Could not open/create prefs root node Software\JavaSoft\Prefs at root 0xffffffff80000002. Windows RegCreateKeyEx(...) returned error code 5.
2024-06-10 11:18:48,482 [ERROR] LogOutputStream:75 - [STDERR_REDIRECT] 
2024-06-10 11:18:48,852 [INFO] MainUpdater:2873 - connection check result : 10
2024-06-10 11:18:48,853 [INFO] MainUpdater:290 - Updater Check For Update Now.
2024-06-10 11:18:48,853 [INFO] MicroXplorer:498 - Change Database Version : DB.6.0.110
2024-06-10 11:18:48,879 [INFO] McuFinderGlobals:63 - Set McuFinder mode to 2 (CubeIDE integrated)
2024-06-10 11:18:48,894 [INFO] UserAuth:415 - Internet connection configuration mode: 1
2024-06-10 11:18:48,931 [INFO] JxBrowserEngine:152 - Initiate JxBrowser Engine with user profile folder
2024-06-10 11:18:49,099 [INFO] CheckServerUpdateThread:120 - End of CheckServer Thread
2024-06-10 11:18:49,574 [WARN] PackLoader:240 - Cannot read IP mode file for STMicroelectronics.FP-SNS-MOTENVWB1.1.4.0
2024-06-10 11:18:49,594 [WARN] PackLoader:240 - Cannot read IP mode file for STMicroelectronics.X-CUBE-SMBUS.2.1.0
2024-06-10 11:18:49,615 [WARN] PackLoader:240 - Cannot read IP mode file for STMicroelectronics.X-CUBE-TOUCHGFX.4.23.0
2024-06-10 11:18:49,632 [WARN] PackLoader:240 - Cannot read IP mode file for STMicroelectronics.X-CUBE-TOUCHGFX.4.23.2
2024-06-10 11:18:49,698 [WARN] PackLoader:240 - Cannot read IP mode file for STMicroelectronics.X-CUBE-AZRTOS-F7.1.1.0
2024-06-10 11:18:49,726 [WARN] PackLoader:240 - Cannot read IP mode file for STMicroelectronics.FP-SNS-MOTENV1.4.3.2
2024-06-10 11:18:49,750 [ERROR] RealEvaluatedCondition:428 - Found unsupported composite condition: GROUP='STM32_MetaDataManager' CLASS='Data Exchange'
2024-06-10 11:18:49,750 [ERROR] RealEvaluatedCondition:428 - Found unsupported composite condition: GROUP='STM32_MetaDataManager' CLASS='Data Exchange'
2024-06-10 11:18:49,753 [WARN] PackLoader:240 - Cannot read IP mode file for STMicroelectronics.FP-SNS-MOTENV1.4.3.1
2024-06-10 11:18:49,779 [WARN] PackLoader:240 - Cannot read IP mode file for STMicroelectronics.FP-SNS-FLIGHT1.5.0.1
2024-06-10 11:18:49,803 [WARN] PackLoader:240 - Cannot read IP mode file for STMicroelectronics.X-CUBE-BLE1.6.2.4
2024-06-10 11:18:49,823 [WARN] PackLoader:240 - Cannot read IP mode file for STMicroelectronics.FP-SNS-FLIGHT1.5.0.2
2024-06-10 11:18:49,861 [WARN] PackLoader:240 - Cannot read IP mode file for STMicroelectronics.X-CUBE-DISPLAY.3.0.0
2024-06-10 11:18:49,903 [WARN] PackLoader:240 - Cannot read IP mode file for STMicroelectronics.X-CUBE-BLE1.7.0.0
2024-06-10 11:18:49,935 [WARN] PackLoader:240 - Cannot read IP mode file for STMicroelectronics.X-CUBE-TOUCHGFX.4.22.0
2024-06-10 11:18:49,958 [WARN] PackLoader:240 - Cannot read IP mode file for STMicroelectronics.X-CUBE-TOUCHGFX.4.22.1
2024-06-10 11:18:49,985 [WARN] PackLoader:240 - Cannot read IP mode file for STMicroelectronics.X-CUBE-BLEMGR.3.1.0
2024-06-10 11:18:50,015 [WARN] PackLoader:240 - Cannot read IP mode file for STMicroelectronics.FP-SNS-SMARTAG2.1.2.0
2024-06-10 11:18:50,053 [INFO] LogOutputStream:77 - [STDOUT_REDIRECT] 1 : Invalid condition id : UX_CORESTACK_Condition cause : null
2024-06-10 11:18:50,054 [INFO] LogOutputStream:77 - [STDOUT_REDIRECT] 1 : Invalid condition id : UX_CORESTACK_Condition cause : null
2024-06-10 11:18:50,056 [INFO] LogOutputStream:77 - [STDOUT_REDIRECT] 1 : Invalid condition id : UX_CORESTACK_Condition cause : null
2024-06-10 11:18:50,058 [INFO] LogOutputStream:77 - [STDOUT_REDIRECT] 1 : Invalid condition id : UX_CORESTACK_Condition cause : null
2024-06-10 11:18:50,061 [INFO] LogOutputStream:77 - [STDOUT_REDIRECT] 1 : Invalid condition id : UX_CORESTACK_Condition cause : null
2024-06-10 11:18:50,070 [WARN] PackLoader:240 - Cannot read IP mode file for STMicroelectronics.X-CUBE-AZRTOS-WL.2.0.0
2024-06-10 11:18:50,100 [WARN] PackLoader:240 - Cannot read IP mode file for STMicroelectronics.FP-SNS-MOTENV1.5.0.0
2024-06-10 11:18:50,138 [WARN] PackLoader:240 - Cannot read IP mode file for WES.I-CUBE-Cesium.1.3.0
2024-06-10 11:18:50,163 [WARN] PackLoader:240 - Cannot read IP mode file for STMicroelectronics.X-CUBE-BLE2.3.3.0
2024-06-10 11:18:50,191 [WARN] PackLoader:240 - Cannot read IP mode file for STMicroelectronics.X-CUBE-TCPP.4.1.0
2024-06-10 11:18:50,216 [WARN] PackLoader:240 - Cannot read IP mode file for STMicroelectronics.X-CUBE-TOUCHGFX.4.21.3
2024-06-10 11:18:50,235 [WARN] PackLoader:240 - Cannot read IP mode file for STMicroelectronics.X-CUBE-TOUCHGFX.4.21.4
2024-06-10 11:18:50,258 [WARN] PackLoader:240 - Cannot read IP mode file for STMicroelectronics.X-CUBE-ALGOBUILD.1.3.0
2024-06-10 11:18:50,329 [WARN] PackLoader:240 - Cannot read IP mode file for STMicroelectronics.X-CUBE-AZRTOS-G0.1.1.0
2024-06-10 11:18:50,357 [WARN] PackLoader:240 - Cannot read IP mode file for STMicroelectronics.X-CUBE-SAFEA1.1.2.2
2024-06-10 11:18:50,390 [WARN] PackLoader:240 - Cannot read IP mode file for STMicroelectronics.X-CUBE-NFC4.3.0.0
2024-06-10 11:18:50,420 [WARN] PackLoader:240 - Cannot read IP mode file for wolfSSL.I-CUBE-wolfMQTT.1.18.0
2024-06-10 11:18:50,448 [WARN] PackLoader:240 - Cannot read IP mode file for STMicroelectronics.X-CUBE-BLEMGR.3.0.0
2024-06-10 11:18:50,471 [WARN] PackLoader:240 - Cannot read IP mode file for STMicroelectronics.FP-ATR-SIGFOX1.3.2.0
2024-06-10 11:18:50,495 [WARN] PackLoader:240 - Cannot read IP mode file for STMicroelectronics.X-CUBE-EEPRMA1.5.1.0
2024-06-10 11:18:50,585 [WARN] PackLoader:240 - Cannot read IP mode file for STMicroelectronics.X-CUBE-MEMS1.9.5.0
2024-06-10 11:18:50,907 [WARN] PackLoader:240 - Cannot read IP mode file for SEGGER.I-CUBE-embOS.1.3.1
2024-06-10 11:18:51,060 [WARN] PackLoader:240 - Cannot read IP mode file for STMicroelectronics.X-CUBE-ALGOBUILD.1.4.0
2024-06-10 11:18:51,092 [WARN] PackLoader:240 - Cannot read IP mode file for STMicroelectronics.X-CUBE-GNSS1.6.0.0
2024-06-10 11:18:51,148 [WARN] PackLoader:240 - Cannot read IP mode file for STMicroelectronics.X-CUBE-AZRTOS-F4.1.1.0
2024-06-10 11:18:51,171 [WARN] PackLoader:240 - Cannot read IP mode file for wolfSSL.I-CUBE-wolfSSL.5.6.0
2024-06-10 11:18:51,193 [WARN] PackLoader:240 - Cannot read IP mode file for STMicroelectronics.X-CUBE-FREERTOS.1.2.0
2024-06-10 11:18:51,244 [WARN] PackLoader:240 - Cannot read IP mode file for STMicroelectronics.X-CUBE-AZRTOS-L5.2.0.0
2024-06-10 11:18:51,334 [WARN] PackLoader:240 - Cannot read IP mode file for STMicroelectronics.X-CUBE-MEMS1.9.6.0
2024-06-10 11:18:51,548 [WARN] PackLoader:240 - Cannot read IP mode file for STMicroelectronics.X-CUBE-EEPRMA1.4.2.0
2024-06-10 11:18:51,573 [WARN] PackLoader:240 - Cannot read IP mode file for STMicroelectronics.X-CUBE-NFC6.3.1.0
2024-06-10 11:18:51,593 [WARN] PackLoader:240 - Cannot read IP mode file for ITTIA_DB.I-CUBE-ITTIADB.8.8.0
2024-06-10 11:18:51,616 [WARN] PackLoader:240 - Cannot read IP mode file for emotas.I-CUBE-CANOPEN.1.1.3
2024-06-10 11:18:51,637 [WARN] PackLoader:240 - Cannot read IP mode file for STMicroelectronics.X-CUBE-BLEMGR.2.0.0
2024-06-10 11:18:51,656 [WARN] PackLoader:240 - Cannot read IP mode file for STMicroelectronics.X-CUBE-AI.9.0.0
2024-06-10 11:18:51,695 [WARN] ConditionMgr:438 - getConditionDescription Invalid condition id : UX DEVICE CLASS RTOS Condition cause : null
2024-06-10 11:18:51,696 [WARN] ConditionMgr:438 - getConditionDescription Invalid condition id : UX DEVICE CLASS RTOS Condition cause : null
2024-06-10 11:18:51,700 [WARN] PackLoader:240 - Cannot read IP mode file for STMicroelectronics.X-CUBE-AZRTOS-H7.3.1.0
2024-06-10 11:18:51,701 [WARN] ConditionMgr:1039 - genDependencies : Invalid condition id : UX DEVICE CLASS RTOS Condition cause : null
2024-06-10 11:18:51,701 [WARN] ConditionMgr:1039 - genDependencies : Invalid condition id : UX DEVICE CLASS RTOS Condition cause : null
2024-06-10 11:18:51,702 [WARN] ConditionMgr:1039 - genDependencies : Invalid condition id : UX DEVICE CLASS RTOS Condition cause : null
2024-06-10 11:18:51,703 [WARN] ConditionMgr:1039 - genDependencies : Invalid condition id : UX DEVICE CLASS RTOS Condition cause : null
2024-06-10 11:18:51,703 [WARN] ConditionMgr:1039 - genDependencies : Invalid condition id : UX DEVICE CLASS RTOS Condition cause : null
2024-06-10 11:18:51,723 [WARN] PackLoader:240 - Cannot read IP mode file for STMicroelectronics.X-CUBE-NFC7.1.0.1
2024-06-10 11:18:51,743 [WARN] PackLoader:240 - Cannot read IP mode file for STMicroelectronics.X-CUBE-NFC7.1.0.0
2024-06-10 11:18:51,768 [WARN] PackLoader:240 - Cannot read IP mode file for STMicroelectronics.X-CUBE-NFC6.3.0.0
2024-06-10 11:18:51,792 [WARN] PackLoader:240 - Cannot read IP mode file for STMicroelectronics.X-CUBE-EEPRMA1.4.1.0
2024-06-10 11:18:51,809 [WARN] PackLoader:240 - Cannot read IP mode file for STMicroelectronics.X-CUBE-AI.8.1.0
2024-06-10 11:18:51,850 [WARN] ConditionMgr:438 - getConditionDescription Invalid condition id : LAN8742 Phy interface Condition cause : null
2024-06-10 11:18:51,851 [WARN] PackLoader:240 - Cannot read IP mode file for STMicroelectronics.X-CUBE-AZRTOS-L4.2.0.0
2024-06-10 11:18:51,853 [WARN] ConditionMgr:1039 - genDependencies : Invalid condition id : LAN8742 Phy interface Condition cause : null
2024-06-10 11:18:51,854 [WARN] ConditionMgr:1039 - genDependencies : Invalid condition id : LAN8742 Phy interface Condition cause : null
2024-06-10 11:18:51,855 [WARN] ConditionMgr:1039 - genDependencies : Invalid condition id : LAN8742 Phy interface Condition cause : null
2024-06-10 11:18:51,879 [WARN] PackLoader:240 - Cannot read IP mode file for STMicroelectronics.X-CUBE-SFXS2LP1.4.0.0
2024-06-10 11:18:51,908 [WARN] PackLoader:240 - Cannot read IP mode file for STMicroelectronics.X-CUBE-ISPU.1.1.0
2024-06-10 11:18:51,926 [WARN] PackLoader:240 - Cannot read IP mode file for STMicroelectronics.X-CUBE-AI.8.0.0
2024-06-10 11:18:51,965 [WARN] ConditionMgr:438 - getConditionDescription Invalid condition id : UX DEVICE CLASS RTOS Condition cause : null
2024-06-10 11:18:51,965 [WARN] ConditionMgr:438 - getConditionDescription Invalid condition id : UX DEVICE CLASS RTOS Condition cause : null
2024-06-10 11:18:51,968 [WARN] PackLoader:240 - Cannot read IP mode file for STMicroelectronics.X-CUBE-AZRTOS-WB.2.0.0
2024-06-10 11:18:51,969 [WARN] ConditionMgr:1039 - genDependencies : Invalid condition id : UX DEVICE CLASS RTOS Condition cause : null
2024-06-10 11:18:51,970 [WARN] ConditionMgr:1039 - genDependencies : Invalid condition id : UX DEVICE CLASS RTOS Condition cause : null
2024-06-10 11:18:51,970 [WARN] ConditionMgr:1039 - genDependencies : Invalid condition id : UX DEVICE CLASS RTOS Condition cause : null
2024-06-10 11:18:51,971 [WARN] ConditionMgr:1039 - genDependencies : Invalid condition id : UX DEVICE CLASS RTOS Condition cause : null
2024-06-10 11:18:51,971 [WARN] ConditionMgr:1039 - genDependencies : Invalid condition id : UX DEVICE CLASS RTOS Condition cause : null
2024-06-10 11:18:51,989 [WARN] PackLoader:240 - Cannot read IP mode file for STMicroelectronics.X-CUBE-FREERTOS.1.0.1
2024-06-10 11:18:52,017 [WARN] PackLoader:240 - Cannot read IP mode file for STMicroelectronics.X-CUBE-AZRTOS-L5.1.1.0
2024-06-10 11:18:52,039 [WARN] PackLoader:240 - Cannot read IP mode file for STMicroelectronics.X-CUBE-AI.8.0.1
2024-06-10 11:18:52,066 [WARN] PackLoader:240 - Cannot read IP mode file for STMicroelectronics.X-CUBE-SUBG2.5.0.0
2024-06-10 11:18:52,093 [WARN] PackLoader:240 - Cannot read IP mode file for Cesanta.I-CUBE-Mongoose.7.13.0
2024-06-10 11:18:52,123 [WARN] PackLoader:240 - Cannot read IP mode file for STMicroelectronics.X-CUBE-TOF1.3.3.1
2024-06-10 11:18:52,167 [WARN] PackLoader:240 - Cannot read IP mode file for STMicroelectronics.X-CUBE-AZRTOS-G4.2.0.0
2024-06-10 11:18:52,195 [WARN] PackLoader:240 - Cannot read IP mode file for STMicroelectronics.X-CUBE-TOF1.3.3.0
2024-06-10 11:18:52,234 [WARN] PackLoader:240 - Cannot read IP mode file for Infineon.AIROC-Wi-Fi-Bluetooth-STM32.1.5.1
2024-06-10 11:18:52,257 [WARN] PackLoader:240 - Cannot read IP mode file for STMicroelectronics.FP-SNS-MOTENVWB1.1.3.0
2024-06-10 11:18:52,274 [WARN] PackLoader:240 - Cannot read IP mode file for STMicroelectronics.FP-SNS-MOTENVWB1.1.3.1
2024-06-10 11:18:52,305 [WARN] PackLoader:240 - Cannot read IP mode file for STMicroelectronics.X-CUBE-AZRTOS-G4.1.0.0
2024-06-10 11:18:52,336 [WARN] PackLoader:240 - Cannot read IP mode file for STMicroelectronics.X-CUBE-AZRTOS-L4.1.0.0
2024-06-10 11:18:52,353 [WARN] PackLoader:240 - Cannot read IP mode file for STMicroelectronics.X-CUBE-ISPU.2.0.0
2024-06-10 11:18:52,371 [WARN] PackLoader:240 - Cannot read IP mode file for STMicroelectronics.X-CUBE-ALS.1.0.2
2024-06-10 11:18:52,435 [WARN] PackLoader:240 - Cannot read IP mode file for STMicroelectronics.X-CUBE-MEMS1.10.0.0
2024-06-10 11:18:52,564 [WARN] PackLoader:240 - Cannot read IP mode file for STMicroelectronics.X-CUBE-FREERTOS.1.1.0
2024-06-10 11:18:52,593 [WARN] PackLoader:240 - Cannot read IP mode file for STMicroelectronics.X-CUBE-AZRTOS-WL.1.0.0
2024-06-10 11:18:52,617 [WARN] PackLoader:240 - Cannot read IP mode file for portGmbH.I-Cube-SoM-uGOAL.1.1.0
2024-06-10 11:18:52,635 [WARN] PackLoader:240 - Cannot read IP mode file for STMicroelectronics.X-CUBE-ALS.1.0.1
2024-06-10 11:18:52,670 [WARN] PackLoader:240 - Cannot read IP mode file for STMicroelectronics.X-CUBE-AZRTOS-WB.1.1.0
2024-06-10 11:18:52,722 [WARN] PackLoader:240 - Cannot read IP mode file for STMicroelectronics.X-CUBE-AZRTOS-H7RS.1.0.0
2024-06-10 11:18:52,745 [WARN] PackLoader:240 - Cannot read IP mode file for STMicroelectronics.FP-ATR-ASTRA1.2.0.0
2024-06-10 11:18:52,776 [WARN] PackLoader:240 - Cannot read IP mode file for STMicroelectronics.X-CUBE-TOF1.3.4.0
2024-06-10 11:18:52,817 [WARN] PackLoader:240 - Cannot read IP mode file for STMicroelectronics.X-CUBE-TOF1.3.4.1
2024-06-10 11:18:52,875 [WARN] PackLoader:240 - Cannot read IP mode file for STMicroelectronics.X-CUBE-AZRTOS-H7.3.2.0
2024-06-10 11:18:52,879 [INFO] ThirdParty:978 - Integrity check success = true
2024-06-10 11:18:52,879 [INFO] IntegrityCheckThread:100 - exiting critical section [integrity check]
2024-06-10 11:18:52,879 [INFO] IntegrityCheckThread:103 - End integrity checks thread
2024-06-10 11:18:55,876 [INFO] WebApp:161 - Instantiating new browser for Auth
2024-06-10 11:18:56,616 [INFO] WebApp:779 - Register for checkConnection events
2024-06-10 11:18:56,616 [INFO] WebApp:414 - Apply proxy settings
2024-06-10 11:18:56,616 [INFO] WebApp:499 - Chromium requires no authentication
2024-06-10 11:18:56,624 [INFO] WebApp:442 - Direct internet connection detected
2024-06-10 11:18:56,826 [INFO] WebApp:192 - Starting web application
2024-06-10 11:18:56,827 [INFO] WebApp:544 - Web application path used C:\ST\STM32CubeIDE_1.10.1\STM32CubeIDE\plugins\com.st.stm32cube.common.mx_6.11.0.202403141607\db\plugins\mcufinder\reactClient1\index.html
2024-06-10 21:35:44,989 [ERROR] LogOutputStream:75 - [STDERR_REDIRECT] 
