2024-06-11 12:27:49,519 [INFO] Activator:176 - 


2024-06-11 12:27:49,527 [INFO] Activator:177 - !SESSION log4j initialized
2024-06-11 12:27:57,417 [INFO] LogOutputStream:77 - [STDOUT_REDIRECT] 
2024-06-11 12:28:00,748 [INFO] ApplicationProperties:184 - Using Application install path: C:\ST\STM32CubeIDE_1.10.1\STM32CubeIDE\plugins\com.st.stm32cube.common.mx_6.11.0.202403141607
2024-06-11 12:28:00,773 [INFO] DbMcusXml:78 - Set database path to: C:\ST\STM32CubeIDE_1.10.1\STM32CubeIDE\plugins\com.st.stm32cube.common.mx_6.11.0.202403141607\\db\/mcu/
2024-06-11 12:28:00,774 [INFO] ApiDb:274 - Set plugin database path to: C:\ST\STM32CubeIDE_1.10.1\STM32CubeIDE\plugins\com.st.stm32cube.common.mx_6.11.0.202403141607\\db\/plugins/boardmanager/
2024-06-11 12:28:00,774 [WARN] ApiDb:259 - Overriding images path with different value:  => C:\ST\STM32CubeIDE_1.10.1\STM32CubeIDE\plugins\com.st.stm32cube.common.mx_6.11.0.202403141607\\db\/plugins/mcufinder/images/
2024-06-11 12:28:00,787 [INFO] ApiDb:250 - Set database path to: C:\Users\CEPL\.stmcufinder\plugins\mcufinder//mcu/
2024-06-11 12:28:00,788 [INFO] DbMcusAds:125 - Set database path to: C:\Users\CEPL\.stmcufinder\plugins\mcufinder//mcu/
2024-06-11 12:28:00,791 [INFO] CrossReferenceDbSqlite:203 - Set database path to: C:\Users\CEPL\.stmcufinder\plugins\mcufinder//mcu/cs/
2024-06-11 12:28:00,957 [INFO] RulesReader:64 - Compatibility file has been processed (297 Rules)
2024-06-11 12:28:01,062 [INFO] DbMcusXml:78 - Set database path to: C:\ST\STM32CubeIDE_1.10.1\STM32CubeIDE\plugins\com.st.stm32cube.common.mx_6.11.0.202403141607\\db\/mcu/
2024-06-11 12:28:01,062 [INFO] ApiDb:274 - Set plugin database path to: C:\ST\STM32CubeIDE_1.10.1\STM32CubeIDE\plugins\com.st.stm32cube.common.mx_6.11.0.202403141607\\db\/plugins/boardmanager/
2024-06-11 12:28:01,062 [INFO] ApiDb:261 - Set plugin images path to: C:\ST\STM32CubeIDE_1.10.1\STM32CubeIDE\plugins\com.st.stm32cube.common.mx_6.11.0.202403141607\\db\/plugins/mcufinder/images/
2024-06-11 12:28:01,063 [WARN] DbFile:41 - Overriding database path with different value: C:\Users\CEPL\.stmcufinder\plugins\mcufinder/ => C:\Users\CEPL\.stmcufinder\plugins\mcufinder
2024-06-11 12:28:01,063 [INFO] ApiDb:250 - Set database path to: C:\Users\CEPL\.stmcufinder\plugins\mcufinder//mcu/
2024-06-11 12:28:01,063 [WARN] DbFile:41 - Overriding database path with different value: C:\Users\CEPL\.stmcufinder\plugins\mcufinder/ => C:\Users\CEPL\.stmcufinder\plugins\mcufinder
2024-06-11 12:28:01,063 [INFO] DbMcusAds:125 - Set database path to: C:\Users\CEPL\.stmcufinder\plugins\mcufinder//mcu/
2024-06-11 12:28:01,063 [WARN] DbFile:41 - Overriding database path with different value: C:\Users\CEPL\.stmcufinder\plugins\mcufinder/ => C:\Users\CEPL\.stmcufinder\plugins\mcufinder
2024-06-11 12:28:01,063 [WARN] DbFile:41 - Overriding database path with different value: C:\Users\CEPL\.stmcufinder\plugins\mcufinder/ => C:\Users\CEPL\.stmcufinder\plugins\mcufinder
2024-06-11 12:28:01,063 [INFO] CrossReferenceDbSqlite:203 - Set database path to: C:\Users\CEPL\.stmcufinder\plugins\mcufinder//mcu/cs/
2024-06-11 12:28:01,161 [INFO] MainPanel:264 - HeapMemory: 268435456
2024-06-11 12:28:01,278 [INFO] DbMcusXml:78 - Set database path to: C:\ST\STM32CubeIDE_1.10.1\STM32CubeIDE\plugins\com.st.stm32cube.common.mx_6.11.0.202403141607\\db\/mcu/
2024-06-11 12:28:01,278 [INFO] ApiDb:274 - Set plugin database path to: C:\ST\STM32CubeIDE_1.10.1\STM32CubeIDE\plugins\com.st.stm32cube.common.mx_6.11.0.202403141607\\db\/plugins/boardmanager/
2024-06-11 12:28:01,278 [INFO] ApiDb:261 - Set plugin images path to: C:\ST\STM32CubeIDE_1.10.1\STM32CubeIDE\plugins\com.st.stm32cube.common.mx_6.11.0.202403141607\\db\/plugins/mcufinder/images/
2024-06-11 12:28:01,278 [WARN] DbFile:41 - Overriding database path with different value: C:\Users\CEPL\.stmcufinder\plugins\mcufinder/ => C:\Users\CEPL\.stmcufinder\plugins\mcufinder
2024-06-11 12:28:01,279 [INFO] ApiDb:250 - Set database path to: C:\Users\CEPL\.stmcufinder\plugins\mcufinder//mcu/
2024-06-11 12:28:01,279 [WARN] DbFile:41 - Overriding database path with different value: C:\Users\CEPL\.stmcufinder\plugins\mcufinder/ => C:\Users\CEPL\.stmcufinder\plugins\mcufinder
2024-06-11 12:28:01,279 [INFO] DbMcusAds:125 - Set database path to: C:\Users\CEPL\.stmcufinder\plugins\mcufinder//mcu/
2024-06-11 12:28:01,279 [WARN] DbFile:41 - Overriding database path with different value: C:\Users\CEPL\.stmcufinder\plugins\mcufinder/ => C:\Users\CEPL\.stmcufinder\plugins\mcufinder
2024-06-11 12:28:01,279 [WARN] DbFile:41 - Overriding database path with different value: C:\Users\CEPL\.stmcufinder\plugins\mcufinder/ => C:\Users\CEPL\.stmcufinder\plugins\mcufinder
2024-06-11 12:28:01,279 [INFO] CrossReferenceDbSqlite:203 - Set database path to: C:\Users\CEPL\.stmcufinder\plugins\mcufinder//mcu/cs/
2024-06-11 12:28:01,301 [INFO] ApplicationProperties:184 - Using Application install path: C:\ST\STM32CubeIDE_1.10.1\STM32CubeIDE\plugins\com.st.stm32cube.common.mx_6.11.0.202403141607
2024-06-11 12:28:01,302 [INFO] PluginManage:196 - Search for loadable plugins [exclusion list=, ]
2024-06-11 12:28:01,304 [INFO] PluginManage:310 - Check plugin analytics
2024-06-11 12:28:01,514 [INFO] AnalyticsPlugin:253 - Accepted Software Licenses: 
2024-06-11 12:28:01,514 [INFO] AnalyticsPlugin:255 - Accepted CMSIS Pack Licenses: 
2024-06-11 12:28:01,515 [INFO] AnalyticsPlugin:257 - Accepted Firmware Licenses: FW.F4.1.27.0
2024-06-11 12:28:01,517 [INFO] PluginManage:359 - Loaded plugin analytics (category:tool,tabindex:-1)
2024-06-11 12:28:01,517 [INFO] PluginManage:310 - Check plugin cadmodel
2024-06-11 12:28:01,534 [INFO] CADModel:105 - Init CAD model plugin
2024-06-11 12:28:01,534 [INFO] PluginManage:359 - Loaded plugin cadmodel (category:power,tabindex:5)
2024-06-11 12:28:01,534 [INFO] PluginManage:310 - Check plugin clock
2024-06-11 12:28:01,556 [INFO] PluginManage:359 - Loaded plugin clock (category:base,tabindex:2)
2024-06-11 12:28:01,557 [INFO] PluginManage:310 - Check plugin ddr
2024-06-11 12:28:01,560 [INFO] PluginManage:359 - Loaded plugin ddr (category:tool,tabindex:6)
2024-06-11 12:28:01,560 [INFO] PluginManage:310 - Check plugin filemanager
2024-06-11 12:28:01,733 [INFO] PluginManage:359 - Loaded plugin filemanager (category:base,tabindex:10)
2024-06-11 12:28:01,733 [INFO] PluginManage:310 - Check plugin ipmanager
2024-06-11 12:28:01,743 [INFO] PluginManage:359 - Loaded plugin ipmanager (category:base,tabindex:5)
2024-06-11 12:28:01,744 [INFO] PluginManage:310 - Check plugin lpbam
2024-06-11 12:28:01,766 [INFO] PluginManage:359 - Loaded plugin lpbam (category:base,tabindex:0)
2024-06-11 12:28:01,766 [INFO] PluginManage:310 - Check plugin memorymap
2024-06-11 12:28:01,790 [INFO] PluginManage:359 - Loaded plugin memorymap (category:base,tabindex:4)
2024-06-11 12:28:01,790 [INFO] PluginManage:310 - Check plugin pinoutandconfiguration
2024-06-11 12:28:01,807 [INFO] PluginManage:359 - Loaded plugin pinoutandconfiguration (category:base,tabindex:1)
2024-06-11 12:28:01,807 [INFO] PluginManage:310 - Check plugin pinoutconfig
2024-06-11 12:28:01,916 [WARN] SupportedApi:132 - Cannot load RTOS API schema: s4s-elt-must-match.1: The content of 'definitions' must match (annotation?, (simpleType | complexType)?, (unique | key | keyref)*)). A problem was found starting at: attribute.
2024-06-11 12:28:02,068 [INFO] PluginManage:359 - Loaded plugin pinoutconfig (category:base,tabindex:0)
2024-06-11 12:28:02,068 [INFO] PluginManage:310 - Check plugin power
2024-06-11 12:28:02,091 [INFO] PluginManage:359 - Loaded plugin power (category:power,tabindex:4)
2024-06-11 12:28:02,091 [INFO] PluginManage:310 - Check plugin projectmanager
2024-06-11 12:28:02,111 [INFO] PluginManage:359 - Loaded plugin projectmanager (category:projectmanager,tabindex:3)
2024-06-11 12:28:02,111 [INFO] PluginManage:310 - Check plugin thirdparty
2024-06-11 12:28:02,430 [INFO] PluginManage:359 - Loaded plugin thirdparty (category:base,tabindex:-1)
2024-06-11 12:28:02,430 [WARN] IntegrityCheckThread:84 - waiting for thirdparty lock release [integrity check]
2024-06-11 12:28:02,430 [INFO] PluginManage:310 - Check plugin tools
2024-06-11 12:28:02,430 [INFO] IntegrityCheckThread:86 - entering critical section [integrity check]
2024-06-11 12:28:02,431 [INFO] ThirdPartyUpdaterWithRetryManager:70 - Updater plugin not ready yet. [1/15]
2024-06-11 12:28:02,472 [INFO] PluginManage:359 - Loaded plugin tools (category:base,tabindex:7)
2024-06-11 12:28:02,472 [INFO] PluginManage:310 - Check plugin tutovideos
2024-06-11 12:28:02,724 [INFO] PluginManage:359 - Loaded plugin tutovideos (category:base,tabindex:-1)
2024-06-11 12:28:02,724 [INFO] PluginManage:310 - Check plugin updater
2024-06-11 12:28:02,735 [INFO] PluginManage:359 - Loaded plugin updater (category:base,tabindex:12)
2024-06-11 12:28:02,735 [INFO] PluginManage:310 - Check plugin userauth
2024-06-11 12:28:02,740 [INFO] UserAuth:114 - Init User Auth plugin
2024-06-11 12:28:02,741 [INFO] PluginManage:359 - Loaded plugin userauth (category:base,tabindex:14)
2024-06-11 12:28:02,741 [INFO] PluginManage:283 - PluginManage : Loaded plugins [17]
2024-06-11 12:28:02,981 [INFO] PinOutPanel:1561 - setPackage(No Configuration,No Configuration)
2024-06-11 12:28:03,059 [INFO] CADModel:165 - CPN selected for project level
2024-06-11 12:28:03,059 [INFO] CADModel:114 - Register for checkConnection events
2024-06-11 12:28:03,085 [INFO] IPUIPlugin:80 - create IPUIPlugin
2024-06-11 12:28:03,085 [INFO] PluginManager:220 - loadIPPluginJar : add adc
2024-06-11 12:28:03,126 [INFO] IPUIPlugin:80 - create IPUIPlugin
2024-06-11 12:28:03,126 [INFO] PluginManager:220 - loadIPPluginJar : add aes
2024-06-11 12:28:03,173 [INFO] IPUIPlugin:80 - create IPUIPlugin
2024-06-11 12:28:03,173 [INFO] PluginManager:220 - loadIPPluginJar : add can
2024-06-11 12:28:03,199 [INFO] IPUIPlugin:80 - create IPUIPlugin
2024-06-11 12:28:03,199 [INFO] PluginManager:220 - loadIPPluginJar : add comp
2024-06-11 12:28:03,237 [INFO] IPUIPlugin:80 - create IPUIPlugin
2024-06-11 12:28:03,237 [INFO] PluginManager:220 - loadIPPluginJar : add cryp
2024-06-11 12:28:03,272 [INFO] IPUIPlugin:80 - create IPUIPlugin
2024-06-11 12:28:03,272 [INFO] PluginManager:220 - loadIPPluginJar : add dfsdm
2024-06-11 12:28:03,286 [INFO] IPUIPlugin:80 - create IPUIPlugin
2024-06-11 12:28:03,287 [INFO] PluginManager:220 - loadIPPluginJar : add dma
2024-06-11 12:28:03,337 [INFO] IPUIPlugin:80 - create IPUIPlugin
2024-06-11 12:28:03,337 [INFO] PluginManager:220 - loadIPPluginJar : add dma3
2024-06-11 12:28:03,388 [INFO] IPUIPlugin:80 - create IPUIPlugin
2024-06-11 12:28:03,388 [INFO] PluginManager:220 - loadIPPluginJar : add extmemmanager
2024-06-11 12:28:03,413 [INFO] IPUIPlugin:80 - create IPUIPlugin
2024-06-11 12:28:03,413 [INFO] PluginManager:220 - loadIPPluginJar : add fatfs
2024-06-11 12:28:03,469 [INFO] IPUIPlugin:80 - create IPUIPlugin
2024-06-11 12:28:03,469 [INFO] PluginManager:220 - loadIPPluginJar : add fmc
2024-06-11 12:28:03,485 [INFO] IPUIPlugin:80 - create IPUIPlugin
2024-06-11 12:28:03,486 [INFO] PluginManager:220 - loadIPPluginJar : add freertos
2024-06-11 12:28:03,510 [INFO] IPUIPlugin:80 - create IPUIPlugin
2024-06-11 12:28:03,510 [INFO] PluginManager:220 - loadIPPluginJar : add genericplugin
2024-06-11 12:28:03,619 [INFO] IPUIPlugin:80 - create IPUIPlugin
2024-06-11 12:28:03,619 [INFO] PluginManager:220 - loadIPPluginJar : add gfxmmu
2024-06-11 12:28:03,773 [INFO] IPUIPlugin:80 - create IPUIPlugin
2024-06-11 12:28:03,774 [INFO] PluginManager:220 - loadIPPluginJar : add gic
2024-06-11 12:28:03,788 [INFO] IPUIPlugin:80 - create IPUIPlugin
2024-06-11 12:28:03,788 [INFO] PluginManager:220 - loadIPPluginJar : add gpio
2024-06-11 12:28:03,892 [INFO] IPUIPlugin:80 - create IPUIPlugin
2024-06-11 12:28:03,892 [INFO] PluginManager:220 - loadIPPluginJar : add gtzc
2024-06-11 12:28:03,928 [INFO] IPUIPlugin:80 - create IPUIPlugin
2024-06-11 12:28:03,928 [INFO] PluginManager:220 - loadIPPluginJar : add hash
2024-06-11 12:28:03,990 [INFO] IPUIPlugin:80 - create IPUIPlugin
2024-06-11 12:28:03,990 [INFO] PluginManager:220 - loadIPPluginJar : add i2c
2024-06-11 12:28:04,036 [INFO] IPUIPlugin:80 - create IPUIPlugin
2024-06-11 12:28:04,036 [INFO] PluginManager:220 - loadIPPluginJar : add i2s
2024-06-11 12:28:04,082 [INFO] IPUIPlugin:80 - create IPUIPlugin
2024-06-11 12:28:04,082 [INFO] PluginManager:220 - loadIPPluginJar : add i3c
2024-06-11 12:28:04,201 [INFO] IPUIPlugin:80 - create IPUIPlugin
2024-06-11 12:28:04,201 [INFO] PluginManager:220 - loadIPPluginJar : add ipddr
2024-06-11 12:28:04,311 [INFO] IPUIPlugin:80 - create IPUIPlugin
2024-06-11 12:28:04,312 [INFO] PluginManager:220 - loadIPPluginJar : add linkedlist
2024-06-11 12:28:04,351 [INFO] IPUIPlugin:80 - create IPUIPlugin
2024-06-11 12:28:04,351 [INFO] PluginManager:220 - loadIPPluginJar : add lorawan
2024-06-11 12:28:04,391 [INFO] IPUIPlugin:80 - create IPUIPlugin
2024-06-11 12:28:04,391 [INFO] PluginManager:220 - loadIPPluginJar : add ltdc
2024-06-11 12:28:04,407 [INFO] IPUIPlugin:80 - create IPUIPlugin
2024-06-11 12:28:04,407 [INFO] PluginManager:220 - loadIPPluginJar : add mdma
2024-06-11 12:28:04,421 [INFO] IPUIPlugin:80 - create IPUIPlugin
2024-06-11 12:28:04,421 [INFO] PluginManager:220 - loadIPPluginJar : add nvic
2024-06-11 12:28:04,462 [INFO] IPUIPlugin:80 - create IPUIPlugin
2024-06-11 12:28:04,462 [INFO] PluginManager:220 - loadIPPluginJar : add opamp
2024-06-11 12:28:04,528 [INFO] IPUIPlugin:80 - create IPUIPlugin
2024-06-11 12:28:04,528 [INFO] PluginManager:220 - loadIPPluginJar : add openamp
2024-06-11 12:28:04,575 [INFO] IPUIPlugin:80 - create IPUIPlugin
2024-06-11 12:28:04,576 [INFO] PluginManager:220 - loadIPPluginJar : add pdm2pcm
2024-06-11 12:28:04,594 [INFO] IPUIPlugin:80 - create IPUIPlugin
2024-06-11 12:28:04,596 [INFO] PluginManager:220 - loadIPPluginJar : add plateformsettings
2024-06-11 12:28:04,619 [INFO] IPUIPlugin:80 - create IPUIPlugin
2024-06-11 12:28:04,619 [INFO] PluginManager:220 - loadIPPluginJar : add quadspi
2024-06-11 12:28:04,633 [INFO] IPUIPlugin:80 - create IPUIPlugin
2024-06-11 12:28:04,633 [INFO] PluginManager:220 - loadIPPluginJar : add resmgrutility
2024-06-11 12:28:04,686 [INFO] IPUIPlugin:80 - create IPUIPlugin
2024-06-11 12:28:04,687 [INFO] PluginManager:220 - loadIPPluginJar : add sai
2024-06-11 12:28:04,725 [INFO] IPUIPlugin:80 - create IPUIPlugin
2024-06-11 12:28:04,726 [INFO] PluginManager:220 - loadIPPluginJar : add spi
2024-06-11 12:28:04,803 [INFO] IPUIPlugin:80 - create IPUIPlugin
2024-06-11 12:28:04,803 [INFO] PluginManager:220 - loadIPPluginJar : add stm32_wpan
2024-06-11 12:28:04,829 [INFO] IPUIPlugin:80 - create IPUIPlugin
2024-06-11 12:28:04,829 [INFO] PluginManager:220 - loadIPPluginJar : add tim
2024-06-11 12:28:04,898 [INFO] IPUIPlugin:80 - create IPUIPlugin
2024-06-11 12:28:04,898 [INFO] PluginManager:220 - loadIPPluginJar : add touchsensing
2024-06-11 12:28:04,923 [INFO] IPUIPlugin:80 - create IPUIPlugin
2024-06-11 12:28:04,923 [INFO] PluginManager:220 - loadIPPluginJar : add tracer_emb
2024-06-11 12:28:04,949 [INFO] IPUIPlugin:80 - create IPUIPlugin
2024-06-11 12:28:04,949 [INFO] PluginManager:220 - loadIPPluginJar : add ts
2024-06-11 12:28:04,973 [INFO] IPUIPlugin:80 - create IPUIPlugin
2024-06-11 12:28:04,973 [INFO] PluginManager:220 - loadIPPluginJar : add tsc
2024-06-11 12:28:04,998 [INFO] IPUIPlugin:80 - create IPUIPlugin
2024-06-11 12:28:04,998 [INFO] PluginManager:220 - loadIPPluginJar : add ucpd
2024-06-11 12:28:05,046 [INFO] IPUIPlugin:80 - create IPUIPlugin
2024-06-11 12:28:05,046 [INFO] PluginManager:220 - loadIPPluginJar : add usart
2024-06-11 12:28:05,095 [INFO] IPUIPlugin:80 - create IPUIPlugin
2024-06-11 12:28:05,095 [INFO] PluginManager:220 - loadIPPluginJar : add usbx
2024-06-11 12:28:05,232 [INFO] CADModel:165 - CPN selected for project level
2024-06-11 12:28:05,232 [INFO] CADModel:114 - Register for checkConnection events
2024-06-11 12:28:05,233 [FATAL] Updater:308 - Updater called before beeing initialized
2024-06-11 12:28:05,233 [ERROR] CADModel:125 - Updater not yet initialized, retry later 
2024-06-11 12:28:05,432 [INFO] ThirdPartyUpdaterWithRetryManager:70 - Updater plugin not ready yet. [2/15]
2024-06-11 12:28:05,448 [INFO] CADModel:165 - CPN selected for project level
2024-06-11 12:28:05,449 [INFO] CADModel:114 - Register for checkConnection events
2024-06-11 12:28:05,449 [FATAL] Updater:308 - Updater called before beeing initialized
2024-06-11 12:28:05,449 [ERROR] CADModel:125 - Updater not yet initialized, retry later 
2024-06-11 12:28:05,453 [FATAL] Updater:308 - Updater called before beeing initialized
2024-06-11 12:28:05,580 [FATAL] Updater:308 - Updater called before beeing initialized
2024-06-11 12:28:05,595 [INFO] DbMcusAds:53 - JSON generation date=Thu May 16 14:52:00 IST 2024 (1715851320852)
2024-06-11 12:28:05,595 [FATAL] Updater:308 - Updater called before beeing initialized
2024-06-11 12:28:05,689 [WARN] DetailPanel:346 - Failed to get advertising image, set to default
2024-06-11 12:28:05,784 [FATAL] Updater:308 - Updater called before beeing initialized
2024-06-11 12:28:05,786 [FATAL] Updater:308 - Updater called before beeing initialized
2024-06-11 12:28:05,786 [FATAL] Updater:308 - Updater called before beeing initialized
2024-06-11 12:28:05,787 [WARN] DetailPanel:346 - Failed to get advertising image, set to default
2024-06-11 12:28:05,787 [FATAL] Updater:308 - Updater called before beeing initialized
2024-06-11 12:28:05,858 [ERROR] Updater:1120 - MainUpdater not yet initialized. External WinMGr cannot be set.
2024-06-11 12:28:05,871 [INFO] Updater:1056 - Updater Version found : 6.11.0
2024-06-11 12:28:05,892 [INFO] ApplicationProperties:184 - Using Application install path: C:\ST\STM32CubeIDE_1.10.1\STM32CubeIDE\plugins\com.st.stm32cube.common.mx_6.11.0.202403141607
2024-06-11 12:28:07,471 [ERROR] LogOutputStream:75 - [STDERR_REDIRECT] Jun 11, 2024 12:28:07 PM java.util.prefs.WindowsPreferences <init>
2024-06-11 12:28:07,473 [ERROR] LogOutputStream:75 - [STDERR_REDIRECT] WARNING: Could not open/create prefs root node Software\JavaSoft\Prefs at root 0xffffffff80000002. Windows RegCreateKeyEx(...) returned error code 5.
2024-06-11 12:28:07,473 [ERROR] LogOutputStream:75 - [STDERR_REDIRECT] 
2024-06-11 12:28:07,810 [INFO] MainUpdater:2873 - connection check result : 10
2024-06-11 12:28:07,810 [INFO] MainUpdater:290 - Updater Check For Update Now.
2024-06-11 12:28:07,811 [INFO] MicroXplorer:498 - Change Database Version : DB.6.0.110
2024-06-11 12:28:07,833 [INFO] McuFinderGlobals:63 - Set McuFinder mode to 2 (CubeIDE integrated)
2024-06-11 12:28:07,847 [INFO] UserAuth:415 - Internet connection configuration mode: 1
2024-06-11 12:28:07,880 [INFO] JxBrowserEngine:152 - Initiate JxBrowser Engine with user profile folder
2024-06-11 12:28:08,028 [INFO] CheckServerUpdateThread:120 - End of CheckServer Thread
2024-06-11 12:28:08,666 [WARN] PackLoader:240 - Cannot read IP mode file for STMicroelectronics.FP-SNS-MOTENVWB1.1.4.0
2024-06-11 12:28:08,683 [WARN] PackLoader:240 - Cannot read IP mode file for STMicroelectronics.X-CUBE-SMBUS.2.1.0
2024-06-11 12:28:08,700 [WARN] PackLoader:240 - Cannot read IP mode file for STMicroelectronics.X-CUBE-TOUCHGFX.4.23.0
2024-06-11 12:28:08,712 [WARN] PackLoader:240 - Cannot read IP mode file for STMicroelectronics.X-CUBE-TOUCHGFX.4.23.2
2024-06-11 12:28:08,762 [WARN] PackLoader:240 - Cannot read IP mode file for STMicroelectronics.X-CUBE-AZRTOS-F7.1.1.0
2024-06-11 12:28:08,786 [WARN] PackLoader:240 - Cannot read IP mode file for STMicroelectronics.FP-SNS-MOTENV1.4.3.2
2024-06-11 12:28:08,804 [ERROR] RealEvaluatedCondition:428 - Found unsupported composite condition: GROUP='STM32_MetaDataManager' CLASS='Data Exchange'
2024-06-11 12:28:08,805 [ERROR] RealEvaluatedCondition:428 - Found unsupported composite condition: GROUP='STM32_MetaDataManager' CLASS='Data Exchange'
2024-06-11 12:28:08,806 [WARN] PackLoader:240 - Cannot read IP mode file for STMicroelectronics.FP-SNS-MOTENV1.4.3.1
2024-06-11 12:28:08,822 [WARN] PackLoader:240 - Cannot read IP mode file for STMicroelectronics.FP-SNS-FLIGHT1.5.0.1
2024-06-11 12:28:08,839 [WARN] PackLoader:240 - Cannot read IP mode file for STMicroelectronics.X-CUBE-BLE1.6.2.4
2024-06-11 12:28:08,853 [WARN] PackLoader:240 - Cannot read IP mode file for STMicroelectronics.FP-SNS-FLIGHT1.5.0.2
2024-06-11 12:28:08,870 [WARN] PackLoader:240 - Cannot read IP mode file for STMicroelectronics.X-CUBE-DISPLAY.3.0.0
2024-06-11 12:28:08,888 [WARN] PackLoader:240 - Cannot read IP mode file for STMicroelectronics.X-CUBE-BLE1.7.0.0
2024-06-11 12:28:08,907 [WARN] PackLoader:240 - Cannot read IP mode file for STMicroelectronics.X-CUBE-TOUCHGFX.4.22.0
2024-06-11 12:28:08,919 [WARN] PackLoader:240 - Cannot read IP mode file for STMicroelectronics.X-CUBE-TOUCHGFX.4.22.1
2024-06-11 12:28:08,940 [WARN] PackLoader:240 - Cannot read IP mode file for STMicroelectronics.X-CUBE-BLEMGR.3.1.0
2024-06-11 12:28:08,956 [WARN] PackLoader:240 - Cannot read IP mode file for STMicroelectronics.FP-SNS-SMARTAG2.1.2.0
2024-06-11 12:28:08,976 [INFO] LogOutputStream:77 - [STDOUT_REDIRECT] 1 : Invalid condition id : UX_CORESTACK_Condition cause : null
2024-06-11 12:28:08,977 [INFO] LogOutputStream:77 - [STDOUT_REDIRECT] 1 : Invalid condition id : UX_CORESTACK_Condition cause : null
2024-06-11 12:28:08,978 [INFO] LogOutputStream:77 - [STDOUT_REDIRECT] 1 : Invalid condition id : UX_CORESTACK_Condition cause : null
2024-06-11 12:28:08,979 [INFO] LogOutputStream:77 - [STDOUT_REDIRECT] 1 : Invalid condition id : UX_CORESTACK_Condition cause : null
2024-06-11 12:28:08,980 [INFO] LogOutputStream:77 - [STDOUT_REDIRECT] 1 : Invalid condition id : UX_CORESTACK_Condition cause : null
2024-06-11 12:28:08,983 [WARN] PackLoader:240 - Cannot read IP mode file for STMicroelectronics.X-CUBE-AZRTOS-WL.2.0.0
2024-06-11 12:28:08,996 [WARN] PackLoader:240 - Cannot read IP mode file for STMicroelectronics.FP-SNS-MOTENV1.5.0.0
2024-06-11 12:28:09,016 [WARN] PackLoader:240 - Cannot read IP mode file for WES.I-CUBE-Cesium.1.3.0
2024-06-11 12:28:09,033 [WARN] PackLoader:240 - Cannot read IP mode file for STMicroelectronics.X-CUBE-BLE2.3.3.0
2024-06-11 12:28:09,050 [WARN] PackLoader:240 - Cannot read IP mode file for STMicroelectronics.X-CUBE-TCPP.4.1.0
2024-06-11 12:28:09,067 [WARN] PackLoader:240 - Cannot read IP mode file for STMicroelectronics.X-CUBE-TOUCHGFX.4.21.3
2024-06-11 12:28:09,081 [WARN] PackLoader:240 - Cannot read IP mode file for STMicroelectronics.X-CUBE-TOUCHGFX.4.21.4
2024-06-11 12:28:09,094 [WARN] PackLoader:240 - Cannot read IP mode file for STMicroelectronics.X-CUBE-ALGOBUILD.1.3.0
2024-06-11 12:28:09,126 [WARN] PackLoader:240 - Cannot read IP mode file for STMicroelectronics.X-CUBE-AZRTOS-G0.1.1.0
2024-06-11 12:28:09,144 [WARN] PackLoader:240 - Cannot read IP mode file for STMicroelectronics.X-CUBE-SAFEA1.1.2.2
2024-06-11 12:28:09,162 [WARN] PackLoader:240 - Cannot read IP mode file for STMicroelectronics.X-CUBE-NFC4.3.0.0
2024-06-11 12:28:09,179 [WARN] PackLoader:240 - Cannot read IP mode file for wolfSSL.I-CUBE-wolfMQTT.1.18.0
2024-06-11 12:28:09,197 [WARN] PackLoader:240 - Cannot read IP mode file for STMicroelectronics.X-CUBE-BLEMGR.3.0.0
2024-06-11 12:28:09,212 [WARN] PackLoader:240 - Cannot read IP mode file for STMicroelectronics.FP-ATR-SIGFOX1.3.2.0
2024-06-11 12:28:09,229 [WARN] PackLoader:240 - Cannot read IP mode file for STMicroelectronics.X-CUBE-EEPRMA1.5.1.0
2024-06-11 12:28:09,299 [WARN] PackLoader:240 - Cannot read IP mode file for STMicroelectronics.X-CUBE-MEMS1.9.5.0
2024-06-11 12:28:09,474 [WARN] PackLoader:240 - Cannot read IP mode file for SEGGER.I-CUBE-embOS.1.3.1
2024-06-11 12:28:09,554 [WARN] PackLoader:240 - Cannot read IP mode file for STMicroelectronics.X-CUBE-ALGOBUILD.1.4.0
2024-06-11 12:28:09,575 [WARN] PackLoader:240 - Cannot read IP mode file for STMicroelectronics.X-CUBE-GNSS1.6.0.0
2024-06-11 12:28:09,637 [WARN] PackLoader:240 - Cannot read IP mode file for STMicroelectronics.X-CUBE-AZRTOS-F4.1.1.0
2024-06-11 12:28:09,663 [WARN] PackLoader:240 - Cannot read IP mode file for wolfSSL.I-CUBE-wolfSSL.5.6.0
2024-06-11 12:28:09,686 [WARN] PackLoader:240 - Cannot read IP mode file for STMicroelectronics.X-CUBE-FREERTOS.1.2.0
2024-06-11 12:28:09,719 [WARN] PackLoader:240 - Cannot read IP mode file for STMicroelectronics.X-CUBE-AZRTOS-L5.2.0.0
2024-06-11 12:28:09,772 [WARN] PackLoader:240 - Cannot read IP mode file for STMicroelectronics.X-CUBE-MEMS1.9.6.0
2024-06-11 12:28:09,970 [WARN] PackLoader:240 - Cannot read IP mode file for STMicroelectronics.X-CUBE-EEPRMA1.4.2.0
2024-06-11 12:28:09,991 [WARN] PackLoader:240 - Cannot read IP mode file for STMicroelectronics.X-CUBE-NFC6.3.1.0
2024-06-11 12:28:10,007 [WARN] PackLoader:240 - Cannot read IP mode file for ITTIA_DB.I-CUBE-ITTIADB.8.8.0
2024-06-11 12:28:10,027 [WARN] PackLoader:240 - Cannot read IP mode file for emotas.I-CUBE-CANOPEN.1.1.3
2024-06-11 12:28:10,044 [WARN] PackLoader:240 - Cannot read IP mode file for STMicroelectronics.X-CUBE-BLEMGR.2.0.0
2024-06-11 12:28:10,059 [WARN] PackLoader:240 - Cannot read IP mode file for STMicroelectronics.X-CUBE-AI.9.0.0
2024-06-11 12:28:10,088 [WARN] ConditionMgr:438 - getConditionDescription Invalid condition id : UX DEVICE CLASS RTOS Condition cause : null
2024-06-11 12:28:10,089 [WARN] ConditionMgr:438 - getConditionDescription Invalid condition id : UX DEVICE CLASS RTOS Condition cause : null
2024-06-11 12:28:10,092 [WARN] PackLoader:240 - Cannot read IP mode file for STMicroelectronics.X-CUBE-AZRTOS-H7.3.1.0
2024-06-11 12:28:10,093 [WARN] ConditionMgr:1039 - genDependencies : Invalid condition id : UX DEVICE CLASS RTOS Condition cause : null
2024-06-11 12:28:10,094 [WARN] ConditionMgr:1039 - genDependencies : Invalid condition id : UX DEVICE CLASS RTOS Condition cause : null
2024-06-11 12:28:10,094 [WARN] ConditionMgr:1039 - genDependencies : Invalid condition id : UX DEVICE CLASS RTOS Condition cause : null
2024-06-11 12:28:10,094 [WARN] ConditionMgr:1039 - genDependencies : Invalid condition id : UX DEVICE CLASS RTOS Condition cause : null
2024-06-11 12:28:10,095 [WARN] ConditionMgr:1039 - genDependencies : Invalid condition id : UX DEVICE CLASS RTOS Condition cause : null
2024-06-11 12:28:10,110 [WARN] PackLoader:240 - Cannot read IP mode file for STMicroelectronics.X-CUBE-NFC7.1.0.1
2024-06-11 12:28:10,126 [WARN] PackLoader:240 - Cannot read IP mode file for STMicroelectronics.X-CUBE-NFC7.1.0.0
2024-06-11 12:28:10,143 [WARN] PackLoader:240 - Cannot read IP mode file for STMicroelectronics.X-CUBE-NFC6.3.0.0
2024-06-11 12:28:10,160 [WARN] PackLoader:240 - Cannot read IP mode file for STMicroelectronics.X-CUBE-EEPRMA1.4.1.0
2024-06-11 12:28:10,176 [WARN] PackLoader:240 - Cannot read IP mode file for STMicroelectronics.X-CUBE-AI.8.1.0
2024-06-11 12:28:10,217 [WARN] ConditionMgr:438 - getConditionDescription Invalid condition id : LAN8742 Phy interface Condition cause : null
2024-06-11 12:28:10,218 [WARN] PackLoader:240 - Cannot read IP mode file for STMicroelectronics.X-CUBE-AZRTOS-L4.2.0.0
2024-06-11 12:28:10,219 [WARN] ConditionMgr:1039 - genDependencies : Invalid condition id : LAN8742 Phy interface Condition cause : null
2024-06-11 12:28:10,219 [WARN] ConditionMgr:1039 - genDependencies : Invalid condition id : LAN8742 Phy interface Condition cause : null
2024-06-11 12:28:10,220 [WARN] ConditionMgr:1039 - genDependencies : Invalid condition id : LAN8742 Phy interface Condition cause : null
2024-06-11 12:28:10,238 [WARN] PackLoader:240 - Cannot read IP mode file for STMicroelectronics.X-CUBE-SFXS2LP1.4.0.0
2024-06-11 12:28:10,254 [WARN] PackLoader:240 - Cannot read IP mode file for STMicroelectronics.X-CUBE-ISPU.1.1.0
2024-06-11 12:28:10,269 [WARN] PackLoader:240 - Cannot read IP mode file for STMicroelectronics.X-CUBE-AI.8.0.0
2024-06-11 12:28:10,296 [WARN] ConditionMgr:438 - getConditionDescription Invalid condition id : UX DEVICE CLASS RTOS Condition cause : null
2024-06-11 12:28:10,296 [WARN] ConditionMgr:438 - getConditionDescription Invalid condition id : UX DEVICE CLASS RTOS Condition cause : null
2024-06-11 12:28:10,299 [WARN] PackLoader:240 - Cannot read IP mode file for STMicroelectronics.X-CUBE-AZRTOS-WB.2.0.0
2024-06-11 12:28:10,300 [WARN] ConditionMgr:1039 - genDependencies : Invalid condition id : UX DEVICE CLASS RTOS Condition cause : null
2024-06-11 12:28:10,300 [WARN] ConditionMgr:1039 - genDependencies : Invalid condition id : UX DEVICE CLASS RTOS Condition cause : null
2024-06-11 12:28:10,300 [WARN] ConditionMgr:1039 - genDependencies : Invalid condition id : UX DEVICE CLASS RTOS Condition cause : null
2024-06-11 12:28:10,301 [WARN] ConditionMgr:1039 - genDependencies : Invalid condition id : UX DEVICE CLASS RTOS Condition cause : null
2024-06-11 12:28:10,301 [WARN] ConditionMgr:1039 - genDependencies : Invalid condition id : UX DEVICE CLASS RTOS Condition cause : null
2024-06-11 12:28:10,315 [WARN] PackLoader:240 - Cannot read IP mode file for STMicroelectronics.X-CUBE-FREERTOS.1.0.1
2024-06-11 12:28:10,343 [WARN] PackLoader:240 - Cannot read IP mode file for STMicroelectronics.X-CUBE-AZRTOS-L5.1.1.0
2024-06-11 12:28:10,357 [WARN] PackLoader:240 - Cannot read IP mode file for STMicroelectronics.X-CUBE-AI.8.0.1
2024-06-11 12:28:10,379 [WARN] PackLoader:240 - Cannot read IP mode file for STMicroelectronics.X-CUBE-SUBG2.5.0.0
2024-06-11 12:28:10,398 [WARN] PackLoader:240 - Cannot read IP mode file for Cesanta.I-CUBE-Mongoose.7.13.0
2024-06-11 12:28:10,422 [WARN] PackLoader:240 - Cannot read IP mode file for STMicroelectronics.X-CUBE-TOF1.3.3.1
2024-06-11 12:28:10,469 [WARN] PackLoader:240 - Cannot read IP mode file for STMicroelectronics.X-CUBE-AZRTOS-G4.2.0.0
2024-06-11 12:28:10,494 [WARN] PackLoader:240 - Cannot read IP mode file for STMicroelectronics.X-CUBE-TOF1.3.3.0
2024-06-11 12:28:10,542 [WARN] PackLoader:240 - Cannot read IP mode file for Infineon.AIROC-Wi-Fi-Bluetooth-STM32.1.5.1
2024-06-11 12:28:10,559 [WARN] PackLoader:240 - Cannot read IP mode file for STMicroelectronics.FP-SNS-MOTENVWB1.1.3.0
2024-06-11 12:28:10,576 [WARN] PackLoader:240 - Cannot read IP mode file for STMicroelectronics.FP-SNS-MOTENVWB1.1.3.1
2024-06-11 12:28:10,602 [WARN] PackLoader:240 - Cannot read IP mode file for STMicroelectronics.X-CUBE-AZRTOS-G4.1.0.0
2024-06-11 12:28:10,632 [WARN] PackLoader:240 - Cannot read IP mode file for STMicroelectronics.X-CUBE-AZRTOS-L4.1.0.0
2024-06-11 12:28:10,645 [WARN] PackLoader:240 - Cannot read IP mode file for STMicroelectronics.X-CUBE-ISPU.2.0.0
2024-06-11 12:28:10,658 [WARN] PackLoader:240 - Cannot read IP mode file for STMicroelectronics.X-CUBE-ALS.1.0.2
2024-06-11 12:28:10,709 [WARN] PackLoader:240 - Cannot read IP mode file for STMicroelectronics.X-CUBE-MEMS1.10.0.0
2024-06-11 12:28:10,866 [WARN] PackLoader:240 - Cannot read IP mode file for STMicroelectronics.X-CUBE-FREERTOS.1.1.0
2024-06-11 12:28:10,917 [WARN] PackLoader:240 - Cannot read IP mode file for STMicroelectronics.X-CUBE-AZRTOS-WL.1.0.0
2024-06-11 12:28:10,934 [WARN] PackLoader:240 - Cannot read IP mode file for portGmbH.I-Cube-SoM-uGOAL.1.1.0
2024-06-11 12:28:10,947 [WARN] PackLoader:240 - Cannot read IP mode file for STMicroelectronics.X-CUBE-ALS.1.0.1
2024-06-11 12:28:10,977 [WARN] PackLoader:240 - Cannot read IP mode file for STMicroelectronics.X-CUBE-AZRTOS-WB.1.1.0
2024-06-11 12:28:11,018 [WARN] PackLoader:240 - Cannot read IP mode file for STMicroelectronics.X-CUBE-AZRTOS-H7RS.1.0.0
2024-06-11 12:28:11,033 [WARN] PackLoader:240 - Cannot read IP mode file for STMicroelectronics.FP-ATR-ASTRA1.2.0.0
2024-06-11 12:28:11,058 [WARN] PackLoader:240 - Cannot read IP mode file for STMicroelectronics.X-CUBE-TOF1.3.4.0
2024-06-11 12:28:11,091 [WARN] PackLoader:240 - Cannot read IP mode file for STMicroelectronics.X-CUBE-TOF1.3.4.1
2024-06-11 12:28:11,142 [WARN] PackLoader:240 - Cannot read IP mode file for STMicroelectronics.X-CUBE-AZRTOS-H7.3.2.0
2024-06-11 12:28:11,147 [INFO] ThirdParty:978 - Integrity check success = true
2024-06-11 12:28:11,147 [INFO] IntegrityCheckThread:100 - exiting critical section [integrity check]
2024-06-11 12:28:11,147 [INFO] IntegrityCheckThread:103 - End integrity checks thread
2024-06-11 12:28:13,771 [INFO] WebApp:161 - Instantiating new browser for Auth
2024-06-11 12:28:14,581 [INFO] WebApp:779 - Register for checkConnection events
2024-06-11 12:28:14,581 [INFO] WebApp:414 - Apply proxy settings
2024-06-11 12:28:14,581 [INFO] WebApp:499 - Chromium requires no authentication
2024-06-11 12:28:14,591 [INFO] WebApp:442 - Direct internet connection detected
2024-06-11 12:28:14,777 [INFO] WebApp:192 - Starting web application
2024-06-11 12:28:14,778 [INFO] WebApp:544 - Web application path used C:\ST\STM32CubeIDE_1.10.1\STM32CubeIDE\plugins\com.st.stm32cube.common.mx_6.11.0.202403141607\db\plugins\mcufinder\reactClient1\index.html
2024-06-11 18:51:30,443 [ERROR] LogOutputStream:75 - [STDERR_REDIRECT] 
2024-06-11 19:32:58,429 [INFO] Activator:176 - 


2024-06-11 19:32:58,431 [INFO] Activator:177 - !SESSION log4j initialized
2024-06-11 19:33:08,080 [INFO] LogOutputStream:77 - [STDOUT_REDIRECT] 
2024-06-11 19:33:12,738 [INFO] ApplicationProperties:184 - Using Application install path: C:\ST\STM32CubeIDE_1.10.1\STM32CubeIDE\plugins\com.st.stm32cube.common.mx_6.11.0.202403141607
2024-06-11 19:33:12,766 [INFO] DbMcusXml:78 - Set database path to: C:\ST\STM32CubeIDE_1.10.1\STM32CubeIDE\plugins\com.st.stm32cube.common.mx_6.11.0.202403141607\\db\/mcu/
2024-06-11 19:33:12,766 [INFO] ApiDb:274 - Set plugin database path to: C:\ST\STM32CubeIDE_1.10.1\STM32CubeIDE\plugins\com.st.stm32cube.common.mx_6.11.0.202403141607\\db\/plugins/boardmanager/
2024-06-11 19:33:12,766 [WARN] ApiDb:259 - Overriding images path with different value:  => C:\ST\STM32CubeIDE_1.10.1\STM32CubeIDE\plugins\com.st.stm32cube.common.mx_6.11.0.202403141607\\db\/plugins/mcufinder/images/
2024-06-11 19:33:12,775 [INFO] ApiDb:250 - Set database path to: C:\Users\CEPL\.stmcufinder\plugins\mcufinder//mcu/
2024-06-11 19:33:12,776 [INFO] DbMcusAds:125 - Set database path to: C:\Users\CEPL\.stmcufinder\plugins\mcufinder//mcu/
2024-06-11 19:33:12,779 [INFO] CrossReferenceDbSqlite:203 - Set database path to: C:\Users\CEPL\.stmcufinder\plugins\mcufinder//mcu/cs/
2024-06-11 19:33:12,991 [INFO] RulesReader:64 - Compatibility file has been processed (297 Rules)
2024-06-11 19:33:13,141 [INFO] DbMcusXml:78 - Set database path to: C:\ST\STM32CubeIDE_1.10.1\STM32CubeIDE\plugins\com.st.stm32cube.common.mx_6.11.0.202403141607\\db\/mcu/
2024-06-11 19:33:13,142 [INFO] ApiDb:274 - Set plugin database path to: C:\ST\STM32CubeIDE_1.10.1\STM32CubeIDE\plugins\com.st.stm32cube.common.mx_6.11.0.202403141607\\db\/plugins/boardmanager/
2024-06-11 19:33:13,142 [INFO] ApiDb:261 - Set plugin images path to: C:\ST\STM32CubeIDE_1.10.1\STM32CubeIDE\plugins\com.st.stm32cube.common.mx_6.11.0.202403141607\\db\/plugins/mcufinder/images/
2024-06-11 19:33:13,142 [WARN] DbFile:41 - Overriding database path with different value: C:\Users\CEPL\.stmcufinder\plugins\mcufinder/ => C:\Users\CEPL\.stmcufinder\plugins\mcufinder
2024-06-11 19:33:13,143 [INFO] ApiDb:250 - Set database path to: C:\Users\CEPL\.stmcufinder\plugins\mcufinder//mcu/
2024-06-11 19:33:13,143 [WARN] DbFile:41 - Overriding database path with different value: C:\Users\CEPL\.stmcufinder\plugins\mcufinder/ => C:\Users\CEPL\.stmcufinder\plugins\mcufinder
2024-06-11 19:33:13,143 [INFO] DbMcusAds:125 - Set database path to: C:\Users\CEPL\.stmcufinder\plugins\mcufinder//mcu/
2024-06-11 19:33:13,143 [WARN] DbFile:41 - Overriding database path with different value: C:\Users\CEPL\.stmcufinder\plugins\mcufinder/ => C:\Users\CEPL\.stmcufinder\plugins\mcufinder
2024-06-11 19:33:13,144 [WARN] DbFile:41 - Overriding database path with different value: C:\Users\CEPL\.stmcufinder\plugins\mcufinder/ => C:\Users\CEPL\.stmcufinder\plugins\mcufinder
2024-06-11 19:33:13,144 [INFO] CrossReferenceDbSqlite:203 - Set database path to: C:\Users\CEPL\.stmcufinder\plugins\mcufinder//mcu/cs/
2024-06-11 19:33:13,278 [INFO] MainPanel:264 - HeapMemory: 268435456
2024-06-11 19:33:13,407 [INFO] DbMcusXml:78 - Set database path to: C:\ST\STM32CubeIDE_1.10.1\STM32CubeIDE\plugins\com.st.stm32cube.common.mx_6.11.0.202403141607\\db\/mcu/
2024-06-11 19:33:13,408 [INFO] ApiDb:274 - Set plugin database path to: C:\ST\STM32CubeIDE_1.10.1\STM32CubeIDE\plugins\com.st.stm32cube.common.mx_6.11.0.202403141607\\db\/plugins/boardmanager/
2024-06-11 19:33:13,408 [INFO] ApiDb:261 - Set plugin images path to: C:\ST\STM32CubeIDE_1.10.1\STM32CubeIDE\plugins\com.st.stm32cube.common.mx_6.11.0.202403141607\\db\/plugins/mcufinder/images/
2024-06-11 19:33:13,408 [WARN] DbFile:41 - Overriding database path with different value: C:\Users\CEPL\.stmcufinder\plugins\mcufinder/ => C:\Users\CEPL\.stmcufinder\plugins\mcufinder
2024-06-11 19:33:13,408 [INFO] ApiDb:250 - Set database path to: C:\Users\CEPL\.stmcufinder\plugins\mcufinder//mcu/
2024-06-11 19:33:13,408 [WARN] DbFile:41 - Overriding database path with different value: C:\Users\CEPL\.stmcufinder\plugins\mcufinder/ => C:\Users\CEPL\.stmcufinder\plugins\mcufinder
2024-06-11 19:33:13,408 [INFO] DbMcusAds:125 - Set database path to: C:\Users\CEPL\.stmcufinder\plugins\mcufinder//mcu/
2024-06-11 19:33:13,408 [WARN] DbFile:41 - Overriding database path with different value: C:\Users\CEPL\.stmcufinder\plugins\mcufinder/ => C:\Users\CEPL\.stmcufinder\plugins\mcufinder
2024-06-11 19:33:13,409 [WARN] DbFile:41 - Overriding database path with different value: C:\Users\CEPL\.stmcufinder\plugins\mcufinder/ => C:\Users\CEPL\.stmcufinder\plugins\mcufinder
2024-06-11 19:33:13,409 [INFO] CrossReferenceDbSqlite:203 - Set database path to: C:\Users\CEPL\.stmcufinder\plugins\mcufinder//mcu/cs/
2024-06-11 19:33:13,430 [INFO] ApplicationProperties:184 - Using Application install path: C:\ST\STM32CubeIDE_1.10.1\STM32CubeIDE\plugins\com.st.stm32cube.common.mx_6.11.0.202403141607
2024-06-11 19:33:13,432 [INFO] PluginManage:196 - Search for loadable plugins [exclusion list=, ]
2024-06-11 19:33:13,434 [INFO] PluginManage:310 - Check plugin analytics
2024-06-11 19:33:13,723 [INFO] AnalyticsPlugin:253 - Accepted Software Licenses: 
2024-06-11 19:33:13,724 [INFO] AnalyticsPlugin:255 - Accepted CMSIS Pack Licenses: 
2024-06-11 19:33:13,724 [INFO] AnalyticsPlugin:257 - Accepted Firmware Licenses: FW.F4.1.27.0
2024-06-11 19:33:13,728 [INFO] PluginManage:359 - Loaded plugin analytics (category:tool,tabindex:-1)
2024-06-11 19:33:13,729 [INFO] PluginManage:310 - Check plugin cadmodel
2024-06-11 19:33:13,760 [INFO] CADModel:105 - Init CAD model plugin
2024-06-11 19:33:13,760 [INFO] PluginManage:359 - Loaded plugin cadmodel (category:power,tabindex:5)
2024-06-11 19:33:13,760 [INFO] PluginManage:310 - Check plugin clock
2024-06-11 19:33:13,796 [INFO] PluginManage:359 - Loaded plugin clock (category:base,tabindex:2)
2024-06-11 19:33:13,796 [INFO] PluginManage:310 - Check plugin ddr
2024-06-11 19:33:13,800 [INFO] PluginManage:359 - Loaded plugin ddr (category:tool,tabindex:6)
2024-06-11 19:33:13,800 [INFO] PluginManage:310 - Check plugin filemanager
2024-06-11 19:33:14,055 [INFO] PluginManage:359 - Loaded plugin filemanager (category:base,tabindex:10)
2024-06-11 19:33:14,055 [INFO] PluginManage:310 - Check plugin ipmanager
2024-06-11 19:33:14,064 [INFO] PluginManage:359 - Loaded plugin ipmanager (category:base,tabindex:5)
2024-06-11 19:33:14,065 [INFO] PluginManage:310 - Check plugin lpbam
2024-06-11 19:33:14,092 [INFO] PluginManage:359 - Loaded plugin lpbam (category:base,tabindex:0)
2024-06-11 19:33:14,092 [INFO] PluginManage:310 - Check plugin memorymap
2024-06-11 19:33:14,115 [INFO] PluginManage:359 - Loaded plugin memorymap (category:base,tabindex:4)
2024-06-11 19:33:14,116 [INFO] PluginManage:310 - Check plugin pinoutandconfiguration
2024-06-11 19:33:14,135 [INFO] PluginManage:359 - Loaded plugin pinoutandconfiguration (category:base,tabindex:1)
2024-06-11 19:33:14,135 [INFO] PluginManage:310 - Check plugin pinoutconfig
2024-06-11 19:33:14,244 [WARN] SupportedApi:132 - Cannot load RTOS API schema: s4s-elt-must-match.1: The content of 'definitions' must match (annotation?, (simpleType | complexType)?, (unique | key | keyref)*)). A problem was found starting at: attribute.
2024-06-11 19:33:14,418 [INFO] PluginManage:359 - Loaded plugin pinoutconfig (category:base,tabindex:0)
2024-06-11 19:33:14,418 [INFO] PluginManage:310 - Check plugin power
2024-06-11 19:33:14,454 [INFO] PluginManage:359 - Loaded plugin power (category:power,tabindex:4)
2024-06-11 19:33:14,454 [INFO] PluginManage:310 - Check plugin projectmanager
2024-06-11 19:33:14,482 [INFO] PluginManage:359 - Loaded plugin projectmanager (category:projectmanager,tabindex:3)
2024-06-11 19:33:14,482 [INFO] PluginManage:310 - Check plugin thirdparty
2024-06-11 19:33:14,849 [INFO] PluginManage:359 - Loaded plugin thirdparty (category:base,tabindex:-1)
2024-06-11 19:33:14,849 [INFO] PluginManage:310 - Check plugin tools
2024-06-11 19:33:14,849 [WARN] IntegrityCheckThread:84 - waiting for thirdparty lock release [integrity check]
2024-06-11 19:33:14,849 [INFO] IntegrityCheckThread:86 - entering critical section [integrity check]
2024-06-11 19:33:14,850 [INFO] ThirdPartyUpdaterWithRetryManager:70 - Updater plugin not ready yet. [1/15]
2024-06-11 19:33:14,897 [INFO] PluginManage:359 - Loaded plugin tools (category:base,tabindex:7)
2024-06-11 19:33:14,898 [INFO] PluginManage:310 - Check plugin tutovideos
2024-06-11 19:33:15,110 [INFO] PluginManage:359 - Loaded plugin tutovideos (category:base,tabindex:-1)
2024-06-11 19:33:15,110 [INFO] PluginManage:310 - Check plugin updater
2024-06-11 19:33:15,126 [INFO] PluginManage:359 - Loaded plugin updater (category:base,tabindex:12)
2024-06-11 19:33:15,126 [INFO] PluginManage:310 - Check plugin userauth
2024-06-11 19:33:15,135 [INFO] UserAuth:114 - Init User Auth plugin
2024-06-11 19:33:15,135 [INFO] PluginManage:359 - Loaded plugin userauth (category:base,tabindex:14)
2024-06-11 19:33:15,136 [INFO] PluginManage:283 - PluginManage : Loaded plugins [17]
2024-06-11 19:33:15,436 [INFO] PinOutPanel:1561 - setPackage(No Configuration,No Configuration)
2024-06-11 19:33:15,532 [INFO] CADModel:165 - CPN selected for project level
2024-06-11 19:33:15,532 [INFO] CADModel:114 - Register for checkConnection events
2024-06-11 19:33:15,560 [INFO] IPUIPlugin:80 - create IPUIPlugin
2024-06-11 19:33:15,561 [INFO] PluginManager:220 - loadIPPluginJar : add adc
2024-06-11 19:33:15,604 [INFO] IPUIPlugin:80 - create IPUIPlugin
2024-06-11 19:33:15,605 [INFO] PluginManager:220 - loadIPPluginJar : add aes
2024-06-11 19:33:15,652 [INFO] IPUIPlugin:80 - create IPUIPlugin
2024-06-11 19:33:15,652 [INFO] PluginManager:220 - loadIPPluginJar : add can
2024-06-11 19:33:15,678 [INFO] IPUIPlugin:80 - create IPUIPlugin
2024-06-11 19:33:15,678 [INFO] PluginManager:220 - loadIPPluginJar : add comp
2024-06-11 19:33:15,718 [INFO] IPUIPlugin:80 - create IPUIPlugin
2024-06-11 19:33:15,718 [INFO] PluginManager:220 - loadIPPluginJar : add cryp
2024-06-11 19:33:15,755 [INFO] IPUIPlugin:80 - create IPUIPlugin
2024-06-11 19:33:15,755 [INFO] PluginManager:220 - loadIPPluginJar : add dfsdm
2024-06-11 19:33:15,771 [INFO] IPUIPlugin:80 - create IPUIPlugin
2024-06-11 19:33:15,771 [INFO] PluginManager:220 - loadIPPluginJar : add dma
2024-06-11 19:33:15,824 [INFO] IPUIPlugin:80 - create IPUIPlugin
2024-06-11 19:33:15,824 [INFO] PluginManager:220 - loadIPPluginJar : add dma3
2024-06-11 19:33:15,878 [INFO] IPUIPlugin:80 - create IPUIPlugin
2024-06-11 19:33:15,878 [INFO] PluginManager:220 - loadIPPluginJar : add extmemmanager
2024-06-11 19:33:15,910 [INFO] IPUIPlugin:80 - create IPUIPlugin
2024-06-11 19:33:15,910 [INFO] PluginManager:220 - loadIPPluginJar : add fatfs
2024-06-11 19:33:15,979 [INFO] IPUIPlugin:80 - create IPUIPlugin
2024-06-11 19:33:15,979 [INFO] PluginManager:220 - loadIPPluginJar : add fmc
2024-06-11 19:33:16,000 [INFO] IPUIPlugin:80 - create IPUIPlugin
2024-06-11 19:33:16,000 [INFO] PluginManager:220 - loadIPPluginJar : add freertos
2024-06-11 19:33:16,028 [INFO] IPUIPlugin:80 - create IPUIPlugin
2024-06-11 19:33:16,028 [INFO] PluginManager:220 - loadIPPluginJar : add genericplugin
2024-06-11 19:33:16,145 [INFO] IPUIPlugin:80 - create IPUIPlugin
2024-06-11 19:33:16,146 [INFO] PluginManager:220 - loadIPPluginJar : add gfxmmu
2024-06-11 19:33:16,334 [INFO] IPUIPlugin:80 - create IPUIPlugin
2024-06-11 19:33:16,335 [INFO] PluginManager:220 - loadIPPluginJar : add gic
2024-06-11 19:33:16,352 [INFO] IPUIPlugin:80 - create IPUIPlugin
2024-06-11 19:33:16,352 [INFO] PluginManager:220 - loadIPPluginJar : add gpio
2024-06-11 19:33:16,479 [INFO] IPUIPlugin:80 - create IPUIPlugin
2024-06-11 19:33:16,480 [INFO] PluginManager:220 - loadIPPluginJar : add gtzc
2024-06-11 19:33:16,527 [INFO] IPUIPlugin:80 - create IPUIPlugin
2024-06-11 19:33:16,527 [INFO] PluginManager:220 - loadIPPluginJar : add hash
2024-06-11 19:33:16,604 [INFO] IPUIPlugin:80 - create IPUIPlugin
2024-06-11 19:33:16,604 [INFO] PluginManager:220 - loadIPPluginJar : add i2c
2024-06-11 19:33:16,658 [INFO] IPUIPlugin:80 - create IPUIPlugin
2024-06-11 19:33:16,658 [INFO] PluginManager:220 - loadIPPluginJar : add i2s
2024-06-11 19:33:16,713 [INFO] IPUIPlugin:80 - create IPUIPlugin
2024-06-11 19:33:16,713 [INFO] PluginManager:220 - loadIPPluginJar : add i3c
2024-06-11 19:33:16,842 [INFO] IPUIPlugin:80 - create IPUIPlugin
2024-06-11 19:33:16,842 [INFO] PluginManager:220 - loadIPPluginJar : add ipddr
2024-06-11 19:33:16,972 [INFO] IPUIPlugin:80 - create IPUIPlugin
2024-06-11 19:33:16,972 [INFO] PluginManager:220 - loadIPPluginJar : add linkedlist
2024-06-11 19:33:17,013 [INFO] IPUIPlugin:80 - create IPUIPlugin
2024-06-11 19:33:17,014 [INFO] PluginManager:220 - loadIPPluginJar : add lorawan
2024-06-11 19:33:17,058 [INFO] IPUIPlugin:80 - create IPUIPlugin
2024-06-11 19:33:17,059 [INFO] PluginManager:220 - loadIPPluginJar : add ltdc
2024-06-11 19:33:17,075 [INFO] IPUIPlugin:80 - create IPUIPlugin
2024-06-11 19:33:17,075 [INFO] PluginManager:220 - loadIPPluginJar : add mdma
2024-06-11 19:33:17,089 [INFO] IPUIPlugin:80 - create IPUIPlugin
2024-06-11 19:33:17,089 [INFO] PluginManager:220 - loadIPPluginJar : add nvic
2024-06-11 19:33:17,131 [INFO] IPUIPlugin:80 - create IPUIPlugin
2024-06-11 19:33:17,131 [INFO] PluginManager:220 - loadIPPluginJar : add opamp
2024-06-11 19:33:17,212 [INFO] IPUIPlugin:80 - create IPUIPlugin
2024-06-11 19:33:17,212 [INFO] PluginManager:220 - loadIPPluginJar : add openamp
2024-06-11 19:33:17,261 [INFO] IPUIPlugin:80 - create IPUIPlugin
2024-06-11 19:33:17,262 [INFO] PluginManager:220 - loadIPPluginJar : add pdm2pcm
2024-06-11 19:33:17,277 [INFO] IPUIPlugin:80 - create IPUIPlugin
2024-06-11 19:33:17,279 [INFO] PluginManager:220 - loadIPPluginJar : add plateformsettings
2024-06-11 19:33:17,304 [INFO] IPUIPlugin:80 - create IPUIPlugin
2024-06-11 19:33:17,304 [INFO] PluginManager:220 - loadIPPluginJar : add quadspi
2024-06-11 19:33:17,318 [INFO] IPUIPlugin:80 - create IPUIPlugin
2024-06-11 19:33:17,318 [INFO] PluginManager:220 - loadIPPluginJar : add resmgrutility
2024-06-11 19:33:17,385 [INFO] IPUIPlugin:80 - create IPUIPlugin
2024-06-11 19:33:17,385 [INFO] PluginManager:220 - loadIPPluginJar : add sai
2024-06-11 19:33:17,429 [INFO] IPUIPlugin:80 - create IPUIPlugin
2024-06-11 19:33:17,429 [INFO] PluginManager:220 - loadIPPluginJar : add spi
2024-06-11 19:33:17,515 [INFO] IPUIPlugin:80 - create IPUIPlugin
2024-06-11 19:33:17,515 [INFO] PluginManager:220 - loadIPPluginJar : add stm32_wpan
2024-06-11 19:33:17,542 [INFO] IPUIPlugin:80 - create IPUIPlugin
2024-06-11 19:33:17,542 [INFO] PluginManager:220 - loadIPPluginJar : add tim
2024-06-11 19:33:17,640 [INFO] IPUIPlugin:80 - create IPUIPlugin
2024-06-11 19:33:17,640 [INFO] PluginManager:220 - loadIPPluginJar : add touchsensing
2024-06-11 19:33:17,666 [INFO] IPUIPlugin:80 - create IPUIPlugin
2024-06-11 19:33:17,666 [INFO] PluginManager:220 - loadIPPluginJar : add tracer_emb
2024-06-11 19:33:17,694 [INFO] IPUIPlugin:80 - create IPUIPlugin
2024-06-11 19:33:17,695 [INFO] PluginManager:220 - loadIPPluginJar : add ts
2024-06-11 19:33:17,721 [INFO] IPUIPlugin:80 - create IPUIPlugin
2024-06-11 19:33:17,721 [INFO] PluginManager:220 - loadIPPluginJar : add tsc
2024-06-11 19:33:17,749 [INFO] IPUIPlugin:80 - create IPUIPlugin
2024-06-11 19:33:17,749 [INFO] PluginManager:220 - loadIPPluginJar : add ucpd
2024-06-11 19:33:17,809 [INFO] IPUIPlugin:80 - create IPUIPlugin
2024-06-11 19:33:17,809 [INFO] PluginManager:220 - loadIPPluginJar : add usart
2024-06-11 19:33:17,850 [INFO] ThirdPartyUpdaterWithRetryManager:70 - Updater plugin not ready yet. [2/15]
2024-06-11 19:33:17,866 [INFO] IPUIPlugin:80 - create IPUIPlugin
2024-06-11 19:33:17,866 [INFO] PluginManager:220 - loadIPPluginJar : add usbx
2024-06-11 19:33:18,009 [INFO] CADModel:165 - CPN selected for project level
2024-06-11 19:33:18,009 [INFO] CADModel:114 - Register for checkConnection events
2024-06-11 19:33:18,009 [FATAL] Updater:308 - Updater called before beeing initialized
2024-06-11 19:33:18,009 [ERROR] CADModel:125 - Updater not yet initialized, retry later 
2024-06-11 19:33:18,198 [INFO] CADModel:165 - CPN selected for project level
2024-06-11 19:33:18,199 [INFO] CADModel:114 - Register for checkConnection events
2024-06-11 19:33:18,199 [FATAL] Updater:308 - Updater called before beeing initialized
2024-06-11 19:33:18,199 [ERROR] CADModel:125 - Updater not yet initialized, retry later 
2024-06-11 19:33:18,203 [FATAL] Updater:308 - Updater called before beeing initialized
2024-06-11 19:33:18,372 [FATAL] Updater:308 - Updater called before beeing initialized
2024-06-11 19:33:18,391 [INFO] DbMcusAds:53 - JSON generation date=Thu May 16 14:52:00 IST 2024 (1715851320852)
2024-06-11 19:33:18,391 [FATAL] Updater:308 - Updater called before beeing initialized
2024-06-11 19:33:18,518 [WARN] DetailPanel:346 - Failed to get advertising image, set to default
2024-06-11 19:33:18,643 [FATAL] Updater:308 - Updater called before beeing initialized
2024-06-11 19:33:18,645 [FATAL] Updater:308 - Updater called before beeing initialized
2024-06-11 19:33:18,645 [FATAL] Updater:308 - Updater called before beeing initialized
2024-06-11 19:33:18,645 [WARN] DetailPanel:346 - Failed to get advertising image, set to default
2024-06-11 19:33:18,646 [FATAL] Updater:308 - Updater called before beeing initialized
2024-06-11 19:33:18,762 [ERROR] Updater:1120 - MainUpdater not yet initialized. External WinMGr cannot be set.
2024-06-11 19:33:18,785 [INFO] Updater:1056 - Updater Version found : 6.11.0
2024-06-11 19:33:18,815 [INFO] ApplicationProperties:184 - Using Application install path: C:\ST\STM32CubeIDE_1.10.1\STM32CubeIDE\plugins\com.st.stm32cube.common.mx_6.11.0.202403141607
2024-06-11 19:33:20,405 [ERROR] LogOutputStream:75 - [STDERR_REDIRECT] Jun 11, 2024 7:33:20 PM java.util.prefs.WindowsPreferences <init>
2024-06-11 19:33:20,406 [ERROR] LogOutputStream:75 - [STDERR_REDIRECT] WARNING: Could not open/create prefs root node Software\JavaSoft\Prefs at root 0xffffffff80000002. Windows RegCreateKeyEx(...) returned error code 5.
2024-06-11 19:33:20,406 [ERROR] LogOutputStream:75 - [STDERR_REDIRECT] 
2024-06-11 19:33:20,818 [INFO] MainUpdater:2873 - connection check result : 10
2024-06-11 19:33:20,819 [INFO] MainUpdater:290 - Updater Check For Update Now.
2024-06-11 19:33:20,820 [INFO] MicroXplorer:498 - Change Database Version : DB.6.0.110
2024-06-11 19:33:20,845 [INFO] McuFinderGlobals:63 - Set McuFinder mode to 2 (CubeIDE integrated)
2024-06-11 19:33:20,851 [WARN] MainUpdater:1194 - Updater busy. Cannot search thirdparties
2024-06-11 19:33:20,852 [INFO] ThirdPartyUpdaterWithRetryManager:96 - Updater plugin is busy. [1/15]
2024-06-11 19:33:20,865 [INFO] UserAuth:415 - Internet connection configuration mode: 1
2024-06-11 19:33:20,912 [INFO] JxBrowserEngine:152 - Initiate JxBrowser Engine with user profile folder
2024-06-11 19:33:21,116 [INFO] CheckServerUpdateThread:120 - End of CheckServer Thread
2024-06-11 19:33:24,153 [WARN] PackLoader:240 - Cannot read IP mode file for STMicroelectronics.FP-SNS-MOTENVWB1.1.4.0
2024-06-11 19:33:24,178 [WARN] PackLoader:240 - Cannot read IP mode file for STMicroelectronics.X-CUBE-SMBUS.2.1.0
2024-06-11 19:33:24,193 [WARN] PackLoader:240 - Cannot read IP mode file for STMicroelectronics.X-CUBE-TOUCHGFX.4.23.0
2024-06-11 19:33:24,210 [WARN] PackLoader:240 - Cannot read IP mode file for STMicroelectronics.X-CUBE-TOUCHGFX.4.23.2
2024-06-11 19:33:24,280 [WARN] PackLoader:240 - Cannot read IP mode file for STMicroelectronics.X-CUBE-AZRTOS-F7.1.1.0
2024-06-11 19:33:24,314 [WARN] PackLoader:240 - Cannot read IP mode file for STMicroelectronics.FP-SNS-MOTENV1.4.3.2
2024-06-11 19:33:24,342 [ERROR] RealEvaluatedCondition:428 - Found unsupported composite condition: GROUP='STM32_MetaDataManager' CLASS='Data Exchange'
2024-06-11 19:33:24,343 [ERROR] RealEvaluatedCondition:428 - Found unsupported composite condition: CLASS='Data Exchange' GROUP='STM32_MetaDataManager'
2024-06-11 19:33:24,345 [WARN] PackLoader:240 - Cannot read IP mode file for STMicroelectronics.FP-SNS-MOTENV1.4.3.1
2024-06-11 19:33:24,375 [WARN] PackLoader:240 - Cannot read IP mode file for STMicroelectronics.FP-SNS-FLIGHT1.5.0.1
2024-06-11 19:33:24,402 [WARN] PackLoader:240 - Cannot read IP mode file for STMicroelectronics.X-CUBE-BLE1.6.2.4
2024-06-11 19:33:24,423 [WARN] PackLoader:240 - Cannot read IP mode file for STMicroelectronics.FP-SNS-FLIGHT1.5.0.2
2024-06-11 19:33:24,449 [WARN] PackLoader:240 - Cannot read IP mode file for STMicroelectronics.X-CUBE-DISPLAY.3.0.0
2024-06-11 19:33:24,483 [WARN] PackLoader:240 - Cannot read IP mode file for STMicroelectronics.X-CUBE-BLE1.7.0.0
2024-06-11 19:33:24,503 [WARN] PackLoader:240 - Cannot read IP mode file for STMicroelectronics.X-CUBE-TOUCHGFX.4.22.0
2024-06-11 19:33:24,526 [WARN] PackLoader:240 - Cannot read IP mode file for STMicroelectronics.X-CUBE-TOUCHGFX.4.22.1
2024-06-11 19:33:24,566 [WARN] PackLoader:240 - Cannot read IP mode file for STMicroelectronics.X-CUBE-BLEMGR.3.1.0
2024-06-11 19:33:24,586 [WARN] PackLoader:240 - Cannot read IP mode file for STMicroelectronics.FP-SNS-SMARTAG2.1.2.0
2024-06-11 19:33:24,615 [INFO] LogOutputStream:77 - [STDOUT_REDIRECT] 1 : Invalid condition id : UX_CORESTACK_Condition cause : null
2024-06-11 19:33:24,616 [INFO] LogOutputStream:77 - [STDOUT_REDIRECT] 1 : Invalid condition id : UX_CORESTACK_Condition cause : null
2024-06-11 19:33:24,619 [INFO] LogOutputStream:77 - [STDOUT_REDIRECT] 1 : Invalid condition id : UX_CORESTACK_Condition cause : null
2024-06-11 19:33:24,621 [INFO] LogOutputStream:77 - [STDOUT_REDIRECT] 1 : Invalid condition id : UX_CORESTACK_Condition cause : null
2024-06-11 19:33:24,622 [INFO] LogOutputStream:77 - [STDOUT_REDIRECT] 1 : Invalid condition id : UX_CORESTACK_Condition cause : null
2024-06-11 19:33:24,625 [WARN] PackLoader:240 - Cannot read IP mode file for STMicroelectronics.X-CUBE-AZRTOS-WL.2.0.0
2024-06-11 19:33:24,641 [WARN] PackLoader:240 - Cannot read IP mode file for STMicroelectronics.FP-SNS-MOTENV1.5.0.0
2024-06-11 19:33:24,669 [WARN] PackLoader:240 - Cannot read IP mode file for WES.I-CUBE-Cesium.1.3.0
2024-06-11 19:33:24,691 [WARN] PackLoader:240 - Cannot read IP mode file for STMicroelectronics.X-CUBE-BLE2.3.3.0
2024-06-11 19:33:24,719 [WARN] PackLoader:240 - Cannot read IP mode file for STMicroelectronics.X-CUBE-TCPP.4.1.0
2024-06-11 19:33:24,744 [WARN] PackLoader:240 - Cannot read IP mode file for STMicroelectronics.X-CUBE-TOUCHGFX.4.21.3
2024-06-11 19:33:24,762 [WARN] PackLoader:240 - Cannot read IP mode file for STMicroelectronics.X-CUBE-TOUCHGFX.4.21.4
2024-06-11 19:33:24,789 [WARN] PackLoader:240 - Cannot read IP mode file for STMicroelectronics.X-CUBE-ALGOBUILD.1.3.0
2024-06-11 19:33:24,847 [WARN] PackLoader:240 - Cannot read IP mode file for STMicroelectronics.X-CUBE-AZRTOS-G0.1.1.0
2024-06-11 19:33:24,881 [WARN] PackLoader:240 - Cannot read IP mode file for STMicroelectronics.X-CUBE-SAFEA1.1.2.2
2024-06-11 19:33:24,908 [WARN] PackLoader:240 - Cannot read IP mode file for STMicroelectronics.X-CUBE-NFC4.3.0.0
2024-06-11 19:33:24,934 [WARN] PackLoader:240 - Cannot read IP mode file for wolfSSL.I-CUBE-wolfMQTT.1.18.0
2024-06-11 19:33:24,963 [WARN] PackLoader:240 - Cannot read IP mode file for STMicroelectronics.X-CUBE-BLEMGR.3.0.0
2024-06-11 19:33:24,993 [WARN] PackLoader:240 - Cannot read IP mode file for STMicroelectronics.FP-ATR-SIGFOX1.3.2.0
2024-06-11 19:33:25,023 [WARN] PackLoader:240 - Cannot read IP mode file for STMicroelectronics.X-CUBE-EEPRMA1.5.1.0
2024-06-11 19:33:25,121 [WARN] PackLoader:240 - Cannot read IP mode file for STMicroelectronics.X-CUBE-MEMS1.9.5.0
2024-06-11 19:33:25,423 [WARN] PackLoader:240 - Cannot read IP mode file for SEGGER.I-CUBE-embOS.1.3.1
2024-06-11 19:33:25,512 [WARN] PackLoader:240 - Cannot read IP mode file for STMicroelectronics.X-CUBE-ALGOBUILD.1.4.0
2024-06-11 19:33:25,536 [WARN] PackLoader:240 - Cannot read IP mode file for STMicroelectronics.X-CUBE-GNSS1.6.0.0
2024-06-11 19:33:25,749 [WARN] PackLoader:240 - Cannot read IP mode file for STMicroelectronics.X-CUBE-AZRTOS-F4.1.1.0
2024-06-11 19:33:25,852 [WARN] PackLoader:240 - Cannot read IP mode file for wolfSSL.I-CUBE-wolfSSL.5.6.0
2024-06-11 19:33:25,876 [WARN] PackLoader:240 - Cannot read IP mode file for STMicroelectronics.X-CUBE-FREERTOS.1.2.0
2024-06-11 19:33:25,928 [WARN] PackLoader:240 - Cannot read IP mode file for STMicroelectronics.X-CUBE-AZRTOS-L5.2.0.0
2024-06-11 19:33:26,014 [WARN] PackLoader:240 - Cannot read IP mode file for STMicroelectronics.X-CUBE-MEMS1.9.6.0
2024-06-11 19:33:26,250 [WARN] PackLoader:240 - Cannot read IP mode file for STMicroelectronics.X-CUBE-EEPRMA1.4.2.0
2024-06-11 19:33:26,277 [WARN] PackLoader:240 - Cannot read IP mode file for STMicroelectronics.X-CUBE-NFC6.3.1.0
2024-06-11 19:33:26,300 [WARN] PackLoader:240 - Cannot read IP mode file for ITTIA_DB.I-CUBE-ITTIADB.8.8.0
2024-06-11 19:33:26,326 [WARN] PackLoader:240 - Cannot read IP mode file for emotas.I-CUBE-CANOPEN.1.1.3
2024-06-11 19:33:26,358 [WARN] PackLoader:240 - Cannot read IP mode file for STMicroelectronics.X-CUBE-BLEMGR.2.0.0
2024-06-11 19:33:26,381 [WARN] PackLoader:240 - Cannot read IP mode file for STMicroelectronics.X-CUBE-AI.9.0.0
2024-06-11 19:33:26,428 [WARN] ConditionMgr:438 - getConditionDescription Invalid condition id : UX DEVICE CLASS RTOS Condition cause : null
2024-06-11 19:33:26,428 [WARN] ConditionMgr:438 - getConditionDescription Invalid condition id : UX DEVICE CLASS RTOS Condition cause : null
2024-06-11 19:33:26,433 [WARN] PackLoader:240 - Cannot read IP mode file for STMicroelectronics.X-CUBE-AZRTOS-H7.3.1.0
2024-06-11 19:33:26,435 [WARN] ConditionMgr:1039 - genDependencies : Invalid condition id : UX DEVICE CLASS RTOS Condition cause : null
2024-06-11 19:33:26,435 [WARN] ConditionMgr:1039 - genDependencies : Invalid condition id : UX DEVICE CLASS RTOS Condition cause : null
2024-06-11 19:33:26,436 [WARN] ConditionMgr:1039 - genDependencies : Invalid condition id : UX DEVICE CLASS RTOS Condition cause : null
2024-06-11 19:33:26,437 [WARN] ConditionMgr:1039 - genDependencies : Invalid condition id : UX DEVICE CLASS RTOS Condition cause : null
2024-06-11 19:33:26,437 [WARN] ConditionMgr:1039 - genDependencies : Invalid condition id : UX DEVICE CLASS RTOS Condition cause : null
2024-06-11 19:33:26,464 [WARN] PackLoader:240 - Cannot read IP mode file for STMicroelectronics.X-CUBE-NFC7.1.0.1
2024-06-11 19:33:26,492 [WARN] PackLoader:240 - Cannot read IP mode file for STMicroelectronics.X-CUBE-NFC7.1.0.0
2024-06-11 19:33:26,521 [WARN] PackLoader:240 - Cannot read IP mode file for STMicroelectronics.X-CUBE-NFC6.3.0.0
2024-06-11 19:33:26,544 [WARN] PackLoader:240 - Cannot read IP mode file for STMicroelectronics.X-CUBE-EEPRMA1.4.1.0
2024-06-11 19:33:26,561 [WARN] PackLoader:240 - Cannot read IP mode file for STMicroelectronics.X-CUBE-AI.8.1.0
2024-06-11 19:33:26,607 [WARN] ConditionMgr:438 - getConditionDescription Invalid condition id : LAN8742 Phy interface Condition cause : null
2024-06-11 19:33:26,607 [WARN] PackLoader:240 - Cannot read IP mode file for STMicroelectronics.X-CUBE-AZRTOS-L4.2.0.0
2024-06-11 19:33:26,609 [WARN] ConditionMgr:1039 - genDependencies : Invalid condition id : LAN8742 Phy interface Condition cause : null
2024-06-11 19:33:26,609 [WARN] ConditionMgr:1039 - genDependencies : Invalid condition id : LAN8742 Phy interface Condition cause : null
2024-06-11 19:33:26,610 [WARN] ConditionMgr:1039 - genDependencies : Invalid condition id : LAN8742 Phy interface Condition cause : null
2024-06-11 19:33:26,634 [WARN] PackLoader:240 - Cannot read IP mode file for STMicroelectronics.X-CUBE-SFXS2LP1.4.0.0
2024-06-11 19:33:26,659 [WARN] PackLoader:240 - Cannot read IP mode file for STMicroelectronics.X-CUBE-ISPU.1.1.0
2024-06-11 19:33:26,679 [WARN] PackLoader:240 - Cannot read IP mode file for STMicroelectronics.X-CUBE-AI.8.0.0
2024-06-11 19:33:26,725 [WARN] ConditionMgr:438 - getConditionDescription Invalid condition id : UX DEVICE CLASS RTOS Condition cause : null
2024-06-11 19:33:26,725 [WARN] ConditionMgr:438 - getConditionDescription Invalid condition id : UX DEVICE CLASS RTOS Condition cause : null
2024-06-11 19:33:26,728 [WARN] PackLoader:240 - Cannot read IP mode file for STMicroelectronics.X-CUBE-AZRTOS-WB.2.0.0
2024-06-11 19:33:26,729 [WARN] ConditionMgr:1039 - genDependencies : Invalid condition id : UX DEVICE CLASS RTOS Condition cause : null
2024-06-11 19:33:26,730 [WARN] ConditionMgr:1039 - genDependencies : Invalid condition id : UX DEVICE CLASS RTOS Condition cause : null
2024-06-11 19:33:26,730 [WARN] ConditionMgr:1039 - genDependencies : Invalid condition id : UX DEVICE CLASS RTOS Condition cause : null
2024-06-11 19:33:26,731 [WARN] ConditionMgr:1039 - genDependencies : Invalid condition id : UX DEVICE CLASS RTOS Condition cause : null
2024-06-11 19:33:26,731 [WARN] ConditionMgr:1039 - genDependencies : Invalid condition id : UX DEVICE CLASS RTOS Condition cause : null
2024-06-11 19:33:26,752 [WARN] PackLoader:240 - Cannot read IP mode file for STMicroelectronics.X-CUBE-FREERTOS.1.0.1
2024-06-11 19:33:26,811 [WARN] PackLoader:240 - Cannot read IP mode file for STMicroelectronics.X-CUBE-AZRTOS-L5.1.1.0
2024-06-11 19:33:26,920 [WARN] PackLoader:240 - Cannot read IP mode file for STMicroelectronics.X-CUBE-AI.8.0.1
2024-06-11 19:33:26,969 [WARN] PackLoader:240 - Cannot read IP mode file for STMicroelectronics.X-CUBE-SUBG2.5.0.0
2024-06-11 19:33:27,006 [WARN] PackLoader:240 - Cannot read IP mode file for Cesanta.I-CUBE-Mongoose.7.13.0
2024-06-11 19:33:27,053 [WARN] PackLoader:240 - Cannot read IP mode file for STMicroelectronics.X-CUBE-TOF1.3.3.1
2024-06-11 19:33:27,110 [WARN] PackLoader:240 - Cannot read IP mode file for STMicroelectronics.X-CUBE-AZRTOS-G4.2.0.0
2024-06-11 19:33:27,143 [WARN] PackLoader:240 - Cannot read IP mode file for STMicroelectronics.X-CUBE-TOF1.3.3.0
2024-06-11 19:33:27,195 [WARN] PackLoader:240 - Cannot read IP mode file for Infineon.AIROC-Wi-Fi-Bluetooth-STM32.1.5.1
2024-06-11 19:33:27,221 [WARN] PackLoader:240 - Cannot read IP mode file for STMicroelectronics.FP-SNS-MOTENVWB1.1.3.0
2024-06-11 19:33:27,244 [WARN] PackLoader:240 - Cannot read IP mode file for STMicroelectronics.FP-SNS-MOTENVWB1.1.3.1
2024-06-11 19:33:27,287 [WARN] PackLoader:240 - Cannot read IP mode file for STMicroelectronics.X-CUBE-AZRTOS-G4.1.0.0
2024-06-11 19:33:27,339 [WARN] PackLoader:240 - Cannot read IP mode file for STMicroelectronics.X-CUBE-AZRTOS-L4.1.0.0
2024-06-11 19:33:27,365 [WARN] PackLoader:240 - Cannot read IP mode file for STMicroelectronics.X-CUBE-ISPU.2.0.0
2024-06-11 19:33:27,388 [WARN] PackLoader:240 - Cannot read IP mode file for STMicroelectronics.X-CUBE-ALS.1.0.2
2024-06-11 19:33:27,486 [WARN] PackLoader:240 - Cannot read IP mode file for STMicroelectronics.X-CUBE-MEMS1.10.0.0
2024-06-11 19:33:27,689 [WARN] PackLoader:240 - Cannot read IP mode file for STMicroelectronics.X-CUBE-FREERTOS.1.1.0
2024-06-11 19:33:27,724 [WARN] PackLoader:240 - Cannot read IP mode file for STMicroelectronics.X-CUBE-AZRTOS-WL.1.0.0
2024-06-11 19:33:27,750 [WARN] PackLoader:240 - Cannot read IP mode file for portGmbH.I-Cube-SoM-uGOAL.1.1.0
2024-06-11 19:33:27,772 [WARN] PackLoader:240 - Cannot read IP mode file for STMicroelectronics.X-CUBE-ALS.1.0.1
2024-06-11 19:33:27,814 [WARN] PackLoader:240 - Cannot read IP mode file for STMicroelectronics.X-CUBE-AZRTOS-WB.1.1.0
2024-06-11 19:33:27,863 [WARN] PackLoader:240 - Cannot read IP mode file for STMicroelectronics.X-CUBE-AZRTOS-H7RS.1.0.0
2024-06-11 19:33:27,888 [WARN] PackLoader:240 - Cannot read IP mode file for STMicroelectronics.FP-ATR-ASTRA1.2.0.0
2024-06-11 19:33:28,009 [WARN] PackLoader:240 - Cannot read IP mode file for STMicroelectronics.X-CUBE-TOF1.3.4.0
2024-06-11 19:33:28,111 [WARN] PackLoader:240 - Cannot read IP mode file for STMicroelectronics.X-CUBE-TOF1.3.4.1
2024-06-11 19:33:28,226 [WARN] PackLoader:240 - Cannot read IP mode file for STMicroelectronics.X-CUBE-AZRTOS-H7.3.2.0
2024-06-11 19:33:28,237 [INFO] ThirdParty:978 - Integrity check success = true
2024-06-11 19:33:28,237 [INFO] IntegrityCheckThread:100 - exiting critical section [integrity check]
2024-06-11 19:33:28,237 [INFO] IntegrityCheckThread:103 - End integrity checks thread
2024-06-11 19:33:29,083 [INFO] WebApp:161 - Instantiating new browser for Auth
2024-06-11 19:33:29,966 [INFO] WebApp:779 - Register for checkConnection events
2024-06-11 19:33:29,966 [INFO] WebApp:414 - Apply proxy settings
2024-06-11 19:33:29,966 [INFO] WebApp:499 - Chromium requires no authentication
2024-06-11 19:33:29,975 [INFO] WebApp:442 - Direct internet connection detected
2024-06-11 19:33:30,213 [INFO] WebApp:192 - Starting web application
2024-06-11 19:33:30,213 [INFO] WebApp:544 - Web application path used C:\ST\STM32CubeIDE_1.10.1\STM32CubeIDE\plugins\com.st.stm32cube.common.mx_6.11.0.202403141607\db\plugins\mcufinder\reactClient1\index.html
2024-06-11 20:39:51,622 [ERROR] LogOutputStream:75 - [STDERR_REDIRECT] 
2024-06-11 20:53:01,222 [INFO] Activator:176 - 


2024-06-11 20:53:01,224 [INFO] Activator:177 - !SESSION log4j initialized
2024-06-11 20:53:07,983 [INFO] LogOutputStream:77 - [STDOUT_REDIRECT] 
2024-06-11 20:53:17,269 [INFO] ApplicationProperties:184 - Using Application install path: C:\ST\STM32CubeIDE_1.10.1\STM32CubeIDE\plugins\com.st.stm32cube.common.mx_6.11.0.202403141607
2024-06-11 20:53:17,290 [INFO] DbMcusXml:78 - Set database path to: C:\ST\STM32CubeIDE_1.10.1\STM32CubeIDE\plugins\com.st.stm32cube.common.mx_6.11.0.202403141607\\db\/mcu/
2024-06-11 20:53:17,290 [INFO] ApiDb:274 - Set plugin database path to: C:\ST\STM32CubeIDE_1.10.1\STM32CubeIDE\plugins\com.st.stm32cube.common.mx_6.11.0.202403141607\\db\/plugins/boardmanager/
2024-06-11 20:53:17,290 [WARN] ApiDb:259 - Overriding images path with different value:  => C:\ST\STM32CubeIDE_1.10.1\STM32CubeIDE\plugins\com.st.stm32cube.common.mx_6.11.0.202403141607\\db\/plugins/mcufinder/images/
2024-06-11 20:53:17,298 [INFO] ApiDb:250 - Set database path to: C:\Users\CEPL\.stmcufinder\plugins\mcufinder//mcu/
2024-06-11 20:53:17,299 [INFO] DbMcusAds:125 - Set database path to: C:\Users\CEPL\.stmcufinder\plugins\mcufinder//mcu/
2024-06-11 20:53:17,301 [INFO] CrossReferenceDbSqlite:203 - Set database path to: C:\Users\CEPL\.stmcufinder\plugins\mcufinder//mcu/cs/
2024-06-11 20:53:17,449 [INFO] RulesReader:64 - Compatibility file has been processed (297 Rules)
2024-06-11 20:53:17,614 [INFO] DbMcusXml:78 - Set database path to: C:\ST\STM32CubeIDE_1.10.1\STM32CubeIDE\plugins\com.st.stm32cube.common.mx_6.11.0.202403141607\\db\/mcu/
2024-06-11 20:53:17,614 [INFO] ApiDb:274 - Set plugin database path to: C:\ST\STM32CubeIDE_1.10.1\STM32CubeIDE\plugins\com.st.stm32cube.common.mx_6.11.0.202403141607\\db\/plugins/boardmanager/
2024-06-11 20:53:17,614 [INFO] ApiDb:261 - Set plugin images path to: C:\ST\STM32CubeIDE_1.10.1\STM32CubeIDE\plugins\com.st.stm32cube.common.mx_6.11.0.202403141607\\db\/plugins/mcufinder/images/
2024-06-11 20:53:17,615 [WARN] DbFile:41 - Overriding database path with different value: C:\Users\CEPL\.stmcufinder\plugins\mcufinder/ => C:\Users\CEPL\.stmcufinder\plugins\mcufinder
2024-06-11 20:53:17,615 [INFO] ApiDb:250 - Set database path to: C:\Users\CEPL\.stmcufinder\plugins\mcufinder//mcu/
2024-06-11 20:53:17,615 [WARN] DbFile:41 - Overriding database path with different value: C:\Users\CEPL\.stmcufinder\plugins\mcufinder/ => C:\Users\CEPL\.stmcufinder\plugins\mcufinder
2024-06-11 20:53:17,615 [INFO] DbMcusAds:125 - Set database path to: C:\Users\CEPL\.stmcufinder\plugins\mcufinder//mcu/
2024-06-11 20:53:17,616 [WARN] DbFile:41 - Overriding database path with different value: C:\Users\CEPL\.stmcufinder\plugins\mcufinder/ => C:\Users\CEPL\.stmcufinder\plugins\mcufinder
2024-06-11 20:53:17,616 [WARN] DbFile:41 - Overriding database path with different value: C:\Users\CEPL\.stmcufinder\plugins\mcufinder/ => C:\Users\CEPL\.stmcufinder\plugins\mcufinder
2024-06-11 20:53:17,616 [INFO] CrossReferenceDbSqlite:203 - Set database path to: C:\Users\CEPL\.stmcufinder\plugins\mcufinder//mcu/cs/
2024-06-11 20:53:17,757 [INFO] MainPanel:264 - HeapMemory: 268435456
2024-06-11 20:53:17,907 [INFO] DbMcusXml:78 - Set database path to: C:\ST\STM32CubeIDE_1.10.1\STM32CubeIDE\plugins\com.st.stm32cube.common.mx_6.11.0.202403141607\\db\/mcu/
2024-06-11 20:53:17,907 [INFO] ApiDb:274 - Set plugin database path to: C:\ST\STM32CubeIDE_1.10.1\STM32CubeIDE\plugins\com.st.stm32cube.common.mx_6.11.0.202403141607\\db\/plugins/boardmanager/
2024-06-11 20:53:17,908 [INFO] ApiDb:261 - Set plugin images path to: C:\ST\STM32CubeIDE_1.10.1\STM32CubeIDE\plugins\com.st.stm32cube.common.mx_6.11.0.202403141607\\db\/plugins/mcufinder/images/
2024-06-11 20:53:17,908 [WARN] DbFile:41 - Overriding database path with different value: C:\Users\CEPL\.stmcufinder\plugins\mcufinder/ => C:\Users\CEPL\.stmcufinder\plugins\mcufinder
2024-06-11 20:53:17,908 [INFO] ApiDb:250 - Set database path to: C:\Users\CEPL\.stmcufinder\plugins\mcufinder//mcu/
2024-06-11 20:53:17,908 [WARN] DbFile:41 - Overriding database path with different value: C:\Users\CEPL\.stmcufinder\plugins\mcufinder/ => C:\Users\CEPL\.stmcufinder\plugins\mcufinder
2024-06-11 20:53:17,909 [INFO] DbMcusAds:125 - Set database path to: C:\Users\CEPL\.stmcufinder\plugins\mcufinder//mcu/
2024-06-11 20:53:17,909 [WARN] DbFile:41 - Overriding database path with different value: C:\Users\CEPL\.stmcufinder\plugins\mcufinder/ => C:\Users\CEPL\.stmcufinder\plugins\mcufinder
2024-06-11 20:53:17,909 [WARN] DbFile:41 - Overriding database path with different value: C:\Users\CEPL\.stmcufinder\plugins\mcufinder/ => C:\Users\CEPL\.stmcufinder\plugins\mcufinder
2024-06-11 20:53:17,909 [INFO] CrossReferenceDbSqlite:203 - Set database path to: C:\Users\CEPL\.stmcufinder\plugins\mcufinder//mcu/cs/
2024-06-11 20:53:17,934 [INFO] ApplicationProperties:184 - Using Application install path: C:\ST\STM32CubeIDE_1.10.1\STM32CubeIDE\plugins\com.st.stm32cube.common.mx_6.11.0.202403141607
2024-06-11 20:53:17,936 [INFO] PluginManage:196 - Search for loadable plugins [exclusion list=, ]
2024-06-11 20:53:17,938 [INFO] PluginManage:310 - Check plugin analytics
2024-06-11 20:53:18,267 [INFO] AnalyticsPlugin:253 - Accepted Software Licenses: 
2024-06-11 20:53:18,267 [INFO] AnalyticsPlugin:255 - Accepted CMSIS Pack Licenses: 
2024-06-11 20:53:18,268 [INFO] AnalyticsPlugin:257 - Accepted Firmware Licenses: FW.F4.1.27.0
2024-06-11 20:53:18,279 [INFO] PluginManage:359 - Loaded plugin analytics (category:tool,tabindex:-1)
2024-06-11 20:53:18,280 [INFO] PluginManage:310 - Check plugin cadmodel
2024-06-11 20:53:18,290 [INFO] CADModel:105 - Init CAD model plugin
2024-06-11 20:53:18,291 [INFO] PluginManage:359 - Loaded plugin cadmodel (category:power,tabindex:5)
2024-06-11 20:53:18,291 [INFO] PluginManage:310 - Check plugin clock
2024-06-11 20:53:18,310 [INFO] PluginManage:359 - Loaded plugin clock (category:base,tabindex:2)
2024-06-11 20:53:18,310 [INFO] PluginManage:310 - Check plugin ddr
2024-06-11 20:53:18,314 [INFO] PluginManage:359 - Loaded plugin ddr (category:tool,tabindex:6)
2024-06-11 20:53:18,314 [INFO] PluginManage:310 - Check plugin filemanager
2024-06-11 20:53:18,566 [INFO] PluginManage:359 - Loaded plugin filemanager (category:base,tabindex:10)
2024-06-11 20:53:18,566 [INFO] PluginManage:310 - Check plugin ipmanager
2024-06-11 20:53:18,577 [INFO] PluginManage:359 - Loaded plugin ipmanager (category:base,tabindex:5)
2024-06-11 20:53:18,578 [INFO] PluginManage:310 - Check plugin lpbam
2024-06-11 20:53:18,590 [INFO] PluginManage:359 - Loaded plugin lpbam (category:base,tabindex:0)
2024-06-11 20:53:18,591 [INFO] PluginManage:310 - Check plugin memorymap
2024-06-11 20:53:18,613 [INFO] PluginManage:359 - Loaded plugin memorymap (category:base,tabindex:4)
2024-06-11 20:53:18,613 [INFO] PluginManage:310 - Check plugin pinoutandconfiguration
2024-06-11 20:53:18,625 [INFO] PluginManage:359 - Loaded plugin pinoutandconfiguration (category:base,tabindex:1)
2024-06-11 20:53:18,625 [INFO] PluginManage:310 - Check plugin pinoutconfig
2024-06-11 20:53:18,760 [WARN] SupportedApi:132 - Cannot load RTOS API schema: s4s-elt-must-match.1: The content of 'definitions' must match (annotation?, (simpleType | complexType)?, (unique | key | keyref)*)). A problem was found starting at: attribute.
2024-06-11 20:53:18,940 [INFO] PluginManage:359 - Loaded plugin pinoutconfig (category:base,tabindex:0)
2024-06-11 20:53:18,940 [INFO] PluginManage:310 - Check plugin power
2024-06-11 20:53:18,953 [INFO] PluginManage:359 - Loaded plugin power (category:power,tabindex:4)
2024-06-11 20:53:18,953 [INFO] PluginManage:310 - Check plugin projectmanager
2024-06-11 20:53:18,977 [INFO] PluginManage:359 - Loaded plugin projectmanager (category:projectmanager,tabindex:3)
2024-06-11 20:53:18,977 [INFO] PluginManage:310 - Check plugin thirdparty
2024-06-11 20:53:19,137 [WARN] IntegrityCheckThread:84 - waiting for thirdparty lock release [integrity check]
2024-06-11 20:53:19,137 [INFO] PluginManage:359 - Loaded plugin thirdparty (category:base,tabindex:-1)
2024-06-11 20:53:19,137 [INFO] IntegrityCheckThread:86 - entering critical section [integrity check]
2024-06-11 20:53:19,137 [INFO] PluginManage:310 - Check plugin tools
2024-06-11 20:53:19,137 [INFO] ThirdPartyUpdaterWithRetryManager:70 - Updater plugin not ready yet. [1/15]
2024-06-11 20:53:19,140 [INFO] PluginManage:359 - Loaded plugin tools (category:base,tabindex:7)
2024-06-11 20:53:19,140 [INFO] PluginManage:310 - Check plugin tutovideos
2024-06-11 20:53:19,313 [INFO] PluginManage:359 - Loaded plugin tutovideos (category:base,tabindex:-1)
2024-06-11 20:53:19,313 [INFO] PluginManage:310 - Check plugin updater
2024-06-11 20:53:19,325 [INFO] PluginManage:359 - Loaded plugin updater (category:base,tabindex:12)
2024-06-11 20:53:19,325 [INFO] PluginManage:310 - Check plugin userauth
2024-06-11 20:53:19,331 [INFO] UserAuth:114 - Init User Auth plugin
2024-06-11 20:53:19,331 [INFO] PluginManage:359 - Loaded plugin userauth (category:base,tabindex:14)
2024-06-11 20:53:19,331 [INFO] PluginManage:283 - PluginManage : Loaded plugins [17]
2024-06-11 20:53:19,644 [INFO] PinOutPanel:1561 - setPackage(No Configuration,No Configuration)
2024-06-11 20:53:19,728 [INFO] CADModel:165 - CPN selected for project level
2024-06-11 20:53:19,729 [INFO] CADModel:114 - Register for checkConnection events
2024-06-11 20:53:19,747 [INFO] IPUIPlugin:80 - create IPUIPlugin
2024-06-11 20:53:19,747 [INFO] PluginManager:220 - loadIPPluginJar : add adc
2024-06-11 20:53:19,750 [INFO] IPUIPlugin:80 - create IPUIPlugin
2024-06-11 20:53:19,750 [INFO] PluginManager:220 - loadIPPluginJar : add aes
2024-06-11 20:53:19,753 [INFO] IPUIPlugin:80 - create IPUIPlugin
2024-06-11 20:53:19,753 [INFO] PluginManager:220 - loadIPPluginJar : add can
2024-06-11 20:53:19,755 [INFO] IPUIPlugin:80 - create IPUIPlugin
2024-06-11 20:53:19,755 [INFO] PluginManager:220 - loadIPPluginJar : add comp
2024-06-11 20:53:19,758 [INFO] IPUIPlugin:80 - create IPUIPlugin
2024-06-11 20:53:19,758 [INFO] PluginManager:220 - loadIPPluginJar : add cryp
2024-06-11 20:53:19,760 [INFO] IPUIPlugin:80 - create IPUIPlugin
2024-06-11 20:53:19,760 [INFO] PluginManager:220 - loadIPPluginJar : add dfsdm
2024-06-11 20:53:19,765 [INFO] IPUIPlugin:80 - create IPUIPlugin
2024-06-11 20:53:19,766 [INFO] PluginManager:220 - loadIPPluginJar : add dma
2024-06-11 20:53:19,769 [INFO] IPUIPlugin:80 - create IPUIPlugin
2024-06-11 20:53:19,769 [INFO] PluginManager:220 - loadIPPluginJar : add dma3
2024-06-11 20:53:19,772 [INFO] IPUIPlugin:80 - create IPUIPlugin
2024-06-11 20:53:19,772 [INFO] PluginManager:220 - loadIPPluginJar : add extmemmanager
2024-06-11 20:53:19,774 [INFO] IPUIPlugin:80 - create IPUIPlugin
2024-06-11 20:53:19,774 [INFO] PluginManager:220 - loadIPPluginJar : add fatfs
2024-06-11 20:53:19,777 [INFO] IPUIPlugin:80 - create IPUIPlugin
2024-06-11 20:53:19,778 [INFO] PluginManager:220 - loadIPPluginJar : add fmc
2024-06-11 20:53:19,783 [INFO] IPUIPlugin:80 - create IPUIPlugin
2024-06-11 20:53:19,783 [INFO] PluginManager:220 - loadIPPluginJar : add freertos
2024-06-11 20:53:19,785 [INFO] IPUIPlugin:80 - create IPUIPlugin
2024-06-11 20:53:19,785 [INFO] PluginManager:220 - loadIPPluginJar : add genericplugin
2024-06-11 20:53:19,788 [INFO] IPUIPlugin:80 - create IPUIPlugin
2024-06-11 20:53:19,788 [INFO] PluginManager:220 - loadIPPluginJar : add gfxmmu
2024-06-11 20:53:19,793 [INFO] IPUIPlugin:80 - create IPUIPlugin
2024-06-11 20:53:19,793 [INFO] PluginManager:220 - loadIPPluginJar : add gic
2024-06-11 20:53:19,797 [INFO] IPUIPlugin:80 - create IPUIPlugin
2024-06-11 20:53:19,797 [INFO] PluginManager:220 - loadIPPluginJar : add gpio
2024-06-11 20:53:19,801 [INFO] IPUIPlugin:80 - create IPUIPlugin
2024-06-11 20:53:19,801 [INFO] PluginManager:220 - loadIPPluginJar : add gtzc
2024-06-11 20:53:19,804 [INFO] IPUIPlugin:80 - create IPUIPlugin
2024-06-11 20:53:19,804 [INFO] PluginManager:220 - loadIPPluginJar : add hash
2024-06-11 20:53:19,808 [INFO] IPUIPlugin:80 - create IPUIPlugin
2024-06-11 20:53:19,808 [INFO] PluginManager:220 - loadIPPluginJar : add i2c
2024-06-11 20:53:19,811 [INFO] IPUIPlugin:80 - create IPUIPlugin
2024-06-11 20:53:19,811 [INFO] PluginManager:220 - loadIPPluginJar : add i2s
2024-06-11 20:53:19,814 [INFO] IPUIPlugin:80 - create IPUIPlugin
2024-06-11 20:53:19,814 [INFO] PluginManager:220 - loadIPPluginJar : add i3c
2024-06-11 20:53:19,819 [INFO] IPUIPlugin:80 - create IPUIPlugin
2024-06-11 20:53:19,819 [INFO] PluginManager:220 - loadIPPluginJar : add ipddr
2024-06-11 20:53:19,826 [INFO] IPUIPlugin:80 - create IPUIPlugin
2024-06-11 20:53:19,827 [INFO] PluginManager:220 - loadIPPluginJar : add linkedlist
2024-06-11 20:53:19,830 [INFO] IPUIPlugin:80 - create IPUIPlugin
2024-06-11 20:53:19,830 [INFO] PluginManager:220 - loadIPPluginJar : add lorawan
2024-06-11 20:53:19,831 [INFO] IPUIPlugin:80 - create IPUIPlugin
2024-06-11 20:53:19,832 [INFO] PluginManager:220 - loadIPPluginJar : add ltdc
2024-06-11 20:53:19,840 [INFO] IPUIPlugin:80 - create IPUIPlugin
2024-06-11 20:53:19,840 [INFO] PluginManager:220 - loadIPPluginJar : add mdma
2024-06-11 20:53:19,844 [INFO] IPUIPlugin:80 - create IPUIPlugin
2024-06-11 20:53:19,844 [INFO] PluginManager:220 - loadIPPluginJar : add nvic
2024-06-11 20:53:19,847 [INFO] IPUIPlugin:80 - create IPUIPlugin
2024-06-11 20:53:19,847 [INFO] PluginManager:220 - loadIPPluginJar : add opamp
2024-06-11 20:53:19,850 [INFO] IPUIPlugin:80 - create IPUIPlugin
2024-06-11 20:53:19,851 [INFO] PluginManager:220 - loadIPPluginJar : add openamp
2024-06-11 20:53:19,854 [INFO] IPUIPlugin:80 - create IPUIPlugin
2024-06-11 20:53:19,854 [INFO] PluginManager:220 - loadIPPluginJar : add pdm2pcm
2024-06-11 20:53:19,860 [INFO] IPUIPlugin:80 - create IPUIPlugin
2024-06-11 20:53:19,861 [INFO] PluginManager:220 - loadIPPluginJar : add plateformsettings
2024-06-11 20:53:19,863 [INFO] IPUIPlugin:80 - create IPUIPlugin
2024-06-11 20:53:19,863 [INFO] PluginManager:220 - loadIPPluginJar : add quadspi
2024-06-11 20:53:19,867 [INFO] IPUIPlugin:80 - create IPUIPlugin
2024-06-11 20:53:19,867 [INFO] PluginManager:220 - loadIPPluginJar : add resmgrutility
2024-06-11 20:53:19,869 [INFO] IPUIPlugin:80 - create IPUIPlugin
2024-06-11 20:53:19,869 [INFO] PluginManager:220 - loadIPPluginJar : add sai
2024-06-11 20:53:19,871 [INFO] IPUIPlugin:80 - create IPUIPlugin
2024-06-11 20:53:19,871 [INFO] PluginManager:220 - loadIPPluginJar : add spi
2024-06-11 20:53:19,876 [INFO] IPUIPlugin:80 - create IPUIPlugin
2024-06-11 20:53:19,876 [INFO] PluginManager:220 - loadIPPluginJar : add stm32_wpan
2024-06-11 20:53:19,878 [INFO] IPUIPlugin:80 - create IPUIPlugin
2024-06-11 20:53:19,878 [INFO] PluginManager:220 - loadIPPluginJar : add tim
2024-06-11 20:53:19,882 [INFO] IPUIPlugin:80 - create IPUIPlugin
2024-06-11 20:53:19,882 [INFO] PluginManager:220 - loadIPPluginJar : add touchsensing
2024-06-11 20:53:19,884 [INFO] IPUIPlugin:80 - create IPUIPlugin
2024-06-11 20:53:19,884 [INFO] PluginManager:220 - loadIPPluginJar : add tracer_emb
2024-06-11 20:53:19,886 [INFO] IPUIPlugin:80 - create IPUIPlugin
2024-06-11 20:53:19,886 [INFO] PluginManager:220 - loadIPPluginJar : add ts
2024-06-11 20:53:19,888 [INFO] IPUIPlugin:80 - create IPUIPlugin
2024-06-11 20:53:19,888 [INFO] PluginManager:220 - loadIPPluginJar : add tsc
2024-06-11 20:53:19,890 [INFO] IPUIPlugin:80 - create IPUIPlugin
2024-06-11 20:53:19,891 [INFO] PluginManager:220 - loadIPPluginJar : add ucpd
2024-06-11 20:53:19,894 [INFO] IPUIPlugin:80 - create IPUIPlugin
2024-06-11 20:53:19,894 [INFO] PluginManager:220 - loadIPPluginJar : add usart
2024-06-11 20:53:19,897 [INFO] IPUIPlugin:80 - create IPUIPlugin
2024-06-11 20:53:19,897 [INFO] PluginManager:220 - loadIPPluginJar : add usbx
2024-06-11 20:53:20,029 [INFO] CADModel:165 - CPN selected for project level
2024-06-11 20:53:20,029 [INFO] CADModel:114 - Register for checkConnection events
2024-06-11 20:53:20,029 [FATAL] Updater:308 - Updater called before beeing initialized
2024-06-11 20:53:20,029 [ERROR] CADModel:125 - Updater not yet initialized, retry later 
2024-06-11 20:53:20,192 [INFO] CADModel:165 - CPN selected for project level
2024-06-11 20:53:20,192 [INFO] CADModel:114 - Register for checkConnection events
2024-06-11 20:53:20,192 [FATAL] Updater:308 - Updater called before beeing initialized
2024-06-11 20:53:20,192 [ERROR] CADModel:125 - Updater not yet initialized, retry later 
2024-06-11 20:53:20,195 [FATAL] Updater:308 - Updater called before beeing initialized
2024-06-11 20:53:20,328 [FATAL] Updater:308 - Updater called before beeing initialized
2024-06-11 20:53:20,333 [INFO] DbMcusAds:53 - JSON generation date=Thu May 16 14:52:00 IST 2024 (1715851320852)
2024-06-11 20:53:20,333 [FATAL] Updater:308 - Updater called before beeing initialized
2024-06-11 20:53:20,399 [WARN] DetailPanel:346 - Failed to get advertising image, set to default
2024-06-11 20:53:20,554 [FATAL] Updater:308 - Updater called before beeing initialized
2024-06-11 20:53:20,555 [FATAL] Updater:308 - Updater called before beeing initialized
2024-06-11 20:53:20,556 [FATAL] Updater:308 - Updater called before beeing initialized
2024-06-11 20:53:20,556 [WARN] DetailPanel:346 - Failed to get advertising image, set to default
2024-06-11 20:53:20,556 [FATAL] Updater:308 - Updater called before beeing initialized
2024-06-11 20:53:20,610 [ERROR] Updater:1120 - MainUpdater not yet initialized. External WinMGr cannot be set.
2024-06-11 20:53:20,612 [INFO] Updater:1056 - Updater Version found : 6.11.0
2024-06-11 20:53:20,635 [INFO] ApplicationProperties:184 - Using Application install path: C:\ST\STM32CubeIDE_1.10.1\STM32CubeIDE\plugins\com.st.stm32cube.common.mx_6.11.0.202403141607
2024-06-11 20:53:22,138 [INFO] ThirdPartyUpdaterWithRetryManager:70 - Updater plugin not ready yet. [2/15]
2024-06-11 20:53:22,212 [ERROR] LogOutputStream:75 - [STDERR_REDIRECT] Jun 11, 2024 8:53:22 PM java.util.prefs.WindowsPreferences <init>
2024-06-11 20:53:22,213 [ERROR] LogOutputStream:75 - [STDERR_REDIRECT] WARNING: Could not open/create prefs root node Software\JavaSoft\Prefs at root 0xffffffff80000002. Windows RegCreateKeyEx(...) returned error code 5.
2024-06-11 20:53:22,213 [ERROR] LogOutputStream:75 - [STDERR_REDIRECT] 
2024-06-11 20:53:22,798 [INFO] MainUpdater:2873 - connection check result : 10
2024-06-11 20:53:22,799 [INFO] MainUpdater:290 - Updater Check For Update Now.
2024-06-11 20:53:22,799 [INFO] MicroXplorer:498 - Change Database Version : DB.6.0.110
2024-06-11 20:53:22,808 [INFO] McuFinderGlobals:63 - Set McuFinder mode to 2 (CubeIDE integrated)
2024-06-11 20:53:22,816 [INFO] UserAuth:415 - Internet connection configuration mode: 1
2024-06-11 20:53:22,843 [INFO] JxBrowserEngine:152 - Initiate JxBrowser Engine with user profile folder
2024-06-11 20:53:23,000 [INFO] CheckServerUpdateThread:120 - End of CheckServer Thread
2024-06-11 20:53:23,875 [INFO] WebApp:161 - Instantiating new browser for Auth
2024-06-11 20:53:24,648 [INFO] WebApp:779 - Register for checkConnection events
2024-06-11 20:53:24,649 [INFO] WebApp:414 - Apply proxy settings
2024-06-11 20:53:24,649 [INFO] WebApp:499 - Chromium requires no authentication
2024-06-11 20:53:24,657 [INFO] WebApp:442 - Direct internet connection detected
2024-06-11 20:53:24,847 [INFO] WebApp:192 - Starting web application
2024-06-11 20:53:24,847 [INFO] WebApp:544 - Web application path used C:\ST\STM32CubeIDE_1.10.1\STM32CubeIDE\plugins\com.st.stm32cube.common.mx_6.11.0.202403141607\db\plugins\mcufinder\reactClient1\index.html
2024-06-11 20:53:25,375 [WARN] PackLoader:240 - Cannot read IP mode file for STMicroelectronics.FP-SNS-MOTENVWB1.1.4.0
2024-06-11 20:53:25,389 [WARN] PackLoader:240 - Cannot read IP mode file for STMicroelectronics.X-CUBE-SMBUS.2.1.0
2024-06-11 20:53:25,396 [WARN] PackLoader:240 - Cannot read IP mode file for STMicroelectronics.X-CUBE-TOUCHGFX.4.23.0
2024-06-11 20:53:25,402 [WARN] PackLoader:240 - Cannot read IP mode file for STMicroelectronics.X-CUBE-TOUCHGFX.4.23.2
2024-06-11 20:53:25,451 [WARN] PackLoader:240 - Cannot read IP mode file for STMicroelectronics.X-CUBE-AZRTOS-F7.1.1.0
2024-06-11 20:53:25,468 [WARN] PackLoader:240 - Cannot read IP mode file for STMicroelectronics.FP-SNS-MOTENV1.4.3.2
2024-06-11 20:53:25,478 [ERROR] RealEvaluatedCondition:428 - Found unsupported composite condition: GROUP='STM32_MetaDataManager' CLASS='Data Exchange'
2024-06-11 20:53:25,478 [ERROR] RealEvaluatedCondition:428 - Found unsupported composite condition: CLASS='Data Exchange' GROUP='STM32_MetaDataManager'
2024-06-11 20:53:25,480 [WARN] PackLoader:240 - Cannot read IP mode file for STMicroelectronics.FP-SNS-MOTENV1.4.3.1
2024-06-11 20:53:25,490 [WARN] PackLoader:240 - Cannot read IP mode file for STMicroelectronics.FP-SNS-FLIGHT1.5.0.1
2024-06-11 20:53:25,502 [WARN] PackLoader:240 - Cannot read IP mode file for STMicroelectronics.X-CUBE-BLE1.6.2.4
2024-06-11 20:53:25,510 [WARN] PackLoader:240 - Cannot read IP mode file for STMicroelectronics.FP-SNS-FLIGHT1.5.0.2
2024-06-11 20:53:25,524 [WARN] PackLoader:240 - Cannot read IP mode file for STMicroelectronics.X-CUBE-DISPLAY.3.0.0
2024-06-11 20:53:25,541 [WARN] PackLoader:240 - Cannot read IP mode file for STMicroelectronics.X-CUBE-BLE1.7.0.0
2024-06-11 20:53:25,546 [WARN] PackLoader:240 - Cannot read IP mode file for STMicroelectronics.X-CUBE-TOUCHGFX.4.22.0
2024-06-11 20:53:25,551 [WARN] PackLoader:240 - Cannot read IP mode file for STMicroelectronics.X-CUBE-TOUCHGFX.4.22.1
2024-06-11 20:53:25,565 [WARN] PackLoader:240 - Cannot read IP mode file for STMicroelectronics.X-CUBE-BLEMGR.3.1.0
2024-06-11 20:53:25,576 [WARN] PackLoader:240 - Cannot read IP mode file for STMicroelectronics.FP-SNS-SMARTAG2.1.2.0
2024-06-11 20:53:25,591 [INFO] LogOutputStream:77 - [STDOUT_REDIRECT] 1 : Invalid condition id : UX_CORESTACK_Condition cause : null
2024-06-11 20:53:25,592 [INFO] LogOutputStream:77 - [STDOUT_REDIRECT] 1 : Invalid condition id : UX_CORESTACK_Condition cause : null
2024-06-11 20:53:25,594 [INFO] LogOutputStream:77 - [STDOUT_REDIRECT] 1 : Invalid condition id : UX_CORESTACK_Condition cause : null
2024-06-11 20:53:25,597 [INFO] LogOutputStream:77 - [STDOUT_REDIRECT] 1 : Invalid condition id : UX_CORESTACK_Condition cause : null
2024-06-11 20:53:25,599 [INFO] LogOutputStream:77 - [STDOUT_REDIRECT] 1 : Invalid condition id : UX_CORESTACK_Condition cause : null
2024-06-11 20:53:25,606 [WARN] PackLoader:240 - Cannot read IP mode file for STMicroelectronics.X-CUBE-AZRTOS-WL.2.0.0
2024-06-11 20:53:25,615 [WARN] PackLoader:240 - Cannot read IP mode file for STMicroelectronics.FP-SNS-MOTENV1.5.0.0
2024-06-11 20:53:25,634 [WARN] PackLoader:240 - Cannot read IP mode file for WES.I-CUBE-Cesium.1.3.0
2024-06-11 20:53:25,656 [WARN] PackLoader:240 - Cannot read IP mode file for STMicroelectronics.X-CUBE-BLE2.3.3.0
2024-06-11 20:53:25,669 [WARN] PackLoader:240 - Cannot read IP mode file for STMicroelectronics.X-CUBE-TCPP.4.1.0
2024-06-11 20:53:25,679 [WARN] PackLoader:240 - Cannot read IP mode file for STMicroelectronics.X-CUBE-TOUCHGFX.4.21.3
2024-06-11 20:53:25,683 [WARN] PackLoader:240 - Cannot read IP mode file for STMicroelectronics.X-CUBE-TOUCHGFX.4.21.4
2024-06-11 20:53:25,695 [WARN] PackLoader:240 - Cannot read IP mode file for STMicroelectronics.X-CUBE-ALGOBUILD.1.3.0
2024-06-11 20:53:25,728 [WARN] PackLoader:240 - Cannot read IP mode file for STMicroelectronics.X-CUBE-AZRTOS-G0.1.1.0
2024-06-11 20:53:25,744 [WARN] PackLoader:240 - Cannot read IP mode file for STMicroelectronics.X-CUBE-SAFEA1.1.2.2
2024-06-11 20:53:25,757 [WARN] PackLoader:240 - Cannot read IP mode file for STMicroelectronics.X-CUBE-NFC4.3.0.0
2024-06-11 20:53:25,766 [WARN] PackLoader:240 - Cannot read IP mode file for wolfSSL.I-CUBE-wolfMQTT.1.18.0
2024-06-11 20:53:25,784 [WARN] PackLoader:240 - Cannot read IP mode file for STMicroelectronics.X-CUBE-BLEMGR.3.0.0
2024-06-11 20:53:25,795 [WARN] PackLoader:240 - Cannot read IP mode file for STMicroelectronics.FP-ATR-SIGFOX1.3.2.0
2024-06-11 20:53:25,837 [WARN] PackLoader:240 - Cannot read IP mode file for STMicroelectronics.X-CUBE-EEPRMA1.5.1.0
2024-06-11 20:53:25,927 [WARN] PackLoader:240 - Cannot read IP mode file for STMicroelectronics.X-CUBE-MEMS1.9.5.0
2024-06-11 20:53:26,219 [WARN] PackLoader:240 - Cannot read IP mode file for SEGGER.I-CUBE-embOS.1.3.1
2024-06-11 20:53:26,264 [WARN] PackLoader:240 - Cannot read IP mode file for STMicroelectronics.X-CUBE-ALGOBUILD.1.4.0
2024-06-11 20:53:26,280 [WARN] PackLoader:240 - Cannot read IP mode file for STMicroelectronics.X-CUBE-GNSS1.6.0.0
2024-06-11 20:53:26,314 [WARN] PackLoader:240 - Cannot read IP mode file for STMicroelectronics.X-CUBE-AZRTOS-F4.1.1.0
2024-06-11 20:53:26,327 [WARN] PackLoader:240 - Cannot read IP mode file for wolfSSL.I-CUBE-wolfSSL.5.6.0
2024-06-11 20:53:26,336 [WARN] PackLoader:240 - Cannot read IP mode file for STMicroelectronics.X-CUBE-FREERTOS.1.2.0
2024-06-11 20:53:26,369 [WARN] PackLoader:240 - Cannot read IP mode file for STMicroelectronics.X-CUBE-AZRTOS-L5.2.0.0
2024-06-11 20:53:26,461 [WARN] PackLoader:240 - Cannot read IP mode file for STMicroelectronics.X-CUBE-MEMS1.9.6.0
2024-06-11 20:53:26,647 [WARN] PackLoader:240 - Cannot read IP mode file for STMicroelectronics.X-CUBE-EEPRMA1.4.2.0
2024-06-11 20:53:26,658 [WARN] PackLoader:240 - Cannot read IP mode file for STMicroelectronics.X-CUBE-NFC6.3.1.0
2024-06-11 20:53:26,668 [WARN] PackLoader:240 - Cannot read IP mode file for ITTIA_DB.I-CUBE-ITTIADB.8.8.0
2024-06-11 20:53:26,678 [WARN] PackLoader:240 - Cannot read IP mode file for emotas.I-CUBE-CANOPEN.1.1.3
2024-06-11 20:53:26,688 [WARN] PackLoader:240 - Cannot read IP mode file for STMicroelectronics.X-CUBE-BLEMGR.2.0.0
2024-06-11 20:53:26,696 [WARN] PackLoader:240 - Cannot read IP mode file for STMicroelectronics.X-CUBE-AI.9.0.0
2024-06-11 20:53:26,723 [WARN] ConditionMgr:438 - getConditionDescription Invalid condition id : UX DEVICE CLASS RTOS Condition cause : null
2024-06-11 20:53:26,724 [WARN] ConditionMgr:438 - getConditionDescription Invalid condition id : UX DEVICE CLASS RTOS Condition cause : null
2024-06-11 20:53:26,728 [WARN] PackLoader:240 - Cannot read IP mode file for STMicroelectronics.X-CUBE-AZRTOS-H7.3.1.0
2024-06-11 20:53:26,730 [WARN] ConditionMgr:1039 - genDependencies : Invalid condition id : UX DEVICE CLASS RTOS Condition cause : null
2024-06-11 20:53:26,730 [WARN] ConditionMgr:1039 - genDependencies : Invalid condition id : UX DEVICE CLASS RTOS Condition cause : null
2024-06-11 20:53:26,731 [WARN] ConditionMgr:1039 - genDependencies : Invalid condition id : UX DEVICE CLASS RTOS Condition cause : null
2024-06-11 20:53:26,731 [WARN] ConditionMgr:1039 - genDependencies : Invalid condition id : UX DEVICE CLASS RTOS Condition cause : null
2024-06-11 20:53:26,732 [WARN] ConditionMgr:1039 - genDependencies : Invalid condition id : UX DEVICE CLASS RTOS Condition cause : null
2024-06-11 20:53:26,741 [WARN] PackLoader:240 - Cannot read IP mode file for STMicroelectronics.X-CUBE-NFC7.1.0.1
2024-06-11 20:53:26,747 [WARN] PackLoader:240 - Cannot read IP mode file for STMicroelectronics.X-CUBE-NFC7.1.0.0
2024-06-11 20:53:26,758 [WARN] PackLoader:240 - Cannot read IP mode file for STMicroelectronics.X-CUBE-NFC6.3.0.0
2024-06-11 20:53:26,768 [WARN] PackLoader:240 - Cannot read IP mode file for STMicroelectronics.X-CUBE-EEPRMA1.4.1.0
2024-06-11 20:53:26,775 [WARN] PackLoader:240 - Cannot read IP mode file for STMicroelectronics.X-CUBE-AI.8.1.0
2024-06-11 20:53:26,798 [WARN] ConditionMgr:438 - getConditionDescription Invalid condition id : LAN8742 Phy interface Condition cause : null
2024-06-11 20:53:26,800 [WARN] PackLoader:240 - Cannot read IP mode file for STMicroelectronics.X-CUBE-AZRTOS-L4.2.0.0
2024-06-11 20:53:26,802 [WARN] ConditionMgr:1039 - genDependencies : Invalid condition id : LAN8742 Phy interface Condition cause : null
2024-06-11 20:53:26,803 [WARN] ConditionMgr:1039 - genDependencies : Invalid condition id : LAN8742 Phy interface Condition cause : null
2024-06-11 20:53:26,803 [WARN] ConditionMgr:1039 - genDependencies : Invalid condition id : LAN8742 Phy interface Condition cause : null
2024-06-11 20:53:26,813 [WARN] PackLoader:240 - Cannot read IP mode file for STMicroelectronics.X-CUBE-SFXS2LP1.4.0.0
2024-06-11 20:53:26,824 [WARN] PackLoader:240 - Cannot read IP mode file for STMicroelectronics.X-CUBE-ISPU.1.1.0
2024-06-11 20:53:26,830 [WARN] PackLoader:240 - Cannot read IP mode file for STMicroelectronics.X-CUBE-AI.8.0.0
2024-06-11 20:53:26,848 [WARN] ConditionMgr:438 - getConditionDescription Invalid condition id : UX DEVICE CLASS RTOS Condition cause : null
2024-06-11 20:53:26,848 [WARN] ConditionMgr:438 - getConditionDescription Invalid condition id : UX DEVICE CLASS RTOS Condition cause : null
2024-06-11 20:53:26,852 [WARN] PackLoader:240 - Cannot read IP mode file for STMicroelectronics.X-CUBE-AZRTOS-WB.2.0.0
2024-06-11 20:53:26,853 [WARN] ConditionMgr:1039 - genDependencies : Invalid condition id : UX DEVICE CLASS RTOS Condition cause : null
2024-06-11 20:53:26,854 [WARN] ConditionMgr:1039 - genDependencies : Invalid condition id : UX DEVICE CLASS RTOS Condition cause : null
2024-06-11 20:53:26,854 [WARN] ConditionMgr:1039 - genDependencies : Invalid condition id : UX DEVICE CLASS RTOS Condition cause : null
2024-06-11 20:53:26,854 [WARN] ConditionMgr:1039 - genDependencies : Invalid condition id : UX DEVICE CLASS RTOS Condition cause : null
2024-06-11 20:53:26,854 [WARN] ConditionMgr:1039 - genDependencies : Invalid condition id : UX DEVICE CLASS RTOS Condition cause : null
2024-06-11 20:53:26,861 [WARN] PackLoader:240 - Cannot read IP mode file for STMicroelectronics.X-CUBE-FREERTOS.1.0.1
2024-06-11 20:53:26,880 [WARN] PackLoader:240 - Cannot read IP mode file for STMicroelectronics.X-CUBE-AZRTOS-L5.1.1.0
2024-06-11 20:53:26,888 [WARN] PackLoader:240 - Cannot read IP mode file for STMicroelectronics.X-CUBE-AI.8.0.1
2024-06-11 20:53:26,902 [WARN] PackLoader:240 - Cannot read IP mode file for STMicroelectronics.X-CUBE-SUBG2.5.0.0
2024-06-11 20:53:26,911 [WARN] PackLoader:240 - Cannot read IP mode file for Cesanta.I-CUBE-Mongoose.7.13.0
2024-06-11 20:53:26,925 [WARN] PackLoader:240 - Cannot read IP mode file for STMicroelectronics.X-CUBE-TOF1.3.3.1
2024-06-11 20:53:26,959 [WARN] PackLoader:240 - Cannot read IP mode file for STMicroelectronics.X-CUBE-AZRTOS-G4.2.0.0
2024-06-11 20:53:26,975 [WARN] PackLoader:240 - Cannot read IP mode file for STMicroelectronics.X-CUBE-TOF1.3.3.0
2024-06-11 20:53:26,999 [WARN] PackLoader:240 - Cannot read IP mode file for Infineon.AIROC-Wi-Fi-Bluetooth-STM32.1.5.1
2024-06-11 20:53:27,009 [WARN] PackLoader:240 - Cannot read IP mode file for STMicroelectronics.FP-SNS-MOTENVWB1.1.3.0
2024-06-11 20:53:27,014 [WARN] PackLoader:240 - Cannot read IP mode file for STMicroelectronics.FP-SNS-MOTENVWB1.1.3.1
2024-06-11 20:53:27,039 [WARN] PackLoader:240 - Cannot read IP mode file for STMicroelectronics.X-CUBE-AZRTOS-G4.1.0.0
2024-06-11 20:53:27,067 [WARN] PackLoader:240 - Cannot read IP mode file for STMicroelectronics.X-CUBE-AZRTOS-L4.1.0.0
2024-06-11 20:53:27,077 [WARN] PackLoader:240 - Cannot read IP mode file for STMicroelectronics.X-CUBE-ISPU.2.0.0
2024-06-11 20:53:27,084 [WARN] PackLoader:240 - Cannot read IP mode file for STMicroelectronics.X-CUBE-ALS.1.0.2
2024-06-11 20:53:27,142 [WARN] PackLoader:240 - Cannot read IP mode file for STMicroelectronics.X-CUBE-MEMS1.10.0.0
2024-06-11 20:53:27,317 [WARN] PackLoader:240 - Cannot read IP mode file for STMicroelectronics.X-CUBE-FREERTOS.1.1.0
2024-06-11 20:53:27,329 [WARN] PackLoader:240 - Cannot read IP mode file for STMicroelectronics.X-CUBE-AZRTOS-WL.1.0.0
2024-06-11 20:53:27,338 [WARN] PackLoader:240 - Cannot read IP mode file for portGmbH.I-Cube-SoM-uGOAL.1.1.0
2024-06-11 20:53:27,341 [WARN] PackLoader:240 - Cannot read IP mode file for STMicroelectronics.X-CUBE-ALS.1.0.1
2024-06-11 20:53:27,365 [WARN] PackLoader:240 - Cannot read IP mode file for STMicroelectronics.X-CUBE-AZRTOS-WB.1.1.0
2024-06-11 20:53:27,384 [WARN] PackLoader:240 - Cannot read IP mode file for STMicroelectronics.X-CUBE-AZRTOS-H7RS.1.0.0
2024-06-11 20:53:27,392 [WARN] PackLoader:240 - Cannot read IP mode file for STMicroelectronics.FP-ATR-ASTRA1.2.0.0
2024-06-11 20:53:27,403 [WARN] PackLoader:240 - Cannot read IP mode file for STMicroelectronics.X-CUBE-TOF1.3.4.0
2024-06-11 20:53:27,430 [WARN] PackLoader:240 - Cannot read IP mode file for STMicroelectronics.X-CUBE-TOF1.3.4.1
2024-06-11 20:53:27,459 [WARN] PackLoader:240 - Cannot read IP mode file for STMicroelectronics.X-CUBE-AZRTOS-H7.3.2.0
2024-06-11 20:53:27,462 [INFO] ThirdParty:978 - Integrity check success = true
2024-06-11 20:53:27,462 [INFO] IntegrityCheckThread:100 - exiting critical section [integrity check]
2024-06-11 20:53:27,462 [INFO] IntegrityCheckThread:103 - End integrity checks thread
