2024-05-08 12:58:51,660 [INFO] Activator:176 - 


2024-05-08 12:58:51,666 [INFO] Activator:177 - !SESSION log4j initialized
2024-05-08 12:59:00,745 [INFO] LogOutputStream:77 - [STDOUT_REDIRECT] 
2024-05-08 12:59:03,924 [INFO] ApplicationProperties:184 - Using Application install path: C:\ST\STM32CubeIDE_1.10.1\STM32CubeIDE\plugins\com.st.stm32cube.common.mx_6.11.0.202403141607
2024-05-08 12:59:03,956 [INFO] DbMcusXml:78 - Set database path to: C:\ST\STM32CubeIDE_1.10.1\STM32CubeIDE\plugins\com.st.stm32cube.common.mx_6.11.0.202403141607\\db\/mcu/
2024-05-08 12:59:03,957 [INFO] ApiDb:274 - Set plugin database path to: C:\ST\STM32CubeIDE_1.10.1\STM32CubeIDE\plugins\com.st.stm32cube.common.mx_6.11.0.202403141607\\db\/plugins/boardmanager/
2024-05-08 12:59:03,958 [WARN] ApiDb:259 - Overriding images path with different value:  => C:\ST\STM32CubeIDE_1.10.1\STM32CubeIDE\plugins\com.st.stm32cube.common.mx_6.11.0.202403141607\\db\/plugins/mcufinder/images/
2024-05-08 12:59:03,977 [INFO] ApiDb:250 - Set database path to: C:\Users\CEPL\.stmcufinder\plugins\mcufinder//mcu/
2024-05-08 12:59:03,980 [INFO] DbMcusAds:125 - Set database path to: C:\Users\CEPL\.stmcufinder\plugins\mcufinder//mcu/
2024-05-08 12:59:03,983 [INFO] CrossReferenceDbSqlite:203 - Set database path to: C:\Users\CEPL\.stmcufinder\plugins\mcufinder//mcu/cs/
2024-05-08 12:59:04,248 [INFO] RulesReader:64 - Compatibility file has been processed (297 Rules)
2024-05-08 12:59:04,450 [INFO] DbMcusXml:78 - Set database path to: C:\ST\STM32CubeIDE_1.10.1\STM32CubeIDE\plugins\com.st.stm32cube.common.mx_6.11.0.202403141607\\db\/mcu/
2024-05-08 12:59:04,450 [INFO] ApiDb:274 - Set plugin database path to: C:\ST\STM32CubeIDE_1.10.1\STM32CubeIDE\plugins\com.st.stm32cube.common.mx_6.11.0.202403141607\\db\/plugins/boardmanager/
2024-05-08 12:59:04,453 [INFO] ApiDb:261 - Set plugin images path to: C:\ST\STM32CubeIDE_1.10.1\STM32CubeIDE\plugins\com.st.stm32cube.common.mx_6.11.0.202403141607\\db\/plugins/mcufinder/images/
2024-05-08 12:59:04,455 [WARN] DbFile:41 - Overriding database path with different value: C:\Users\CEPL\.stmcufinder\plugins\mcufinder/ => C:\Users\CEPL\.stmcufinder\plugins\mcufinder
2024-05-08 12:59:04,456 [INFO] ApiDb:250 - Set database path to: C:\Users\CEPL\.stmcufinder\plugins\mcufinder//mcu/
2024-05-08 12:59:04,457 [WARN] DbFile:41 - Overriding database path with different value: C:\Users\CEPL\.stmcufinder\plugins\mcufinder/ => C:\Users\CEPL\.stmcufinder\plugins\mcufinder
2024-05-08 12:59:04,458 [INFO] DbMcusAds:125 - Set database path to: C:\Users\CEPL\.stmcufinder\plugins\mcufinder//mcu/
2024-05-08 12:59:04,458 [WARN] DbFile:41 - Overriding database path with different value: C:\Users\CEPL\.stmcufinder\plugins\mcufinder/ => C:\Users\CEPL\.stmcufinder\plugins\mcufinder
2024-05-08 12:59:04,459 [WARN] DbFile:41 - Overriding database path with different value: C:\Users\CEPL\.stmcufinder\plugins\mcufinder/ => C:\Users\CEPL\.stmcufinder\plugins\mcufinder
2024-05-08 12:59:04,459 [INFO] CrossReferenceDbSqlite:203 - Set database path to: C:\Users\CEPL\.stmcufinder\plugins\mcufinder//mcu/cs/
2024-05-08 12:59:04,625 [INFO] MainPanel:264 - HeapMemory: 268435456
2024-05-08 12:59:04,776 [INFO] DbMcusXml:78 - Set database path to: C:\ST\STM32CubeIDE_1.10.1\STM32CubeIDE\plugins\com.st.stm32cube.common.mx_6.11.0.202403141607\\db\/mcu/
2024-05-08 12:59:04,777 [INFO] ApiDb:274 - Set plugin database path to: C:\ST\STM32CubeIDE_1.10.1\STM32CubeIDE\plugins\com.st.stm32cube.common.mx_6.11.0.202403141607\\db\/plugins/boardmanager/
2024-05-08 12:59:04,777 [INFO] ApiDb:261 - Set plugin images path to: C:\ST\STM32CubeIDE_1.10.1\STM32CubeIDE\plugins\com.st.stm32cube.common.mx_6.11.0.202403141607\\db\/plugins/mcufinder/images/
2024-05-08 12:59:04,778 [WARN] DbFile:41 - Overriding database path with different value: C:\Users\CEPL\.stmcufinder\plugins\mcufinder/ => C:\Users\CEPL\.stmcufinder\plugins\mcufinder
2024-05-08 12:59:04,778 [INFO] ApiDb:250 - Set database path to: C:\Users\CEPL\.stmcufinder\plugins\mcufinder//mcu/
2024-05-08 12:59:04,778 [WARN] DbFile:41 - Overriding database path with different value: C:\Users\CEPL\.stmcufinder\plugins\mcufinder/ => C:\Users\CEPL\.stmcufinder\plugins\mcufinder
2024-05-08 12:59:04,778 [INFO] DbMcusAds:125 - Set database path to: C:\Users\CEPL\.stmcufinder\plugins\mcufinder//mcu/
2024-05-08 12:59:04,778 [WARN] DbFile:41 - Overriding database path with different value: C:\Users\CEPL\.stmcufinder\plugins\mcufinder/ => C:\Users\CEPL\.stmcufinder\plugins\mcufinder
2024-05-08 12:59:04,779 [WARN] DbFile:41 - Overriding database path with different value: C:\Users\CEPL\.stmcufinder\plugins\mcufinder/ => C:\Users\CEPL\.stmcufinder\plugins\mcufinder
2024-05-08 12:59:04,779 [INFO] CrossReferenceDbSqlite:203 - Set database path to: C:\Users\CEPL\.stmcufinder\plugins\mcufinder//mcu/cs/
2024-05-08 12:59:04,812 [INFO] ApplicationProperties:184 - Using Application install path: C:\ST\STM32CubeIDE_1.10.1\STM32CubeIDE\plugins\com.st.stm32cube.common.mx_6.11.0.202403141607
2024-05-08 12:59:04,815 [INFO] PluginManage:196 - Search for loadable plugins [exclusion list=, ]
2024-05-08 12:59:04,818 [INFO] PluginManage:310 - Check plugin analytics
2024-05-08 12:59:05,178 [INFO] AnalyticsPlugin:253 - Accepted Software Licenses: 
2024-05-08 12:59:05,178 [INFO] AnalyticsPlugin:255 - Accepted CMSIS Pack Licenses: 
2024-05-08 12:59:05,179 [INFO] AnalyticsPlugin:257 - Accepted Firmware Licenses: FW.F4.1.27.0
2024-05-08 12:59:05,183 [INFO] PluginManage:359 - Loaded plugin analytics (category:tool,tabindex:-1)
2024-05-08 12:59:05,184 [INFO] PluginManage:310 - Check plugin cadmodel
2024-05-08 12:59:05,209 [INFO] CADModel:105 - Init CAD model plugin
2024-05-08 12:59:05,210 [INFO] PluginManage:359 - Loaded plugin cadmodel (category:power,tabindex:5)
2024-05-08 12:59:05,210 [INFO] PluginManage:310 - Check plugin clock
2024-05-08 12:59:05,246 [INFO] PluginManage:359 - Loaded plugin clock (category:base,tabindex:2)
2024-05-08 12:59:05,246 [INFO] PluginManage:310 - Check plugin ddr
2024-05-08 12:59:05,251 [INFO] PluginManage:359 - Loaded plugin ddr (category:tool,tabindex:6)
2024-05-08 12:59:05,252 [INFO] PluginManage:310 - Check plugin filemanager
2024-05-08 12:59:05,476 [INFO] PluginManage:359 - Loaded plugin filemanager (category:base,tabindex:10)
2024-05-08 12:59:05,476 [INFO] PluginManage:310 - Check plugin ipmanager
2024-05-08 12:59:05,492 [INFO] PluginManage:359 - Loaded plugin ipmanager (category:base,tabindex:5)
2024-05-08 12:59:05,492 [INFO] PluginManage:310 - Check plugin lpbam
2024-05-08 12:59:05,538 [INFO] PluginManage:359 - Loaded plugin lpbam (category:base,tabindex:0)
2024-05-08 12:59:05,538 [INFO] PluginManage:310 - Check plugin memorymap
2024-05-08 12:59:05,600 [INFO] PluginManage:359 - Loaded plugin memorymap (category:base,tabindex:4)
2024-05-08 12:59:05,601 [INFO] PluginManage:310 - Check plugin pinoutandconfiguration
2024-05-08 12:59:05,629 [INFO] PluginManage:359 - Loaded plugin pinoutandconfiguration (category:base,tabindex:1)
2024-05-08 12:59:05,629 [INFO] PluginManage:310 - Check plugin pinoutconfig
2024-05-08 12:59:05,789 [WARN] SupportedApi:132 - Cannot load RTOS API schema: s4s-elt-must-match.1: The content of 'definitions' must match (annotation?, (simpleType | complexType)?, (unique | key | keyref)*)). A problem was found starting at: attribute.
2024-05-08 12:59:06,076 [INFO] PluginManage:359 - Loaded plugin pinoutconfig (category:base,tabindex:0)
2024-05-08 12:59:06,076 [INFO] PluginManage:310 - Check plugin power
2024-05-08 12:59:06,114 [INFO] PluginManage:359 - Loaded plugin power (category:power,tabindex:4)
2024-05-08 12:59:06,114 [INFO] PluginManage:310 - Check plugin projectmanager
2024-05-08 12:59:06,146 [INFO] PluginManage:359 - Loaded plugin projectmanager (category:projectmanager,tabindex:3)
2024-05-08 12:59:06,147 [INFO] PluginManage:310 - Check plugin thirdparty
2024-05-08 12:59:06,715 [INFO] PluginManage:359 - Loaded plugin thirdparty (category:base,tabindex:-1)
2024-05-08 12:59:06,715 [WARN] IntegrityCheckThread:84 - waiting for thirdparty lock release [integrity check]
2024-05-08 12:59:06,716 [INFO] IntegrityCheckThread:86 - entering critical section [integrity check]
2024-05-08 12:59:06,716 [INFO] PluginManage:310 - Check plugin tools
2024-05-08 12:59:06,720 [INFO] ThirdPartyUpdaterWithRetryManager:70 - Updater plugin not ready yet. [1/15]
2024-05-08 12:59:06,794 [INFO] PluginManage:359 - Loaded plugin tools (category:base,tabindex:7)
2024-05-08 12:59:06,794 [INFO] PluginManage:310 - Check plugin tutovideos
2024-05-08 12:59:07,166 [INFO] PluginManage:359 - Loaded plugin tutovideos (category:base,tabindex:-1)
2024-05-08 12:59:07,166 [INFO] PluginManage:310 - Check plugin updater
2024-05-08 12:59:07,184 [INFO] PluginManage:359 - Loaded plugin updater (category:base,tabindex:12)
2024-05-08 12:59:07,184 [INFO] PluginManage:310 - Check plugin userauth
2024-05-08 12:59:07,193 [INFO] UserAuth:114 - Init User Auth plugin
2024-05-08 12:59:07,193 [INFO] PluginManage:359 - Loaded plugin userauth (category:base,tabindex:14)
2024-05-08 12:59:07,194 [INFO] PluginManage:283 - PluginManage : Loaded plugins [17]
2024-05-08 12:59:07,593 [INFO] PinOutPanel:1561 - setPackage(No Configuration,No Configuration)
2024-05-08 12:59:07,688 [INFO] CADModel:165 - CPN selected for project level
2024-05-08 12:59:07,688 [INFO] CADModel:114 - Register for checkConnection events
2024-05-08 12:59:07,734 [INFO] IPUIPlugin:80 - create IPUIPlugin
2024-05-08 12:59:07,734 [INFO] PluginManager:220 - loadIPPluginJar : add adc
2024-05-08 12:59:07,781 [INFO] IPUIPlugin:80 - create IPUIPlugin
2024-05-08 12:59:07,781 [INFO] PluginManager:220 - loadIPPluginJar : add aes
2024-05-08 12:59:07,828 [INFO] IPUIPlugin:80 - create IPUIPlugin
2024-05-08 12:59:07,828 [INFO] PluginManager:220 - loadIPPluginJar : add can
2024-05-08 12:59:07,859 [INFO] IPUIPlugin:80 - create IPUIPlugin
2024-05-08 12:59:07,859 [INFO] PluginManager:220 - loadIPPluginJar : add comp
2024-05-08 12:59:07,891 [INFO] IPUIPlugin:80 - create IPUIPlugin
2024-05-08 12:59:07,891 [INFO] PluginManager:220 - loadIPPluginJar : add cryp
2024-05-08 12:59:07,937 [INFO] IPUIPlugin:80 - create IPUIPlugin
2024-05-08 12:59:07,937 [INFO] PluginManager:220 - loadIPPluginJar : add dfsdm
2024-05-08 12:59:07,953 [INFO] IPUIPlugin:80 - create IPUIPlugin
2024-05-08 12:59:07,953 [INFO] PluginManager:220 - loadIPPluginJar : add dma
2024-05-08 12:59:07,984 [INFO] IPUIPlugin:80 - create IPUIPlugin
2024-05-08 12:59:07,984 [INFO] PluginManager:220 - loadIPPluginJar : add dma3
2024-05-08 12:59:08,047 [INFO] IPUIPlugin:80 - create IPUIPlugin
2024-05-08 12:59:08,047 [INFO] PluginManager:220 - loadIPPluginJar : add extmemmanager
2024-05-08 12:59:08,078 [INFO] IPUIPlugin:80 - create IPUIPlugin
2024-05-08 12:59:08,078 [INFO] PluginManager:220 - loadIPPluginJar : add fatfs
2024-05-08 12:59:08,141 [INFO] IPUIPlugin:80 - create IPUIPlugin
2024-05-08 12:59:08,141 [INFO] PluginManager:220 - loadIPPluginJar : add fmc
2024-05-08 12:59:08,172 [INFO] IPUIPlugin:80 - create IPUIPlugin
2024-05-08 12:59:08,172 [INFO] PluginManager:220 - loadIPPluginJar : add freertos
2024-05-08 12:59:08,203 [INFO] IPUIPlugin:80 - create IPUIPlugin
2024-05-08 12:59:08,203 [INFO] PluginManager:220 - loadIPPluginJar : add genericplugin
2024-05-08 12:59:08,326 [INFO] IPUIPlugin:80 - create IPUIPlugin
2024-05-08 12:59:08,326 [INFO] PluginManager:220 - loadIPPluginJar : add gfxmmu
2024-05-08 12:59:08,476 [INFO] IPUIPlugin:80 - create IPUIPlugin
2024-05-08 12:59:08,476 [INFO] PluginManager:220 - loadIPPluginJar : add gic
2024-05-08 12:59:08,492 [INFO] IPUIPlugin:80 - create IPUIPlugin
2024-05-08 12:59:08,492 [INFO] PluginManager:220 - loadIPPluginJar : add gpio
2024-05-08 12:59:08,586 [INFO] IPUIPlugin:80 - create IPUIPlugin
2024-05-08 12:59:08,586 [INFO] PluginManager:220 - loadIPPluginJar : add gtzc
2024-05-08 12:59:08,617 [INFO] IPUIPlugin:80 - create IPUIPlugin
2024-05-08 12:59:08,617 [INFO] PluginManager:220 - loadIPPluginJar : add hash
2024-05-08 12:59:08,680 [INFO] IPUIPlugin:80 - create IPUIPlugin
2024-05-08 12:59:08,680 [INFO] PluginManager:220 - loadIPPluginJar : add i2c
2024-05-08 12:59:08,726 [INFO] IPUIPlugin:80 - create IPUIPlugin
2024-05-08 12:59:08,726 [INFO] PluginManager:220 - loadIPPluginJar : add i2s
2024-05-08 12:59:08,773 [INFO] IPUIPlugin:80 - create IPUIPlugin
2024-05-08 12:59:08,773 [INFO] PluginManager:220 - loadIPPluginJar : add i3c
2024-05-08 12:59:08,883 [INFO] IPUIPlugin:80 - create IPUIPlugin
2024-05-08 12:59:08,883 [INFO] PluginManager:220 - loadIPPluginJar : add ipddr
2024-05-08 12:59:08,976 [INFO] IPUIPlugin:80 - create IPUIPlugin
2024-05-08 12:59:08,976 [INFO] PluginManager:220 - loadIPPluginJar : add linkedlist
2024-05-08 12:59:09,008 [INFO] IPUIPlugin:80 - create IPUIPlugin
2024-05-08 12:59:09,008 [INFO] PluginManager:220 - loadIPPluginJar : add lorawan
2024-05-08 12:59:09,039 [INFO] IPUIPlugin:80 - create IPUIPlugin
2024-05-08 12:59:09,039 [INFO] PluginManager:220 - loadIPPluginJar : add ltdc
2024-05-08 12:59:09,054 [INFO] IPUIPlugin:80 - create IPUIPlugin
2024-05-08 12:59:09,054 [INFO] PluginManager:220 - loadIPPluginJar : add mdma
2024-05-08 12:59:09,070 [INFO] IPUIPlugin:80 - create IPUIPlugin
2024-05-08 12:59:09,070 [INFO] PluginManager:220 - loadIPPluginJar : add nvic
2024-05-08 12:59:09,117 [INFO] IPUIPlugin:80 - create IPUIPlugin
2024-05-08 12:59:09,117 [INFO] PluginManager:220 - loadIPPluginJar : add opamp
2024-05-08 12:59:09,179 [INFO] IPUIPlugin:80 - create IPUIPlugin
2024-05-08 12:59:09,179 [INFO] PluginManager:220 - loadIPPluginJar : add openamp
2024-05-08 12:59:09,226 [INFO] IPUIPlugin:80 - create IPUIPlugin
2024-05-08 12:59:09,226 [INFO] PluginManager:220 - loadIPPluginJar : add pdm2pcm
2024-05-08 12:59:09,242 [INFO] IPUIPlugin:80 - create IPUIPlugin
2024-05-08 12:59:09,242 [INFO] PluginManager:220 - loadIPPluginJar : add plateformsettings
2024-05-08 12:59:09,273 [INFO] IPUIPlugin:80 - create IPUIPlugin
2024-05-08 12:59:09,273 [INFO] PluginManager:220 - loadIPPluginJar : add quadspi
2024-05-08 12:59:09,273 [INFO] IPUIPlugin:80 - create IPUIPlugin
2024-05-08 12:59:09,273 [INFO] PluginManager:220 - loadIPPluginJar : add resmgrutility
2024-05-08 12:59:09,336 [INFO] IPUIPlugin:80 - create IPUIPlugin
2024-05-08 12:59:09,336 [INFO] PluginManager:220 - loadIPPluginJar : add sai
2024-05-08 12:59:09,367 [INFO] IPUIPlugin:80 - create IPUIPlugin
2024-05-08 12:59:09,367 [INFO] PluginManager:220 - loadIPPluginJar : add spi
2024-05-08 12:59:09,445 [INFO] IPUIPlugin:80 - create IPUIPlugin
2024-05-08 12:59:09,445 [INFO] PluginManager:220 - loadIPPluginJar : add stm32_wpan
2024-05-08 12:59:09,461 [INFO] IPUIPlugin:80 - create IPUIPlugin
2024-05-08 12:59:09,461 [INFO] PluginManager:220 - loadIPPluginJar : add tim
2024-05-08 12:59:09,539 [INFO] IPUIPlugin:80 - create IPUIPlugin
2024-05-08 12:59:09,539 [INFO] PluginManager:220 - loadIPPluginJar : add touchsensing
2024-05-08 12:59:09,554 [INFO] IPUIPlugin:80 - create IPUIPlugin
2024-05-08 12:59:09,554 [INFO] PluginManager:220 - loadIPPluginJar : add tracer_emb
2024-05-08 12:59:09,586 [INFO] IPUIPlugin:80 - create IPUIPlugin
2024-05-08 12:59:09,586 [INFO] PluginManager:220 - loadIPPluginJar : add ts
2024-05-08 12:59:09,601 [INFO] IPUIPlugin:80 - create IPUIPlugin
2024-05-08 12:59:09,601 [INFO] PluginManager:220 - loadIPPluginJar : add tsc
2024-05-08 12:59:09,617 [INFO] IPUIPlugin:80 - create IPUIPlugin
2024-05-08 12:59:09,617 [INFO] PluginManager:220 - loadIPPluginJar : add ucpd
2024-05-08 12:59:09,664 [INFO] IPUIPlugin:80 - create IPUIPlugin
2024-05-08 12:59:09,664 [INFO] PluginManager:220 - loadIPPluginJar : add usart
2024-05-08 12:59:09,711 [INFO] IPUIPlugin:80 - create IPUIPlugin
2024-05-08 12:59:09,711 [INFO] PluginManager:220 - loadIPPluginJar : add usbx
2024-05-08 12:59:09,726 [INFO] ThirdPartyUpdaterWithRetryManager:70 - Updater plugin not ready yet. [2/15]
2024-05-08 12:59:09,862 [INFO] CADModel:165 - CPN selected for project level
2024-05-08 12:59:09,862 [INFO] CADModel:114 - Register for checkConnection events
2024-05-08 12:59:09,862 [FATAL] Updater:308 - Updater called before beeing initialized
2024-05-08 12:59:09,862 [ERROR] CADModel:125 - Updater not yet initialized, retry later 
2024-05-08 12:59:10,040 [INFO] CADModel:165 - CPN selected for project level
2024-05-08 12:59:10,040 [INFO] CADModel:114 - Register for checkConnection events
2024-05-08 12:59:10,040 [FATAL] Updater:308 - Updater called before beeing initialized
2024-05-08 12:59:10,040 [ERROR] CADModel:125 - Updater not yet initialized, retry later 
2024-05-08 12:59:10,040 [FATAL] Updater:308 - Updater called before beeing initialized
2024-05-08 12:59:10,165 [FATAL] Updater:308 - Updater called before beeing initialized
2024-05-08 12:59:10,180 [INFO] DbMcusAds:53 - JSON generation date=Thu May 02 14:07:29 IST 2024 (1714639049318)
2024-05-08 12:59:10,180 [FATAL] Updater:308 - Updater called before beeing initialized
2024-05-08 12:59:10,258 [WARN] DetailPanel:346 - Failed to get advertising image, set to default
2024-05-08 12:59:10,352 [FATAL] Updater:308 - Updater called before beeing initialized
2024-05-08 12:59:10,352 [FATAL] Updater:308 - Updater called before beeing initialized
2024-05-08 12:59:10,352 [FATAL] Updater:308 - Updater called before beeing initialized
2024-05-08 12:59:10,352 [WARN] DetailPanel:346 - Failed to get advertising image, set to default
2024-05-08 12:59:10,352 [FATAL] Updater:308 - Updater called before beeing initialized
2024-05-08 12:59:10,426 [ERROR] Updater:1120 - MainUpdater not yet initialized. External WinMGr cannot be set.
2024-05-08 12:59:10,442 [INFO] Updater:1056 - Updater Version found : 6.11.0
2024-05-08 12:59:10,457 [INFO] ApplicationProperties:184 - Using Application install path: C:\ST\STM32CubeIDE_1.10.1\STM32CubeIDE\plugins\com.st.stm32cube.common.mx_6.11.0.202403141607
2024-05-08 12:59:12,085 [ERROR] LogOutputStream:75 - [STDERR_REDIRECT] May 08, 2024 12:59:12 PM java.util.prefs.WindowsPreferences <init>
2024-05-08 12:59:12,085 [ERROR] LogOutputStream:75 - [STDERR_REDIRECT] WARNING: Could not open/create prefs root node Software\JavaSoft\Prefs at root 0xffffffff80000002. Windows RegCreateKeyEx(...) returned error code 5.
2024-05-08 12:59:12,085 [ERROR] LogOutputStream:75 - [STDERR_REDIRECT] 
2024-05-08 12:59:12,741 [INFO] ThirdPartyUpdaterWithRetryManager:70 - Updater plugin not ready yet. [3/15]
2024-05-08 12:59:13,288 [INFO] MainUpdater:2873 - connection check result : 10
2024-05-08 12:59:13,288 [INFO] MainUpdater:290 - Updater Check For Update Now.
2024-05-08 12:59:13,288 [INFO] MicroXplorer:498 - Change Database Version : DB.6.0.110
2024-05-08 12:59:13,315 [INFO] McuFinderGlobals:63 - Set McuFinder mode to 2 (CubeIDE integrated)
2024-05-08 12:59:13,331 [INFO] UserAuth:415 - Internet connection configuration mode: 1
2024-05-08 12:59:13,362 [INFO] JxBrowserEngine:152 - Initiate JxBrowser Engine with user profile folder
2024-05-08 12:59:13,568 [INFO] CheckServerUpdateThread:120 - End of CheckServer Thread
2024-05-08 12:59:15,959 [WARN] PackLoader:240 - Cannot read IP mode file for STMicroelectronics.FP-SNS-MOTENVWB1.1.4.0
2024-05-08 12:59:15,974 [WARN] PackLoader:240 - Cannot read IP mode file for STMicroelectronics.X-CUBE-SMBUS.2.1.0
2024-05-08 12:59:15,990 [WARN] PackLoader:240 - Cannot read IP mode file for STMicroelectronics.X-CUBE-TOUCHGFX.4.23.0
2024-05-08 12:59:16,005 [WARN] PackLoader:240 - Cannot read IP mode file for STMicroelectronics.X-CUBE-TOUCHGFX.4.23.2
2024-05-08 12:59:16,052 [WARN] PackLoader:240 - Cannot read IP mode file for STMicroelectronics.X-CUBE-AZRTOS-F7.1.1.0
2024-05-08 12:59:16,083 [WARN] PackLoader:240 - Cannot read IP mode file for STMicroelectronics.FP-SNS-MOTENV1.4.3.2
2024-05-08 12:59:16,099 [ERROR] RealEvaluatedCondition:428 - Found unsupported composite condition: CLASS='Data Exchange' GROUP='STM32_MetaDataManager'
2024-05-08 12:59:16,099 [ERROR] RealEvaluatedCondition:428 - Found unsupported composite condition: GROUP='STM32_MetaDataManager' CLASS='Data Exchange'
2024-05-08 12:59:16,099 [WARN] PackLoader:240 - Cannot read IP mode file for STMicroelectronics.FP-SNS-MOTENV1.4.3.1
2024-05-08 12:59:16,115 [WARN] PackLoader:240 - Cannot read IP mode file for STMicroelectronics.FP-SNS-FLIGHT1.5.0.1
2024-05-08 12:59:16,130 [WARN] PackLoader:240 - Cannot read IP mode file for STMicroelectronics.X-CUBE-BLE1.6.2.4
2024-05-08 12:59:16,146 [WARN] PackLoader:240 - Cannot read IP mode file for STMicroelectronics.FP-SNS-FLIGHT1.5.0.2
2024-05-08 12:59:16,177 [WARN] PackLoader:240 - Cannot read IP mode file for STMicroelectronics.X-CUBE-DISPLAY.3.0.0
2024-05-08 12:59:16,208 [WARN] PackLoader:240 - Cannot read IP mode file for STMicroelectronics.X-CUBE-BLE1.7.0.0
2024-05-08 12:59:16,224 [WARN] PackLoader:240 - Cannot read IP mode file for STMicroelectronics.X-CUBE-TOUCHGFX.4.22.0
2024-05-08 12:59:16,240 [WARN] PackLoader:240 - Cannot read IP mode file for STMicroelectronics.X-CUBE-TOUCHGFX.4.22.1
2024-05-08 12:59:16,255 [WARN] PackLoader:240 - Cannot read IP mode file for STMicroelectronics.X-CUBE-BLEMGR.3.1.0
2024-05-08 12:59:16,271 [WARN] PackLoader:240 - Cannot read IP mode file for STMicroelectronics.FP-SNS-SMARTAG2.1.2.0
2024-05-08 12:59:16,302 [INFO] LogOutputStream:77 - [STDOUT_REDIRECT] 1 : Invalid condition id : UX_CORESTACK_Condition cause : null
2024-05-08 12:59:16,302 [INFO] LogOutputStream:77 - [STDOUT_REDIRECT] 1 : Invalid condition id : UX_CORESTACK_Condition cause : null
2024-05-08 12:59:16,302 [INFO] LogOutputStream:77 - [STDOUT_REDIRECT] 1 : Invalid condition id : UX_CORESTACK_Condition cause : null
2024-05-08 12:59:16,318 [INFO] LogOutputStream:77 - [STDOUT_REDIRECT] 1 : Invalid condition id : UX_CORESTACK_Condition cause : null
2024-05-08 12:59:16,318 [INFO] LogOutputStream:77 - [STDOUT_REDIRECT] 1 : Invalid condition id : UX_CORESTACK_Condition cause : null
2024-05-08 12:59:16,318 [WARN] PackLoader:240 - Cannot read IP mode file for STMicroelectronics.X-CUBE-AZRTOS-WL.2.0.0
2024-05-08 12:59:16,365 [WARN] PackLoader:240 - Cannot read IP mode file for STMicroelectronics.FP-SNS-MOTENV1.5.0.0
2024-05-08 12:59:16,396 [WARN] PackLoader:240 - Cannot read IP mode file for WES.I-CUBE-Cesium.1.3.0
2024-05-08 12:59:16,412 [WARN] PackLoader:240 - Cannot read IP mode file for STMicroelectronics.X-CUBE-BLE2.3.3.0
2024-05-08 12:59:16,427 [WARN] PackLoader:240 - Cannot read IP mode file for STMicroelectronics.X-CUBE-TCPP.4.1.0
2024-05-08 12:59:16,443 [WARN] PackLoader:240 - Cannot read IP mode file for STMicroelectronics.X-CUBE-TOUCHGFX.4.21.3
2024-05-08 12:59:16,458 [WARN] PackLoader:240 - Cannot read IP mode file for STMicroelectronics.X-CUBE-TOUCHGFX.4.21.4
2024-05-08 12:59:16,474 [WARN] PackLoader:240 - Cannot read IP mode file for STMicroelectronics.X-CUBE-ALGOBUILD.1.3.0
2024-05-08 12:59:16,505 [WARN] PackLoader:240 - Cannot read IP mode file for STMicroelectronics.X-CUBE-AZRTOS-G0.1.1.0
2024-05-08 12:59:16,521 [WARN] PackLoader:240 - Cannot read IP mode file for STMicroelectronics.X-CUBE-SAFEA1.1.2.2
2024-05-08 12:59:16,537 [WARN] PackLoader:240 - Cannot read IP mode file for STMicroelectronics.X-CUBE-NFC4.3.0.0
2024-05-08 12:59:16,552 [WARN] PackLoader:240 - Cannot read IP mode file for STMicroelectronics.X-CUBE-BLEMGR.3.0.0
2024-05-08 12:59:16,568 [WARN] PackLoader:240 - Cannot read IP mode file for STMicroelectronics.FP-ATR-SIGFOX1.3.2.0
2024-05-08 12:59:16,583 [WARN] PackLoader:240 - Cannot read IP mode file for STMicroelectronics.X-CUBE-EEPRMA1.5.1.0
2024-05-08 12:59:16,661 [WARN] PackLoader:240 - Cannot read IP mode file for STMicroelectronics.X-CUBE-MEMS1.9.5.0
2024-05-08 12:59:16,865 [WARN] PackLoader:240 - Cannot read IP mode file for SEGGER.I-CUBE-embOS.1.3.1
2024-05-08 12:59:16,911 [WARN] PackLoader:240 - Cannot read IP mode file for STMicroelectronics.X-CUBE-GNSS1.6.0.0
2024-05-08 12:59:16,943 [WARN] PackLoader:240 - Cannot read IP mode file for STMicroelectronics.X-CUBE-AZRTOS-F4.1.1.0
2024-05-08 12:59:16,958 [WARN] PackLoader:240 - Cannot read IP mode file for wolfSSL.I-CUBE-wolfSSL.5.6.0
2024-05-08 12:59:16,974 [WARN] PackLoader:240 - Cannot read IP mode file for STMicroelectronics.X-CUBE-FREERTOS.1.2.0
2024-05-08 12:59:17,005 [WARN] PackLoader:240 - Cannot read IP mode file for STMicroelectronics.X-CUBE-AZRTOS-L5.2.0.0
2024-05-08 12:59:17,083 [WARN] PackLoader:240 - Cannot read IP mode file for STMicroelectronics.X-CUBE-MEMS1.9.6.0
2024-05-08 12:59:17,224 [WARN] PackLoader:240 - Cannot read IP mode file for STMicroelectronics.X-CUBE-EEPRMA1.4.2.0
2024-05-08 12:59:17,239 [WARN] PackLoader:240 - Cannot read IP mode file for STMicroelectronics.X-CUBE-NFC6.3.1.0
2024-05-08 12:59:17,255 [WARN] PackLoader:240 - Cannot read IP mode file for ITTIA_DB.I-CUBE-ITTIADB.8.8.0
2024-05-08 12:59:17,271 [WARN] PackLoader:240 - Cannot read IP mode file for emotas.I-CUBE-CANOPEN.1.1.3
2024-05-08 12:59:17,286 [WARN] PackLoader:240 - Cannot read IP mode file for STMicroelectronics.X-CUBE-BLEMGR.2.0.0
2024-05-08 12:59:17,302 [WARN] PackLoader:240 - Cannot read IP mode file for STMicroelectronics.X-CUBE-AI.9.0.0
2024-05-08 12:59:17,333 [WARN] ConditionMgr:438 - getConditionDescription Invalid condition id : UX DEVICE CLASS RTOS Condition cause : null
2024-05-08 12:59:17,333 [WARN] ConditionMgr:438 - getConditionDescription Invalid condition id : UX DEVICE CLASS RTOS Condition cause : null
2024-05-08 12:59:17,333 [WARN] PackLoader:240 - Cannot read IP mode file for STMicroelectronics.X-CUBE-AZRTOS-H7.3.1.0
2024-05-08 12:59:17,333 [WARN] ConditionMgr:1039 - genDependencies : Invalid condition id : UX DEVICE CLASS RTOS Condition cause : null
2024-05-08 12:59:17,333 [WARN] ConditionMgr:1039 - genDependencies : Invalid condition id : UX DEVICE CLASS RTOS Condition cause : null
2024-05-08 12:59:17,349 [WARN] ConditionMgr:1039 - genDependencies : Invalid condition id : UX DEVICE CLASS RTOS Condition cause : null
2024-05-08 12:59:17,349 [WARN] ConditionMgr:1039 - genDependencies : Invalid condition id : UX DEVICE CLASS RTOS Condition cause : null
2024-05-08 12:59:17,349 [WARN] ConditionMgr:1039 - genDependencies : Invalid condition id : UX DEVICE CLASS RTOS Condition cause : null
2024-05-08 12:59:17,364 [WARN] PackLoader:240 - Cannot read IP mode file for STMicroelectronics.X-CUBE-NFC7.1.0.1
2024-05-08 12:59:17,364 [WARN] PackLoader:240 - Cannot read IP mode file for STMicroelectronics.X-CUBE-NFC7.1.0.0
2024-05-08 12:59:17,380 [WARN] PackLoader:240 - Cannot read IP mode file for STMicroelectronics.X-CUBE-NFC6.3.0.0
2024-05-08 12:59:17,396 [WARN] PackLoader:240 - Cannot read IP mode file for STMicroelectronics.X-CUBE-EEPRMA1.4.1.0
2024-05-08 12:59:17,427 [WARN] PackLoader:240 - Cannot read IP mode file for STMicroelectronics.X-CUBE-AI.8.1.0
2024-05-08 12:59:17,443 [WARN] ConditionMgr:438 - getConditionDescription Invalid condition id : LAN8742 Phy interface Condition cause : null
2024-05-08 12:59:17,458 [WARN] PackLoader:240 - Cannot read IP mode file for STMicroelectronics.X-CUBE-AZRTOS-L4.2.0.0
2024-05-08 12:59:17,458 [WARN] ConditionMgr:1039 - genDependencies : Invalid condition id : LAN8742 Phy interface Condition cause : null
2024-05-08 12:59:17,458 [WARN] ConditionMgr:1039 - genDependencies : Invalid condition id : LAN8742 Phy interface Condition cause : null
2024-05-08 12:59:17,458 [WARN] ConditionMgr:1039 - genDependencies : Invalid condition id : LAN8742 Phy interface Condition cause : null
2024-05-08 12:59:17,474 [WARN] PackLoader:240 - Cannot read IP mode file for STMicroelectronics.X-CUBE-SFXS2LP1.4.0.0
2024-05-08 12:59:17,489 [WARN] PackLoader:240 - Cannot read IP mode file for STMicroelectronics.X-CUBE-ISPU.1.1.0
2024-05-08 12:59:17,505 [WARN] PackLoader:240 - Cannot read IP mode file for STMicroelectronics.X-CUBE-AI.8.0.0
2024-05-08 12:59:17,521 [WARN] ConditionMgr:438 - getConditionDescription Invalid condition id : UX DEVICE CLASS RTOS Condition cause : null
2024-05-08 12:59:17,521 [WARN] ConditionMgr:438 - getConditionDescription Invalid condition id : UX DEVICE CLASS RTOS Condition cause : null
2024-05-08 12:59:17,521 [WARN] PackLoader:240 - Cannot read IP mode file for STMicroelectronics.X-CUBE-AZRTOS-WB.2.0.0
2024-05-08 12:59:17,521 [WARN] ConditionMgr:1039 - genDependencies : Invalid condition id : UX DEVICE CLASS RTOS Condition cause : null
2024-05-08 12:59:17,521 [WARN] ConditionMgr:1039 - genDependencies : Invalid condition id : UX DEVICE CLASS RTOS Condition cause : null
2024-05-08 12:59:17,521 [WARN] ConditionMgr:1039 - genDependencies : Invalid condition id : UX DEVICE CLASS RTOS Condition cause : null
2024-05-08 12:59:17,521 [WARN] ConditionMgr:1039 - genDependencies : Invalid condition id : UX DEVICE CLASS RTOS Condition cause : null
2024-05-08 12:59:17,521 [WARN] ConditionMgr:1039 - genDependencies : Invalid condition id : UX DEVICE CLASS RTOS Condition cause : null
2024-05-08 12:59:17,536 [WARN] PackLoader:240 - Cannot read IP mode file for STMicroelectronics.X-CUBE-FREERTOS.1.0.1
2024-05-08 12:59:17,568 [WARN] PackLoader:240 - Cannot read IP mode file for STMicroelectronics.X-CUBE-AZRTOS-L5.1.1.0
2024-05-08 12:59:17,583 [WARN] PackLoader:240 - Cannot read IP mode file for STMicroelectronics.X-CUBE-AI.8.0.1
2024-05-08 12:59:17,614 [WARN] PackLoader:240 - Cannot read IP mode file for STMicroelectronics.X-CUBE-SUBG2.5.0.0
2024-05-08 12:59:17,630 [WARN] PackLoader:240 - Cannot read IP mode file for STMicroelectronics.X-CUBE-TOF1.3.3.1
2024-05-08 12:59:17,661 [WARN] PackLoader:240 - Cannot read IP mode file for STMicroelectronics.X-CUBE-AZRTOS-G4.2.0.0
2024-05-08 12:59:17,692 [WARN] PackLoader:240 - Cannot read IP mode file for STMicroelectronics.X-CUBE-TOF1.3.3.0
2024-05-08 12:59:17,708 [WARN] PackLoader:240 - Cannot read IP mode file for Infineon.AIROC-Wi-Fi-Bluetooth-STM32.1.5.1
2024-05-08 12:59:17,739 [WARN] PackLoader:240 - Cannot read IP mode file for STMicroelectronics.FP-SNS-MOTENVWB1.1.3.0
2024-05-08 12:59:17,755 [WARN] PackLoader:240 - Cannot read IP mode file for STMicroelectronics.FP-SNS-MOTENVWB1.1.3.1
2024-05-08 12:59:17,771 [WARN] PackLoader:240 - Cannot read IP mode file for STMicroelectronics.X-CUBE-AZRTOS-G4.1.0.0
2024-05-08 12:59:17,802 [WARN] PackLoader:240 - Cannot read IP mode file for STMicroelectronics.X-CUBE-AZRTOS-L4.1.0.0
2024-05-08 12:59:17,817 [WARN] PackLoader:240 - Cannot read IP mode file for STMicroelectronics.X-CUBE-ISPU.2.0.0
2024-05-08 12:59:17,896 [WARN] PackLoader:240 - Cannot read IP mode file for STMicroelectronics.X-CUBE-MEMS1.10.0.0
2024-05-08 12:59:18,083 [WARN] PackLoader:240 - Cannot read IP mode file for STMicroelectronics.X-CUBE-FREERTOS.1.1.0
2024-05-08 12:59:18,099 [WARN] PackLoader:240 - Cannot read IP mode file for STMicroelectronics.X-CUBE-AZRTOS-WL.1.0.0
2024-05-08 12:59:18,114 [WARN] PackLoader:240 - Cannot read IP mode file for portGmbH.I-Cube-SoM-uGOAL.1.1.0
2024-05-08 12:59:18,145 [WARN] PackLoader:240 - Cannot read IP mode file for STMicroelectronics.X-CUBE-ALS.1.0.1
2024-05-08 12:59:18,177 [WARN] PackLoader:240 - Cannot read IP mode file for STMicroelectronics.X-CUBE-AZRTOS-WB.1.1.0
2024-05-08 12:59:18,208 [WARN] PackLoader:240 - Cannot read IP mode file for STMicroelectronics.X-CUBE-AZRTOS-H7RS.1.0.0
2024-05-08 12:59:18,224 [WARN] PackLoader:240 - Cannot read IP mode file for STMicroelectronics.FP-ATR-ASTRA1.2.0.0
2024-05-08 12:59:18,239 [WARN] PackLoader:240 - Cannot read IP mode file for STMicroelectronics.X-CUBE-TOF1.3.4.0
2024-05-08 12:59:18,270 [WARN] PackLoader:240 - Cannot read IP mode file for STMicroelectronics.X-CUBE-TOF1.3.4.1
2024-05-08 12:59:18,317 [WARN] PackLoader:240 - Cannot read IP mode file for STMicroelectronics.X-CUBE-AZRTOS-H7.3.2.0
2024-05-08 12:59:18,317 [INFO] ThirdParty:978 - Integrity check success = true
2024-05-08 12:59:18,317 [INFO] IntegrityCheckThread:100 - exiting critical section [integrity check]
2024-05-08 12:59:18,317 [INFO] IntegrityCheckThread:103 - End integrity checks thread
2024-05-08 12:59:19,435 [INFO] WebApp:161 - Instantiating new browser for Auth
2024-05-08 12:59:20,196 [INFO] WebApp:779 - Register for checkConnection events
2024-05-08 12:59:20,196 [INFO] WebApp:414 - Apply proxy settings
2024-05-08 12:59:20,196 [INFO] WebApp:499 - Chromium requires no authentication
2024-05-08 12:59:20,216 [INFO] WebApp:442 - Direct internet connection detected
2024-05-08 12:59:20,417 [INFO] WebApp:192 - Starting web application
2024-05-08 12:59:20,417 [INFO] WebApp:544 - Web application path used C:\ST\STM32CubeIDE_1.10.1\STM32CubeIDE\plugins\com.st.stm32cube.common.mx_6.11.0.202403141607\db\plugins\mcufinder\reactClient1\index.html
2024-05-08 13:13:36,343 [ERROR] LogOutputStream:75 - [STDERR_REDIRECT] 
2024-05-08 14:36:27,422 [INFO] Activator:176 - 


2024-05-08 14:36:27,425 [INFO] Activator:177 - !SESSION log4j initialized
2024-05-08 14:36:34,368 [INFO] LogOutputStream:77 - [STDOUT_REDIRECT] 
2024-05-08 14:36:37,005 [INFO] ApplicationProperties:184 - Using Application install path: C:\ST\STM32CubeIDE_1.10.1\STM32CubeIDE\plugins\com.st.stm32cube.common.mx_6.11.0.202403141607
2024-05-08 14:36:37,035 [INFO] DbMcusXml:78 - Set database path to: C:\ST\STM32CubeIDE_1.10.1\STM32CubeIDE\plugins\com.st.stm32cube.common.mx_6.11.0.202403141607\\db\/mcu/
2024-05-08 14:36:37,035 [INFO] ApiDb:274 - Set plugin database path to: C:\ST\STM32CubeIDE_1.10.1\STM32CubeIDE\plugins\com.st.stm32cube.common.mx_6.11.0.202403141607\\db\/plugins/boardmanager/
2024-05-08 14:36:37,035 [WARN] ApiDb:259 - Overriding images path with different value:  => C:\ST\STM32CubeIDE_1.10.1\STM32CubeIDE\plugins\com.st.stm32cube.common.mx_6.11.0.202403141607\\db\/plugins/mcufinder/images/
2024-05-08 14:36:37,043 [INFO] ApiDb:250 - Set database path to: C:\Users\CEPL\.stmcufinder\plugins\mcufinder//mcu/
2024-05-08 14:36:37,045 [INFO] DbMcusAds:125 - Set database path to: C:\Users\CEPL\.stmcufinder\plugins\mcufinder//mcu/
2024-05-08 14:36:37,047 [INFO] CrossReferenceDbSqlite:203 - Set database path to: C:\Users\CEPL\.stmcufinder\plugins\mcufinder//mcu/cs/
2024-05-08 14:36:37,237 [INFO] RulesReader:64 - Compatibility file has been processed (297 Rules)
2024-05-08 14:36:37,368 [INFO] DbMcusXml:78 - Set database path to: C:\ST\STM32CubeIDE_1.10.1\STM32CubeIDE\plugins\com.st.stm32cube.common.mx_6.11.0.202403141607\\db\/mcu/
2024-05-08 14:36:37,368 [INFO] ApiDb:274 - Set plugin database path to: C:\ST\STM32CubeIDE_1.10.1\STM32CubeIDE\plugins\com.st.stm32cube.common.mx_6.11.0.202403141607\\db\/plugins/boardmanager/
2024-05-08 14:36:37,369 [INFO] ApiDb:261 - Set plugin images path to: C:\ST\STM32CubeIDE_1.10.1\STM32CubeIDE\plugins\com.st.stm32cube.common.mx_6.11.0.202403141607\\db\/plugins/mcufinder/images/
2024-05-08 14:36:37,369 [WARN] DbFile:41 - Overriding database path with different value: C:\Users\CEPL\.stmcufinder\plugins\mcufinder/ => C:\Users\CEPL\.stmcufinder\plugins\mcufinder
2024-05-08 14:36:37,369 [INFO] ApiDb:250 - Set database path to: C:\Users\CEPL\.stmcufinder\plugins\mcufinder//mcu/
2024-05-08 14:36:37,369 [WARN] DbFile:41 - Overriding database path with different value: C:\Users\CEPL\.stmcufinder\plugins\mcufinder/ => C:\Users\CEPL\.stmcufinder\plugins\mcufinder
2024-05-08 14:36:37,370 [INFO] DbMcusAds:125 - Set database path to: C:\Users\CEPL\.stmcufinder\plugins\mcufinder//mcu/
2024-05-08 14:36:37,370 [WARN] DbFile:41 - Overriding database path with different value: C:\Users\CEPL\.stmcufinder\plugins\mcufinder/ => C:\Users\CEPL\.stmcufinder\plugins\mcufinder
2024-05-08 14:36:37,370 [WARN] DbFile:41 - Overriding database path with different value: C:\Users\CEPL\.stmcufinder\plugins\mcufinder/ => C:\Users\CEPL\.stmcufinder\plugins\mcufinder
2024-05-08 14:36:37,370 [INFO] CrossReferenceDbSqlite:203 - Set database path to: C:\Users\CEPL\.stmcufinder\plugins\mcufinder//mcu/cs/
2024-05-08 14:36:37,488 [INFO] MainPanel:264 - HeapMemory: 268435456
2024-05-08 14:36:37,607 [INFO] DbMcusXml:78 - Set database path to: C:\ST\STM32CubeIDE_1.10.1\STM32CubeIDE\plugins\com.st.stm32cube.common.mx_6.11.0.202403141607\\db\/mcu/
2024-05-08 14:36:37,607 [INFO] ApiDb:274 - Set plugin database path to: C:\ST\STM32CubeIDE_1.10.1\STM32CubeIDE\plugins\com.st.stm32cube.common.mx_6.11.0.202403141607\\db\/plugins/boardmanager/
2024-05-08 14:36:37,607 [INFO] ApiDb:261 - Set plugin images path to: C:\ST\STM32CubeIDE_1.10.1\STM32CubeIDE\plugins\com.st.stm32cube.common.mx_6.11.0.202403141607\\db\/plugins/mcufinder/images/
2024-05-08 14:36:37,608 [WARN] DbFile:41 - Overriding database path with different value: C:\Users\CEPL\.stmcufinder\plugins\mcufinder/ => C:\Users\CEPL\.stmcufinder\plugins\mcufinder
2024-05-08 14:36:37,608 [INFO] ApiDb:250 - Set database path to: C:\Users\CEPL\.stmcufinder\plugins\mcufinder//mcu/
2024-05-08 14:36:37,608 [WARN] DbFile:41 - Overriding database path with different value: C:\Users\CEPL\.stmcufinder\plugins\mcufinder/ => C:\Users\CEPL\.stmcufinder\plugins\mcufinder
2024-05-08 14:36:37,608 [INFO] DbMcusAds:125 - Set database path to: C:\Users\CEPL\.stmcufinder\plugins\mcufinder//mcu/
2024-05-08 14:36:37,608 [WARN] DbFile:41 - Overriding database path with different value: C:\Users\CEPL\.stmcufinder\plugins\mcufinder/ => C:\Users\CEPL\.stmcufinder\plugins\mcufinder
2024-05-08 14:36:37,608 [WARN] DbFile:41 - Overriding database path with different value: C:\Users\CEPL\.stmcufinder\plugins\mcufinder/ => C:\Users\CEPL\.stmcufinder\plugins\mcufinder
2024-05-08 14:36:37,609 [INFO] CrossReferenceDbSqlite:203 - Set database path to: C:\Users\CEPL\.stmcufinder\plugins\mcufinder//mcu/cs/
2024-05-08 14:36:37,635 [INFO] ApplicationProperties:184 - Using Application install path: C:\ST\STM32CubeIDE_1.10.1\STM32CubeIDE\plugins\com.st.stm32cube.common.mx_6.11.0.202403141607
2024-05-08 14:36:37,638 [INFO] PluginManage:196 - Search for loadable plugins [exclusion list=, ]
2024-05-08 14:36:37,641 [INFO] PluginManage:310 - Check plugin analytics
2024-05-08 14:36:38,015 [INFO] AnalyticsPlugin:253 - Accepted Software Licenses: 
2024-05-08 14:36:38,016 [INFO] AnalyticsPlugin:255 - Accepted CMSIS Pack Licenses: 
2024-05-08 14:36:38,017 [INFO] AnalyticsPlugin:257 - Accepted Firmware Licenses: FW.F4.1.27.0
2024-05-08 14:36:38,027 [INFO] PluginManage:359 - Loaded plugin analytics (category:tool,tabindex:-1)
2024-05-08 14:36:38,028 [INFO] PluginManage:310 - Check plugin cadmodel
2024-05-08 14:36:38,037 [INFO] CADModel:105 - Init CAD model plugin
2024-05-08 14:36:38,038 [INFO] PluginManage:359 - Loaded plugin cadmodel (category:power,tabindex:5)
2024-05-08 14:36:38,038 [INFO] PluginManage:310 - Check plugin clock
2024-05-08 14:36:38,067 [INFO] PluginManage:359 - Loaded plugin clock (category:base,tabindex:2)
2024-05-08 14:36:38,067 [INFO] PluginManage:310 - Check plugin ddr
2024-05-08 14:36:38,073 [INFO] PluginManage:359 - Loaded plugin ddr (category:tool,tabindex:6)
2024-05-08 14:36:38,074 [INFO] PluginManage:310 - Check plugin filemanager
2024-05-08 14:36:38,344 [INFO] PluginManage:359 - Loaded plugin filemanager (category:base,tabindex:10)
2024-05-08 14:36:38,344 [INFO] PluginManage:310 - Check plugin ipmanager
2024-05-08 14:36:38,358 [INFO] PluginManage:359 - Loaded plugin ipmanager (category:base,tabindex:5)
2024-05-08 14:36:38,359 [INFO] PluginManage:310 - Check plugin lpbam
2024-05-08 14:36:38,373 [INFO] PluginManage:359 - Loaded plugin lpbam (category:base,tabindex:0)
2024-05-08 14:36:38,374 [INFO] PluginManage:310 - Check plugin memorymap
2024-05-08 14:36:38,395 [INFO] PluginManage:359 - Loaded plugin memorymap (category:base,tabindex:4)
2024-05-08 14:36:38,395 [INFO] PluginManage:310 - Check plugin pinoutandconfiguration
2024-05-08 14:36:38,408 [INFO] PluginManage:359 - Loaded plugin pinoutandconfiguration (category:base,tabindex:1)
2024-05-08 14:36:38,408 [INFO] PluginManage:310 - Check plugin pinoutconfig
2024-05-08 14:36:38,538 [WARN] SupportedApi:132 - Cannot load RTOS API schema: s4s-elt-must-match.1: The content of 'definitions' must match (annotation?, (simpleType | complexType)?, (unique | key | keyref)*)). A problem was found starting at: attribute.
2024-05-08 14:36:38,780 [INFO] PluginManage:359 - Loaded plugin pinoutconfig (category:base,tabindex:0)
2024-05-08 14:36:38,780 [INFO] PluginManage:310 - Check plugin power
2024-05-08 14:36:38,810 [INFO] PluginManage:359 - Loaded plugin power (category:power,tabindex:4)
2024-05-08 14:36:38,811 [INFO] PluginManage:310 - Check plugin projectmanager
2024-05-08 14:36:38,852 [INFO] PluginManage:359 - Loaded plugin projectmanager (category:projectmanager,tabindex:3)
2024-05-08 14:36:38,852 [INFO] PluginManage:310 - Check plugin thirdparty
2024-05-08 14:36:39,066 [INFO] PluginManage:359 - Loaded plugin thirdparty (category:base,tabindex:-1)
2024-05-08 14:36:39,066 [WARN] IntegrityCheckThread:84 - waiting for thirdparty lock release [integrity check]
2024-05-08 14:36:39,066 [INFO] IntegrityCheckThread:86 - entering critical section [integrity check]
2024-05-08 14:36:39,066 [INFO] PluginManage:310 - Check plugin tools
2024-05-08 14:36:39,067 [INFO] ThirdPartyUpdaterWithRetryManager:70 - Updater plugin not ready yet. [1/15]
2024-05-08 14:36:39,070 [INFO] PluginManage:359 - Loaded plugin tools (category:base,tabindex:7)
2024-05-08 14:36:39,071 [INFO] PluginManage:310 - Check plugin tutovideos
2024-05-08 14:36:39,266 [INFO] PluginManage:359 - Loaded plugin tutovideos (category:base,tabindex:-1)
2024-05-08 14:36:39,267 [INFO] PluginManage:310 - Check plugin updater
2024-05-08 14:36:39,279 [INFO] PluginManage:359 - Loaded plugin updater (category:base,tabindex:12)
2024-05-08 14:36:39,279 [INFO] PluginManage:310 - Check plugin userauth
2024-05-08 14:36:39,285 [INFO] UserAuth:114 - Init User Auth plugin
2024-05-08 14:36:39,285 [INFO] PluginManage:359 - Loaded plugin userauth (category:base,tabindex:14)
2024-05-08 14:36:39,286 [INFO] PluginManage:283 - PluginManage : Loaded plugins [17]
2024-05-08 14:36:39,512 [INFO] PinOutPanel:1561 - setPackage(No Configuration,No Configuration)
2024-05-08 14:36:39,598 [INFO] CADModel:165 - CPN selected for project level
2024-05-08 14:36:39,599 [INFO] CADModel:114 - Register for checkConnection events
2024-05-08 14:36:39,621 [INFO] IPUIPlugin:80 - create IPUIPlugin
2024-05-08 14:36:39,622 [INFO] PluginManager:220 - loadIPPluginJar : add adc
2024-05-08 14:36:39,626 [INFO] IPUIPlugin:80 - create IPUIPlugin
2024-05-08 14:36:39,626 [INFO] PluginManager:220 - loadIPPluginJar : add aes
2024-05-08 14:36:39,630 [INFO] IPUIPlugin:80 - create IPUIPlugin
2024-05-08 14:36:39,630 [INFO] PluginManager:220 - loadIPPluginJar : add can
2024-05-08 14:36:39,633 [INFO] IPUIPlugin:80 - create IPUIPlugin
2024-05-08 14:36:39,633 [INFO] PluginManager:220 - loadIPPluginJar : add comp
2024-05-08 14:36:39,636 [INFO] IPUIPlugin:80 - create IPUIPlugin
2024-05-08 14:36:39,636 [INFO] PluginManager:220 - loadIPPluginJar : add cryp
2024-05-08 14:36:39,639 [INFO] IPUIPlugin:80 - create IPUIPlugin
2024-05-08 14:36:39,640 [INFO] PluginManager:220 - loadIPPluginJar : add dfsdm
2024-05-08 14:36:39,646 [INFO] IPUIPlugin:80 - create IPUIPlugin
2024-05-08 14:36:39,647 [INFO] PluginManager:220 - loadIPPluginJar : add dma
2024-05-08 14:36:39,650 [INFO] IPUIPlugin:80 - create IPUIPlugin
2024-05-08 14:36:39,650 [INFO] PluginManager:220 - loadIPPluginJar : add dma3
2024-05-08 14:36:39,653 [INFO] IPUIPlugin:80 - create IPUIPlugin
2024-05-08 14:36:39,654 [INFO] PluginManager:220 - loadIPPluginJar : add extmemmanager
2024-05-08 14:36:39,656 [INFO] IPUIPlugin:80 - create IPUIPlugin
2024-05-08 14:36:39,656 [INFO] PluginManager:220 - loadIPPluginJar : add fatfs
2024-05-08 14:36:39,661 [INFO] IPUIPlugin:80 - create IPUIPlugin
2024-05-08 14:36:39,662 [INFO] PluginManager:220 - loadIPPluginJar : add fmc
2024-05-08 14:36:39,669 [INFO] IPUIPlugin:80 - create IPUIPlugin
2024-05-08 14:36:39,669 [INFO] PluginManager:220 - loadIPPluginJar : add freertos
2024-05-08 14:36:39,671 [INFO] IPUIPlugin:80 - create IPUIPlugin
2024-05-08 14:36:39,671 [INFO] PluginManager:220 - loadIPPluginJar : add genericplugin
2024-05-08 14:36:39,674 [INFO] IPUIPlugin:80 - create IPUIPlugin
2024-05-08 14:36:39,675 [INFO] PluginManager:220 - loadIPPluginJar : add gfxmmu
2024-05-08 14:36:39,680 [INFO] IPUIPlugin:80 - create IPUIPlugin
2024-05-08 14:36:39,680 [INFO] PluginManager:220 - loadIPPluginJar : add gic
2024-05-08 14:36:39,685 [INFO] IPUIPlugin:80 - create IPUIPlugin
2024-05-08 14:36:39,685 [INFO] PluginManager:220 - loadIPPluginJar : add gpio
2024-05-08 14:36:39,688 [INFO] IPUIPlugin:80 - create IPUIPlugin
2024-05-08 14:36:39,688 [INFO] PluginManager:220 - loadIPPluginJar : add gtzc
2024-05-08 14:36:39,691 [INFO] IPUIPlugin:80 - create IPUIPlugin
2024-05-08 14:36:39,691 [INFO] PluginManager:220 - loadIPPluginJar : add hash
2024-05-08 14:36:39,695 [INFO] IPUIPlugin:80 - create IPUIPlugin
2024-05-08 14:36:39,696 [INFO] PluginManager:220 - loadIPPluginJar : add i2c
2024-05-08 14:36:39,699 [INFO] IPUIPlugin:80 - create IPUIPlugin
2024-05-08 14:36:39,699 [INFO] PluginManager:220 - loadIPPluginJar : add i2s
2024-05-08 14:36:39,702 [INFO] IPUIPlugin:80 - create IPUIPlugin
2024-05-08 14:36:39,702 [INFO] PluginManager:220 - loadIPPluginJar : add i3c
2024-05-08 14:36:39,706 [INFO] IPUIPlugin:80 - create IPUIPlugin
2024-05-08 14:36:39,707 [INFO] PluginManager:220 - loadIPPluginJar : add ipddr
2024-05-08 14:36:39,715 [INFO] IPUIPlugin:80 - create IPUIPlugin
2024-05-08 14:36:39,715 [INFO] PluginManager:220 - loadIPPluginJar : add linkedlist
2024-05-08 14:36:39,718 [INFO] IPUIPlugin:80 - create IPUIPlugin
2024-05-08 14:36:39,718 [INFO] PluginManager:220 - loadIPPluginJar : add lorawan
2024-05-08 14:36:39,720 [INFO] IPUIPlugin:80 - create IPUIPlugin
2024-05-08 14:36:39,720 [INFO] PluginManager:220 - loadIPPluginJar : add ltdc
2024-05-08 14:36:39,727 [INFO] IPUIPlugin:80 - create IPUIPlugin
2024-05-08 14:36:39,727 [INFO] PluginManager:220 - loadIPPluginJar : add mdma
2024-05-08 14:36:39,731 [INFO] IPUIPlugin:80 - create IPUIPlugin
2024-05-08 14:36:39,732 [INFO] PluginManager:220 - loadIPPluginJar : add nvic
2024-05-08 14:36:39,735 [INFO] IPUIPlugin:80 - create IPUIPlugin
2024-05-08 14:36:39,735 [INFO] PluginManager:220 - loadIPPluginJar : add opamp
2024-05-08 14:36:39,739 [INFO] IPUIPlugin:80 - create IPUIPlugin
2024-05-08 14:36:39,739 [INFO] PluginManager:220 - loadIPPluginJar : add openamp
2024-05-08 14:36:39,743 [INFO] IPUIPlugin:80 - create IPUIPlugin
2024-05-08 14:36:39,743 [INFO] PluginManager:220 - loadIPPluginJar : add pdm2pcm
2024-05-08 14:36:39,750 [INFO] IPUIPlugin:80 - create IPUIPlugin
2024-05-08 14:36:39,754 [INFO] PluginManager:220 - loadIPPluginJar : add plateformsettings
2024-05-08 14:36:39,756 [INFO] IPUIPlugin:80 - create IPUIPlugin
2024-05-08 14:36:39,756 [INFO] PluginManager:220 - loadIPPluginJar : add quadspi
2024-05-08 14:36:39,761 [INFO] IPUIPlugin:80 - create IPUIPlugin
2024-05-08 14:36:39,761 [INFO] PluginManager:220 - loadIPPluginJar : add resmgrutility
2024-05-08 14:36:39,765 [INFO] IPUIPlugin:80 - create IPUIPlugin
2024-05-08 14:36:39,765 [INFO] PluginManager:220 - loadIPPluginJar : add sai
2024-05-08 14:36:39,768 [INFO] IPUIPlugin:80 - create IPUIPlugin
2024-05-08 14:36:39,768 [INFO] PluginManager:220 - loadIPPluginJar : add spi
2024-05-08 14:36:39,775 [INFO] IPUIPlugin:80 - create IPUIPlugin
2024-05-08 14:36:39,775 [INFO] PluginManager:220 - loadIPPluginJar : add stm32_wpan
2024-05-08 14:36:39,777 [INFO] IPUIPlugin:80 - create IPUIPlugin
2024-05-08 14:36:39,777 [INFO] PluginManager:220 - loadIPPluginJar : add tim
2024-05-08 14:36:39,781 [INFO] IPUIPlugin:80 - create IPUIPlugin
2024-05-08 14:36:39,782 [INFO] PluginManager:220 - loadIPPluginJar : add touchsensing
2024-05-08 14:36:39,784 [INFO] IPUIPlugin:80 - create IPUIPlugin
2024-05-08 14:36:39,785 [INFO] PluginManager:220 - loadIPPluginJar : add tracer_emb
2024-05-08 14:36:39,788 [INFO] IPUIPlugin:80 - create IPUIPlugin
2024-05-08 14:36:39,788 [INFO] PluginManager:220 - loadIPPluginJar : add ts
2024-05-08 14:36:39,791 [INFO] IPUIPlugin:80 - create IPUIPlugin
2024-05-08 14:36:39,791 [INFO] PluginManager:220 - loadIPPluginJar : add tsc
2024-05-08 14:36:39,795 [INFO] IPUIPlugin:80 - create IPUIPlugin
2024-05-08 14:36:39,795 [INFO] PluginManager:220 - loadIPPluginJar : add ucpd
2024-05-08 14:36:39,799 [INFO] IPUIPlugin:80 - create IPUIPlugin
2024-05-08 14:36:39,800 [INFO] PluginManager:220 - loadIPPluginJar : add usart
2024-05-08 14:36:39,803 [INFO] IPUIPlugin:80 - create IPUIPlugin
2024-05-08 14:36:39,803 [INFO] PluginManager:220 - loadIPPluginJar : add usbx
2024-05-08 14:36:39,950 [INFO] CADModel:165 - CPN selected for project level
2024-05-08 14:36:39,950 [INFO] CADModel:114 - Register for checkConnection events
2024-05-08 14:36:39,950 [FATAL] Updater:308 - Updater called before beeing initialized
2024-05-08 14:36:39,950 [ERROR] CADModel:125 - Updater not yet initialized, retry later 
2024-05-08 14:36:40,153 [INFO] CADModel:165 - CPN selected for project level
2024-05-08 14:36:40,153 [INFO] CADModel:114 - Register for checkConnection events
2024-05-08 14:36:40,153 [FATAL] Updater:308 - Updater called before beeing initialized
2024-05-08 14:36:40,153 [ERROR] CADModel:125 - Updater not yet initialized, retry later 
2024-05-08 14:36:40,157 [FATAL] Updater:308 - Updater called before beeing initialized
2024-05-08 14:36:40,294 [FATAL] Updater:308 - Updater called before beeing initialized
2024-05-08 14:36:40,299 [INFO] DbMcusAds:53 - JSON generation date=Thu May 02 14:07:29 IST 2024 (1714639049318)
2024-05-08 14:36:40,299 [FATAL] Updater:308 - Updater called before beeing initialized
2024-05-08 14:36:40,339 [WARN] DetailPanel:346 - Failed to get advertising image, set to default
2024-05-08 14:36:40,440 [FATAL] Updater:308 - Updater called before beeing initialized
2024-05-08 14:36:40,442 [FATAL] Updater:308 - Updater called before beeing initialized
2024-05-08 14:36:40,442 [FATAL] Updater:308 - Updater called before beeing initialized
2024-05-08 14:36:40,442 [WARN] DetailPanel:346 - Failed to get advertising image, set to default
2024-05-08 14:36:40,443 [FATAL] Updater:308 - Updater called before beeing initialized
2024-05-08 14:36:40,511 [ERROR] Updater:1120 - MainUpdater not yet initialized. External WinMGr cannot be set.
2024-05-08 14:36:40,515 [INFO] Updater:1056 - Updater Version found : 6.11.0
2024-05-08 14:36:40,560 [INFO] ApplicationProperties:184 - Using Application install path: C:\ST\STM32CubeIDE_1.10.1\STM32CubeIDE\plugins\com.st.stm32cube.common.mx_6.11.0.202403141607
2024-05-08 14:36:42,069 [INFO] ThirdPartyUpdaterWithRetryManager:70 - Updater plugin not ready yet. [2/15]
2024-05-08 14:36:42,140 [ERROR] LogOutputStream:75 - [STDERR_REDIRECT] May 08, 2024 2:36:42 PM java.util.prefs.WindowsPreferences <init>
2024-05-08 14:36:42,142 [ERROR] LogOutputStream:75 - [STDERR_REDIRECT] WARNING: Could not open/create prefs root node Software\JavaSoft\Prefs at root 0xffffffff80000002. Windows RegCreateKeyEx(...) returned error code 5.
2024-05-08 14:36:42,142 [ERROR] LogOutputStream:75 - [STDERR_REDIRECT] 
2024-05-08 14:36:42,449 [INFO] MainUpdater:2873 - connection check result : 10
2024-05-08 14:36:42,450 [INFO] MainUpdater:290 - Updater Check For Update Now.
2024-05-08 14:36:42,450 [INFO] MicroXplorer:498 - Change Database Version : DB.6.0.110
2024-05-08 14:36:42,456 [INFO] McuFinderGlobals:63 - Set McuFinder mode to 2 (CubeIDE integrated)
2024-05-08 14:36:42,465 [INFO] UserAuth:415 - Internet connection configuration mode: 1
2024-05-08 14:36:42,489 [INFO] JxBrowserEngine:152 - Initiate JxBrowser Engine with user profile folder
2024-05-08 14:36:42,668 [INFO] CheckServerUpdateThread:120 - End of CheckServer Thread
2024-05-08 14:36:44,450 [INFO] WebApp:161 - Instantiating new browser for Auth
2024-05-08 14:36:45,394 [WARN] PackLoader:240 - Cannot read IP mode file for STMicroelectronics.FP-SNS-MOTENVWB1.1.4.0
2024-05-08 14:36:45,416 [WARN] PackLoader:240 - Cannot read IP mode file for STMicroelectronics.X-CUBE-SMBUS.2.1.0
2024-05-08 14:36:45,426 [WARN] PackLoader:240 - Cannot read IP mode file for STMicroelectronics.X-CUBE-TOUCHGFX.4.23.0
2024-05-08 14:36:45,432 [WARN] PackLoader:240 - Cannot read IP mode file for STMicroelectronics.X-CUBE-TOUCHGFX.4.23.2
2024-05-08 14:36:45,482 [WARN] PackLoader:240 - Cannot read IP mode file for STMicroelectronics.X-CUBE-AZRTOS-F7.1.1.0
2024-05-08 14:36:45,497 [WARN] PackLoader:240 - Cannot read IP mode file for STMicroelectronics.FP-SNS-MOTENV1.4.3.2
2024-05-08 14:36:45,504 [ERROR] RealEvaluatedCondition:428 - Found unsupported composite condition: CLASS='Data Exchange' GROUP='STM32_MetaDataManager'
2024-05-08 14:36:45,504 [ERROR] RealEvaluatedCondition:428 - Found unsupported composite condition: CLASS='Data Exchange' GROUP='STM32_MetaDataManager'
2024-05-08 14:36:45,505 [WARN] PackLoader:240 - Cannot read IP mode file for STMicroelectronics.FP-SNS-MOTENV1.4.3.1
2024-05-08 14:36:45,514 [WARN] PackLoader:240 - Cannot read IP mode file for STMicroelectronics.FP-SNS-FLIGHT1.5.0.1
2024-05-08 14:36:45,524 [WARN] PackLoader:240 - Cannot read IP mode file for STMicroelectronics.X-CUBE-BLE1.6.2.4
2024-05-08 14:36:45,530 [WARN] PackLoader:240 - Cannot read IP mode file for STMicroelectronics.FP-SNS-FLIGHT1.5.0.2
2024-05-08 14:36:45,542 [WARN] PackLoader:240 - Cannot read IP mode file for STMicroelectronics.X-CUBE-DISPLAY.3.0.0
2024-05-08 14:36:45,556 [WARN] PackLoader:240 - Cannot read IP mode file for STMicroelectronics.X-CUBE-BLE1.7.0.0
2024-05-08 14:36:45,563 [WARN] PackLoader:240 - Cannot read IP mode file for STMicroelectronics.X-CUBE-TOUCHGFX.4.22.0
2024-05-08 14:36:45,568 [WARN] PackLoader:240 - Cannot read IP mode file for STMicroelectronics.X-CUBE-TOUCHGFX.4.22.1
2024-05-08 14:36:45,587 [WARN] PackLoader:240 - Cannot read IP mode file for STMicroelectronics.X-CUBE-BLEMGR.3.1.0
2024-05-08 14:36:45,626 [WARN] PackLoader:240 - Cannot read IP mode file for STMicroelectronics.FP-SNS-SMARTAG2.1.2.0
2024-05-08 14:36:45,650 [INFO] LogOutputStream:77 - [STDOUT_REDIRECT] 1 : Invalid condition id : UX_CORESTACK_Condition cause : null
2024-05-08 14:36:45,651 [INFO] LogOutputStream:77 - [STDOUT_REDIRECT] 1 : Invalid condition id : UX_CORESTACK_Condition cause : null
2024-05-08 14:36:45,653 [INFO] LogOutputStream:77 - [STDOUT_REDIRECT] 1 : Invalid condition id : UX_CORESTACK_Condition cause : null
2024-05-08 14:36:45,656 [INFO] LogOutputStream:77 - [STDOUT_REDIRECT] 1 : Invalid condition id : UX_CORESTACK_Condition cause : null
2024-05-08 14:36:45,659 [INFO] LogOutputStream:77 - [STDOUT_REDIRECT] 1 : Invalid condition id : UX_CORESTACK_Condition cause : null
2024-05-08 14:36:45,668 [WARN] PackLoader:240 - Cannot read IP mode file for STMicroelectronics.X-CUBE-AZRTOS-WL.2.0.0
2024-05-08 14:36:45,680 [WARN] PackLoader:240 - Cannot read IP mode file for STMicroelectronics.FP-SNS-MOTENV1.5.0.0
2024-05-08 14:36:45,698 [WARN] PackLoader:240 - Cannot read IP mode file for WES.I-CUBE-Cesium.1.3.0
2024-05-08 14:36:45,706 [WARN] PackLoader:240 - Cannot read IP mode file for STMicroelectronics.X-CUBE-BLE2.3.3.0
2024-05-08 14:36:45,718 [WARN] PackLoader:240 - Cannot read IP mode file for STMicroelectronics.X-CUBE-TCPP.4.1.0
2024-05-08 14:36:45,727 [WARN] PackLoader:240 - Cannot read IP mode file for STMicroelectronics.X-CUBE-TOUCHGFX.4.21.3
2024-05-08 14:36:45,731 [WARN] PackLoader:240 - Cannot read IP mode file for STMicroelectronics.X-CUBE-TOUCHGFX.4.21.4
2024-05-08 14:36:45,740 [WARN] PackLoader:240 - Cannot read IP mode file for STMicroelectronics.X-CUBE-ALGOBUILD.1.3.0
2024-05-08 14:36:45,770 [WARN] PackLoader:240 - Cannot read IP mode file for STMicroelectronics.X-CUBE-AZRTOS-G0.1.1.0
2024-05-08 14:36:45,802 [WARN] PackLoader:240 - Cannot read IP mode file for STMicroelectronics.X-CUBE-SAFEA1.1.2.2
2024-05-08 14:36:45,815 [WARN] PackLoader:240 - Cannot read IP mode file for STMicroelectronics.X-CUBE-NFC4.3.0.0
2024-05-08 14:36:45,834 [WARN] PackLoader:240 - Cannot read IP mode file for STMicroelectronics.X-CUBE-BLEMGR.3.0.0
2024-05-08 14:36:45,848 [WARN] PackLoader:240 - Cannot read IP mode file for STMicroelectronics.FP-ATR-SIGFOX1.3.2.0
2024-05-08 14:36:45,860 [WARN] PackLoader:240 - Cannot read IP mode file for STMicroelectronics.X-CUBE-EEPRMA1.5.1.0
2024-05-08 14:36:45,969 [WARN] PackLoader:240 - Cannot read IP mode file for STMicroelectronics.X-CUBE-MEMS1.9.5.0
2024-05-08 14:36:46,148 [INFO] WebApp:779 - Register for checkConnection events
2024-05-08 14:36:46,149 [INFO] WebApp:414 - Apply proxy settings
2024-05-08 14:36:46,149 [INFO] WebApp:499 - Chromium requires no authentication
2024-05-08 14:36:46,165 [INFO] WebApp:442 - Direct internet connection detected
2024-05-08 14:36:46,328 [WARN] PackLoader:240 - Cannot read IP mode file for SEGGER.I-CUBE-embOS.1.3.1
2024-05-08 14:36:46,445 [WARN] PackLoader:240 - Cannot read IP mode file for STMicroelectronics.X-CUBE-GNSS1.6.0.0
2024-05-08 14:36:46,496 [WARN] PackLoader:240 - Cannot read IP mode file for STMicroelectronics.X-CUBE-AZRTOS-F4.1.1.0
2024-05-08 14:36:46,510 [WARN] PackLoader:240 - Cannot read IP mode file for wolfSSL.I-CUBE-wolfSSL.5.6.0
2024-05-08 14:36:46,519 [WARN] PackLoader:240 - Cannot read IP mode file for STMicroelectronics.X-CUBE-FREERTOS.1.2.0
2024-05-08 14:36:46,554 [WARN] PackLoader:240 - Cannot read IP mode file for STMicroelectronics.X-CUBE-AZRTOS-L5.2.0.0
2024-05-08 14:36:46,635 [WARN] PackLoader:240 - Cannot read IP mode file for STMicroelectronics.X-CUBE-MEMS1.9.6.0
2024-05-08 14:36:46,746 [INFO] WebApp:192 - Starting web application
2024-05-08 14:36:46,747 [INFO] WebApp:544 - Web application path used C:\ST\STM32CubeIDE_1.10.1\STM32CubeIDE\plugins\com.st.stm32cube.common.mx_6.11.0.202403141607\db\plugins\mcufinder\reactClient1\index.html
2024-05-08 14:36:46,871 [WARN] PackLoader:240 - Cannot read IP mode file for STMicroelectronics.X-CUBE-EEPRMA1.4.2.0
2024-05-08 14:36:46,882 [WARN] PackLoader:240 - Cannot read IP mode file for STMicroelectronics.X-CUBE-NFC6.3.1.0
2024-05-08 14:36:46,895 [WARN] PackLoader:240 - Cannot read IP mode file for ITTIA_DB.I-CUBE-ITTIADB.8.8.0
2024-05-08 14:36:46,906 [WARN] PackLoader:240 - Cannot read IP mode file for emotas.I-CUBE-CANOPEN.1.1.3
2024-05-08 14:36:46,924 [WARN] PackLoader:240 - Cannot read IP mode file for STMicroelectronics.X-CUBE-BLEMGR.2.0.0
2024-05-08 14:36:46,936 [WARN] PackLoader:240 - Cannot read IP mode file for STMicroelectronics.X-CUBE-AI.9.0.0
2024-05-08 14:36:46,967 [WARN] ConditionMgr:438 - getConditionDescription Invalid condition id : UX DEVICE CLASS RTOS Condition cause : null
2024-05-08 14:36:46,968 [WARN] ConditionMgr:438 - getConditionDescription Invalid condition id : UX DEVICE CLASS RTOS Condition cause : null
2024-05-08 14:36:46,976 [WARN] PackLoader:240 - Cannot read IP mode file for STMicroelectronics.X-CUBE-AZRTOS-H7.3.1.0
2024-05-08 14:36:46,978 [WARN] ConditionMgr:1039 - genDependencies : Invalid condition id : UX DEVICE CLASS RTOS Condition cause : null
2024-05-08 14:36:46,979 [WARN] ConditionMgr:1039 - genDependencies : Invalid condition id : UX DEVICE CLASS RTOS Condition cause : null
2024-05-08 14:36:46,981 [WARN] ConditionMgr:1039 - genDependencies : Invalid condition id : UX DEVICE CLASS RTOS Condition cause : null
2024-05-08 14:36:46,982 [WARN] ConditionMgr:1039 - genDependencies : Invalid condition id : UX DEVICE CLASS RTOS Condition cause : null
2024-05-08 14:36:46,982 [WARN] ConditionMgr:1039 - genDependencies : Invalid condition id : UX DEVICE CLASS RTOS Condition cause : null
2024-05-08 14:36:47,001 [WARN] PackLoader:240 - Cannot read IP mode file for STMicroelectronics.X-CUBE-NFC7.1.0.1
2024-05-08 14:36:47,017 [WARN] PackLoader:240 - Cannot read IP mode file for STMicroelectronics.X-CUBE-NFC7.1.0.0
2024-05-08 14:36:47,031 [WARN] PackLoader:240 - Cannot read IP mode file for STMicroelectronics.X-CUBE-NFC6.3.0.0
2024-05-08 14:36:47,069 [WARN] PackLoader:240 - Cannot read IP mode file for STMicroelectronics.X-CUBE-EEPRMA1.4.1.0
2024-05-08 14:36:47,077 [WARN] PackLoader:240 - Cannot read IP mode file for STMicroelectronics.X-CUBE-AI.8.1.0
2024-05-08 14:36:47,123 [WARN] ConditionMgr:438 - getConditionDescription Invalid condition id : LAN8742 Phy interface Condition cause : null
2024-05-08 14:36:47,125 [WARN] PackLoader:240 - Cannot read IP mode file for STMicroelectronics.X-CUBE-AZRTOS-L4.2.0.0
2024-05-08 14:36:47,129 [WARN] ConditionMgr:1039 - genDependencies : Invalid condition id : LAN8742 Phy interface Condition cause : null
2024-05-08 14:36:47,129 [WARN] ConditionMgr:1039 - genDependencies : Invalid condition id : LAN8742 Phy interface Condition cause : null
2024-05-08 14:36:47,131 [WARN] ConditionMgr:1039 - genDependencies : Invalid condition id : LAN8742 Phy interface Condition cause : null
2024-05-08 14:36:47,151 [WARN] PackLoader:240 - Cannot read IP mode file for STMicroelectronics.X-CUBE-SFXS2LP1.4.0.0
2024-05-08 14:36:47,163 [WARN] PackLoader:240 - Cannot read IP mode file for STMicroelectronics.X-CUBE-ISPU.1.1.0
2024-05-08 14:36:47,171 [WARN] PackLoader:240 - Cannot read IP mode file for STMicroelectronics.X-CUBE-AI.8.0.0
2024-05-08 14:36:47,197 [WARN] ConditionMgr:438 - getConditionDescription Invalid condition id : UX DEVICE CLASS RTOS Condition cause : null
2024-05-08 14:36:47,198 [WARN] ConditionMgr:438 - getConditionDescription Invalid condition id : UX DEVICE CLASS RTOS Condition cause : null
2024-05-08 14:36:47,203 [WARN] PackLoader:240 - Cannot read IP mode file for STMicroelectronics.X-CUBE-AZRTOS-WB.2.0.0
2024-05-08 14:36:47,204 [WARN] ConditionMgr:1039 - genDependencies : Invalid condition id : UX DEVICE CLASS RTOS Condition cause : null
2024-05-08 14:36:47,205 [WARN] ConditionMgr:1039 - genDependencies : Invalid condition id : UX DEVICE CLASS RTOS Condition cause : null
2024-05-08 14:36:47,206 [WARN] ConditionMgr:1039 - genDependencies : Invalid condition id : UX DEVICE CLASS RTOS Condition cause : null
2024-05-08 14:36:47,206 [WARN] ConditionMgr:1039 - genDependencies : Invalid condition id : UX DEVICE CLASS RTOS Condition cause : null
2024-05-08 14:36:47,207 [WARN] ConditionMgr:1039 - genDependencies : Invalid condition id : UX DEVICE CLASS RTOS Condition cause : null
2024-05-08 14:36:47,218 [WARN] PackLoader:240 - Cannot read IP mode file for STMicroelectronics.X-CUBE-FREERTOS.1.0.1
2024-05-08 14:36:47,244 [WARN] PackLoader:240 - Cannot read IP mode file for STMicroelectronics.X-CUBE-AZRTOS-L5.1.1.0
2024-05-08 14:36:47,254 [WARN] PackLoader:240 - Cannot read IP mode file for STMicroelectronics.X-CUBE-AI.8.0.1
2024-05-08 14:36:47,269 [WARN] PackLoader:240 - Cannot read IP mode file for STMicroelectronics.X-CUBE-SUBG2.5.0.0
2024-05-08 14:36:47,289 [WARN] PackLoader:240 - Cannot read IP mode file for STMicroelectronics.X-CUBE-TOF1.3.3.1
2024-05-08 14:36:47,331 [WARN] PackLoader:240 - Cannot read IP mode file for STMicroelectronics.X-CUBE-AZRTOS-G4.2.0.0
2024-05-08 14:36:47,351 [WARN] PackLoader:240 - Cannot read IP mode file for STMicroelectronics.X-CUBE-TOF1.3.3.0
2024-05-08 14:36:47,386 [WARN] PackLoader:240 - Cannot read IP mode file for Infineon.AIROC-Wi-Fi-Bluetooth-STM32.1.5.1
2024-05-08 14:36:47,404 [WARN] PackLoader:240 - Cannot read IP mode file for STMicroelectronics.FP-SNS-MOTENVWB1.1.3.0
2024-05-08 14:36:47,410 [WARN] PackLoader:240 - Cannot read IP mode file for STMicroelectronics.FP-SNS-MOTENVWB1.1.3.1
2024-05-08 14:36:47,432 [WARN] PackLoader:240 - Cannot read IP mode file for STMicroelectronics.X-CUBE-AZRTOS-G4.1.0.0
2024-05-08 14:36:47,459 [WARN] PackLoader:240 - Cannot read IP mode file for STMicroelectronics.X-CUBE-AZRTOS-L4.1.0.0
2024-05-08 14:36:47,469 [WARN] PackLoader:240 - Cannot read IP mode file for STMicroelectronics.X-CUBE-ISPU.2.0.0
2024-05-08 14:36:47,537 [WARN] PackLoader:240 - Cannot read IP mode file for STMicroelectronics.X-CUBE-MEMS1.10.0.0
2024-05-08 14:36:47,787 [WARN] PackLoader:240 - Cannot read IP mode file for STMicroelectronics.X-CUBE-FREERTOS.1.1.0
2024-05-08 14:36:47,802 [WARN] PackLoader:240 - Cannot read IP mode file for STMicroelectronics.X-CUBE-AZRTOS-WL.1.0.0
2024-05-08 14:36:47,809 [WARN] PackLoader:240 - Cannot read IP mode file for portGmbH.I-Cube-SoM-uGOAL.1.1.0
2024-05-08 14:36:47,817 [WARN] PackLoader:240 - Cannot read IP mode file for STMicroelectronics.X-CUBE-ALS.1.0.1
2024-05-08 14:36:47,833 [WARN] PackLoader:240 - Cannot read IP mode file for STMicroelectronics.X-CUBE-AZRTOS-WB.1.1.0
2024-05-08 14:36:47,860 [WARN] PackLoader:240 - Cannot read IP mode file for STMicroelectronics.X-CUBE-AZRTOS-H7RS.1.0.0
2024-05-08 14:36:47,869 [WARN] PackLoader:240 - Cannot read IP mode file for STMicroelectronics.FP-ATR-ASTRA1.2.0.0
2024-05-08 14:36:47,880 [WARN] PackLoader:240 - Cannot read IP mode file for STMicroelectronics.X-CUBE-TOF1.3.4.0
2024-05-08 14:36:47,907 [WARN] PackLoader:240 - Cannot read IP mode file for STMicroelectronics.X-CUBE-TOF1.3.4.1
2024-05-08 14:36:47,940 [WARN] PackLoader:240 - Cannot read IP mode file for STMicroelectronics.X-CUBE-AZRTOS-H7.3.2.0
2024-05-08 14:36:47,944 [INFO] ThirdParty:978 - Integrity check success = true
2024-05-08 14:36:47,944 [INFO] IntegrityCheckThread:100 - exiting critical section [integrity check]
2024-05-08 14:36:47,945 [INFO] IntegrityCheckThread:103 - End integrity checks thread
2024-05-08 18:58:01,300 [ERROR] LogOutputStream:75 - [STDERR_REDIRECT] 
