2024-05-06 12:33:14,294 [INFO] Activator:176 - 


2024-05-06 12:33:14,300 [INFO] Activator:177 - !SESSION log4j initialized
2024-05-06 12:33:24,014 [INFO] LogOutputStream:77 - [STDOUT_REDIRECT] 
2024-05-06 12:33:30,288 [INFO] ApplicationProperties:184 - Using Application install path: C:\ST\STM32CubeIDE_1.10.1\STM32CubeIDE\plugins\com.st.stm32cube.common.mx_6.11.0.202403141607
2024-05-06 12:33:30,309 [INFO] DbMcusXml:78 - Set database path to: C:\ST\STM32CubeIDE_1.10.1\STM32CubeIDE\plugins\com.st.stm32cube.common.mx_6.11.0.202403141607\\db\/mcu/
2024-05-06 12:33:30,310 [INFO] ApiDb:274 - Set plugin database path to: C:\ST\STM32CubeIDE_1.10.1\STM32CubeIDE\plugins\com.st.stm32cube.common.mx_6.11.0.202403141607\\db\/plugins/boardmanager/
2024-05-06 12:33:30,312 [WARN] ApiDb:259 - Overriding images path with different value:  => C:\ST\STM32CubeIDE_1.10.1\STM32CubeIDE\plugins\com.st.stm32cube.common.mx_6.11.0.202403141607\\db\/plugins/mcufinder/images/
2024-05-06 12:33:30,325 [INFO] ApiDb:250 - Set database path to: C:\Users\CEPL\.stmcufinder\plugins\mcufinder//mcu/
2024-05-06 12:33:30,327 [INFO] DbMcusAds:125 - Set database path to: C:\Users\CEPL\.stmcufinder\plugins\mcufinder//mcu/
2024-05-06 12:33:30,329 [INFO] CrossReferenceDbSqlite:203 - Set database path to: C:\Users\CEPL\.stmcufinder\plugins\mcufinder//mcu/cs/
2024-05-06 12:33:30,504 [INFO] RulesReader:64 - Compatibility file has been processed (297 Rules)
2024-05-06 12:33:30,637 [INFO] DbMcusXml:78 - Set database path to: C:\ST\STM32CubeIDE_1.10.1\STM32CubeIDE\plugins\com.st.stm32cube.common.mx_6.11.0.202403141607\\db\/mcu/
2024-05-06 12:33:30,638 [INFO] ApiDb:274 - Set plugin database path to: C:\ST\STM32CubeIDE_1.10.1\STM32CubeIDE\plugins\com.st.stm32cube.common.mx_6.11.0.202403141607\\db\/plugins/boardmanager/
2024-05-06 12:33:30,638 [INFO] ApiDb:261 - Set plugin images path to: C:\ST\STM32CubeIDE_1.10.1\STM32CubeIDE\plugins\com.st.stm32cube.common.mx_6.11.0.202403141607\\db\/plugins/mcufinder/images/
2024-05-06 12:33:30,638 [WARN] DbFile:41 - Overriding database path with different value: C:\Users\CEPL\.stmcufinder\plugins\mcufinder/ => C:\Users\CEPL\.stmcufinder\plugins\mcufinder
2024-05-06 12:33:30,638 [INFO] ApiDb:250 - Set database path to: C:\Users\CEPL\.stmcufinder\plugins\mcufinder//mcu/
2024-05-06 12:33:30,638 [WARN] DbFile:41 - Overriding database path with different value: C:\Users\CEPL\.stmcufinder\plugins\mcufinder/ => C:\Users\CEPL\.stmcufinder\plugins\mcufinder
2024-05-06 12:33:30,638 [INFO] DbMcusAds:125 - Set database path to: C:\Users\CEPL\.stmcufinder\plugins\mcufinder//mcu/
2024-05-06 12:33:30,638 [WARN] DbFile:41 - Overriding database path with different value: C:\Users\CEPL\.stmcufinder\plugins\mcufinder/ => C:\Users\CEPL\.stmcufinder\plugins\mcufinder
2024-05-06 12:33:30,639 [WARN] DbFile:41 - Overriding database path with different value: C:\Users\CEPL\.stmcufinder\plugins\mcufinder/ => C:\Users\CEPL\.stmcufinder\plugins\mcufinder
2024-05-06 12:33:30,639 [INFO] CrossReferenceDbSqlite:203 - Set database path to: C:\Users\CEPL\.stmcufinder\plugins\mcufinder//mcu/cs/
2024-05-06 12:33:30,753 [INFO] MainPanel:264 - HeapMemory: 268435456
2024-05-06 12:33:30,910 [INFO] DbMcusXml:78 - Set database path to: C:\ST\STM32CubeIDE_1.10.1\STM32CubeIDE\plugins\com.st.stm32cube.common.mx_6.11.0.202403141607\\db\/mcu/
2024-05-06 12:33:30,910 [INFO] ApiDb:274 - Set plugin database path to: C:\ST\STM32CubeIDE_1.10.1\STM32CubeIDE\plugins\com.st.stm32cube.common.mx_6.11.0.202403141607\\db\/plugins/boardmanager/
2024-05-06 12:33:30,910 [INFO] ApiDb:261 - Set plugin images path to: C:\ST\STM32CubeIDE_1.10.1\STM32CubeIDE\plugins\com.st.stm32cube.common.mx_6.11.0.202403141607\\db\/plugins/mcufinder/images/
2024-05-06 12:33:30,913 [WARN] DbFile:41 - Overriding database path with different value: C:\Users\CEPL\.stmcufinder\plugins\mcufinder/ => C:\Users\CEPL\.stmcufinder\plugins\mcufinder
2024-05-06 12:33:30,913 [INFO] ApiDb:250 - Set database path to: C:\Users\CEPL\.stmcufinder\plugins\mcufinder//mcu/
2024-05-06 12:33:30,913 [WARN] DbFile:41 - Overriding database path with different value: C:\Users\CEPL\.stmcufinder\plugins\mcufinder/ => C:\Users\CEPL\.stmcufinder\plugins\mcufinder
2024-05-06 12:33:30,913 [INFO] DbMcusAds:125 - Set database path to: C:\Users\CEPL\.stmcufinder\plugins\mcufinder//mcu/
2024-05-06 12:33:30,913 [WARN] DbFile:41 - Overriding database path with different value: C:\Users\CEPL\.stmcufinder\plugins\mcufinder/ => C:\Users\CEPL\.stmcufinder\plugins\mcufinder
2024-05-06 12:33:30,913 [WARN] DbFile:41 - Overriding database path with different value: C:\Users\CEPL\.stmcufinder\plugins\mcufinder/ => C:\Users\CEPL\.stmcufinder\plugins\mcufinder
2024-05-06 12:33:30,913 [INFO] CrossReferenceDbSqlite:203 - Set database path to: C:\Users\CEPL\.stmcufinder\plugins\mcufinder//mcu/cs/
2024-05-06 12:33:30,940 [INFO] ApplicationProperties:184 - Using Application install path: C:\ST\STM32CubeIDE_1.10.1\STM32CubeIDE\plugins\com.st.stm32cube.common.mx_6.11.0.202403141607
2024-05-06 12:33:30,942 [INFO] PluginManage:196 - Search for loadable plugins [exclusion list=, ]
2024-05-06 12:33:30,944 [INFO] PluginManage:310 - Check plugin analytics
2024-05-06 12:33:31,255 [INFO] AnalyticsPlugin:253 - Accepted Software Licenses: 
2024-05-06 12:33:31,255 [INFO] AnalyticsPlugin:255 - Accepted CMSIS Pack Licenses: 
2024-05-06 12:33:31,256 [INFO] AnalyticsPlugin:257 - Accepted Firmware Licenses: FW.F4.1.27.0
2024-05-06 12:33:31,259 [INFO] PluginManage:359 - Loaded plugin analytics (category:tool,tabindex:-1)
2024-05-06 12:33:31,261 [INFO] PluginManage:310 - Check plugin cadmodel
2024-05-06 12:33:31,280 [INFO] CADModel:105 - Init CAD model plugin
2024-05-06 12:33:31,280 [INFO] PluginManage:359 - Loaded plugin cadmodel (category:power,tabindex:5)
2024-05-06 12:33:31,281 [INFO] PluginManage:310 - Check plugin clock
2024-05-06 12:33:31,316 [INFO] PluginManage:359 - Loaded plugin clock (category:base,tabindex:2)
2024-05-06 12:33:31,316 [INFO] PluginManage:310 - Check plugin ddr
2024-05-06 12:33:31,319 [INFO] PluginManage:359 - Loaded plugin ddr (category:tool,tabindex:6)
2024-05-06 12:33:31,320 [INFO] PluginManage:310 - Check plugin filemanager
2024-05-06 12:33:31,542 [INFO] PluginManage:359 - Loaded plugin filemanager (category:base,tabindex:10)
2024-05-06 12:33:31,543 [INFO] PluginManage:310 - Check plugin ipmanager
2024-05-06 12:33:31,553 [INFO] PluginManage:359 - Loaded plugin ipmanager (category:base,tabindex:5)
2024-05-06 12:33:31,553 [INFO] PluginManage:310 - Check plugin lpbam
2024-05-06 12:33:31,572 [INFO] PluginManage:359 - Loaded plugin lpbam (category:base,tabindex:0)
2024-05-06 12:33:31,572 [INFO] PluginManage:310 - Check plugin memorymap
2024-05-06 12:33:31,610 [INFO] PluginManage:359 - Loaded plugin memorymap (category:base,tabindex:4)
2024-05-06 12:33:31,611 [INFO] PluginManage:310 - Check plugin pinoutandconfiguration
2024-05-06 12:33:31,637 [INFO] PluginManage:359 - Loaded plugin pinoutandconfiguration (category:base,tabindex:1)
2024-05-06 12:33:31,637 [INFO] PluginManage:310 - Check plugin pinoutconfig
2024-05-06 12:33:31,775 [WARN] SupportedApi:132 - Cannot load RTOS API schema: s4s-elt-must-match.1: The content of 'definitions' must match (annotation?, (simpleType | complexType)?, (unique | key | keyref)*)). A problem was found starting at: attribute.
2024-05-06 12:33:31,985 [INFO] PluginManage:359 - Loaded plugin pinoutconfig (category:base,tabindex:0)
2024-05-06 12:33:31,985 [INFO] PluginManage:310 - Check plugin power
2024-05-06 12:33:32,037 [INFO] PluginManage:359 - Loaded plugin power (category:power,tabindex:4)
2024-05-06 12:33:32,037 [INFO] PluginManage:310 - Check plugin projectmanager
2024-05-06 12:33:32,060 [INFO] PluginManage:359 - Loaded plugin projectmanager (category:projectmanager,tabindex:3)
2024-05-06 12:33:32,060 [INFO] PluginManage:310 - Check plugin thirdparty
2024-05-06 12:33:32,476 [INFO] PluginManage:359 - Loaded plugin thirdparty (category:base,tabindex:-1)
2024-05-06 12:33:32,476 [WARN] IntegrityCheckThread:84 - waiting for thirdparty lock release [integrity check]
2024-05-06 12:33:32,477 [INFO] PluginManage:310 - Check plugin tools
2024-05-06 12:33:32,477 [INFO] IntegrityCheckThread:86 - entering critical section [integrity check]
2024-05-06 12:33:32,477 [INFO] ThirdPartyUpdaterWithRetryManager:70 - Updater plugin not ready yet. [1/15]
2024-05-06 12:33:32,518 [INFO] PluginManage:359 - Loaded plugin tools (category:base,tabindex:7)
2024-05-06 12:33:32,519 [INFO] PluginManage:310 - Check plugin tutovideos
2024-05-06 12:33:32,835 [INFO] PluginManage:359 - Loaded plugin tutovideos (category:base,tabindex:-1)
2024-05-06 12:33:32,835 [INFO] PluginManage:310 - Check plugin updater
2024-05-06 12:33:32,853 [INFO] PluginManage:359 - Loaded plugin updater (category:base,tabindex:12)
2024-05-06 12:33:32,853 [INFO] PluginManage:310 - Check plugin userauth
2024-05-06 12:33:32,862 [INFO] UserAuth:114 - Init User Auth plugin
2024-05-06 12:33:32,862 [INFO] PluginManage:359 - Loaded plugin userauth (category:base,tabindex:14)
2024-05-06 12:33:32,863 [INFO] PluginManage:283 - PluginManage : Loaded plugins [17]
2024-05-06 12:33:33,180 [INFO] PinOutPanel:1561 - setPackage(No Configuration,No Configuration)
2024-05-06 12:33:33,274 [INFO] CADModel:165 - CPN selected for project level
2024-05-06 12:33:33,274 [INFO] CADModel:114 - Register for checkConnection events
2024-05-06 12:33:33,310 [INFO] IPUIPlugin:80 - create IPUIPlugin
2024-05-06 12:33:33,310 [INFO] PluginManager:220 - loadIPPluginJar : add adc
2024-05-06 12:33:33,353 [INFO] IPUIPlugin:80 - create IPUIPlugin
2024-05-06 12:33:33,353 [INFO] PluginManager:220 - loadIPPluginJar : add aes
2024-05-06 12:33:33,402 [INFO] IPUIPlugin:80 - create IPUIPlugin
2024-05-06 12:33:33,402 [INFO] PluginManager:220 - loadIPPluginJar : add can
2024-05-06 12:33:33,429 [INFO] IPUIPlugin:80 - create IPUIPlugin
2024-05-06 12:33:33,430 [INFO] PluginManager:220 - loadIPPluginJar : add comp
2024-05-06 12:33:33,492 [INFO] IPUIPlugin:80 - create IPUIPlugin
2024-05-06 12:33:33,492 [INFO] PluginManager:220 - loadIPPluginJar : add cryp
2024-05-06 12:33:33,535 [INFO] IPUIPlugin:80 - create IPUIPlugin
2024-05-06 12:33:33,535 [INFO] PluginManager:220 - loadIPPluginJar : add dfsdm
2024-05-06 12:33:33,559 [INFO] IPUIPlugin:80 - create IPUIPlugin
2024-05-06 12:33:33,560 [INFO] PluginManager:220 - loadIPPluginJar : add dma
2024-05-06 12:33:33,622 [INFO] IPUIPlugin:80 - create IPUIPlugin
2024-05-06 12:33:33,623 [INFO] PluginManager:220 - loadIPPluginJar : add dma3
2024-05-06 12:33:33,678 [INFO] IPUIPlugin:80 - create IPUIPlugin
2024-05-06 12:33:33,678 [INFO] PluginManager:220 - loadIPPluginJar : add extmemmanager
2024-05-06 12:33:33,707 [INFO] IPUIPlugin:80 - create IPUIPlugin
2024-05-06 12:33:33,707 [INFO] PluginManager:220 - loadIPPluginJar : add fatfs
2024-05-06 12:33:33,765 [INFO] IPUIPlugin:80 - create IPUIPlugin
2024-05-06 12:33:33,765 [INFO] PluginManager:220 - loadIPPluginJar : add fmc
2024-05-06 12:33:33,782 [INFO] IPUIPlugin:80 - create IPUIPlugin
2024-05-06 12:33:33,782 [INFO] PluginManager:220 - loadIPPluginJar : add freertos
2024-05-06 12:33:33,806 [INFO] IPUIPlugin:80 - create IPUIPlugin
2024-05-06 12:33:33,807 [INFO] PluginManager:220 - loadIPPluginJar : add genericplugin
2024-05-06 12:33:33,924 [INFO] IPUIPlugin:80 - create IPUIPlugin
2024-05-06 12:33:33,924 [INFO] PluginManager:220 - loadIPPluginJar : add gfxmmu
2024-05-06 12:33:34,084 [INFO] IPUIPlugin:80 - create IPUIPlugin
2024-05-06 12:33:34,085 [INFO] PluginManager:220 - loadIPPluginJar : add gic
2024-05-06 12:33:34,101 [INFO] IPUIPlugin:80 - create IPUIPlugin
2024-05-06 12:33:34,101 [INFO] PluginManager:220 - loadIPPluginJar : add gpio
2024-05-06 12:33:34,208 [INFO] IPUIPlugin:80 - create IPUIPlugin
2024-05-06 12:33:34,209 [INFO] PluginManager:220 - loadIPPluginJar : add gtzc
2024-05-06 12:33:34,246 [INFO] IPUIPlugin:80 - create IPUIPlugin
2024-05-06 12:33:34,246 [INFO] PluginManager:220 - loadIPPluginJar : add hash
2024-05-06 12:33:34,307 [INFO] IPUIPlugin:80 - create IPUIPlugin
2024-05-06 12:33:34,308 [INFO] PluginManager:220 - loadIPPluginJar : add i2c
2024-05-06 12:33:34,353 [INFO] IPUIPlugin:80 - create IPUIPlugin
2024-05-06 12:33:34,353 [INFO] PluginManager:220 - loadIPPluginJar : add i2s
2024-05-06 12:33:34,415 [INFO] IPUIPlugin:80 - create IPUIPlugin
2024-05-06 12:33:34,416 [INFO] PluginManager:220 - loadIPPluginJar : add i3c
2024-05-06 12:33:34,542 [INFO] IPUIPlugin:80 - create IPUIPlugin
2024-05-06 12:33:34,543 [INFO] PluginManager:220 - loadIPPluginJar : add ipddr
2024-05-06 12:33:34,652 [INFO] IPUIPlugin:80 - create IPUIPlugin
2024-05-06 12:33:34,652 [INFO] PluginManager:220 - loadIPPluginJar : add linkedlist
2024-05-06 12:33:34,693 [INFO] IPUIPlugin:80 - create IPUIPlugin
2024-05-06 12:33:34,694 [INFO] PluginManager:220 - loadIPPluginJar : add lorawan
2024-05-06 12:33:34,738 [INFO] IPUIPlugin:80 - create IPUIPlugin
2024-05-06 12:33:34,739 [INFO] PluginManager:220 - loadIPPluginJar : add ltdc
2024-05-06 12:33:34,762 [INFO] IPUIPlugin:80 - create IPUIPlugin
2024-05-06 12:33:34,762 [INFO] PluginManager:220 - loadIPPluginJar : add mdma
2024-05-06 12:33:34,782 [INFO] IPUIPlugin:80 - create IPUIPlugin
2024-05-06 12:33:34,782 [INFO] PluginManager:220 - loadIPPluginJar : add nvic
2024-05-06 12:33:34,827 [INFO] IPUIPlugin:80 - create IPUIPlugin
2024-05-06 12:33:34,827 [INFO] PluginManager:220 - loadIPPluginJar : add opamp
2024-05-06 12:33:34,907 [INFO] IPUIPlugin:80 - create IPUIPlugin
2024-05-06 12:33:34,908 [INFO] PluginManager:220 - loadIPPluginJar : add openamp
2024-05-06 12:33:34,994 [INFO] IPUIPlugin:80 - create IPUIPlugin
2024-05-06 12:33:34,995 [INFO] PluginManager:220 - loadIPPluginJar : add pdm2pcm
2024-05-06 12:33:35,015 [INFO] IPUIPlugin:80 - create IPUIPlugin
2024-05-06 12:33:35,019 [INFO] PluginManager:220 - loadIPPluginJar : add plateformsettings
2024-05-06 12:33:35,046 [INFO] IPUIPlugin:80 - create IPUIPlugin
2024-05-06 12:33:35,047 [INFO] PluginManager:220 - loadIPPluginJar : add quadspi
2024-05-06 12:33:35,062 [INFO] IPUIPlugin:80 - create IPUIPlugin
2024-05-06 12:33:35,062 [INFO] PluginManager:220 - loadIPPluginJar : add resmgrutility
2024-05-06 12:33:35,120 [INFO] IPUIPlugin:80 - create IPUIPlugin
2024-05-06 12:33:35,120 [INFO] PluginManager:220 - loadIPPluginJar : add sai
2024-05-06 12:33:35,176 [INFO] IPUIPlugin:80 - create IPUIPlugin
2024-05-06 12:33:35,176 [INFO] PluginManager:220 - loadIPPluginJar : add spi
2024-05-06 12:33:35,270 [INFO] IPUIPlugin:80 - create IPUIPlugin
2024-05-06 12:33:35,270 [INFO] PluginManager:220 - loadIPPluginJar : add stm32_wpan
2024-05-06 12:33:35,296 [INFO] IPUIPlugin:80 - create IPUIPlugin
2024-05-06 12:33:35,297 [INFO] PluginManager:220 - loadIPPluginJar : add tim
2024-05-06 12:33:35,376 [INFO] IPUIPlugin:80 - create IPUIPlugin
2024-05-06 12:33:35,376 [INFO] PluginManager:220 - loadIPPluginJar : add touchsensing
2024-05-06 12:33:35,404 [INFO] IPUIPlugin:80 - create IPUIPlugin
2024-05-06 12:33:35,404 [INFO] PluginManager:220 - loadIPPluginJar : add tracer_emb
2024-05-06 12:33:35,440 [INFO] IPUIPlugin:80 - create IPUIPlugin
2024-05-06 12:33:35,441 [INFO] PluginManager:220 - loadIPPluginJar : add ts
2024-05-06 12:33:35,467 [INFO] IPUIPlugin:80 - create IPUIPlugin
2024-05-06 12:33:35,467 [INFO] PluginManager:220 - loadIPPluginJar : add tsc
2024-05-06 12:33:35,478 [INFO] ThirdPartyUpdaterWithRetryManager:70 - Updater plugin not ready yet. [2/15]
2024-05-06 12:33:35,494 [INFO] IPUIPlugin:80 - create IPUIPlugin
2024-05-06 12:33:35,494 [INFO] PluginManager:220 - loadIPPluginJar : add ucpd
2024-05-06 12:33:35,550 [INFO] IPUIPlugin:80 - create IPUIPlugin
2024-05-06 12:33:35,550 [INFO] PluginManager:220 - loadIPPluginJar : add usart
2024-05-06 12:33:35,601 [INFO] IPUIPlugin:80 - create IPUIPlugin
2024-05-06 12:33:35,602 [INFO] PluginManager:220 - loadIPPluginJar : add usbx
2024-05-06 12:33:35,746 [INFO] CADModel:165 - CPN selected for project level
2024-05-06 12:33:35,746 [INFO] CADModel:114 - Register for checkConnection events
2024-05-06 12:33:35,746 [FATAL] Updater:308 - Updater called before beeing initialized
2024-05-06 12:33:35,747 [ERROR] CADModel:125 - Updater not yet initialized, retry later 
2024-05-06 12:33:35,939 [INFO] CADModel:165 - CPN selected for project level
2024-05-06 12:33:35,939 [INFO] CADModel:114 - Register for checkConnection events
2024-05-06 12:33:35,939 [FATAL] Updater:308 - Updater called before beeing initialized
2024-05-06 12:33:35,940 [ERROR] CADModel:125 - Updater not yet initialized, retry later 
2024-05-06 12:33:35,943 [FATAL] Updater:308 - Updater called before beeing initialized
2024-05-06 12:33:36,097 [FATAL] Updater:308 - Updater called before beeing initialized
2024-05-06 12:33:36,109 [INFO] DbMcusAds:53 - JSON generation date=Thu May 02 14:07:29 IST 2024 (1714639049318)
2024-05-06 12:33:36,110 [FATAL] Updater:308 - Updater called before beeing initialized
2024-05-06 12:33:36,224 [WARN] DetailPanel:346 - Failed to get advertising image, set to default
2024-05-06 12:33:36,359 [FATAL] Updater:308 - Updater called before beeing initialized
2024-05-06 12:33:36,361 [FATAL] Updater:308 - Updater called before beeing initialized
2024-05-06 12:33:36,361 [FATAL] Updater:308 - Updater called before beeing initialized
2024-05-06 12:33:36,362 [WARN] DetailPanel:346 - Failed to get advertising image, set to default
2024-05-06 12:33:36,362 [FATAL] Updater:308 - Updater called before beeing initialized
2024-05-06 12:33:36,439 [ERROR] Updater:1120 - MainUpdater not yet initialized. External WinMGr cannot be set.
2024-05-06 12:33:36,450 [INFO] Updater:1056 - Updater Version found : 6.11.0
2024-05-06 12:33:36,482 [INFO] ApplicationProperties:184 - Using Application install path: C:\ST\STM32CubeIDE_1.10.1\STM32CubeIDE\plugins\com.st.stm32cube.common.mx_6.11.0.202403141607
2024-05-06 12:33:38,088 [ERROR] LogOutputStream:75 - [STDERR_REDIRECT] May 06, 2024 12:33:38 PM java.util.prefs.WindowsPreferences <init>
2024-05-06 12:33:38,090 [ERROR] LogOutputStream:75 - [STDERR_REDIRECT] WARNING: Could not open/create prefs root node Software\JavaSoft\Prefs at root 0xffffffff80000002. Windows RegCreateKeyEx(...) returned error code 5.
2024-05-06 12:33:38,090 [ERROR] LogOutputStream:75 - [STDERR_REDIRECT] 
2024-05-06 12:33:38,478 [INFO] ThirdPartyUpdaterWithRetryManager:70 - Updater plugin not ready yet. [3/15]
2024-05-06 12:33:38,574 [INFO] MainUpdater:2873 - connection check result : 10
2024-05-06 12:33:38,574 [INFO] MainUpdater:290 - Updater Check For Update Now.
2024-05-06 12:33:38,575 [INFO] MicroXplorer:498 - Change Database Version : DB.6.0.110
2024-05-06 12:33:38,596 [INFO] McuFinderGlobals:63 - Set McuFinder mode to 2 (CubeIDE integrated)
2024-05-06 12:33:38,614 [INFO] UserAuth:415 - Internet connection configuration mode: 1
2024-05-06 12:33:38,653 [INFO] JxBrowserEngine:152 - Initiate JxBrowser Engine with user profile folder
2024-05-06 12:33:38,817 [INFO] CheckServerUpdateThread:120 - End of CheckServer Thread
2024-05-06 12:33:41,694 [WARN] PackLoader:240 - Cannot read IP mode file for STMicroelectronics.FP-SNS-MOTENVWB1.1.4.0
2024-05-06 12:33:41,713 [WARN] PackLoader:240 - Cannot read IP mode file for STMicroelectronics.X-CUBE-SMBUS.2.1.0
2024-05-06 12:33:41,727 [WARN] PackLoader:240 - Cannot read IP mode file for STMicroelectronics.X-CUBE-TOUCHGFX.4.23.0
2024-05-06 12:33:41,739 [WARN] PackLoader:240 - Cannot read IP mode file for STMicroelectronics.X-CUBE-TOUCHGFX.4.23.2
2024-05-06 12:33:41,786 [WARN] PackLoader:240 - Cannot read IP mode file for STMicroelectronics.X-CUBE-AZRTOS-F7.1.1.0
2024-05-06 12:33:41,808 [WARN] PackLoader:240 - Cannot read IP mode file for STMicroelectronics.FP-SNS-MOTENV1.4.3.2
2024-05-06 12:33:41,827 [ERROR] RealEvaluatedCondition:428 - Found unsupported composite condition: CLASS='Data Exchange' GROUP='STM32_MetaDataManager'
2024-05-06 12:33:41,827 [ERROR] RealEvaluatedCondition:428 - Found unsupported composite condition: GROUP='STM32_MetaDataManager' CLASS='Data Exchange'
2024-05-06 12:33:41,829 [WARN] PackLoader:240 - Cannot read IP mode file for STMicroelectronics.FP-SNS-MOTENV1.4.3.1
2024-05-06 12:33:41,848 [WARN] PackLoader:240 - Cannot read IP mode file for STMicroelectronics.FP-SNS-FLIGHT1.5.0.1
2024-05-06 12:33:41,866 [WARN] PackLoader:240 - Cannot read IP mode file for STMicroelectronics.X-CUBE-BLE1.6.2.4
2024-05-06 12:33:41,882 [WARN] PackLoader:240 - Cannot read IP mode file for STMicroelectronics.FP-SNS-FLIGHT1.5.0.2
2024-05-06 12:33:41,909 [WARN] PackLoader:240 - Cannot read IP mode file for STMicroelectronics.X-CUBE-DISPLAY.3.0.0
2024-05-06 12:33:41,932 [WARN] PackLoader:240 - Cannot read IP mode file for STMicroelectronics.X-CUBE-BLE1.7.0.0
2024-05-06 12:33:41,953 [WARN] PackLoader:240 - Cannot read IP mode file for STMicroelectronics.X-CUBE-TOUCHGFX.4.22.0
2024-05-06 12:33:41,969 [WARN] PackLoader:240 - Cannot read IP mode file for STMicroelectronics.X-CUBE-TOUCHGFX.4.22.1
2024-05-06 12:33:42,001 [WARN] PackLoader:240 - Cannot read IP mode file for STMicroelectronics.X-CUBE-BLEMGR.3.1.0
2024-05-06 12:33:42,022 [WARN] PackLoader:240 - Cannot read IP mode file for STMicroelectronics.FP-SNS-SMARTAG2.1.2.0
2024-05-06 12:33:42,051 [INFO] LogOutputStream:77 - [STDOUT_REDIRECT] 1 : Invalid condition id : UX_CORESTACK_Condition cause : null
2024-05-06 12:33:42,051 [INFO] LogOutputStream:77 - [STDOUT_REDIRECT] 1 : Invalid condition id : UX_CORESTACK_Condition cause : null
2024-05-06 12:33:42,054 [INFO] LogOutputStream:77 - [STDOUT_REDIRECT] 1 : Invalid condition id : UX_CORESTACK_Condition cause : null
2024-05-06 12:33:42,056 [INFO] LogOutputStream:77 - [STDOUT_REDIRECT] 1 : Invalid condition id : UX_CORESTACK_Condition cause : null
2024-05-06 12:33:42,058 [INFO] LogOutputStream:77 - [STDOUT_REDIRECT] 1 : Invalid condition id : UX_CORESTACK_Condition cause : null
2024-05-06 12:33:42,064 [WARN] PackLoader:240 - Cannot read IP mode file for STMicroelectronics.X-CUBE-AZRTOS-WL.2.0.0
2024-05-06 12:33:42,080 [WARN] PackLoader:240 - Cannot read IP mode file for STMicroelectronics.FP-SNS-MOTENV1.5.0.0
2024-05-06 12:33:42,101 [WARN] PackLoader:240 - Cannot read IP mode file for WES.I-CUBE-Cesium.1.3.0
2024-05-06 12:33:42,117 [WARN] PackLoader:240 - Cannot read IP mode file for STMicroelectronics.X-CUBE-BLE2.3.3.0
2024-05-06 12:33:42,138 [WARN] PackLoader:240 - Cannot read IP mode file for STMicroelectronics.X-CUBE-TCPP.4.1.0
2024-05-06 12:33:42,159 [WARN] PackLoader:240 - Cannot read IP mode file for STMicroelectronics.X-CUBE-TOUCHGFX.4.21.3
2024-05-06 12:33:42,174 [WARN] PackLoader:240 - Cannot read IP mode file for STMicroelectronics.X-CUBE-TOUCHGFX.4.21.4
2024-05-06 12:33:42,195 [WARN] PackLoader:240 - Cannot read IP mode file for STMicroelectronics.X-CUBE-ALGOBUILD.1.3.0
2024-05-06 12:33:42,244 [WARN] PackLoader:240 - Cannot read IP mode file for STMicroelectronics.X-CUBE-AZRTOS-G0.1.1.0
2024-05-06 12:33:42,264 [WARN] PackLoader:240 - Cannot read IP mode file for STMicroelectronics.X-CUBE-SAFEA1.1.2.2
2024-05-06 12:33:42,284 [WARN] PackLoader:240 - Cannot read IP mode file for STMicroelectronics.X-CUBE-NFC4.3.0.0
2024-05-06 12:33:42,313 [WARN] PackLoader:240 - Cannot read IP mode file for STMicroelectronics.X-CUBE-BLEMGR.3.0.0
2024-05-06 12:33:42,333 [WARN] PackLoader:240 - Cannot read IP mode file for STMicroelectronics.FP-ATR-SIGFOX1.3.2.0
2024-05-06 12:33:42,350 [WARN] PackLoader:240 - Cannot read IP mode file for STMicroelectronics.X-CUBE-EEPRMA1.5.1.0
2024-05-06 12:33:42,406 [WARN] PackLoader:240 - Cannot read IP mode file for STMicroelectronics.X-CUBE-MEMS1.9.5.0
2024-05-06 12:33:42,677 [WARN] PackLoader:240 - Cannot read IP mode file for SEGGER.I-CUBE-embOS.1.3.1
2024-05-06 12:33:42,804 [WARN] PackLoader:240 - Cannot read IP mode file for STMicroelectronics.X-CUBE-GNSS1.6.0.0
2024-05-06 12:33:42,859 [WARN] PackLoader:240 - Cannot read IP mode file for STMicroelectronics.X-CUBE-AZRTOS-F4.1.1.0
2024-05-06 12:33:42,878 [WARN] PackLoader:240 - Cannot read IP mode file for wolfSSL.I-CUBE-wolfSSL.5.6.0
2024-05-06 12:33:42,901 [WARN] PackLoader:240 - Cannot read IP mode file for STMicroelectronics.X-CUBE-FREERTOS.1.2.0
2024-05-06 12:33:42,961 [WARN] PackLoader:240 - Cannot read IP mode file for STMicroelectronics.X-CUBE-AZRTOS-L5.2.0.0
2024-05-06 12:33:43,045 [WARN] PackLoader:240 - Cannot read IP mode file for STMicroelectronics.X-CUBE-MEMS1.9.6.0
2024-05-06 12:33:43,311 [WARN] PackLoader:240 - Cannot read IP mode file for STMicroelectronics.X-CUBE-EEPRMA1.4.2.0
2024-05-06 12:33:43,331 [WARN] PackLoader:240 - Cannot read IP mode file for STMicroelectronics.X-CUBE-NFC6.3.1.0
2024-05-06 12:33:43,351 [WARN] PackLoader:240 - Cannot read IP mode file for ITTIA_DB.I-CUBE-ITTIADB.8.8.0
2024-05-06 12:33:43,373 [WARN] PackLoader:240 - Cannot read IP mode file for emotas.I-CUBE-CANOPEN.1.1.3
2024-05-06 12:33:43,400 [WARN] PackLoader:240 - Cannot read IP mode file for STMicroelectronics.X-CUBE-BLEMGR.2.0.0
2024-05-06 12:33:43,417 [WARN] PackLoader:240 - Cannot read IP mode file for STMicroelectronics.X-CUBE-AI.9.0.0
2024-05-06 12:33:43,455 [WARN] ConditionMgr:438 - getConditionDescription Invalid condition id : UX DEVICE CLASS RTOS Condition cause : null
2024-05-06 12:33:43,455 [WARN] ConditionMgr:438 - getConditionDescription Invalid condition id : UX DEVICE CLASS RTOS Condition cause : null
2024-05-06 12:33:43,460 [WARN] PackLoader:240 - Cannot read IP mode file for STMicroelectronics.X-CUBE-AZRTOS-H7.3.1.0
2024-05-06 12:33:43,461 [WARN] ConditionMgr:1039 - genDependencies : Invalid condition id : UX DEVICE CLASS RTOS Condition cause : null
2024-05-06 12:33:43,461 [WARN] ConditionMgr:1039 - genDependencies : Invalid condition id : UX DEVICE CLASS RTOS Condition cause : null
2024-05-06 12:33:43,462 [WARN] ConditionMgr:1039 - genDependencies : Invalid condition id : UX DEVICE CLASS RTOS Condition cause : null
2024-05-06 12:33:43,462 [WARN] ConditionMgr:1039 - genDependencies : Invalid condition id : UX DEVICE CLASS RTOS Condition cause : null
2024-05-06 12:33:43,462 [WARN] ConditionMgr:1039 - genDependencies : Invalid condition id : UX DEVICE CLASS RTOS Condition cause : null
2024-05-06 12:33:43,478 [WARN] PackLoader:240 - Cannot read IP mode file for STMicroelectronics.X-CUBE-NFC7.1.0.1
2024-05-06 12:33:43,491 [WARN] PackLoader:240 - Cannot read IP mode file for STMicroelectronics.X-CUBE-NFC7.1.0.0
2024-05-06 12:33:43,506 [WARN] PackLoader:240 - Cannot read IP mode file for STMicroelectronics.X-CUBE-NFC6.3.0.0
2024-05-06 12:33:43,533 [WARN] PackLoader:240 - Cannot read IP mode file for STMicroelectronics.X-CUBE-EEPRMA1.4.1.0
2024-05-06 12:33:43,552 [WARN] PackLoader:240 - Cannot read IP mode file for STMicroelectronics.X-CUBE-AI.8.1.0
2024-05-06 12:33:43,602 [WARN] ConditionMgr:438 - getConditionDescription Invalid condition id : LAN8742 Phy interface Condition cause : null
2024-05-06 12:33:43,604 [WARN] PackLoader:240 - Cannot read IP mode file for STMicroelectronics.X-CUBE-AZRTOS-L4.2.0.0
2024-05-06 12:33:43,606 [WARN] ConditionMgr:1039 - genDependencies : Invalid condition id : LAN8742 Phy interface Condition cause : null
2024-05-06 12:33:43,606 [WARN] ConditionMgr:1039 - genDependencies : Invalid condition id : LAN8742 Phy interface Condition cause : null
2024-05-06 12:33:43,608 [WARN] ConditionMgr:1039 - genDependencies : Invalid condition id : LAN8742 Phy interface Condition cause : null
2024-05-06 12:33:43,627 [WARN] PackLoader:240 - Cannot read IP mode file for STMicroelectronics.X-CUBE-SFXS2LP1.4.0.0
2024-05-06 12:33:43,647 [WARN] PackLoader:240 - Cannot read IP mode file for STMicroelectronics.X-CUBE-ISPU.1.1.0
2024-05-06 12:33:43,681 [WARN] PackLoader:240 - Cannot read IP mode file for STMicroelectronics.X-CUBE-AI.8.0.0
2024-05-06 12:33:43,731 [WARN] ConditionMgr:438 - getConditionDescription Invalid condition id : UX DEVICE CLASS RTOS Condition cause : null
2024-05-06 12:33:43,732 [WARN] ConditionMgr:438 - getConditionDescription Invalid condition id : UX DEVICE CLASS RTOS Condition cause : null
2024-05-06 12:33:43,736 [WARN] PackLoader:240 - Cannot read IP mode file for STMicroelectronics.X-CUBE-AZRTOS-WB.2.0.0
2024-05-06 12:33:43,737 [WARN] ConditionMgr:1039 - genDependencies : Invalid condition id : UX DEVICE CLASS RTOS Condition cause : null
2024-05-06 12:33:43,737 [WARN] ConditionMgr:1039 - genDependencies : Invalid condition id : UX DEVICE CLASS RTOS Condition cause : null
2024-05-06 12:33:43,738 [WARN] ConditionMgr:1039 - genDependencies : Invalid condition id : UX DEVICE CLASS RTOS Condition cause : null
2024-05-06 12:33:43,738 [WARN] ConditionMgr:1039 - genDependencies : Invalid condition id : UX DEVICE CLASS RTOS Condition cause : null
2024-05-06 12:33:43,738 [WARN] ConditionMgr:1039 - genDependencies : Invalid condition id : UX DEVICE CLASS RTOS Condition cause : null
2024-05-06 12:33:43,760 [WARN] PackLoader:240 - Cannot read IP mode file for STMicroelectronics.X-CUBE-FREERTOS.1.0.1
2024-05-06 12:33:43,796 [WARN] PackLoader:240 - Cannot read IP mode file for STMicroelectronics.X-CUBE-AZRTOS-L5.1.1.0
2024-05-06 12:33:43,816 [WARN] PackLoader:240 - Cannot read IP mode file for STMicroelectronics.X-CUBE-AI.8.0.1
2024-05-06 12:33:43,846 [WARN] PackLoader:240 - Cannot read IP mode file for STMicroelectronics.X-CUBE-SUBG2.5.0.0
2024-05-06 12:33:43,882 [WARN] PackLoader:240 - Cannot read IP mode file for STMicroelectronics.X-CUBE-TOF1.3.3.1
2024-05-06 12:33:43,932 [WARN] PackLoader:240 - Cannot read IP mode file for STMicroelectronics.X-CUBE-AZRTOS-G4.2.0.0
2024-05-06 12:33:43,965 [WARN] PackLoader:240 - Cannot read IP mode file for STMicroelectronics.X-CUBE-TOF1.3.3.0
2024-05-06 12:33:44,012 [WARN] PackLoader:240 - Cannot read IP mode file for Infineon.AIROC-Wi-Fi-Bluetooth-STM32.1.5.1
2024-05-06 12:33:44,029 [WARN] PackLoader:240 - Cannot read IP mode file for STMicroelectronics.FP-SNS-MOTENVWB1.1.3.0
2024-05-06 12:33:44,043 [WARN] PackLoader:240 - Cannot read IP mode file for STMicroelectronics.FP-SNS-MOTENVWB1.1.3.1
2024-05-06 12:33:44,078 [WARN] PackLoader:240 - Cannot read IP mode file for STMicroelectronics.X-CUBE-AZRTOS-G4.1.0.0
2024-05-06 12:33:44,113 [WARN] PackLoader:240 - Cannot read IP mode file for STMicroelectronics.X-CUBE-AZRTOS-L4.1.0.0
2024-05-06 12:33:44,133 [WARN] PackLoader:240 - Cannot read IP mode file for STMicroelectronics.X-CUBE-ISPU.2.0.0
2024-05-06 12:33:44,203 [WARN] PackLoader:240 - Cannot read IP mode file for STMicroelectronics.X-CUBE-MEMS1.10.0.0
2024-05-06 12:33:44,331 [WARN] PackLoader:240 - Cannot read IP mode file for STMicroelectronics.X-CUBE-FREERTOS.1.1.0
2024-05-06 12:33:44,358 [WARN] PackLoader:240 - Cannot read IP mode file for STMicroelectronics.X-CUBE-AZRTOS-WL.1.0.0
2024-05-06 12:33:44,379 [WARN] PackLoader:240 - Cannot read IP mode file for portGmbH.I-Cube-SoM-uGOAL.1.1.0
2024-05-06 12:33:44,399 [WARN] PackLoader:240 - Cannot read IP mode file for STMicroelectronics.X-CUBE-ALS.1.0.1
2024-05-06 12:33:44,436 [WARN] PackLoader:240 - Cannot read IP mode file for STMicroelectronics.X-CUBE-AZRTOS-WB.1.1.0
2024-05-06 12:33:44,488 [WARN] PackLoader:240 - Cannot read IP mode file for STMicroelectronics.X-CUBE-AZRTOS-H7RS.1.0.0
2024-05-06 12:33:44,511 [WARN] PackLoader:240 - Cannot read IP mode file for STMicroelectronics.FP-ATR-ASTRA1.2.0.0
2024-05-06 12:33:44,541 [WARN] PackLoader:240 - Cannot read IP mode file for STMicroelectronics.X-CUBE-TOF1.3.4.0
2024-05-06 12:33:44,581 [WARN] PackLoader:240 - Cannot read IP mode file for STMicroelectronics.X-CUBE-TOF1.3.4.1
2024-05-06 12:33:44,641 [WARN] PackLoader:240 - Cannot read IP mode file for STMicroelectronics.X-CUBE-AZRTOS-H7.3.2.0
2024-05-06 12:33:44,646 [INFO] ThirdParty:978 - Integrity check success = true
2024-05-06 12:33:44,646 [INFO] IntegrityCheckThread:100 - exiting critical section [integrity check]
2024-05-06 12:33:44,646 [INFO] IntegrityCheckThread:103 - End integrity checks thread
2024-05-06 12:33:45,859 [INFO] WebApp:161 - Instantiating new browser for Auth
2024-05-06 12:33:46,796 [INFO] WebApp:779 - Register for checkConnection events
2024-05-06 12:33:46,797 [INFO] WebApp:414 - Apply proxy settings
2024-05-06 12:33:46,797 [INFO] WebApp:499 - Chromium requires no authentication
2024-05-06 12:33:46,806 [INFO] WebApp:442 - Direct internet connection detected
2024-05-06 12:33:47,070 [INFO] WebApp:192 - Starting web application
2024-05-06 12:33:47,070 [INFO] WebApp:544 - Web application path used C:\ST\STM32CubeIDE_1.10.1\STM32CubeIDE\plugins\com.st.stm32cube.common.mx_6.11.0.202403141607\db\plugins\mcufinder\reactClient1\index.html
2024-05-06 17:34:33,987 [ERROR] LogOutputStream:75 - [STDERR_REDIRECT] 
2024-05-06 17:34:33,992 [ERROR] LogOutputStream:75 - [STDERR_REDIRECT] 
