2024-05-09 11:01:09,816 [INFO] Activator:176 - 


2024-05-09 11:01:09,825 [INFO] Activator:177 - !SESSION log4j initialized
2024-05-09 11:01:24,309 [INFO] LogOutputStream:77 - [STDOUT_REDIRECT] 
2024-05-09 11:01:29,861 [INFO] ApplicationProperties:184 - Using Application install path: C:\ST\STM32CubeIDE_1.10.1\STM32CubeIDE\plugins\com.st.stm32cube.common.mx_6.11.0.202403141607
2024-05-09 11:01:29,917 [INFO] DbMcusXml:78 - Set database path to: C:\ST\STM32CubeIDE_1.10.1\STM32CubeIDE\plugins\com.st.stm32cube.common.mx_6.11.0.202403141607\\db\/mcu/
2024-05-09 11:01:29,918 [INFO] ApiDb:274 - Set plugin database path to: C:\ST\STM32CubeIDE_1.10.1\STM32CubeIDE\plugins\com.st.stm32cube.common.mx_6.11.0.202403141607\\db\/plugins/boardmanager/
2024-05-09 11:01:29,919 [WARN] ApiDb:259 - Overriding images path with different value:  => C:\ST\STM32CubeIDE_1.10.1\STM32CubeIDE\plugins\com.st.stm32cube.common.mx_6.11.0.202403141607\\db\/plugins/mcufinder/images/
2024-05-09 11:01:29,944 [INFO] ApiDb:250 - Set database path to: C:\Users\CEPL\.stmcufinder\plugins\mcufinder//mcu/
2024-05-09 11:01:29,948 [INFO] DbMcusAds:125 - Set database path to: C:\Users\CEPL\.stmcufinder\plugins\mcufinder//mcu/
2024-05-09 11:01:29,957 [INFO] CrossReferenceDbSqlite:203 - Set database path to: C:\Users\CEPL\.stmcufinder\plugins\mcufinder//mcu/cs/
2024-05-09 11:01:30,364 [INFO] RulesReader:64 - Compatibility file has been processed (297 Rules)
2024-05-09 11:01:30,668 [INFO] DbMcusXml:78 - Set database path to: C:\ST\STM32CubeIDE_1.10.1\STM32CubeIDE\plugins\com.st.stm32cube.common.mx_6.11.0.202403141607\\db\/mcu/
2024-05-09 11:01:30,669 [INFO] ApiDb:274 - Set plugin database path to: C:\ST\STM32CubeIDE_1.10.1\STM32CubeIDE\plugins\com.st.stm32cube.common.mx_6.11.0.202403141607\\db\/plugins/boardmanager/
2024-05-09 11:01:30,669 [INFO] ApiDb:261 - Set plugin images path to: C:\ST\STM32CubeIDE_1.10.1\STM32CubeIDE\plugins\com.st.stm32cube.common.mx_6.11.0.202403141607\\db\/plugins/mcufinder/images/
2024-05-09 11:01:30,670 [WARN] DbFile:41 - Overriding database path with different value: C:\Users\CEPL\.stmcufinder\plugins\mcufinder/ => C:\Users\CEPL\.stmcufinder\plugins\mcufinder
2024-05-09 11:01:30,670 [INFO] ApiDb:250 - Set database path to: C:\Users\CEPL\.stmcufinder\plugins\mcufinder//mcu/
2024-05-09 11:01:30,670 [WARN] DbFile:41 - Overriding database path with different value: C:\Users\CEPL\.stmcufinder\plugins\mcufinder/ => C:\Users\CEPL\.stmcufinder\plugins\mcufinder
2024-05-09 11:01:30,671 [INFO] DbMcusAds:125 - Set database path to: C:\Users\CEPL\.stmcufinder\plugins\mcufinder//mcu/
2024-05-09 11:01:30,671 [WARN] DbFile:41 - Overriding database path with different value: C:\Users\CEPL\.stmcufinder\plugins\mcufinder/ => C:\Users\CEPL\.stmcufinder\plugins\mcufinder
2024-05-09 11:01:30,672 [WARN] DbFile:41 - Overriding database path with different value: C:\Users\CEPL\.stmcufinder\plugins\mcufinder/ => C:\Users\CEPL\.stmcufinder\plugins\mcufinder
2024-05-09 11:01:30,672 [INFO] CrossReferenceDbSqlite:203 - Set database path to: C:\Users\CEPL\.stmcufinder\plugins\mcufinder//mcu/cs/
2024-05-09 11:01:30,941 [INFO] MainPanel:264 - HeapMemory: 268435456
2024-05-09 11:01:31,223 [INFO] DbMcusXml:78 - Set database path to: C:\ST\STM32CubeIDE_1.10.1\STM32CubeIDE\plugins\com.st.stm32cube.common.mx_6.11.0.202403141607\\db\/mcu/
2024-05-09 11:01:31,224 [INFO] ApiDb:274 - Set plugin database path to: C:\ST\STM32CubeIDE_1.10.1\STM32CubeIDE\plugins\com.st.stm32cube.common.mx_6.11.0.202403141607\\db\/plugins/boardmanager/
2024-05-09 11:01:31,224 [INFO] ApiDb:261 - Set plugin images path to: C:\ST\STM32CubeIDE_1.10.1\STM32CubeIDE\plugins\com.st.stm32cube.common.mx_6.11.0.202403141607\\db\/plugins/mcufinder/images/
2024-05-09 11:01:31,225 [WARN] DbFile:41 - Overriding database path with different value: C:\Users\CEPL\.stmcufinder\plugins\mcufinder/ => C:\Users\CEPL\.stmcufinder\plugins\mcufinder
2024-05-09 11:01:31,225 [INFO] ApiDb:250 - Set database path to: C:\Users\CEPL\.stmcufinder\plugins\mcufinder//mcu/
2024-05-09 11:01:31,225 [WARN] DbFile:41 - Overriding database path with different value: C:\Users\CEPL\.stmcufinder\plugins\mcufinder/ => C:\Users\CEPL\.stmcufinder\plugins\mcufinder
2024-05-09 11:01:31,225 [INFO] DbMcusAds:125 - Set database path to: C:\Users\CEPL\.stmcufinder\plugins\mcufinder//mcu/
2024-05-09 11:01:31,225 [WARN] DbFile:41 - Overriding database path with different value: C:\Users\CEPL\.stmcufinder\plugins\mcufinder/ => C:\Users\CEPL\.stmcufinder\plugins\mcufinder
2024-05-09 11:01:31,226 [WARN] DbFile:41 - Overriding database path with different value: C:\Users\CEPL\.stmcufinder\plugins\mcufinder/ => C:\Users\CEPL\.stmcufinder\plugins\mcufinder
2024-05-09 11:01:31,226 [INFO] CrossReferenceDbSqlite:203 - Set database path to: C:\Users\CEPL\.stmcufinder\plugins\mcufinder//mcu/cs/
2024-05-09 11:01:31,278 [INFO] ApplicationProperties:184 - Using Application install path: C:\ST\STM32CubeIDE_1.10.1\STM32CubeIDE\plugins\com.st.stm32cube.common.mx_6.11.0.202403141607
2024-05-09 11:01:31,284 [INFO] PluginManage:196 - Search for loadable plugins [exclusion list=, ]
2024-05-09 11:01:31,286 [INFO] PluginManage:310 - Check plugin analytics
2024-05-09 11:01:31,994 [INFO] AnalyticsPlugin:253 - Accepted Software Licenses: 
2024-05-09 11:01:31,995 [INFO] AnalyticsPlugin:255 - Accepted CMSIS Pack Licenses: 
2024-05-09 11:01:31,995 [INFO] AnalyticsPlugin:257 - Accepted Firmware Licenses: FW.F4.1.27.0
2024-05-09 11:01:31,999 [INFO] PluginManage:359 - Loaded plugin analytics (category:tool,tabindex:-1)
2024-05-09 11:01:31,999 [INFO] PluginManage:310 - Check plugin cadmodel
2024-05-09 11:01:32,031 [INFO] CADModel:105 - Init CAD model plugin
2024-05-09 11:01:32,032 [INFO] PluginManage:359 - Loaded plugin cadmodel (category:power,tabindex:5)
2024-05-09 11:01:32,033 [INFO] PluginManage:310 - Check plugin clock
2024-05-09 11:01:32,075 [INFO] PluginManage:359 - Loaded plugin clock (category:base,tabindex:2)
2024-05-09 11:01:32,075 [INFO] PluginManage:310 - Check plugin ddr
2024-05-09 11:01:32,082 [INFO] PluginManage:359 - Loaded plugin ddr (category:tool,tabindex:6)
2024-05-09 11:01:32,084 [INFO] PluginManage:310 - Check plugin filemanager
2024-05-09 11:01:32,528 [INFO] PluginManage:359 - Loaded plugin filemanager (category:base,tabindex:10)
2024-05-09 11:01:32,528 [INFO] PluginManage:310 - Check plugin ipmanager
2024-05-09 11:01:32,551 [INFO] PluginManage:359 - Loaded plugin ipmanager (category:base,tabindex:5)
2024-05-09 11:01:32,552 [INFO] PluginManage:310 - Check plugin lpbam
2024-05-09 11:01:32,597 [INFO] PluginManage:359 - Loaded plugin lpbam (category:base,tabindex:0)
2024-05-09 11:01:32,598 [INFO] PluginManage:310 - Check plugin memorymap
2024-05-09 11:01:32,700 [INFO] PluginManage:359 - Loaded plugin memorymap (category:base,tabindex:4)
2024-05-09 11:01:32,700 [INFO] PluginManage:310 - Check plugin pinoutandconfiguration
2024-05-09 11:01:32,753 [INFO] PluginManage:359 - Loaded plugin pinoutandconfiguration (category:base,tabindex:1)
2024-05-09 11:01:32,754 [INFO] PluginManage:310 - Check plugin pinoutconfig
2024-05-09 11:01:33,167 [WARN] SupportedApi:132 - Cannot load RTOS API schema: s4s-elt-must-match.1: The content of 'definitions' must match (annotation?, (simpleType | complexType)?, (unique | key | keyref)*)). A problem was found starting at: attribute.
2024-05-09 11:01:33,639 [INFO] PluginManage:359 - Loaded plugin pinoutconfig (category:base,tabindex:0)
2024-05-09 11:01:33,639 [INFO] PluginManage:310 - Check plugin power
2024-05-09 11:01:33,689 [INFO] PluginManage:359 - Loaded plugin power (category:power,tabindex:4)
2024-05-09 11:01:33,690 [INFO] PluginManage:310 - Check plugin projectmanager
2024-05-09 11:01:33,741 [INFO] PluginManage:359 - Loaded plugin projectmanager (category:projectmanager,tabindex:3)
2024-05-09 11:01:33,741 [INFO] PluginManage:310 - Check plugin thirdparty
2024-05-09 11:01:34,495 [INFO] PluginManage:359 - Loaded plugin thirdparty (category:base,tabindex:-1)
2024-05-09 11:01:34,494 [WARN] IntegrityCheckThread:84 - waiting for thirdparty lock release [integrity check]
2024-05-09 11:01:34,495 [INFO] PluginManage:310 - Check plugin tools
2024-05-09 11:01:34,495 [INFO] IntegrityCheckThread:86 - entering critical section [integrity check]
2024-05-09 11:01:34,497 [INFO] ThirdPartyUpdaterWithRetryManager:70 - Updater plugin not ready yet. [1/15]
2024-05-09 11:01:34,597 [INFO] PluginManage:359 - Loaded plugin tools (category:base,tabindex:7)
2024-05-09 11:01:34,598 [INFO] PluginManage:310 - Check plugin tutovideos
2024-05-09 11:01:35,311 [INFO] PluginManage:359 - Loaded plugin tutovideos (category:base,tabindex:-1)
2024-05-09 11:01:35,311 [INFO] PluginManage:310 - Check plugin updater
2024-05-09 11:01:35,341 [INFO] PluginManage:359 - Loaded plugin updater (category:base,tabindex:12)
2024-05-09 11:01:35,343 [INFO] PluginManage:310 - Check plugin userauth
2024-05-09 11:01:35,363 [INFO] UserAuth:114 - Init User Auth plugin
2024-05-09 11:01:35,364 [INFO] PluginManage:359 - Loaded plugin userauth (category:base,tabindex:14)
2024-05-09 11:01:35,366 [INFO] PluginManage:283 - PluginManage : Loaded plugins [17]
2024-05-09 11:01:36,138 [INFO] PinOutPanel:1561 - setPackage(No Configuration,No Configuration)
2024-05-09 11:01:36,351 [INFO] CADModel:165 - CPN selected for project level
2024-05-09 11:01:36,352 [INFO] CADModel:114 - Register for checkConnection events
2024-05-09 11:01:36,410 [INFO] IPUIPlugin:80 - create IPUIPlugin
2024-05-09 11:01:36,410 [INFO] PluginManager:220 - loadIPPluginJar : add adc
2024-05-09 11:01:36,508 [INFO] IPUIPlugin:80 - create IPUIPlugin
2024-05-09 11:01:36,508 [INFO] PluginManager:220 - loadIPPluginJar : add aes
2024-05-09 11:01:36,631 [INFO] IPUIPlugin:80 - create IPUIPlugin
2024-05-09 11:01:36,631 [INFO] PluginManager:220 - loadIPPluginJar : add can
2024-05-09 11:01:36,689 [INFO] IPUIPlugin:80 - create IPUIPlugin
2024-05-09 11:01:36,690 [INFO] PluginManager:220 - loadIPPluginJar : add comp
2024-05-09 11:01:36,801 [INFO] IPUIPlugin:80 - create IPUIPlugin
2024-05-09 11:01:36,801 [INFO] PluginManager:220 - loadIPPluginJar : add cryp
2024-05-09 11:01:36,879 [INFO] IPUIPlugin:80 - create IPUIPlugin
2024-05-09 11:01:36,879 [INFO] PluginManager:220 - loadIPPluginJar : add dfsdm
2024-05-09 11:01:36,915 [INFO] IPUIPlugin:80 - create IPUIPlugin
2024-05-09 11:01:36,916 [INFO] PluginManager:220 - loadIPPluginJar : add dma
2024-05-09 11:01:37,055 [INFO] IPUIPlugin:80 - create IPUIPlugin
2024-05-09 11:01:37,055 [INFO] PluginManager:220 - loadIPPluginJar : add dma3
2024-05-09 11:01:37,203 [INFO] IPUIPlugin:80 - create IPUIPlugin
2024-05-09 11:01:37,203 [INFO] PluginManager:220 - loadIPPluginJar : add extmemmanager
2024-05-09 11:01:37,263 [INFO] IPUIPlugin:80 - create IPUIPlugin
2024-05-09 11:01:37,264 [INFO] PluginManager:220 - loadIPPluginJar : add fatfs
2024-05-09 11:01:37,406 [INFO] IPUIPlugin:80 - create IPUIPlugin
2024-05-09 11:01:37,407 [INFO] PluginManager:220 - loadIPPluginJar : add fmc
2024-05-09 11:01:37,439 [INFO] IPUIPlugin:80 - create IPUIPlugin
2024-05-09 11:01:37,440 [INFO] PluginManager:220 - loadIPPluginJar : add freertos
2024-05-09 11:01:37,493 [INFO] IPUIPlugin:80 - create IPUIPlugin
2024-05-09 11:01:37,493 [INFO] PluginManager:220 - loadIPPluginJar : add genericplugin
2024-05-09 11:01:37,499 [INFO] ThirdPartyUpdaterWithRetryManager:70 - Updater plugin not ready yet. [2/15]
2024-05-09 11:01:37,810 [INFO] IPUIPlugin:80 - create IPUIPlugin
2024-05-09 11:01:37,810 [INFO] PluginManager:220 - loadIPPluginJar : add gfxmmu
2024-05-09 11:01:38,239 [INFO] IPUIPlugin:80 - create IPUIPlugin
2024-05-09 11:01:38,240 [INFO] PluginManager:220 - loadIPPluginJar : add gic
2024-05-09 11:01:38,262 [INFO] IPUIPlugin:80 - create IPUIPlugin
2024-05-09 11:01:38,263 [INFO] PluginManager:220 - loadIPPluginJar : add gpio
2024-05-09 11:01:38,583 [INFO] IPUIPlugin:80 - create IPUIPlugin
2024-05-09 11:01:38,584 [INFO] PluginManager:220 - loadIPPluginJar : add gtzc
2024-05-09 11:01:38,674 [INFO] IPUIPlugin:80 - create IPUIPlugin
2024-05-09 11:01:38,674 [INFO] PluginManager:220 - loadIPPluginJar : add hash
2024-05-09 11:01:38,841 [INFO] IPUIPlugin:80 - create IPUIPlugin
2024-05-09 11:01:38,842 [INFO] PluginManager:220 - loadIPPluginJar : add i2c
2024-05-09 11:01:38,976 [INFO] IPUIPlugin:80 - create IPUIPlugin
2024-05-09 11:01:38,977 [INFO] PluginManager:220 - loadIPPluginJar : add i2s
2024-05-09 11:01:39,112 [INFO] IPUIPlugin:80 - create IPUIPlugin
2024-05-09 11:01:39,113 [INFO] PluginManager:220 - loadIPPluginJar : add i3c
2024-05-09 11:01:39,470 [INFO] IPUIPlugin:80 - create IPUIPlugin
2024-05-09 11:01:39,471 [INFO] PluginManager:220 - loadIPPluginJar : add ipddr
2024-05-09 11:01:39,808 [INFO] IPUIPlugin:80 - create IPUIPlugin
2024-05-09 11:01:39,809 [INFO] PluginManager:220 - loadIPPluginJar : add linkedlist
2024-05-09 11:01:39,902 [INFO] IPUIPlugin:80 - create IPUIPlugin
2024-05-09 11:01:39,903 [INFO] PluginManager:220 - loadIPPluginJar : add lorawan
2024-05-09 11:01:40,029 [INFO] IPUIPlugin:80 - create IPUIPlugin
2024-05-09 11:01:40,030 [INFO] PluginManager:220 - loadIPPluginJar : add ltdc
2024-05-09 11:01:40,175 [INFO] IPUIPlugin:80 - create IPUIPlugin
2024-05-09 11:01:40,176 [INFO] PluginManager:220 - loadIPPluginJar : add mdma
2024-05-09 11:01:40,216 [INFO] IPUIPlugin:80 - create IPUIPlugin
2024-05-09 11:01:40,217 [INFO] PluginManager:220 - loadIPPluginJar : add nvic
2024-05-09 11:01:40,517 [INFO] IPUIPlugin:80 - create IPUIPlugin
2024-05-09 11:01:40,517 [INFO] PluginManager:220 - loadIPPluginJar : add opamp
2024-05-09 11:01:40,545 [INFO] ThirdPartyUpdaterWithRetryManager:70 - Updater plugin not ready yet. [3/15]
2024-05-09 11:01:40,718 [INFO] IPUIPlugin:80 - create IPUIPlugin
2024-05-09 11:01:40,718 [INFO] PluginManager:220 - loadIPPluginJar : add openamp
2024-05-09 11:01:40,843 [INFO] IPUIPlugin:80 - create IPUIPlugin
2024-05-09 11:01:40,843 [INFO] PluginManager:220 - loadIPPluginJar : add pdm2pcm
2024-05-09 11:01:40,913 [INFO] IPUIPlugin:80 - create IPUIPlugin
2024-05-09 11:01:40,921 [INFO] PluginManager:220 - loadIPPluginJar : add plateformsettings
2024-05-09 11:01:41,004 [INFO] IPUIPlugin:80 - create IPUIPlugin
2024-05-09 11:01:41,004 [INFO] PluginManager:220 - loadIPPluginJar : add quadspi
2024-05-09 11:01:41,034 [INFO] IPUIPlugin:80 - create IPUIPlugin
2024-05-09 11:01:41,035 [INFO] PluginManager:220 - loadIPPluginJar : add resmgrutility
2024-05-09 11:01:41,188 [INFO] IPUIPlugin:80 - create IPUIPlugin
2024-05-09 11:01:41,188 [INFO] PluginManager:220 - loadIPPluginJar : add sai
2024-05-09 11:01:41,289 [INFO] IPUIPlugin:80 - create IPUIPlugin
2024-05-09 11:01:41,290 [INFO] PluginManager:220 - loadIPPluginJar : add spi
2024-05-09 11:01:41,581 [INFO] IPUIPlugin:80 - create IPUIPlugin
2024-05-09 11:01:41,581 [INFO] PluginManager:220 - loadIPPluginJar : add stm32_wpan
2024-05-09 11:01:41,726 [INFO] IPUIPlugin:80 - create IPUIPlugin
2024-05-09 11:01:41,727 [INFO] PluginManager:220 - loadIPPluginJar : add tim
2024-05-09 11:01:42,000 [INFO] IPUIPlugin:80 - create IPUIPlugin
2024-05-09 11:01:42,001 [INFO] PluginManager:220 - loadIPPluginJar : add touchsensing
2024-05-09 11:01:42,075 [INFO] IPUIPlugin:80 - create IPUIPlugin
2024-05-09 11:01:42,075 [INFO] PluginManager:220 - loadIPPluginJar : add tracer_emb
2024-05-09 11:01:42,163 [INFO] IPUIPlugin:80 - create IPUIPlugin
2024-05-09 11:01:42,164 [INFO] PluginManager:220 - loadIPPluginJar : add ts
2024-05-09 11:01:42,287 [INFO] IPUIPlugin:80 - create IPUIPlugin
2024-05-09 11:01:42,288 [INFO] PluginManager:220 - loadIPPluginJar : add tsc
2024-05-09 11:01:42,356 [INFO] IPUIPlugin:80 - create IPUIPlugin
2024-05-09 11:01:42,357 [INFO] PluginManager:220 - loadIPPluginJar : add ucpd
2024-05-09 11:01:42,494 [INFO] IPUIPlugin:80 - create IPUIPlugin
2024-05-09 11:01:42,494 [INFO] PluginManager:220 - loadIPPluginJar : add usart
2024-05-09 11:01:42,634 [INFO] IPUIPlugin:80 - create IPUIPlugin
2024-05-09 11:01:42,635 [INFO] PluginManager:220 - loadIPPluginJar : add usbx
2024-05-09 11:01:42,924 [INFO] CADModel:165 - CPN selected for project level
2024-05-09 11:01:42,924 [INFO] CADModel:114 - Register for checkConnection events
2024-05-09 11:01:42,925 [FATAL] Updater:308 - Updater called before beeing initialized
2024-05-09 11:01:42,925 [ERROR] CADModel:125 - Updater not yet initialized, retry later 
2024-05-09 11:01:43,548 [INFO] ThirdPartyUpdaterWithRetryManager:70 - Updater plugin not ready yet. [4/15]
2024-05-09 11:01:43,606 [INFO] CADModel:165 - CPN selected for project level
2024-05-09 11:01:43,607 [INFO] CADModel:114 - Register for checkConnection events
2024-05-09 11:01:43,607 [FATAL] Updater:308 - Updater called before beeing initialized
2024-05-09 11:01:43,607 [ERROR] CADModel:125 - Updater not yet initialized, retry later 
2024-05-09 11:01:43,613 [FATAL] Updater:308 - Updater called before beeing initialized
2024-05-09 11:01:44,028 [FATAL] Updater:308 - Updater called before beeing initialized
2024-05-09 11:01:44,063 [INFO] DbMcusAds:53 - JSON generation date=Thu May 02 14:07:29 IST 2024 (1714639049318)
2024-05-09 11:01:44,063 [FATAL] Updater:308 - Updater called before beeing initialized
2024-05-09 11:01:44,327 [WARN] DetailPanel:346 - Failed to get advertising image, set to default
2024-05-09 11:01:44,641 [FATAL] Updater:308 - Updater called before beeing initialized
2024-05-09 11:01:44,647 [FATAL] Updater:308 - Updater called before beeing initialized
2024-05-09 11:01:44,648 [FATAL] Updater:308 - Updater called before beeing initialized
2024-05-09 11:01:44,648 [WARN] DetailPanel:346 - Failed to get advertising image, set to default
2024-05-09 11:01:44,650 [FATAL] Updater:308 - Updater called before beeing initialized
2024-05-09 11:01:45,011 [ERROR] Updater:1120 - MainUpdater not yet initialized. External WinMGr cannot be set.
2024-05-09 11:01:45,077 [INFO] Updater:1056 - Updater Version found : 6.11.0
2024-05-09 11:01:45,186 [INFO] ApplicationProperties:184 - Using Application install path: C:\ST\STM32CubeIDE_1.10.1\STM32CubeIDE\plugins\com.st.stm32cube.common.mx_6.11.0.202403141607
2024-05-09 11:01:46,549 [FATAL] Updater:308 - Updater called before beeing initialized
2024-05-09 11:01:46,550 [ERROR] IntegrityCheckThread:130 - Cannot retrieve database content from updater: error 21
2024-05-09 11:01:46,551 [INFO] ThirdParty:978 - Integrity check success = false
2024-05-09 11:01:46,551 [INFO] IntegrityCheckThread:100 - exiting critical section [integrity check]
2024-05-09 11:01:46,551 [INFO] IntegrityCheckThread:103 - End integrity checks thread
2024-05-09 11:01:46,867 [ERROR] LogOutputStream:75 - [STDERR_REDIRECT] May 09, 2024 11:01:46 AM java.util.prefs.WindowsPreferences <init>
2024-05-09 11:01:46,877 [ERROR] LogOutputStream:75 - [STDERR_REDIRECT] WARNING: Could not open/create prefs root node Software\JavaSoft\Prefs at root 0xffffffff80000002. Windows RegCreateKeyEx(...) returned error code 5.
2024-05-09 11:01:46,878 [ERROR] LogOutputStream:75 - [STDERR_REDIRECT] 
2024-05-09 11:01:48,613 [INFO] MainUpdater:2873 - connection check result : 10
2024-05-09 11:01:48,615 [INFO] MainUpdater:290 - Updater Check For Update Now.
2024-05-09 11:01:48,616 [INFO] MicroXplorer:498 - Change Database Version : DB.6.0.110
2024-05-09 11:01:48,657 [INFO] McuFinderGlobals:63 - Set McuFinder mode to 2 (CubeIDE integrated)
2024-05-09 11:01:48,686 [INFO] UserAuth:415 - Internet connection configuration mode: 1
2024-05-09 11:01:48,735 [INFO] JxBrowserEngine:152 - Initiate JxBrowser Engine with user profile folder
2024-05-09 11:01:49,027 [INFO] CheckServerUpdateThread:120 - End of CheckServer Thread
2024-05-09 11:01:59,954 [INFO] WebApp:161 - Instantiating new browser for Auth
2024-05-09 11:02:01,303 [INFO] WebApp:779 - Register for checkConnection events
2024-05-09 11:02:01,305 [INFO] WebApp:414 - Apply proxy settings
2024-05-09 11:02:01,309 [INFO] WebApp:499 - Chromium requires no authentication
2024-05-09 11:02:01,328 [INFO] WebApp:442 - Direct internet connection detected
2024-05-09 11:02:01,793 [INFO] WebApp:192 - Starting web application
2024-05-09 11:02:01,793 [INFO] WebApp:544 - Web application path used C:\ST\STM32CubeIDE_1.10.1\STM32CubeIDE\plugins\com.st.stm32cube.common.mx_6.11.0.202403141607\db\plugins\mcufinder\reactClient1\index.html
2024-05-09 20:24:27,467 [ERROR] LogOutputStream:75 - [STDERR_REDIRECT] 
