2024-06-04 15:13:03,351 [INFO] Activator:176 - 


2024-06-04 15:13:03,356 [INFO] Activator:177 - !SESSION log4j initialized
2024-06-04 15:13:10,925 [INFO] LogOutputStream:77 - [STDOUT_REDIRECT] 
2024-06-04 15:13:15,502 [INFO] ApplicationProperties:184 - Using Application install path: C:\ST\STM32CubeIDE_1.10.1\STM32CubeIDE\plugins\com.st.stm32cube.common.mx_6.11.0.202403141607
2024-06-04 15:13:15,529 [INFO] DbMcusXml:78 - Set database path to: C:\ST\STM32CubeIDE_1.10.1\STM32CubeIDE\plugins\com.st.stm32cube.common.mx_6.11.0.202403141607\\db\/mcu/
2024-06-04 15:13:15,530 [INFO] ApiDb:274 - Set plugin database path to: C:\ST\STM32CubeIDE_1.10.1\STM32CubeIDE\plugins\com.st.stm32cube.common.mx_6.11.0.202403141607\\db\/plugins/boardmanager/
2024-06-04 15:13:15,530 [WARN] ApiDb:259 - Overriding images path with different value:  => C:\ST\STM32CubeIDE_1.10.1\STM32CubeIDE\plugins\com.st.stm32cube.common.mx_6.11.0.202403141607\\db\/plugins/mcufinder/images/
2024-06-04 15:13:15,545 [INFO] ApiDb:250 - Set database path to: C:\Users\CEPL\.stmcufinder\plugins\mcufinder//mcu/
2024-06-04 15:13:15,546 [INFO] DbMcusAds:125 - Set database path to: C:\Users\CEPL\.stmcufinder\plugins\mcufinder//mcu/
2024-06-04 15:13:15,549 [INFO] CrossReferenceDbSqlite:203 - Set database path to: C:\Users\CEPL\.stmcufinder\plugins\mcufinder//mcu/cs/
2024-06-04 15:13:15,664 [INFO] RulesReader:64 - Compatibility file has been processed (297 Rules)
2024-06-04 15:13:15,752 [INFO] DbMcusXml:78 - Set database path to: C:\ST\STM32CubeIDE_1.10.1\STM32CubeIDE\plugins\com.st.stm32cube.common.mx_6.11.0.202403141607\\db\/mcu/
2024-06-04 15:13:15,752 [INFO] ApiDb:274 - Set plugin database path to: C:\ST\STM32CubeIDE_1.10.1\STM32CubeIDE\plugins\com.st.stm32cube.common.mx_6.11.0.202403141607\\db\/plugins/boardmanager/
2024-06-04 15:13:15,753 [INFO] ApiDb:261 - Set plugin images path to: C:\ST\STM32CubeIDE_1.10.1\STM32CubeIDE\plugins\com.st.stm32cube.common.mx_6.11.0.202403141607\\db\/plugins/mcufinder/images/
2024-06-04 15:13:15,753 [WARN] DbFile:41 - Overriding database path with different value: C:\Users\CEPL\.stmcufinder\plugins\mcufinder/ => C:\Users\CEPL\.stmcufinder\plugins\mcufinder
2024-06-04 15:13:15,753 [INFO] ApiDb:250 - Set database path to: C:\Users\CEPL\.stmcufinder\plugins\mcufinder//mcu/
2024-06-04 15:13:15,753 [WARN] DbFile:41 - Overriding database path with different value: C:\Users\CEPL\.stmcufinder\plugins\mcufinder/ => C:\Users\CEPL\.stmcufinder\plugins\mcufinder
2024-06-04 15:13:15,753 [INFO] DbMcusAds:125 - Set database path to: C:\Users\CEPL\.stmcufinder\plugins\mcufinder//mcu/
2024-06-04 15:13:15,753 [WARN] DbFile:41 - Overriding database path with different value: C:\Users\CEPL\.stmcufinder\plugins\mcufinder/ => C:\Users\CEPL\.stmcufinder\plugins\mcufinder
2024-06-04 15:13:15,753 [WARN] DbFile:41 - Overriding database path with different value: C:\Users\CEPL\.stmcufinder\plugins\mcufinder/ => C:\Users\CEPL\.stmcufinder\plugins\mcufinder
2024-06-04 15:13:15,753 [INFO] CrossReferenceDbSqlite:203 - Set database path to: C:\Users\CEPL\.stmcufinder\plugins\mcufinder//mcu/cs/
2024-06-04 15:13:15,827 [INFO] MainPanel:264 - HeapMemory: 268435456
2024-06-04 15:13:15,952 [INFO] DbMcusXml:78 - Set database path to: C:\ST\STM32CubeIDE_1.10.1\STM32CubeIDE\plugins\com.st.stm32cube.common.mx_6.11.0.202403141607\\db\/mcu/
2024-06-04 15:13:15,952 [INFO] ApiDb:274 - Set plugin database path to: C:\ST\STM32CubeIDE_1.10.1\STM32CubeIDE\plugins\com.st.stm32cube.common.mx_6.11.0.202403141607\\db\/plugins/boardmanager/
2024-06-04 15:13:15,952 [INFO] ApiDb:261 - Set plugin images path to: C:\ST\STM32CubeIDE_1.10.1\STM32CubeIDE\plugins\com.st.stm32cube.common.mx_6.11.0.202403141607\\db\/plugins/mcufinder/images/
2024-06-04 15:13:15,952 [WARN] DbFile:41 - Overriding database path with different value: C:\Users\CEPL\.stmcufinder\plugins\mcufinder/ => C:\Users\CEPL\.stmcufinder\plugins\mcufinder
2024-06-04 15:13:15,952 [INFO] ApiDb:250 - Set database path to: C:\Users\CEPL\.stmcufinder\plugins\mcufinder//mcu/
2024-06-04 15:13:15,952 [WARN] DbFile:41 - Overriding database path with different value: C:\Users\CEPL\.stmcufinder\plugins\mcufinder/ => C:\Users\CEPL\.stmcufinder\plugins\mcufinder
2024-06-04 15:13:15,953 [INFO] DbMcusAds:125 - Set database path to: C:\Users\CEPL\.stmcufinder\plugins\mcufinder//mcu/
2024-06-04 15:13:15,953 [WARN] DbFile:41 - Overriding database path with different value: C:\Users\CEPL\.stmcufinder\plugins\mcufinder/ => C:\Users\CEPL\.stmcufinder\plugins\mcufinder
2024-06-04 15:13:15,953 [WARN] DbFile:41 - Overriding database path with different value: C:\Users\CEPL\.stmcufinder\plugins\mcufinder/ => C:\Users\CEPL\.stmcufinder\plugins\mcufinder
2024-06-04 15:13:15,953 [INFO] CrossReferenceDbSqlite:203 - Set database path to: C:\Users\CEPL\.stmcufinder\plugins\mcufinder//mcu/cs/
2024-06-04 15:13:15,976 [INFO] ApplicationProperties:184 - Using Application install path: C:\ST\STM32CubeIDE_1.10.1\STM32CubeIDE\plugins\com.st.stm32cube.common.mx_6.11.0.202403141607
2024-06-04 15:13:15,978 [INFO] PluginManage:196 - Search for loadable plugins [exclusion list=, ]
2024-06-04 15:13:15,980 [INFO] PluginManage:310 - Check plugin analytics
2024-06-04 15:13:16,224 [INFO] AnalyticsPlugin:253 - Accepted Software Licenses: 
2024-06-04 15:13:16,225 [INFO] AnalyticsPlugin:255 - Accepted CMSIS Pack Licenses: 
2024-06-04 15:13:16,226 [INFO] AnalyticsPlugin:257 - Accepted Firmware Licenses: FW.F4.1.27.0
2024-06-04 15:13:16,230 [INFO] PluginManage:359 - Loaded plugin analytics (category:tool,tabindex:-1)
2024-06-04 15:13:16,231 [INFO] PluginManage:310 - Check plugin cadmodel
2024-06-04 15:13:16,262 [INFO] CADModel:105 - Init CAD model plugin
2024-06-04 15:13:16,262 [INFO] PluginManage:359 - Loaded plugin cadmodel (category:power,tabindex:5)
2024-06-04 15:13:16,263 [INFO] PluginManage:310 - Check plugin clock
2024-06-04 15:13:16,305 [INFO] PluginManage:359 - Loaded plugin clock (category:base,tabindex:2)
2024-06-04 15:13:16,306 [INFO] PluginManage:310 - Check plugin ddr
2024-06-04 15:13:16,312 [INFO] PluginManage:359 - Loaded plugin ddr (category:tool,tabindex:6)
2024-06-04 15:13:16,313 [INFO] PluginManage:310 - Check plugin filemanager
2024-06-04 15:13:16,574 [INFO] PluginManage:359 - Loaded plugin filemanager (category:base,tabindex:10)
2024-06-04 15:13:16,574 [INFO] PluginManage:310 - Check plugin ipmanager
2024-06-04 15:13:16,586 [INFO] PluginManage:359 - Loaded plugin ipmanager (category:base,tabindex:5)
2024-06-04 15:13:16,586 [INFO] PluginManage:310 - Check plugin lpbam
2024-06-04 15:13:16,620 [INFO] PluginManage:359 - Loaded plugin lpbam (category:base,tabindex:0)
2024-06-04 15:13:16,620 [INFO] PluginManage:310 - Check plugin memorymap
2024-06-04 15:13:16,661 [INFO] PluginManage:359 - Loaded plugin memorymap (category:base,tabindex:4)
2024-06-04 15:13:16,662 [INFO] PluginManage:310 - Check plugin pinoutandconfiguration
2024-06-04 15:13:16,693 [INFO] PluginManage:359 - Loaded plugin pinoutandconfiguration (category:base,tabindex:1)
2024-06-04 15:13:16,693 [INFO] PluginManage:310 - Check plugin pinoutconfig
2024-06-04 15:13:16,863 [WARN] SupportedApi:132 - Cannot load RTOS API schema: s4s-elt-must-match.1: The content of 'definitions' must match (annotation?, (simpleType | complexType)?, (unique | key | keyref)*)). A problem was found starting at: attribute.
2024-06-04 15:13:17,117 [INFO] PluginManage:359 - Loaded plugin pinoutconfig (category:base,tabindex:0)
2024-06-04 15:13:17,118 [INFO] PluginManage:310 - Check plugin power
2024-06-04 15:13:17,141 [INFO] PluginManage:359 - Loaded plugin power (category:power,tabindex:4)
2024-06-04 15:13:17,141 [INFO] PluginManage:310 - Check plugin projectmanager
2024-06-04 15:13:17,157 [INFO] PluginManage:359 - Loaded plugin projectmanager (category:projectmanager,tabindex:3)
2024-06-04 15:13:17,158 [INFO] PluginManage:310 - Check plugin thirdparty
2024-06-04 15:13:17,477 [INFO] PluginManage:359 - Loaded plugin thirdparty (category:base,tabindex:-1)
2024-06-04 15:13:17,477 [WARN] IntegrityCheckThread:84 - waiting for thirdparty lock release [integrity check]
2024-06-04 15:13:17,477 [INFO] PluginManage:310 - Check plugin tools
2024-06-04 15:13:17,477 [INFO] IntegrityCheckThread:86 - entering critical section [integrity check]
2024-06-04 15:13:17,478 [INFO] ThirdPartyUpdaterWithRetryManager:70 - Updater plugin not ready yet. [1/15]
2024-06-04 15:13:17,516 [INFO] PluginManage:359 - Loaded plugin tools (category:base,tabindex:7)
2024-06-04 15:13:17,516 [INFO] PluginManage:310 - Check plugin tutovideos
2024-06-04 15:13:17,715 [INFO] PluginManage:359 - Loaded plugin tutovideos (category:base,tabindex:-1)
2024-06-04 15:13:17,715 [INFO] PluginManage:310 - Check plugin updater
2024-06-04 15:13:17,728 [INFO] PluginManage:359 - Loaded plugin updater (category:base,tabindex:12)
2024-06-04 15:13:17,728 [INFO] PluginManage:310 - Check plugin userauth
2024-06-04 15:13:17,734 [INFO] UserAuth:114 - Init User Auth plugin
2024-06-04 15:13:17,734 [INFO] PluginManage:359 - Loaded plugin userauth (category:base,tabindex:14)
2024-06-04 15:13:17,734 [INFO] PluginManage:283 - PluginManage : Loaded plugins [17]
2024-06-04 15:13:17,939 [INFO] PinOutPanel:1561 - setPackage(No Configuration,No Configuration)
2024-06-04 15:13:18,014 [INFO] CADModel:165 - CPN selected for project level
2024-06-04 15:13:18,014 [INFO] CADModel:114 - Register for checkConnection events
2024-06-04 15:13:18,037 [INFO] IPUIPlugin:80 - create IPUIPlugin
2024-06-04 15:13:18,038 [INFO] PluginManager:220 - loadIPPluginJar : add adc
2024-06-04 15:13:18,075 [INFO] IPUIPlugin:80 - create IPUIPlugin
2024-06-04 15:13:18,075 [INFO] PluginManager:220 - loadIPPluginJar : add aes
2024-06-04 15:13:18,120 [INFO] IPUIPlugin:80 - create IPUIPlugin
2024-06-04 15:13:18,120 [INFO] PluginManager:220 - loadIPPluginJar : add can
2024-06-04 15:13:18,142 [INFO] IPUIPlugin:80 - create IPUIPlugin
2024-06-04 15:13:18,143 [INFO] PluginManager:220 - loadIPPluginJar : add comp
2024-06-04 15:13:18,178 [INFO] IPUIPlugin:80 - create IPUIPlugin
2024-06-04 15:13:18,178 [INFO] PluginManager:220 - loadIPPluginJar : add cryp
2024-06-04 15:13:18,210 [INFO] IPUIPlugin:80 - create IPUIPlugin
2024-06-04 15:13:18,210 [INFO] PluginManager:220 - loadIPPluginJar : add dfsdm
2024-06-04 15:13:18,224 [INFO] IPUIPlugin:80 - create IPUIPlugin
2024-06-04 15:13:18,224 [INFO] PluginManager:220 - loadIPPluginJar : add dma
2024-06-04 15:13:18,269 [INFO] IPUIPlugin:80 - create IPUIPlugin
2024-06-04 15:13:18,269 [INFO] PluginManager:220 - loadIPPluginJar : add dma3
2024-06-04 15:13:18,317 [INFO] IPUIPlugin:80 - create IPUIPlugin
2024-06-04 15:13:18,317 [INFO] PluginManager:220 - loadIPPluginJar : add extmemmanager
2024-06-04 15:13:18,339 [INFO] IPUIPlugin:80 - create IPUIPlugin
2024-06-04 15:13:18,339 [INFO] PluginManager:220 - loadIPPluginJar : add fatfs
2024-06-04 15:13:18,391 [INFO] IPUIPlugin:80 - create IPUIPlugin
2024-06-04 15:13:18,391 [INFO] PluginManager:220 - loadIPPluginJar : add fmc
2024-06-04 15:13:18,406 [INFO] IPUIPlugin:80 - create IPUIPlugin
2024-06-04 15:13:18,407 [INFO] PluginManager:220 - loadIPPluginJar : add freertos
2024-06-04 15:13:18,428 [INFO] IPUIPlugin:80 - create IPUIPlugin
2024-06-04 15:13:18,428 [INFO] PluginManager:220 - loadIPPluginJar : add genericplugin
2024-06-04 15:13:18,527 [INFO] IPUIPlugin:80 - create IPUIPlugin
2024-06-04 15:13:18,527 [INFO] PluginManager:220 - loadIPPluginJar : add gfxmmu
2024-06-04 15:13:18,666 [INFO] IPUIPlugin:80 - create IPUIPlugin
2024-06-04 15:13:18,667 [INFO] PluginManager:220 - loadIPPluginJar : add gic
2024-06-04 15:13:18,680 [INFO] IPUIPlugin:80 - create IPUIPlugin
2024-06-04 15:13:18,680 [INFO] PluginManager:220 - loadIPPluginJar : add gpio
2024-06-04 15:13:18,773 [INFO] IPUIPlugin:80 - create IPUIPlugin
2024-06-04 15:13:18,773 [INFO] PluginManager:220 - loadIPPluginJar : add gtzc
2024-06-04 15:13:18,805 [INFO] IPUIPlugin:80 - create IPUIPlugin
2024-06-04 15:13:18,806 [INFO] PluginManager:220 - loadIPPluginJar : add hash
2024-06-04 15:13:18,858 [INFO] IPUIPlugin:80 - create IPUIPlugin
2024-06-04 15:13:18,858 [INFO] PluginManager:220 - loadIPPluginJar : add i2c
2024-06-04 15:13:18,896 [INFO] IPUIPlugin:80 - create IPUIPlugin
2024-06-04 15:13:18,897 [INFO] PluginManager:220 - loadIPPluginJar : add i2s
2024-06-04 15:13:18,939 [INFO] IPUIPlugin:80 - create IPUIPlugin
2024-06-04 15:13:18,939 [INFO] PluginManager:220 - loadIPPluginJar : add i3c
2024-06-04 15:13:19,046 [INFO] IPUIPlugin:80 - create IPUIPlugin
2024-06-04 15:13:19,046 [INFO] PluginManager:220 - loadIPPluginJar : add ipddr
2024-06-04 15:13:19,140 [INFO] IPUIPlugin:80 - create IPUIPlugin
2024-06-04 15:13:19,140 [INFO] PluginManager:220 - loadIPPluginJar : add linkedlist
2024-06-04 15:13:19,175 [INFO] IPUIPlugin:80 - create IPUIPlugin
2024-06-04 15:13:19,175 [INFO] PluginManager:220 - loadIPPluginJar : add lorawan
2024-06-04 15:13:19,212 [INFO] IPUIPlugin:80 - create IPUIPlugin
2024-06-04 15:13:19,212 [INFO] PluginManager:220 - loadIPPluginJar : add ltdc
2024-06-04 15:13:19,225 [INFO] IPUIPlugin:80 - create IPUIPlugin
2024-06-04 15:13:19,225 [INFO] PluginManager:220 - loadIPPluginJar : add mdma
2024-06-04 15:13:19,237 [INFO] IPUIPlugin:80 - create IPUIPlugin
2024-06-04 15:13:19,237 [INFO] PluginManager:220 - loadIPPluginJar : add nvic
2024-06-04 15:13:19,273 [INFO] IPUIPlugin:80 - create IPUIPlugin
2024-06-04 15:13:19,273 [INFO] PluginManager:220 - loadIPPluginJar : add opamp
2024-06-04 15:13:19,337 [INFO] IPUIPlugin:80 - create IPUIPlugin
2024-06-04 15:13:19,338 [INFO] PluginManager:220 - loadIPPluginJar : add openamp
2024-06-04 15:13:19,381 [INFO] IPUIPlugin:80 - create IPUIPlugin
2024-06-04 15:13:19,381 [INFO] PluginManager:220 - loadIPPluginJar : add pdm2pcm
2024-06-04 15:13:19,394 [INFO] IPUIPlugin:80 - create IPUIPlugin
2024-06-04 15:13:19,396 [INFO] PluginManager:220 - loadIPPluginJar : add plateformsettings
2024-06-04 15:13:19,417 [INFO] IPUIPlugin:80 - create IPUIPlugin
2024-06-04 15:13:19,418 [INFO] PluginManager:220 - loadIPPluginJar : add quadspi
2024-06-04 15:13:19,429 [INFO] IPUIPlugin:80 - create IPUIPlugin
2024-06-04 15:13:19,429 [INFO] PluginManager:220 - loadIPPluginJar : add resmgrutility
2024-06-04 15:13:19,478 [INFO] IPUIPlugin:80 - create IPUIPlugin
2024-06-04 15:13:19,478 [INFO] PluginManager:220 - loadIPPluginJar : add sai
2024-06-04 15:13:19,515 [INFO] IPUIPlugin:80 - create IPUIPlugin
2024-06-04 15:13:19,516 [INFO] PluginManager:220 - loadIPPluginJar : add spi
2024-06-04 15:13:19,584 [INFO] IPUIPlugin:80 - create IPUIPlugin
2024-06-04 15:13:19,584 [INFO] PluginManager:220 - loadIPPluginJar : add stm32_wpan
2024-06-04 15:13:19,607 [INFO] IPUIPlugin:80 - create IPUIPlugin
2024-06-04 15:13:19,607 [INFO] PluginManager:220 - loadIPPluginJar : add tim
2024-06-04 15:13:19,668 [INFO] IPUIPlugin:80 - create IPUIPlugin
2024-06-04 15:13:19,668 [INFO] PluginManager:220 - loadIPPluginJar : add touchsensing
2024-06-04 15:13:19,691 [INFO] IPUIPlugin:80 - create IPUIPlugin
2024-06-04 15:13:19,691 [INFO] PluginManager:220 - loadIPPluginJar : add tracer_emb
2024-06-04 15:13:19,714 [INFO] IPUIPlugin:80 - create IPUIPlugin
2024-06-04 15:13:19,714 [INFO] PluginManager:220 - loadIPPluginJar : add ts
2024-06-04 15:13:19,736 [INFO] IPUIPlugin:80 - create IPUIPlugin
2024-06-04 15:13:19,736 [INFO] PluginManager:220 - loadIPPluginJar : add tsc
2024-06-04 15:13:19,758 [INFO] IPUIPlugin:80 - create IPUIPlugin
2024-06-04 15:13:19,758 [INFO] PluginManager:220 - loadIPPluginJar : add ucpd
2024-06-04 15:13:19,803 [INFO] IPUIPlugin:80 - create IPUIPlugin
2024-06-04 15:13:19,803 [INFO] PluginManager:220 - loadIPPluginJar : add usart
2024-06-04 15:13:19,845 [INFO] IPUIPlugin:80 - create IPUIPlugin
2024-06-04 15:13:19,845 [INFO] PluginManager:220 - loadIPPluginJar : add usbx
2024-06-04 15:13:19,976 [INFO] CADModel:165 - CPN selected for project level
2024-06-04 15:13:19,976 [INFO] CADModel:114 - Register for checkConnection events
2024-06-04 15:13:19,976 [FATAL] Updater:308 - Updater called before beeing initialized
2024-06-04 15:13:19,976 [ERROR] CADModel:125 - Updater not yet initialized, retry later 
2024-06-04 15:13:20,126 [INFO] CADModel:165 - CPN selected for project level
2024-06-04 15:13:20,126 [INFO] CADModel:114 - Register for checkConnection events
2024-06-04 15:13:20,126 [FATAL] Updater:308 - Updater called before beeing initialized
2024-06-04 15:13:20,126 [ERROR] CADModel:125 - Updater not yet initialized, retry later 
2024-06-04 15:13:20,130 [FATAL] Updater:308 - Updater called before beeing initialized
2024-06-04 15:13:20,265 [FATAL] Updater:308 - Updater called before beeing initialized
2024-06-04 15:13:20,280 [INFO] DbMcusAds:53 - JSON generation date=Thu May 16 14:52:00 IST 2024 (1715851320852)
2024-06-04 15:13:20,280 [FATAL] Updater:308 - Updater called before beeing initialized
2024-06-04 15:13:20,365 [WARN] DetailPanel:346 - Failed to get advertising image, set to default
2024-06-04 15:13:20,472 [FATAL] Updater:308 - Updater called before beeing initialized
2024-06-04 15:13:20,474 [FATAL] Updater:308 - Updater called before beeing initialized
2024-06-04 15:13:20,474 [FATAL] Updater:308 - Updater called before beeing initialized
2024-06-04 15:13:20,474 [WARN] DetailPanel:346 - Failed to get advertising image, set to default
2024-06-04 15:13:20,475 [FATAL] Updater:308 - Updater called before beeing initialized
2024-06-04 15:13:20,480 [INFO] ThirdPartyUpdaterWithRetryManager:70 - Updater plugin not ready yet. [2/15]
2024-06-04 15:13:20,540 [ERROR] Updater:1120 - MainUpdater not yet initialized. External WinMGr cannot be set.
2024-06-04 15:13:20,552 [INFO] Updater:1056 - Updater Version found : 6.11.0
2024-06-04 15:13:20,570 [INFO] ApplicationProperties:184 - Using Application install path: C:\ST\STM32CubeIDE_1.10.1\STM32CubeIDE\plugins\com.st.stm32cube.common.mx_6.11.0.202403141607
2024-06-04 15:13:22,153 [ERROR] LogOutputStream:75 - [STDERR_REDIRECT] Jun 04, 2024 3:13:22 PM java.util.prefs.WindowsPreferences <init>
2024-06-04 15:13:22,155 [ERROR] LogOutputStream:75 - [STDERR_REDIRECT] WARNING: Could not open/create prefs root node Software\JavaSoft\Prefs at root 0xffffffff80000002. Windows RegCreateKeyEx(...) returned error code 5.
2024-06-04 15:13:22,155 [ERROR] LogOutputStream:75 - [STDERR_REDIRECT] 
2024-06-04 15:13:22,592 [INFO] MainUpdater:2873 - connection check result : 10
2024-06-04 15:13:22,593 [INFO] MainUpdater:290 - Updater Check For Update Now.
2024-06-04 15:13:22,593 [INFO] MicroXplorer:498 - Change Database Version : DB.6.0.110
2024-06-04 15:13:22,618 [INFO] McuFinderGlobals:63 - Set McuFinder mode to 2 (CubeIDE integrated)
2024-06-04 15:13:22,635 [INFO] UserAuth:415 - Internet connection configuration mode: 1
2024-06-04 15:13:22,683 [INFO] JxBrowserEngine:152 - Initiate JxBrowser Engine with user profile folder
2024-06-04 15:13:22,840 [INFO] CheckServerUpdateThread:120 - End of CheckServer Thread
2024-06-04 15:13:23,695 [WARN] PackLoader:240 - Cannot read IP mode file for STMicroelectronics.FP-SNS-MOTENVWB1.1.4.0
2024-06-04 15:13:23,710 [WARN] PackLoader:240 - Cannot read IP mode file for STMicroelectronics.X-CUBE-SMBUS.2.1.0
2024-06-04 15:13:23,722 [WARN] PackLoader:240 - Cannot read IP mode file for STMicroelectronics.X-CUBE-TOUCHGFX.4.23.0
2024-06-04 15:13:23,732 [WARN] PackLoader:240 - Cannot read IP mode file for STMicroelectronics.X-CUBE-TOUCHGFX.4.23.2
2024-06-04 15:13:23,783 [WARN] PackLoader:240 - Cannot read IP mode file for STMicroelectronics.X-CUBE-AZRTOS-F7.1.1.0
2024-06-04 15:13:23,811 [WARN] PackLoader:240 - Cannot read IP mode file for STMicroelectronics.FP-SNS-MOTENV1.4.3.2
2024-06-04 15:13:23,831 [ERROR] RealEvaluatedCondition:428 - Found unsupported composite condition: GROUP='STM32_MetaDataManager' CLASS='Data Exchange'
2024-06-04 15:13:23,831 [ERROR] RealEvaluatedCondition:428 - Found unsupported composite condition: GROUP='STM32_MetaDataManager' CLASS='Data Exchange'
2024-06-04 15:13:23,833 [WARN] PackLoader:240 - Cannot read IP mode file for STMicroelectronics.FP-SNS-MOTENV1.4.3.1
2024-06-04 15:13:23,851 [WARN] PackLoader:240 - Cannot read IP mode file for STMicroelectronics.FP-SNS-FLIGHT1.5.0.1
2024-06-04 15:13:23,871 [WARN] PackLoader:240 - Cannot read IP mode file for STMicroelectronics.X-CUBE-BLE1.6.2.4
2024-06-04 15:13:23,887 [WARN] PackLoader:240 - Cannot read IP mode file for STMicroelectronics.FP-SNS-FLIGHT1.5.0.2
2024-06-04 15:13:23,909 [WARN] PackLoader:240 - Cannot read IP mode file for STMicroelectronics.X-CUBE-DISPLAY.3.0.0
2024-06-04 15:13:23,934 [WARN] PackLoader:240 - Cannot read IP mode file for STMicroelectronics.X-CUBE-BLE1.7.0.0
2024-06-04 15:13:23,953 [WARN] PackLoader:240 - Cannot read IP mode file for STMicroelectronics.X-CUBE-TOUCHGFX.4.22.0
2024-06-04 15:13:23,969 [WARN] PackLoader:240 - Cannot read IP mode file for STMicroelectronics.X-CUBE-TOUCHGFX.4.22.1
2024-06-04 15:13:23,994 [WARN] PackLoader:240 - Cannot read IP mode file for STMicroelectronics.X-CUBE-BLEMGR.3.1.0
2024-06-04 15:13:24,015 [WARN] PackLoader:240 - Cannot read IP mode file for STMicroelectronics.FP-SNS-SMARTAG2.1.2.0
2024-06-04 15:13:24,040 [INFO] LogOutputStream:77 - [STDOUT_REDIRECT] 1 : Invalid condition id : UX_CORESTACK_Condition cause : null
2024-06-04 15:13:24,041 [INFO] LogOutputStream:77 - [STDOUT_REDIRECT] 1 : Invalid condition id : UX_CORESTACK_Condition cause : null
2024-06-04 15:13:24,043 [INFO] LogOutputStream:77 - [STDOUT_REDIRECT] 1 : Invalid condition id : UX_CORESTACK_Condition cause : null
2024-06-04 15:13:24,044 [INFO] LogOutputStream:77 - [STDOUT_REDIRECT] 1 : Invalid condition id : UX_CORESTACK_Condition cause : null
2024-06-04 15:13:24,046 [INFO] LogOutputStream:77 - [STDOUT_REDIRECT] 1 : Invalid condition id : UX_CORESTACK_Condition cause : null
2024-06-04 15:13:24,051 [WARN] PackLoader:240 - Cannot read IP mode file for STMicroelectronics.X-CUBE-AZRTOS-WL.2.0.0
2024-06-04 15:13:24,071 [WARN] PackLoader:240 - Cannot read IP mode file for STMicroelectronics.FP-SNS-MOTENV1.5.0.0
2024-06-04 15:13:24,093 [WARN] PackLoader:240 - Cannot read IP mode file for WES.I-CUBE-Cesium.1.3.0
2024-06-04 15:13:24,107 [WARN] PackLoader:240 - Cannot read IP mode file for STMicroelectronics.X-CUBE-BLE2.3.3.0
2024-06-04 15:13:24,125 [WARN] PackLoader:240 - Cannot read IP mode file for STMicroelectronics.X-CUBE-TCPP.4.1.0
2024-06-04 15:13:24,142 [WARN] PackLoader:240 - Cannot read IP mode file for STMicroelectronics.X-CUBE-TOUCHGFX.4.21.3
2024-06-04 15:13:24,156 [WARN] PackLoader:240 - Cannot read IP mode file for STMicroelectronics.X-CUBE-TOUCHGFX.4.21.4
2024-06-04 15:13:24,173 [WARN] PackLoader:240 - Cannot read IP mode file for STMicroelectronics.X-CUBE-ALGOBUILD.1.3.0
2024-06-04 15:13:24,204 [WARN] PackLoader:240 - Cannot read IP mode file for STMicroelectronics.X-CUBE-AZRTOS-G0.1.1.0
2024-06-04 15:13:24,226 [WARN] PackLoader:240 - Cannot read IP mode file for STMicroelectronics.X-CUBE-SAFEA1.1.2.2
2024-06-04 15:13:24,246 [WARN] PackLoader:240 - Cannot read IP mode file for STMicroelectronics.X-CUBE-NFC4.3.0.0
2024-06-04 15:13:24,266 [WARN] PackLoader:240 - Cannot read IP mode file for wolfSSL.I-CUBE-wolfMQTT.1.18.0
2024-06-04 15:13:24,292 [WARN] PackLoader:240 - Cannot read IP mode file for STMicroelectronics.X-CUBE-BLEMGR.3.0.0
2024-06-04 15:13:24,316 [WARN] PackLoader:240 - Cannot read IP mode file for STMicroelectronics.FP-ATR-SIGFOX1.3.2.0
2024-06-04 15:13:24,334 [WARN] PackLoader:240 - Cannot read IP mode file for STMicroelectronics.X-CUBE-EEPRMA1.5.1.0
2024-06-04 15:13:24,403 [WARN] PackLoader:240 - Cannot read IP mode file for STMicroelectronics.X-CUBE-MEMS1.9.5.0
2024-06-04 15:13:24,630 [WARN] PackLoader:240 - Cannot read IP mode file for SEGGER.I-CUBE-embOS.1.3.1
2024-06-04 15:13:24,729 [WARN] PackLoader:240 - Cannot read IP mode file for STMicroelectronics.X-CUBE-ALGOBUILD.1.4.0
2024-06-04 15:13:24,753 [WARN] PackLoader:240 - Cannot read IP mode file for STMicroelectronics.X-CUBE-GNSS1.6.0.0
2024-06-04 15:13:24,805 [WARN] PackLoader:240 - Cannot read IP mode file for STMicroelectronics.X-CUBE-AZRTOS-F4.1.1.0
2024-06-04 15:13:24,828 [WARN] PackLoader:240 - Cannot read IP mode file for wolfSSL.I-CUBE-wolfSSL.5.6.0
2024-06-04 15:13:24,845 [WARN] PackLoader:240 - Cannot read IP mode file for STMicroelectronics.X-CUBE-FREERTOS.1.2.0
2024-06-04 15:13:24,884 [WARN] PackLoader:240 - Cannot read IP mode file for STMicroelectronics.X-CUBE-AZRTOS-L5.2.0.0
2024-06-04 15:13:24,939 [WARN] PackLoader:240 - Cannot read IP mode file for STMicroelectronics.X-CUBE-MEMS1.9.6.0
2024-06-04 15:13:25,129 [WARN] PackLoader:240 - Cannot read IP mode file for STMicroelectronics.X-CUBE-EEPRMA1.4.2.0
2024-06-04 15:13:25,167 [WARN] PackLoader:240 - Cannot read IP mode file for STMicroelectronics.X-CUBE-NFC6.3.1.0
2024-06-04 15:13:25,193 [WARN] PackLoader:240 - Cannot read IP mode file for ITTIA_DB.I-CUBE-ITTIADB.8.8.0
2024-06-04 15:13:25,215 [WARN] PackLoader:240 - Cannot read IP mode file for emotas.I-CUBE-CANOPEN.1.1.3
2024-06-04 15:13:25,237 [WARN] PackLoader:240 - Cannot read IP mode file for STMicroelectronics.X-CUBE-BLEMGR.2.0.0
2024-06-04 15:13:25,256 [WARN] PackLoader:240 - Cannot read IP mode file for STMicroelectronics.X-CUBE-AI.9.0.0
2024-06-04 15:13:25,290 [WARN] ConditionMgr:438 - getConditionDescription Invalid condition id : UX DEVICE CLASS RTOS Condition cause : null
2024-06-04 15:13:25,290 [WARN] ConditionMgr:438 - getConditionDescription Invalid condition id : UX DEVICE CLASS RTOS Condition cause : null
2024-06-04 15:13:25,294 [WARN] PackLoader:240 - Cannot read IP mode file for STMicroelectronics.X-CUBE-AZRTOS-H7.3.1.0
2024-06-04 15:13:25,294 [WARN] ConditionMgr:1039 - genDependencies : Invalid condition id : UX DEVICE CLASS RTOS Condition cause : null
2024-06-04 15:13:25,295 [WARN] ConditionMgr:1039 - genDependencies : Invalid condition id : UX DEVICE CLASS RTOS Condition cause : null
2024-06-04 15:13:25,295 [WARN] ConditionMgr:1039 - genDependencies : Invalid condition id : UX DEVICE CLASS RTOS Condition cause : null
2024-06-04 15:13:25,295 [WARN] ConditionMgr:1039 - genDependencies : Invalid condition id : UX DEVICE CLASS RTOS Condition cause : null
2024-06-04 15:13:25,295 [WARN] ConditionMgr:1039 - genDependencies : Invalid condition id : UX DEVICE CLASS RTOS Condition cause : null
2024-06-04 15:13:25,313 [WARN] PackLoader:240 - Cannot read IP mode file for STMicroelectronics.X-CUBE-NFC7.1.0.1
2024-06-04 15:13:25,328 [WARN] PackLoader:240 - Cannot read IP mode file for STMicroelectronics.X-CUBE-NFC7.1.0.0
2024-06-04 15:13:25,347 [WARN] PackLoader:240 - Cannot read IP mode file for STMicroelectronics.X-CUBE-NFC6.3.0.0
2024-06-04 15:13:25,362 [WARN] PackLoader:240 - Cannot read IP mode file for STMicroelectronics.X-CUBE-EEPRMA1.4.1.0
2024-06-04 15:13:25,377 [WARN] PackLoader:240 - Cannot read IP mode file for STMicroelectronics.X-CUBE-AI.8.1.0
2024-06-04 15:13:25,414 [WARN] ConditionMgr:438 - getConditionDescription Invalid condition id : LAN8742 Phy interface Condition cause : null
2024-06-04 15:13:25,415 [WARN] PackLoader:240 - Cannot read IP mode file for STMicroelectronics.X-CUBE-AZRTOS-L4.2.0.0
2024-06-04 15:13:25,416 [WARN] ConditionMgr:1039 - genDependencies : Invalid condition id : LAN8742 Phy interface Condition cause : null
2024-06-04 15:13:25,416 [WARN] ConditionMgr:1039 - genDependencies : Invalid condition id : LAN8742 Phy interface Condition cause : null
2024-06-04 15:13:25,416 [WARN] ConditionMgr:1039 - genDependencies : Invalid condition id : LAN8742 Phy interface Condition cause : null
2024-06-04 15:13:25,434 [WARN] PackLoader:240 - Cannot read IP mode file for STMicroelectronics.X-CUBE-SFXS2LP1.4.0.0
2024-06-04 15:13:25,447 [WARN] PackLoader:240 - Cannot read IP mode file for STMicroelectronics.X-CUBE-ISPU.1.1.0
2024-06-04 15:13:25,461 [WARN] PackLoader:240 - Cannot read IP mode file for STMicroelectronics.X-CUBE-AI.8.0.0
2024-06-04 15:13:25,499 [WARN] ConditionMgr:438 - getConditionDescription Invalid condition id : UX DEVICE CLASS RTOS Condition cause : null
2024-06-04 15:13:25,499 [WARN] ConditionMgr:438 - getConditionDescription Invalid condition id : UX DEVICE CLASS RTOS Condition cause : null
2024-06-04 15:13:25,503 [WARN] PackLoader:240 - Cannot read IP mode file for STMicroelectronics.X-CUBE-AZRTOS-WB.2.0.0
2024-06-04 15:13:25,504 [WARN] ConditionMgr:1039 - genDependencies : Invalid condition id : UX DEVICE CLASS RTOS Condition cause : null
2024-06-04 15:13:25,505 [WARN] ConditionMgr:1039 - genDependencies : Invalid condition id : UX DEVICE CLASS RTOS Condition cause : null
2024-06-04 15:13:25,505 [WARN] ConditionMgr:1039 - genDependencies : Invalid condition id : UX DEVICE CLASS RTOS Condition cause : null
2024-06-04 15:13:25,506 [WARN] ConditionMgr:1039 - genDependencies : Invalid condition id : UX DEVICE CLASS RTOS Condition cause : null
2024-06-04 15:13:25,506 [WARN] ConditionMgr:1039 - genDependencies : Invalid condition id : UX DEVICE CLASS RTOS Condition cause : null
2024-06-04 15:13:25,523 [WARN] PackLoader:240 - Cannot read IP mode file for STMicroelectronics.X-CUBE-FREERTOS.1.0.1
2024-06-04 15:13:25,569 [WARN] PackLoader:240 - Cannot read IP mode file for STMicroelectronics.X-CUBE-AZRTOS-L5.1.1.0
2024-06-04 15:13:25,590 [WARN] PackLoader:240 - Cannot read IP mode file for STMicroelectronics.X-CUBE-AI.8.0.1
2024-06-04 15:13:25,618 [WARN] PackLoader:240 - Cannot read IP mode file for STMicroelectronics.X-CUBE-SUBG2.5.0.0
2024-06-04 15:13:25,654 [WARN] PackLoader:240 - Cannot read IP mode file for Cesanta.I-CUBE-Mongoose.7.13.0
2024-06-04 15:13:25,687 [WARN] PackLoader:240 - Cannot read IP mode file for STMicroelectronics.X-CUBE-TOF1.3.3.1
2024-06-04 15:13:25,748 [WARN] PackLoader:240 - Cannot read IP mode file for STMicroelectronics.X-CUBE-AZRTOS-G4.2.0.0
2024-06-04 15:13:25,783 [WARN] PackLoader:240 - Cannot read IP mode file for STMicroelectronics.X-CUBE-TOF1.3.3.0
2024-06-04 15:13:25,829 [WARN] PackLoader:240 - Cannot read IP mode file for Infineon.AIROC-Wi-Fi-Bluetooth-STM32.1.5.1
2024-06-04 15:13:25,851 [WARN] PackLoader:240 - Cannot read IP mode file for STMicroelectronics.FP-SNS-MOTENVWB1.1.3.0
2024-06-04 15:13:25,871 [WARN] PackLoader:240 - Cannot read IP mode file for STMicroelectronics.FP-SNS-MOTENVWB1.1.3.1
2024-06-04 15:13:25,910 [WARN] PackLoader:240 - Cannot read IP mode file for STMicroelectronics.X-CUBE-AZRTOS-G4.1.0.0
2024-06-04 15:13:25,956 [WARN] PackLoader:240 - Cannot read IP mode file for STMicroelectronics.X-CUBE-AZRTOS-L4.1.0.0
2024-06-04 15:13:25,977 [WARN] PackLoader:240 - Cannot read IP mode file for STMicroelectronics.X-CUBE-ISPU.2.0.0
2024-06-04 15:13:25,995 [WARN] PackLoader:240 - Cannot read IP mode file for STMicroelectronics.X-CUBE-ALS.1.0.2
2024-06-04 15:13:26,072 [WARN] PackLoader:240 - Cannot read IP mode file for STMicroelectronics.X-CUBE-MEMS1.10.0.0
2024-06-04 15:13:26,213 [WARN] PackLoader:240 - Cannot read IP mode file for STMicroelectronics.X-CUBE-FREERTOS.1.1.0
2024-06-04 15:13:26,246 [WARN] PackLoader:240 - Cannot read IP mode file for STMicroelectronics.X-CUBE-AZRTOS-WL.1.0.0
2024-06-04 15:13:26,263 [WARN] PackLoader:240 - Cannot read IP mode file for portGmbH.I-Cube-SoM-uGOAL.1.1.0
2024-06-04 15:13:26,276 [WARN] PackLoader:240 - Cannot read IP mode file for STMicroelectronics.X-CUBE-ALS.1.0.1
2024-06-04 15:13:26,314 [WARN] PackLoader:240 - Cannot read IP mode file for STMicroelectronics.X-CUBE-AZRTOS-WB.1.1.0
2024-06-04 15:13:26,359 [WARN] PackLoader:240 - Cannot read IP mode file for STMicroelectronics.X-CUBE-AZRTOS-H7RS.1.0.0
2024-06-04 15:13:26,376 [WARN] PackLoader:240 - Cannot read IP mode file for STMicroelectronics.FP-ATR-ASTRA1.2.0.0
2024-06-04 15:13:26,400 [WARN] PackLoader:240 - Cannot read IP mode file for STMicroelectronics.X-CUBE-TOF1.3.4.0
2024-06-04 15:13:26,431 [WARN] PackLoader:240 - Cannot read IP mode file for STMicroelectronics.X-CUBE-TOF1.3.4.1
2024-06-04 15:13:26,489 [WARN] PackLoader:240 - Cannot read IP mode file for STMicroelectronics.X-CUBE-AZRTOS-H7.3.2.0
2024-06-04 15:13:26,495 [INFO] ThirdParty:978 - Integrity check success = true
2024-06-04 15:13:26,495 [INFO] IntegrityCheckThread:100 - exiting critical section [integrity check]
2024-06-04 15:13:26,495 [INFO] IntegrityCheckThread:103 - End integrity checks thread
2024-06-04 15:13:28,853 [INFO] WebApp:161 - Instantiating new browser for Auth
2024-06-04 15:13:29,556 [INFO] WebApp:779 - Register for checkConnection events
2024-06-04 15:13:29,556 [INFO] WebApp:414 - Apply proxy settings
2024-06-04 15:13:29,556 [INFO] WebApp:499 - Chromium requires no authentication
2024-06-04 15:13:29,566 [INFO] WebApp:442 - Direct internet connection detected
2024-06-04 15:13:29,778 [INFO] WebApp:192 - Starting web application
2024-06-04 15:13:29,778 [INFO] WebApp:544 - Web application path used C:\ST\STM32CubeIDE_1.10.1\STM32CubeIDE\plugins\com.st.stm32cube.common.mx_6.11.0.202403141607\db\plugins\mcufinder\reactClient1\index.html
