2024-06-08 11:49:28,971 [ERROR] LogOutputStream:75 - [STDERR_REDIRECT] 
2024-06-08 11:51:56,881 [INFO] Activator:176 - 


2024-06-08 11:51:56,884 [INFO] Activator:177 - !SESSION log4j initialized
2024-06-08 11:52:07,330 [INFO] LogOutputStream:77 - [STDOUT_REDIRECT] 
2024-06-08 11:52:12,254 [INFO] ApplicationProperties:184 - Using Application install path: C:\ST\STM32CubeIDE_1.10.1\STM32CubeIDE\plugins\com.st.stm32cube.common.mx_6.11.0.202403141607
2024-06-08 11:52:12,276 [INFO] DbMcusXml:78 - Set database path to: C:\ST\STM32CubeIDE_1.10.1\STM32CubeIDE\plugins\com.st.stm32cube.common.mx_6.11.0.202403141607\\db\/mcu/
2024-06-08 11:52:12,277 [INFO] ApiDb:274 - Set plugin database path to: C:\ST\STM32CubeIDE_1.10.1\STM32CubeIDE\plugins\com.st.stm32cube.common.mx_6.11.0.202403141607\\db\/plugins/boardmanager/
2024-06-08 11:52:12,277 [WARN] ApiDb:259 - Overriding images path with different value:  => C:\ST\STM32CubeIDE_1.10.1\STM32CubeIDE\plugins\com.st.stm32cube.common.mx_6.11.0.202403141607\\db\/plugins/mcufinder/images/
2024-06-08 11:52:12,285 [INFO] ApiDb:250 - Set database path to: C:\Users\CEPL\.stmcufinder\plugins\mcufinder//mcu/
2024-06-08 11:52:12,286 [INFO] DbMcusAds:125 - Set database path to: C:\Users\CEPL\.stmcufinder\plugins\mcufinder//mcu/
2024-06-08 11:52:12,288 [INFO] CrossReferenceDbSqlite:203 - Set database path to: C:\Users\CEPL\.stmcufinder\plugins\mcufinder//mcu/cs/
2024-06-08 11:52:12,447 [INFO] RulesReader:64 - Compatibility file has been processed (297 Rules)
2024-06-08 11:52:12,563 [INFO] DbMcusXml:78 - Set database path to: C:\ST\STM32CubeIDE_1.10.1\STM32CubeIDE\plugins\com.st.stm32cube.common.mx_6.11.0.202403141607\\db\/mcu/
2024-06-08 11:52:12,563 [INFO] ApiDb:274 - Set plugin database path to: C:\ST\STM32CubeIDE_1.10.1\STM32CubeIDE\plugins\com.st.stm32cube.common.mx_6.11.0.202403141607\\db\/plugins/boardmanager/
2024-06-08 11:52:12,564 [INFO] ApiDb:261 - Set plugin images path to: C:\ST\STM32CubeIDE_1.10.1\STM32CubeIDE\plugins\com.st.stm32cube.common.mx_6.11.0.202403141607\\db\/plugins/mcufinder/images/
2024-06-08 11:52:12,564 [WARN] DbFile:41 - Overriding database path with different value: C:\Users\CEPL\.stmcufinder\plugins\mcufinder/ => C:\Users\CEPL\.stmcufinder\plugins\mcufinder
2024-06-08 11:52:12,564 [INFO] ApiDb:250 - Set database path to: C:\Users\CEPL\.stmcufinder\plugins\mcufinder//mcu/
2024-06-08 11:52:12,564 [WARN] DbFile:41 - Overriding database path with different value: C:\Users\CEPL\.stmcufinder\plugins\mcufinder/ => C:\Users\CEPL\.stmcufinder\plugins\mcufinder
2024-06-08 11:52:12,564 [INFO] DbMcusAds:125 - Set database path to: C:\Users\CEPL\.stmcufinder\plugins\mcufinder//mcu/
2024-06-08 11:52:12,564 [WARN] DbFile:41 - Overriding database path with different value: C:\Users\CEPL\.stmcufinder\plugins\mcufinder/ => C:\Users\CEPL\.stmcufinder\plugins\mcufinder
2024-06-08 11:52:12,564 [WARN] DbFile:41 - Overriding database path with different value: C:\Users\CEPL\.stmcufinder\plugins\mcufinder/ => C:\Users\CEPL\.stmcufinder\plugins\mcufinder
2024-06-08 11:52:12,565 [INFO] CrossReferenceDbSqlite:203 - Set database path to: C:\Users\CEPL\.stmcufinder\plugins\mcufinder//mcu/cs/
2024-06-08 11:52:12,675 [INFO] MainPanel:264 - HeapMemory: 268435456
2024-06-08 11:52:12,815 [INFO] DbMcusXml:78 - Set database path to: C:\ST\STM32CubeIDE_1.10.1\STM32CubeIDE\plugins\com.st.stm32cube.common.mx_6.11.0.202403141607\\db\/mcu/
2024-06-08 11:52:12,815 [INFO] ApiDb:274 - Set plugin database path to: C:\ST\STM32CubeIDE_1.10.1\STM32CubeIDE\plugins\com.st.stm32cube.common.mx_6.11.0.202403141607\\db\/plugins/boardmanager/
2024-06-08 11:52:12,815 [INFO] ApiDb:261 - Set plugin images path to: C:\ST\STM32CubeIDE_1.10.1\STM32CubeIDE\plugins\com.st.stm32cube.common.mx_6.11.0.202403141607\\db\/plugins/mcufinder/images/
2024-06-08 11:52:12,817 [WARN] DbFile:41 - Overriding database path with different value: C:\Users\CEPL\.stmcufinder\plugins\mcufinder/ => C:\Users\CEPL\.stmcufinder\plugins\mcufinder
2024-06-08 11:52:12,817 [INFO] ApiDb:250 - Set database path to: C:\Users\CEPL\.stmcufinder\plugins\mcufinder//mcu/
2024-06-08 11:52:12,817 [WARN] DbFile:41 - Overriding database path with different value: C:\Users\CEPL\.stmcufinder\plugins\mcufinder/ => C:\Users\CEPL\.stmcufinder\plugins\mcufinder
2024-06-08 11:52:12,817 [INFO] DbMcusAds:125 - Set database path to: C:\Users\CEPL\.stmcufinder\plugins\mcufinder//mcu/
2024-06-08 11:52:12,817 [WARN] DbFile:41 - Overriding database path with different value: C:\Users\CEPL\.stmcufinder\plugins\mcufinder/ => C:\Users\CEPL\.stmcufinder\plugins\mcufinder
2024-06-08 11:52:12,817 [WARN] DbFile:41 - Overriding database path with different value: C:\Users\CEPL\.stmcufinder\plugins\mcufinder/ => C:\Users\CEPL\.stmcufinder\plugins\mcufinder
2024-06-08 11:52:12,817 [INFO] CrossReferenceDbSqlite:203 - Set database path to: C:\Users\CEPL\.stmcufinder\plugins\mcufinder//mcu/cs/
2024-06-08 11:52:12,841 [INFO] ApplicationProperties:184 - Using Application install path: C:\ST\STM32CubeIDE_1.10.1\STM32CubeIDE\plugins\com.st.stm32cube.common.mx_6.11.0.202403141607
2024-06-08 11:52:12,843 [INFO] PluginManage:196 - Search for loadable plugins [exclusion list=, ]
2024-06-08 11:52:12,845 [INFO] PluginManage:310 - Check plugin analytics
2024-06-08 11:52:13,141 [INFO] AnalyticsPlugin:253 - Accepted Software Licenses: 
2024-06-08 11:52:13,141 [INFO] AnalyticsPlugin:255 - Accepted CMSIS Pack Licenses: 
2024-06-08 11:52:13,141 [INFO] AnalyticsPlugin:257 - Accepted Firmware Licenses: FW.F4.1.27.0
2024-06-08 11:52:13,146 [INFO] PluginManage:359 - Loaded plugin analytics (category:tool,tabindex:-1)
2024-06-08 11:52:13,147 [INFO] PluginManage:310 - Check plugin cadmodel
2024-06-08 11:52:13,176 [INFO] CADModel:105 - Init CAD model plugin
2024-06-08 11:52:13,176 [INFO] PluginManage:359 - Loaded plugin cadmodel (category:power,tabindex:5)
2024-06-08 11:52:13,177 [INFO] PluginManage:310 - Check plugin clock
2024-06-08 11:52:13,204 [INFO] PluginManage:359 - Loaded plugin clock (category:base,tabindex:2)
2024-06-08 11:52:13,204 [INFO] PluginManage:310 - Check plugin ddr
2024-06-08 11:52:13,206 [INFO] PluginManage:359 - Loaded plugin ddr (category:tool,tabindex:6)
2024-06-08 11:52:13,208 [INFO] PluginManage:310 - Check plugin filemanager
2024-06-08 11:52:13,417 [INFO] PluginManage:359 - Loaded plugin filemanager (category:base,tabindex:10)
2024-06-08 11:52:13,417 [INFO] PluginManage:310 - Check plugin ipmanager
2024-06-08 11:52:13,428 [INFO] PluginManage:359 - Loaded plugin ipmanager (category:base,tabindex:5)
2024-06-08 11:52:13,428 [INFO] PluginManage:310 - Check plugin lpbam
2024-06-08 11:52:13,456 [INFO] PluginManage:359 - Loaded plugin lpbam (category:base,tabindex:0)
2024-06-08 11:52:13,456 [INFO] PluginManage:310 - Check plugin memorymap
2024-06-08 11:52:13,488 [INFO] PluginManage:359 - Loaded plugin memorymap (category:base,tabindex:4)
2024-06-08 11:52:13,488 [INFO] PluginManage:310 - Check plugin pinoutandconfiguration
2024-06-08 11:52:13,512 [INFO] PluginManage:359 - Loaded plugin pinoutandconfiguration (category:base,tabindex:1)
2024-06-08 11:52:13,512 [INFO] PluginManage:310 - Check plugin pinoutconfig
2024-06-08 11:52:13,652 [WARN] SupportedApi:132 - Cannot load RTOS API schema: s4s-elt-must-match.1: The content of 'definitions' must match (annotation?, (simpleType | complexType)?, (unique | key | keyref)*)). A problem was found starting at: attribute.
2024-06-08 11:52:13,854 [INFO] PluginManage:359 - Loaded plugin pinoutconfig (category:base,tabindex:0)
2024-06-08 11:52:13,854 [INFO] PluginManage:310 - Check plugin power
2024-06-08 11:52:13,887 [INFO] PluginManage:359 - Loaded plugin power (category:power,tabindex:4)
2024-06-08 11:52:13,888 [INFO] PluginManage:310 - Check plugin projectmanager
2024-06-08 11:52:13,914 [INFO] PluginManage:359 - Loaded plugin projectmanager (category:projectmanager,tabindex:3)
2024-06-08 11:52:13,914 [INFO] PluginManage:310 - Check plugin thirdparty
2024-06-08 11:52:14,346 [INFO] PluginManage:359 - Loaded plugin thirdparty (category:base,tabindex:-1)
2024-06-08 11:52:14,346 [INFO] PluginManage:310 - Check plugin tools
2024-06-08 11:52:14,346 [WARN] IntegrityCheckThread:84 - waiting for thirdparty lock release [integrity check]
2024-06-08 11:52:14,347 [INFO] IntegrityCheckThread:86 - entering critical section [integrity check]
2024-06-08 11:52:14,347 [INFO] ThirdPartyUpdaterWithRetryManager:70 - Updater plugin not ready yet. [1/15]
2024-06-08 11:52:14,400 [INFO] PluginManage:359 - Loaded plugin tools (category:base,tabindex:7)
2024-06-08 11:52:14,400 [INFO] PluginManage:310 - Check plugin tutovideos
2024-06-08 11:52:14,676 [INFO] PluginManage:359 - Loaded plugin tutovideos (category:base,tabindex:-1)
2024-06-08 11:52:14,676 [INFO] PluginManage:310 - Check plugin updater
2024-06-08 11:52:14,692 [INFO] PluginManage:359 - Loaded plugin updater (category:base,tabindex:12)
2024-06-08 11:52:14,692 [INFO] PluginManage:310 - Check plugin userauth
2024-06-08 11:52:14,699 [INFO] UserAuth:114 - Init User Auth plugin
2024-06-08 11:52:14,700 [INFO] PluginManage:359 - Loaded plugin userauth (category:base,tabindex:14)
2024-06-08 11:52:14,700 [INFO] PluginManage:283 - PluginManage : Loaded plugins [17]
2024-06-08 11:52:15,082 [INFO] PinOutPanel:1561 - setPackage(No Configuration,No Configuration)
2024-06-08 11:52:15,207 [INFO] CADModel:165 - CPN selected for project level
2024-06-08 11:52:15,208 [INFO] CADModel:114 - Register for checkConnection events
2024-06-08 11:52:15,242 [INFO] IPUIPlugin:80 - create IPUIPlugin
2024-06-08 11:52:15,242 [INFO] PluginManager:220 - loadIPPluginJar : add adc
2024-06-08 11:52:15,293 [INFO] IPUIPlugin:80 - create IPUIPlugin
2024-06-08 11:52:15,293 [INFO] PluginManager:220 - loadIPPluginJar : add aes
2024-06-08 11:52:15,350 [INFO] IPUIPlugin:80 - create IPUIPlugin
2024-06-08 11:52:15,350 [INFO] PluginManager:220 - loadIPPluginJar : add can
2024-06-08 11:52:15,380 [INFO] IPUIPlugin:80 - create IPUIPlugin
2024-06-08 11:52:15,380 [INFO] PluginManager:220 - loadIPPluginJar : add comp
2024-06-08 11:52:15,426 [INFO] IPUIPlugin:80 - create IPUIPlugin
2024-06-08 11:52:15,427 [INFO] PluginManager:220 - loadIPPluginJar : add cryp
2024-06-08 11:52:15,468 [INFO] IPUIPlugin:80 - create IPUIPlugin
2024-06-08 11:52:15,468 [INFO] PluginManager:220 - loadIPPluginJar : add dfsdm
2024-06-08 11:52:15,486 [INFO] IPUIPlugin:80 - create IPUIPlugin
2024-06-08 11:52:15,487 [INFO] PluginManager:220 - loadIPPluginJar : add dma
2024-06-08 11:52:15,562 [INFO] IPUIPlugin:80 - create IPUIPlugin
2024-06-08 11:52:15,562 [INFO] PluginManager:220 - loadIPPluginJar : add dma3
2024-06-08 11:52:15,629 [INFO] IPUIPlugin:80 - create IPUIPlugin
2024-06-08 11:52:15,629 [INFO] PluginManager:220 - loadIPPluginJar : add extmemmanager
2024-06-08 11:52:15,658 [INFO] IPUIPlugin:80 - create IPUIPlugin
2024-06-08 11:52:15,658 [INFO] PluginManager:220 - loadIPPluginJar : add fatfs
2024-06-08 11:52:15,721 [INFO] IPUIPlugin:80 - create IPUIPlugin
2024-06-08 11:52:15,722 [INFO] PluginManager:220 - loadIPPluginJar : add fmc
2024-06-08 11:52:15,745 [INFO] IPUIPlugin:80 - create IPUIPlugin
2024-06-08 11:52:15,745 [INFO] PluginManager:220 - loadIPPluginJar : add freertos
2024-06-08 11:52:15,782 [INFO] IPUIPlugin:80 - create IPUIPlugin
2024-06-08 11:52:15,782 [INFO] PluginManager:220 - loadIPPluginJar : add genericplugin
2024-06-08 11:52:15,909 [INFO] IPUIPlugin:80 - create IPUIPlugin
2024-06-08 11:52:15,909 [INFO] PluginManager:220 - loadIPPluginJar : add gfxmmu
2024-06-08 11:52:16,109 [INFO] IPUIPlugin:80 - create IPUIPlugin
2024-06-08 11:52:16,109 [INFO] PluginManager:220 - loadIPPluginJar : add gic
2024-06-08 11:52:16,127 [INFO] IPUIPlugin:80 - create IPUIPlugin
2024-06-08 11:52:16,127 [INFO] PluginManager:220 - loadIPPluginJar : add gpio
2024-06-08 11:52:16,259 [INFO] IPUIPlugin:80 - create IPUIPlugin
2024-06-08 11:52:16,259 [INFO] PluginManager:220 - loadIPPluginJar : add gtzc
2024-06-08 11:52:16,330 [INFO] IPUIPlugin:80 - create IPUIPlugin
2024-06-08 11:52:16,330 [INFO] PluginManager:220 - loadIPPluginJar : add hash
2024-06-08 11:52:16,445 [INFO] IPUIPlugin:80 - create IPUIPlugin
2024-06-08 11:52:16,445 [INFO] PluginManager:220 - loadIPPluginJar : add i2c
2024-06-08 11:52:16,512 [INFO] IPUIPlugin:80 - create IPUIPlugin
2024-06-08 11:52:16,513 [INFO] PluginManager:220 - loadIPPluginJar : add i2s
2024-06-08 11:52:16,566 [INFO] IPUIPlugin:80 - create IPUIPlugin
2024-06-08 11:52:16,566 [INFO] PluginManager:220 - loadIPPluginJar : add i3c
2024-06-08 11:52:16,694 [INFO] IPUIPlugin:80 - create IPUIPlugin
2024-06-08 11:52:16,695 [INFO] PluginManager:220 - loadIPPluginJar : add ipddr
2024-06-08 11:52:16,809 [INFO] IPUIPlugin:80 - create IPUIPlugin
2024-06-08 11:52:16,809 [INFO] PluginManager:220 - loadIPPluginJar : add linkedlist
2024-06-08 11:52:16,854 [INFO] IPUIPlugin:80 - create IPUIPlugin
2024-06-08 11:52:16,854 [INFO] PluginManager:220 - loadIPPluginJar : add lorawan
2024-06-08 11:52:16,901 [INFO] IPUIPlugin:80 - create IPUIPlugin
2024-06-08 11:52:16,902 [INFO] PluginManager:220 - loadIPPluginJar : add ltdc
2024-06-08 11:52:16,919 [INFO] IPUIPlugin:80 - create IPUIPlugin
2024-06-08 11:52:16,919 [INFO] PluginManager:220 - loadIPPluginJar : add mdma
2024-06-08 11:52:16,932 [INFO] IPUIPlugin:80 - create IPUIPlugin
2024-06-08 11:52:16,932 [INFO] PluginManager:220 - loadIPPluginJar : add nvic
2024-06-08 11:52:16,981 [INFO] IPUIPlugin:80 - create IPUIPlugin
2024-06-08 11:52:16,981 [INFO] PluginManager:220 - loadIPPluginJar : add opamp
2024-06-08 11:52:17,071 [INFO] IPUIPlugin:80 - create IPUIPlugin
2024-06-08 11:52:17,072 [INFO] PluginManager:220 - loadIPPluginJar : add openamp
2024-06-08 11:52:17,141 [INFO] IPUIPlugin:80 - create IPUIPlugin
2024-06-08 11:52:17,142 [INFO] PluginManager:220 - loadIPPluginJar : add pdm2pcm
2024-06-08 11:52:17,161 [INFO] IPUIPlugin:80 - create IPUIPlugin
2024-06-08 11:52:17,165 [INFO] PluginManager:220 - loadIPPluginJar : add plateformsettings
2024-06-08 11:52:17,200 [INFO] IPUIPlugin:80 - create IPUIPlugin
2024-06-08 11:52:17,200 [INFO] PluginManager:220 - loadIPPluginJar : add quadspi
2024-06-08 11:52:17,217 [INFO] IPUIPlugin:80 - create IPUIPlugin
2024-06-08 11:52:17,217 [INFO] PluginManager:220 - loadIPPluginJar : add resmgrutility
2024-06-08 11:52:17,297 [INFO] IPUIPlugin:80 - create IPUIPlugin
2024-06-08 11:52:17,297 [INFO] PluginManager:220 - loadIPPluginJar : add sai
2024-06-08 11:52:17,350 [INFO] ThirdPartyUpdaterWithRetryManager:70 - Updater plugin not ready yet. [2/15]
2024-06-08 11:52:17,368 [INFO] IPUIPlugin:80 - create IPUIPlugin
2024-06-08 11:52:17,368 [INFO] PluginManager:220 - loadIPPluginJar : add spi
2024-06-08 11:52:17,517 [INFO] IPUIPlugin:80 - create IPUIPlugin
2024-06-08 11:52:17,517 [INFO] PluginManager:220 - loadIPPluginJar : add stm32_wpan
2024-06-08 11:52:17,548 [INFO] IPUIPlugin:80 - create IPUIPlugin
2024-06-08 11:52:17,548 [INFO] PluginManager:220 - loadIPPluginJar : add tim
2024-06-08 11:52:17,637 [INFO] IPUIPlugin:80 - create IPUIPlugin
2024-06-08 11:52:17,637 [INFO] PluginManager:220 - loadIPPluginJar : add touchsensing
2024-06-08 11:52:17,666 [INFO] IPUIPlugin:80 - create IPUIPlugin
2024-06-08 11:52:17,666 [INFO] PluginManager:220 - loadIPPluginJar : add tracer_emb
2024-06-08 11:52:17,696 [INFO] IPUIPlugin:80 - create IPUIPlugin
2024-06-08 11:52:17,696 [INFO] PluginManager:220 - loadIPPluginJar : add ts
2024-06-08 11:52:17,736 [INFO] IPUIPlugin:80 - create IPUIPlugin
2024-06-08 11:52:17,736 [INFO] PluginManager:220 - loadIPPluginJar : add tsc
2024-06-08 11:52:17,773 [INFO] IPUIPlugin:80 - create IPUIPlugin
2024-06-08 11:52:17,773 [INFO] PluginManager:220 - loadIPPluginJar : add ucpd
2024-06-08 11:52:17,827 [INFO] IPUIPlugin:80 - create IPUIPlugin
2024-06-08 11:52:17,827 [INFO] PluginManager:220 - loadIPPluginJar : add usart
2024-06-08 11:52:17,883 [INFO] IPUIPlugin:80 - create IPUIPlugin
2024-06-08 11:52:17,883 [INFO] PluginManager:220 - loadIPPluginJar : add usbx
2024-06-08 11:52:18,026 [INFO] CADModel:165 - CPN selected for project level
2024-06-08 11:52:18,026 [INFO] CADModel:114 - Register for checkConnection events
2024-06-08 11:52:18,027 [FATAL] Updater:308 - Updater called before beeing initialized
2024-06-08 11:52:18,027 [ERROR] CADModel:125 - Updater not yet initialized, retry later 
2024-06-08 11:52:18,249 [INFO] CADModel:165 - CPN selected for project level
2024-06-08 11:52:18,250 [INFO] CADModel:114 - Register for checkConnection events
2024-06-08 11:52:18,250 [FATAL] Updater:308 - Updater called before beeing initialized
2024-06-08 11:52:18,250 [ERROR] CADModel:125 - Updater not yet initialized, retry later 
2024-06-08 11:52:18,254 [FATAL] Updater:308 - Updater called before beeing initialized
2024-06-08 11:52:18,422 [FATAL] Updater:308 - Updater called before beeing initialized
2024-06-08 11:52:18,439 [INFO] DbMcusAds:53 - JSON generation date=Thu May 16 14:52:00 IST 2024 (1715851320852)
2024-06-08 11:52:18,439 [FATAL] Updater:308 - Updater called before beeing initialized
2024-06-08 11:52:18,544 [WARN] DetailPanel:346 - Failed to get advertising image, set to default
2024-06-08 11:52:18,696 [FATAL] Updater:308 - Updater called before beeing initialized
2024-06-08 11:52:18,699 [FATAL] Updater:308 - Updater called before beeing initialized
2024-06-08 11:52:18,699 [FATAL] Updater:308 - Updater called before beeing initialized
2024-06-08 11:52:18,701 [WARN] DetailPanel:346 - Failed to get advertising image, set to default
2024-06-08 11:52:18,702 [FATAL] Updater:308 - Updater called before beeing initialized
2024-06-08 11:52:18,784 [ERROR] Updater:1120 - MainUpdater not yet initialized. External WinMGr cannot be set.
2024-06-08 11:52:18,797 [INFO] Updater:1056 - Updater Version found : 6.11.0
2024-06-08 11:52:18,824 [INFO] ApplicationProperties:184 - Using Application install path: C:\ST\STM32CubeIDE_1.10.1\STM32CubeIDE\plugins\com.st.stm32cube.common.mx_6.11.0.202403141607
2024-06-08 11:52:20,351 [INFO] ThirdPartyUpdaterWithRetryManager:70 - Updater plugin not ready yet. [3/15]
2024-06-08 11:52:20,431 [ERROR] LogOutputStream:75 - [STDERR_REDIRECT] Jun 08, 2024 11:52:20 AM java.util.prefs.WindowsPreferences <init>
2024-06-08 11:52:20,439 [ERROR] LogOutputStream:75 - [STDERR_REDIRECT] WARNING: Could not open/create prefs root node Software\JavaSoft\Prefs at root 0xffffffff80000002. Windows RegCreateKeyEx(...) returned error code 5.
2024-06-08 11:52:20,440 [ERROR] LogOutputStream:75 - [STDERR_REDIRECT] 
2024-06-08 11:52:21,096 [INFO] MainUpdater:2873 - connection check result : 10
2024-06-08 11:52:21,097 [INFO] MainUpdater:290 - Updater Check For Update Now.
2024-06-08 11:52:21,097 [INFO] MicroXplorer:498 - Change Database Version : DB.6.0.110
2024-06-08 11:52:21,128 [INFO] McuFinderGlobals:63 - Set McuFinder mode to 2 (CubeIDE integrated)
2024-06-08 11:52:21,153 [INFO] UserAuth:415 - Internet connection configuration mode: 1
2024-06-08 11:52:21,217 [INFO] JxBrowserEngine:152 - Initiate JxBrowser Engine with user profile folder
2024-06-08 11:52:21,419 [INFO] CheckServerUpdateThread:120 - End of CheckServer Thread
2024-06-08 11:52:23,590 [WARN] PackLoader:240 - Cannot read IP mode file for STMicroelectronics.FP-SNS-MOTENVWB1.1.4.0
2024-06-08 11:52:23,610 [WARN] PackLoader:240 - Cannot read IP mode file for STMicroelectronics.X-CUBE-SMBUS.2.1.0
2024-06-08 11:52:23,624 [WARN] PackLoader:240 - Cannot read IP mode file for STMicroelectronics.X-CUBE-TOUCHGFX.4.23.0
2024-06-08 11:52:23,640 [WARN] PackLoader:240 - Cannot read IP mode file for STMicroelectronics.X-CUBE-TOUCHGFX.4.23.2
2024-06-08 11:52:23,701 [WARN] PackLoader:240 - Cannot read IP mode file for STMicroelectronics.X-CUBE-AZRTOS-F7.1.1.0
2024-06-08 11:52:23,731 [WARN] PackLoader:240 - Cannot read IP mode file for STMicroelectronics.FP-SNS-MOTENV1.4.3.2
2024-06-08 11:52:23,758 [ERROR] RealEvaluatedCondition:428 - Found unsupported composite condition: CLASS='Data Exchange' GROUP='STM32_MetaDataManager'
2024-06-08 11:52:23,758 [ERROR] RealEvaluatedCondition:428 - Found unsupported composite condition: CLASS='Data Exchange' GROUP='STM32_MetaDataManager'
2024-06-08 11:52:23,760 [WARN] PackLoader:240 - Cannot read IP mode file for STMicroelectronics.FP-SNS-MOTENV1.4.3.1
2024-06-08 11:52:23,787 [WARN] PackLoader:240 - Cannot read IP mode file for STMicroelectronics.FP-SNS-FLIGHT1.5.0.1
2024-06-08 11:52:23,816 [WARN] PackLoader:240 - Cannot read IP mode file for STMicroelectronics.X-CUBE-BLE1.6.2.4
2024-06-08 11:52:23,836 [WARN] PackLoader:240 - Cannot read IP mode file for STMicroelectronics.FP-SNS-FLIGHT1.5.0.2
2024-06-08 11:52:23,863 [WARN] PackLoader:240 - Cannot read IP mode file for STMicroelectronics.X-CUBE-DISPLAY.3.0.0
2024-06-08 11:52:23,895 [WARN] PackLoader:240 - Cannot read IP mode file for STMicroelectronics.X-CUBE-BLE1.7.0.0
2024-06-08 11:52:23,915 [WARN] PackLoader:240 - Cannot read IP mode file for STMicroelectronics.X-CUBE-TOUCHGFX.4.22.0
2024-06-08 11:52:23,934 [WARN] PackLoader:240 - Cannot read IP mode file for STMicroelectronics.X-CUBE-TOUCHGFX.4.22.1
2024-06-08 11:52:23,981 [WARN] PackLoader:240 - Cannot read IP mode file for STMicroelectronics.X-CUBE-BLEMGR.3.1.0
2024-06-08 11:52:24,011 [WARN] PackLoader:240 - Cannot read IP mode file for STMicroelectronics.FP-SNS-SMARTAG2.1.2.0
2024-06-08 11:52:24,049 [INFO] LogOutputStream:77 - [STDOUT_REDIRECT] 1 : Invalid condition id : UX_CORESTACK_Condition cause : null
2024-06-08 11:52:24,050 [INFO] LogOutputStream:77 - [STDOUT_REDIRECT] 1 : Invalid condition id : UX_CORESTACK_Condition cause : null
2024-06-08 11:52:24,052 [INFO] LogOutputStream:77 - [STDOUT_REDIRECT] 1 : Invalid condition id : UX_CORESTACK_Condition cause : null
2024-06-08 11:52:24,054 [INFO] LogOutputStream:77 - [STDOUT_REDIRECT] 1 : Invalid condition id : UX_CORESTACK_Condition cause : null
2024-06-08 11:52:24,057 [INFO] LogOutputStream:77 - [STDOUT_REDIRECT] 1 : Invalid condition id : UX_CORESTACK_Condition cause : null
2024-06-08 11:52:24,063 [WARN] PackLoader:240 - Cannot read IP mode file for STMicroelectronics.X-CUBE-AZRTOS-WL.2.0.0
2024-06-08 11:52:24,087 [WARN] PackLoader:240 - Cannot read IP mode file for STMicroelectronics.FP-SNS-MOTENV1.5.0.0
2024-06-08 11:52:24,118 [WARN] PackLoader:240 - Cannot read IP mode file for WES.I-CUBE-Cesium.1.3.0
2024-06-08 11:52:24,146 [WARN] PackLoader:240 - Cannot read IP mode file for STMicroelectronics.X-CUBE-BLE2.3.3.0
2024-06-08 11:52:24,177 [WARN] PackLoader:240 - Cannot read IP mode file for STMicroelectronics.X-CUBE-TCPP.4.1.0
2024-06-08 11:52:24,205 [WARN] PackLoader:240 - Cannot read IP mode file for STMicroelectronics.X-CUBE-TOUCHGFX.4.21.3
2024-06-08 11:52:24,225 [WARN] PackLoader:240 - Cannot read IP mode file for STMicroelectronics.X-CUBE-TOUCHGFX.4.21.4
2024-06-08 11:52:24,250 [WARN] PackLoader:240 - Cannot read IP mode file for STMicroelectronics.X-CUBE-ALGOBUILD.1.3.0
2024-06-08 11:52:24,308 [WARN] PackLoader:240 - Cannot read IP mode file for STMicroelectronics.X-CUBE-AZRTOS-G0.1.1.0
2024-06-08 11:52:24,342 [WARN] PackLoader:240 - Cannot read IP mode file for STMicroelectronics.X-CUBE-SAFEA1.1.2.2
2024-06-08 11:52:24,371 [WARN] PackLoader:240 - Cannot read IP mode file for STMicroelectronics.X-CUBE-NFC4.3.0.0
2024-06-08 11:52:24,393 [WARN] PackLoader:240 - Cannot read IP mode file for wolfSSL.I-CUBE-wolfMQTT.1.18.0
2024-06-08 11:52:24,425 [WARN] PackLoader:240 - Cannot read IP mode file for STMicroelectronics.X-CUBE-BLEMGR.3.0.0
2024-06-08 11:52:24,452 [WARN] PackLoader:240 - Cannot read IP mode file for STMicroelectronics.FP-ATR-SIGFOX1.3.2.0
2024-06-08 11:52:24,479 [WARN] PackLoader:240 - Cannot read IP mode file for STMicroelectronics.X-CUBE-EEPRMA1.5.1.0
2024-06-08 11:52:24,588 [WARN] PackLoader:240 - Cannot read IP mode file for STMicroelectronics.X-CUBE-MEMS1.9.5.0
2024-06-08 11:52:25,030 [WARN] PackLoader:240 - Cannot read IP mode file for SEGGER.I-CUBE-embOS.1.3.1
2024-06-08 11:52:25,159 [WARN] PackLoader:240 - Cannot read IP mode file for STMicroelectronics.X-CUBE-ALGOBUILD.1.4.0
2024-06-08 11:52:25,187 [WARN] PackLoader:240 - Cannot read IP mode file for STMicroelectronics.X-CUBE-GNSS1.6.0.0
2024-06-08 11:52:25,266 [WARN] PackLoader:240 - Cannot read IP mode file for STMicroelectronics.X-CUBE-AZRTOS-F4.1.1.0
2024-06-08 11:52:25,298 [WARN] PackLoader:240 - Cannot read IP mode file for wolfSSL.I-CUBE-wolfSSL.5.6.0
2024-06-08 11:52:25,324 [WARN] PackLoader:240 - Cannot read IP mode file for STMicroelectronics.X-CUBE-FREERTOS.1.2.0
2024-06-08 11:52:25,414 [WARN] PackLoader:240 - Cannot read IP mode file for STMicroelectronics.X-CUBE-AZRTOS-L5.2.0.0
2024-06-08 11:52:25,611 [WARN] PackLoader:240 - Cannot read IP mode file for STMicroelectronics.X-CUBE-MEMS1.9.6.0
2024-06-08 11:52:25,970 [WARN] PackLoader:240 - Cannot read IP mode file for STMicroelectronics.X-CUBE-EEPRMA1.4.2.0
2024-06-08 11:52:25,999 [WARN] PackLoader:240 - Cannot read IP mode file for STMicroelectronics.X-CUBE-NFC6.3.1.0
2024-06-08 11:52:26,024 [WARN] PackLoader:240 - Cannot read IP mode file for ITTIA_DB.I-CUBE-ITTIADB.8.8.0
2024-06-08 11:52:26,056 [WARN] PackLoader:240 - Cannot read IP mode file for emotas.I-CUBE-CANOPEN.1.1.3
2024-06-08 11:52:26,081 [WARN] PackLoader:240 - Cannot read IP mode file for STMicroelectronics.X-CUBE-BLEMGR.2.0.0
2024-06-08 11:52:26,100 [WARN] PackLoader:240 - Cannot read IP mode file for STMicroelectronics.X-CUBE-AI.9.0.0
2024-06-08 11:52:26,153 [WARN] ConditionMgr:438 - getConditionDescription Invalid condition id : UX DEVICE CLASS RTOS Condition cause : null
2024-06-08 11:52:26,154 [WARN] ConditionMgr:438 - getConditionDescription Invalid condition id : UX DEVICE CLASS RTOS Condition cause : null
2024-06-08 11:52:26,159 [WARN] PackLoader:240 - Cannot read IP mode file for STMicroelectronics.X-CUBE-AZRTOS-H7.3.1.0
2024-06-08 11:52:26,162 [WARN] ConditionMgr:1039 - genDependencies : Invalid condition id : UX DEVICE CLASS RTOS Condition cause : null
2024-06-08 11:52:26,162 [WARN] ConditionMgr:1039 - genDependencies : Invalid condition id : UX DEVICE CLASS RTOS Condition cause : null
2024-06-08 11:52:26,163 [WARN] ConditionMgr:1039 - genDependencies : Invalid condition id : UX DEVICE CLASS RTOS Condition cause : null
2024-06-08 11:52:26,164 [WARN] ConditionMgr:1039 - genDependencies : Invalid condition id : UX DEVICE CLASS RTOS Condition cause : null
2024-06-08 11:52:26,164 [WARN] ConditionMgr:1039 - genDependencies : Invalid condition id : UX DEVICE CLASS RTOS Condition cause : null
2024-06-08 11:52:26,190 [WARN] PackLoader:240 - Cannot read IP mode file for STMicroelectronics.X-CUBE-NFC7.1.0.1
2024-06-08 11:52:26,216 [WARN] PackLoader:240 - Cannot read IP mode file for STMicroelectronics.X-CUBE-NFC7.1.0.0
2024-06-08 11:52:26,245 [WARN] PackLoader:240 - Cannot read IP mode file for STMicroelectronics.X-CUBE-NFC6.3.0.0
2024-06-08 11:52:26,273 [WARN] PackLoader:240 - Cannot read IP mode file for STMicroelectronics.X-CUBE-EEPRMA1.4.1.0
2024-06-08 11:52:26,296 [WARN] PackLoader:240 - Cannot read IP mode file for STMicroelectronics.X-CUBE-AI.8.1.0
2024-06-08 11:52:26,359 [WARN] ConditionMgr:438 - getConditionDescription Invalid condition id : LAN8742 Phy interface Condition cause : null
2024-06-08 11:52:26,361 [WARN] PackLoader:240 - Cannot read IP mode file for STMicroelectronics.X-CUBE-AZRTOS-L4.2.0.0
2024-06-08 11:52:26,364 [WARN] ConditionMgr:1039 - genDependencies : Invalid condition id : LAN8742 Phy interface Condition cause : null
2024-06-08 11:52:26,364 [WARN] ConditionMgr:1039 - genDependencies : Invalid condition id : LAN8742 Phy interface Condition cause : null
2024-06-08 11:52:26,366 [WARN] ConditionMgr:1039 - genDependencies : Invalid condition id : LAN8742 Phy interface Condition cause : null
2024-06-08 11:52:26,400 [WARN] PackLoader:240 - Cannot read IP mode file for STMicroelectronics.X-CUBE-SFXS2LP1.4.0.0
2024-06-08 11:52:26,428 [WARN] PackLoader:240 - Cannot read IP mode file for STMicroelectronics.X-CUBE-ISPU.1.1.0
2024-06-08 11:52:26,454 [WARN] PackLoader:240 - Cannot read IP mode file for STMicroelectronics.X-CUBE-AI.8.0.0
2024-06-08 11:52:26,509 [WARN] ConditionMgr:438 - getConditionDescription Invalid condition id : UX DEVICE CLASS RTOS Condition cause : null
2024-06-08 11:52:26,509 [WARN] ConditionMgr:438 - getConditionDescription Invalid condition id : UX DEVICE CLASS RTOS Condition cause : null
2024-06-08 11:52:26,516 [WARN] PackLoader:240 - Cannot read IP mode file for STMicroelectronics.X-CUBE-AZRTOS-WB.2.0.0
2024-06-08 11:52:26,518 [WARN] ConditionMgr:1039 - genDependencies : Invalid condition id : UX DEVICE CLASS RTOS Condition cause : null
2024-06-08 11:52:26,518 [WARN] ConditionMgr:1039 - genDependencies : Invalid condition id : UX DEVICE CLASS RTOS Condition cause : null
2024-06-08 11:52:26,519 [WARN] ConditionMgr:1039 - genDependencies : Invalid condition id : UX DEVICE CLASS RTOS Condition cause : null
2024-06-08 11:52:26,520 [WARN] ConditionMgr:1039 - genDependencies : Invalid condition id : UX DEVICE CLASS RTOS Condition cause : null
2024-06-08 11:52:26,520 [WARN] ConditionMgr:1039 - genDependencies : Invalid condition id : UX DEVICE CLASS RTOS Condition cause : null
2024-06-08 11:52:26,547 [WARN] PackLoader:240 - Cannot read IP mode file for STMicroelectronics.X-CUBE-FREERTOS.1.0.1
2024-06-08 11:52:26,607 [WARN] PackLoader:240 - Cannot read IP mode file for STMicroelectronics.X-CUBE-AZRTOS-L5.1.1.0
2024-06-08 11:52:26,633 [WARN] PackLoader:240 - Cannot read IP mode file for STMicroelectronics.X-CUBE-AI.8.0.1
2024-06-08 11:52:26,676 [WARN] PackLoader:240 - Cannot read IP mode file for STMicroelectronics.X-CUBE-SUBG2.5.0.0
2024-06-08 11:52:26,720 [WARN] PackLoader:240 - Cannot read IP mode file for Cesanta.I-CUBE-Mongoose.7.13.0
2024-06-08 11:52:26,766 [WARN] PackLoader:240 - Cannot read IP mode file for STMicroelectronics.X-CUBE-TOF1.3.3.1
2024-06-08 11:52:26,835 [WARN] PackLoader:240 - Cannot read IP mode file for STMicroelectronics.X-CUBE-AZRTOS-G4.2.0.0
2024-06-08 11:52:26,875 [WARN] PackLoader:240 - Cannot read IP mode file for STMicroelectronics.X-CUBE-TOF1.3.3.0
2024-06-08 11:52:26,929 [WARN] PackLoader:240 - Cannot read IP mode file for Infineon.AIROC-Wi-Fi-Bluetooth-STM32.1.5.1
2024-06-08 11:52:26,961 [WARN] PackLoader:240 - Cannot read IP mode file for STMicroelectronics.FP-SNS-MOTENVWB1.1.3.0
2024-06-08 11:52:26,986 [WARN] PackLoader:240 - Cannot read IP mode file for STMicroelectronics.FP-SNS-MOTENVWB1.1.3.1
2024-06-08 11:52:27,030 [WARN] PackLoader:240 - Cannot read IP mode file for STMicroelectronics.X-CUBE-AZRTOS-G4.1.0.0
2024-06-08 11:52:27,083 [WARN] PackLoader:240 - Cannot read IP mode file for STMicroelectronics.X-CUBE-AZRTOS-L4.1.0.0
2024-06-08 11:52:27,108 [WARN] PackLoader:240 - Cannot read IP mode file for STMicroelectronics.X-CUBE-ISPU.2.0.0
2024-06-08 11:52:27,132 [WARN] PackLoader:240 - Cannot read IP mode file for STMicroelectronics.X-CUBE-ALS.1.0.2
2024-06-08 11:52:27,243 [WARN] PackLoader:240 - Cannot read IP mode file for STMicroelectronics.X-CUBE-MEMS1.10.0.0
2024-06-08 11:52:27,479 [WARN] PackLoader:240 - Cannot read IP mode file for STMicroelectronics.X-CUBE-FREERTOS.1.1.0
2024-06-08 11:52:27,519 [WARN] PackLoader:240 - Cannot read IP mode file for STMicroelectronics.X-CUBE-AZRTOS-WL.1.0.0
2024-06-08 11:52:27,548 [WARN] PackLoader:240 - Cannot read IP mode file for portGmbH.I-Cube-SoM-uGOAL.1.1.0
2024-06-08 11:52:27,571 [WARN] PackLoader:240 - Cannot read IP mode file for STMicroelectronics.X-CUBE-ALS.1.0.1
2024-06-08 11:52:27,618 [WARN] PackLoader:240 - Cannot read IP mode file for STMicroelectronics.X-CUBE-AZRTOS-WB.1.1.0
2024-06-08 11:52:27,696 [WARN] PackLoader:240 - Cannot read IP mode file for STMicroelectronics.X-CUBE-AZRTOS-H7RS.1.0.0
2024-06-08 11:52:27,725 [WARN] PackLoader:240 - Cannot read IP mode file for STMicroelectronics.FP-ATR-ASTRA1.2.0.0
2024-06-08 11:52:27,765 [WARN] PackLoader:240 - Cannot read IP mode file for STMicroelectronics.X-CUBE-TOF1.3.4.0
2024-06-08 11:52:27,837 [WARN] PackLoader:240 - Cannot read IP mode file for STMicroelectronics.X-CUBE-TOF1.3.4.1
2024-06-08 11:52:27,939 [WARN] PackLoader:240 - Cannot read IP mode file for STMicroelectronics.X-CUBE-AZRTOS-H7.3.2.0
2024-06-08 11:52:27,945 [INFO] ThirdParty:978 - Integrity check success = true
2024-06-08 11:52:27,945 [INFO] IntegrityCheckThread:100 - exiting critical section [integrity check]
2024-06-08 11:52:27,945 [INFO] IntegrityCheckThread:103 - End integrity checks thread
2024-06-08 11:52:29,259 [INFO] WebApp:161 - Instantiating new browser for Auth
2024-06-08 11:52:30,252 [INFO] WebApp:779 - Register for checkConnection events
2024-06-08 11:52:30,252 [INFO] WebApp:414 - Apply proxy settings
2024-06-08 11:52:30,252 [INFO] WebApp:499 - Chromium requires no authentication
2024-06-08 11:52:30,263 [INFO] WebApp:442 - Direct internet connection detected
2024-06-08 11:52:30,564 [INFO] WebApp:192 - Starting web application
2024-06-08 11:52:30,565 [INFO] WebApp:544 - Web application path used C:\ST\STM32CubeIDE_1.10.1\STM32CubeIDE\plugins\com.st.stm32cube.common.mx_6.11.0.202403141607\db\plugins\mcufinder\reactClient1\index.html
